C0/0000:	78      	SEI
C0/0001:	18      	CLC
C0/0002:	FB      	XCE
C0/0003:	C210    	REP #$10
C0/0005:	E220    	SEP #$20       (8-bit accumulator)
C0/0007:	9C0D42  	STZ $420D      (enable SlowROM)
C0/000A:	9C0B42  	STZ $420B
C0/000D:	9C0C42  	STZ $420C
C0/0010:	A98F    	LDA #$8F
C0/0012:	8D0021  	STA $2100
C0/0015:	A900    	LDA #$00
C0/0017:	8D0042  	STA $4200
C0/001A:	A900    	LDA #$00
C0/001C:	EB      	XBA
C0/001D:	A2FF1F  	LDX #$1FFF
C0/0020:	9A      	TXS            (make the stack point to $1FFF)
C0/0021:	A900    	LDA #$00
C0/0023:	48      	PHA
C0/0024:	AB      	PLB            (make the data bank reg. hold #$00)
C0/0025:	A2000B  	LDX #$0B00
C0/0028:	DA      	PHX
C0/0029:	2B      	PLD            (make the direct page reg. hold #$0B00)
C0/002A:	A20000  	LDX #$0000
C0/002D:	8606    	STX $06
C0/002F:	220000C4	JSL $C40000
C0/0033:	A9F1    	LDA #$F1
C0/0035:	20C844  	JSR $44C8
C0/0038:	20694E  	JSR $4E69
C0/003B:	200A49  	JSR $490A
C0/003E:	A903    	LDA #$03
C0/0040:	8D3401  	STA $0134
C0/0043:	2200A0C2	JSL $C2A000
C0/0047:	20E344  	JSR $44E3
C0/004A:	20694E  	JSR $4E69
C0/004D:	204A4E  	JSR $4E4A
C0/0050:	AD3901  	LDA $0139
C0/0053:	F028    	BEQ $007D

C0/007D 20 FA 48    JSR $48FA
C0/0080 20 ED 48    JSR $48ED
C0/0083 20 DD 48    JSR $48DD
C0/0086 20 28 45    JSR $4528
C0/0089 20 0A 45    JSR $450A
C0/008C A9 01       LDA #$01
C0/008E 85 BD       STA $BD
C0/0090 85 BC       STA $BC
C0/0092 A2 10 00    LDX #$0010
C0/0095 86 CE       STX $CE
C0/0097 A9 01       LDA #$01
C0/0099 85 57       STA $57
C0/009B A9 81       LDA #$81
C0/009D 8D 00 42    STA $4200
C0/00A0 58          CLI
C0/00A1 20 17 A2    JSR $A217
C0/00A4 64 57       STZ $57
C0/00A6 64 58       STZ $58
C0/00A8 64 55       STZ $55
C0/00AA 4C AD 00    JMP $00AD    (errrr....)

C0/00AD 20 41 4E    JSR $4E41
C0/00B0 A5 02       LDA $02
C0/00B2 29 40       AND #$40
C0/00B4 F0 08       BEQ $00BE
C0/00BE 4C 47 01    JMP $0147

C0/0147 20 1A 06    JSR $061A
C0/014A 20 8B A1    JSR $A18B
C0/014D A5 58       LDA $58
C0/014F F0 05       BEQ $0156
C0/0151 64 58       STZ $58
C0/0153 4C AD 00    JMP $00AD

C0/0156 A5 6E       LDA $6E
C0/0158 F0 06       BEQ $0160
C0/0160 AE D6 0A    LDX $0AD6
C0/0163 E0 05 00    CPX #$0005
C0/0166 90 03       BCC $016B
C0/0168 4C 62 02    JMP $0262

C0/016B 20 3E 07    JSR $073E
C0/016E A5 58       LDA $58
C0/0170 F0 05       BEQ $0177
C0/0177 A5 61       LDA $61
C0/0179 29 1F       AND #$1F
C0/017B D0 7E       BNE $01FB
C0/017D A5 63       LDA $63
C0/017F 29 1F       AND #$1F
C0/0181 D0 78       BNE $01FB
C0/0183 AD D6 0A    LDA $0AD6
C0/0186 C9 01       CMP #$01
C0/0188 D0 17       BNE $01A1
C0/01A1 AD D6 0A    LDA $0AD6
C0/01A4 D0 22       BNE $01C8
C0/01A6 AD DC 0A    LDA $0ADC
C0/01A9 C9 06       CMP #$06
C0/01AB D0 1B       BNE $01C8
C0/01C8 AD D6 0A    LDA $0AD6
C0/01CB C9 02       CMP #$02
C0/01CD D0 2C       BNE $01FB
C0/01FB 20 11 CB    JSR $CB11
C0/01FE A5 55       LDA $55
C0/0200 F0 1E       BEQ $0220
C0/0202 A9 FF       LDA #$FF
C0/0204 20 3C CA    JSR $CA3C
C0/0207 C9 00       CMP #$00
C0/0209 D0 15       BNE $0220
C0/0220 64 55       STZ $55
C0/0222 A5 03       LDA $03
C0/0224 29 40       AND #$40
C0/0226 F0 1E       BEQ $0246
C0/0228 A9 FB       LDA #$FB
C0/022A 20 3C CA    JSR $CA3C
C0/022D C9 00       CMP #$00
C0/022F F0 15       BEQ $0246

C0/0246 20 8C 0F    JSR $0F8C
C0/0249 20 1D 1A    JSR $1A1D
C0/024C 20 95 4C    JSR $4C95
C0/024F 20 37 21    JSR $2137
C0/0252 20 2B 61    JSR $612B
C0/0255 20 C5 1E    JSR $1EC5
C0/0258 20 64 1E    JSR $1E64
C0/025B 20 0A 42    JSR $420A
C0/025E 4C AD 00    JMP $00AD

C0/0262 20 3D 0D    JSR $0D3D
C0/0265 A5 58       LDA $58
C0/0267 F0 05       BEQ $026E

C0/026E AD FB 10    LDA $10FB
C0/0271 C9 00       CMP #$00
C0/0273 D0 0C       BNE $0281

C0/0281 20 69 CA    JSR $CA69
C0/0284 A5 55       LDA $55
C0/0286 F0 12       BEQ $029A
C0/029A 64 55       STZ $55
C0/029C 20 AB 32    JSR $32AB
C0/029F 20 C2 11    JSR $11C2
C0/02A2 A5 6E       LDA $6E
C0/02A4 F0 06       BEQ $02AC
C0/02AC A5 58       LDA $58
C0/02AE F0 05       BEQ $02B5
C0/02B5 20 E4 1A    JSR $1AE4
C0/02B8 20 AC 3B    JSR $3BAC
C0/02BB 20 95 4C    JSR $4C95
C0/02BE 20 34 48    JSR $4834
C0/02C1 20 7C 23    JSR $237C
C0/02C4 20 B3 39    JSR $39B3
C0/02C7 20 42 28    JSR $2842
C0/02CA 20 0A 42    JSR $420A
C0/02CD 4C AD 00    JMP $00AD

C0/02D1 08          PHP
C0/02D2 C2 20       REP #$20       (16-bit accumulator)
C0/02D4 48          PHA
C0/02D5 DA          PHX
C0/02D6 5A          PHY
C0/02D7 8B          PHB
C0/02D8 0B          PHD
C0/02D9 A9 00 00    LDA #$0000
C0/02DC E2 20       SEP #$20       (8-bit accumulator)
C0/02DE A2 00 0B    LDX #$0B00
C0/02E1 DA          PHX
C0/02E2 2B          PLD
C0/02E3 A9 00       LDA #$00
C0/02E5 48          PHA
C0/02E6 AB          PLB
C0/02E7 AD 10 42    LDA $4210
C0/02EA AD 10 42    LDA $4210
C0/02ED 9C 0B 42    STZ $420B
C0/02F0 64 40       STZ $40
C0/02F2 A5 47       LDA $47
C0/02F4 8D 31 21    STA $2131
C0/02F7 A5 49       LDA $49
C0/02F9 8D 2D 21    STA $212D
C0/02FC 20 67 4D    JSR $4D67
C0/02FF 20 3E 4D    JSR $4D3E
C0/0302 20 7A 4A    JSR $4A7A
C0/0305 20 53 46    JSR $4653
C0/0308 20 FF 49    JSR $49FF
C0/030B A5 A3       LDA $A3
C0/030D F0 05       BEQ $0314
C0/0314 A5 52       LDA $52
C0/0316 F0 03       BEQ $031B
C0/0318 4C 1F 04    JMP $041F

C0/031B 20 C0 4B    JSR $4BC0
C0/031E A5 53       LDA $53
C0/0320 D0 3E       BNE $0360
C0/0322 20 7E 63    JSR $637E
C0/0325 20 95 96    JSR $9695
C0/0328 20 5F 97    JSR $975F
C0/032B 20 4C 96    JSR $964C
C0/032E 20 22 97    JSR $9722
C0/0331 A5 9F       LDA $9F
C0/0333 F0 13       BEQ $0348
C0/0335 64 9F       STZ $9F
C0/0337 A5 BA       LDA $BA
C0/0339 F0 0D       BEQ $0348
C0/033B 29 01       AND #$01
C0/033D D0 06       BNE $0345
C0/033F 20 BB 64    JSR $64BB
C0/0342 4C 48 03    JMP $0348    (no BRA?)

C0/0345 20 65 64    JSR $6465
C0/0348 A5 A1       LDA $A1
C0/034A F0 08       BEQ $0354
C0/034C 64 A1       STZ $A1
C0/034E 20 1E 1D    JSR $1D1E
C0/0351 4C 08 04    JMP $0408

C0/0354 A5 A2       LDA $A2
C0/0356 F0 05       BEQ $035D
C0/035D 4C 08 04    JMP $0408

C0/0360 A5 A0       LDA $A0
C0/0362 F0 08       BEQ $036C
C0/0364 64 A0       STZ $A0
C0/0366 20 2B 5E    JSR $5E2B
C0/0369 4C 08 04    JMP $0408

C0/036C A5 A5       LDA $A5
C0/036E F0 08       BEQ $0378
C0/0370 64 A5       STZ $A5
C0/0372 20 A4 8B    JSR $8BA4
C0/0375 4C 08 04    JMP $0408

C0/0378 A5 A6       LDA $A6
C0/037A F0 0F       BEQ $038B
C0/037C 64 A6       STZ $A6
C0/037E A6 06       LDX $06
C0/0380 86 71       STX $71
C0/0382 20 7A 6E    JSR $6E7A
C0/0385 20 E4 8B    JSR $8BE4
C0/0388 4C F9 03    JMP $03F9

C0/038B A5 A7       LDA $A7
C0/038D F0 03       BEQ $0392
C0/038F 20 23 8E    JSR $8E23
C0/0392 20 78 8F    JSR $8F78
C0/0395 A5 9F       LDA $9F
C0/0397 F0 54       BEQ $03ED
C0/0399 64 9F       STZ $9F
C0/039B A5 70       LDA $70
C0/039D 29 01       AND #$01
C0/039F D0 26       BNE $03C7
C0/03A1 A6 06       LDX $06
C0/03A3 86 71       STX $71
C0/03A5 20 F5 6D    JSR $6DF5
C0/03A8 AD 21 11    LDA $1121
C0/03AB 29 40       AND #$40
C0/03AD D0 08       BNE $03B7
C0/03AF A2 00 10    LDX #$1000
C0/03B2 86 71       STX $71
C0/03B4 20 F5 6D    JSR $6DF5
C0/03B7 AD 21 11    LDA $1121
C0/03BA 30 08       BMI $03C4
C0/03C4 4C 08 04    JMP $0408

C0/03C7 A6 06       LDX $06
C0/03C9 86 71       STX $71
C0/03CB 20 7A 6E    JSR $6E7A
C0/03CE AD 21 11    LDA $1121
C0/03D1 29 40       AND #$40
C0/03D3 D0 08       BNE $03DD
C0/03D5 A2 00 10    LDX #$1000
C0/03D8 86 71       STX $71
C0/03DA 20 7A 6E    JSR $6E7A
C0/03DD AD 21 11    LDA $1121
C0/03E0 30 08       BMI $03EA
C0/03E2 A2 00 20    LDX #$2000
C0/03E5 86 71       STX $71
C0/03E7 20 7A 6E    JSR $6E7A
C0/03EA 4C 08 04    JMP $0408

C0/03ED A5 A1       LDA $A1
C0/03EF F0 08       BEQ $03F9
C0/03F1 64 A1       STZ $A1
C0/03F3 20 1E 1D    JSR $1D1E
C0/03F6 4C 08 04    JMP $0408

C0/03F9 A5 A2       LDA $A2
C0/03FB F0 08       BEQ $0405
C0/03FD 64 A2       STZ $A2
C0/03FF 20 14 1E    JSR $1E14
C0/0402 4C 08 04    JMP $0408

C0/0405 20 6D 99    JSR $996D
C0/0408 20 8A 5E    JSR $5E8A
C0/040B 20 3E 5F    JSR $5F3E
C0/040E A5 5E       LDA $5E
C0/0410 8D 0C 42    STA $420C
C0/0413 20 00 9A    JSR $9A00
C0/0416 20 99 97    JSR $9799
C0/0419 20 31 49    JSR $4931
C0/041C 20 AA 47    JSR $47AA
C0/041F 20 90 4C    JSR $4C90
C0/0422 20 8E 4D    JSR $4D8E
C0/0425 EE 4A 09    INC $094A
C0/0428 D0 0D       BNE $0437
C0/042A EE 4B 09    INC $094B
C0/042D D0 08       BNE $0437
C0/0437 E6 3F       INC $3F
C0/0439 E6 3E       INC $3E
C0/043B E6 51       INC $51
C0/043D C2 20       REP #$20       (16-bit accumulator)
C0/043F 2B          PLD
C0/0440 AB          PLB
C0/0441 7A          PLY
C0/0442 FA          PLX
C0/0443 68          PLA
C0/0444 28          PLP
C0/0445 40          RTI

C0/046A C2 20       REP #$20       (16-bit accumulator)
C0/046C BF 80 E0 D8 LDA $D8E080,x
C0/0470 85 23       STA $23
C0/0472 BF 82 E0 D8 LDA $D8E082,x
C0/0476 85 26       STA $26
C0/0478 A5 06       LDA $06
C0/047A E2 20       SEP #$20       (8-bit accumulator)
C0/047C A6 23       LDX $23
C0/047E BF 80 E0 D8 LDA $D8E080,x
C0/0482 C9 FF       CMP #$FF
C0/0484 D0 03       BNE $0489
C0/0486 4C FC 05    JMP $05FC

C0/0489 C9 FE       CMP #$FE
C0/048B D0 0E       BNE $049B
C0/048D BF 81 E0 D8 LDA $D8E081,x
C0/0491 20 2F CA    JSR $CA2F
C0/0494 C9 00       CMP #$00
C0/0496 D0 39       BNE $04D1
C0/0498 4C E5 05    JMP $05E5

C0/049B C9 FD       CMP #$FD
C0/049D D0 0E       BNE $04AD
C0/049F BF 81 E0 D8 LDA $D8E081,x
C0/04A3 20 2F CA    JSR $CA2F
C0/04A6 C9 00       CMP #$00
C0/04A8 F0 27       BEQ $04D1

C0/04AD C9 FC       CMP #$FC
C0/04AF D0 0E       BNE $04BF
C0/04BF C9 FB       CMP #$FB
C0/04C1 D0 17       BNE $04DA
C0/04C3 BF 81 E0 D8 LDA $D8E081,x
C0/04C7 20 3C CA    JSR $CA3C
C0/04CA C9 00       CMP #$00
C0/04CC F0 03       BEQ $04D1

C0/04D1 A6 23       LDX $23
C0/04D3 E8          INX
C0/04D4 E8          INX
C0/04D5 86 23       STX $23
C0/04D7 4C 7C 04    JMP $047C

C0/05E5 A6 23       LDX $23
C0/05E7 E8          INX
C0/05E8 BF 80 E0 D8 LDA $D8E080,x
C0/05EC C9 FF       CMP #$FF
C0/05EE D0 F7       BNE $05E7
C0/05F0 E8          INX
C0/05F1 E8          INX
C0/05F2 E8          INX
C0/05F3 86 23       STX $23
C0/05F5 E4 26       CPX $26
C0/05F7 F0 1E       BEQ $0167
C0/05F9 4C 7C 04    JMP $047C

C0/05FC A9 01       LDA #$01
C0/05FE 85 57       STA $57
C0/0600 64 BA       STZ $BA
C0/0602 C2 20       REP #$20       (16-bit accumulator)
C0/0604 A6 23       LDX $23
C0/0606 BF 81 E0 D8 LDA $D8E081,x
C0/060A 85 CE       STA $CE
C0/060C A5 06       LDA $06
C0/060E E2 20       SEP #$20       (8-bit accumulator)
C0/0610 A6 CE       LDX $CE
C0/0612 F0 03       BEQ $0617
C0/0614 20 17 A2    JSR $A217
C0/0617 64 57       STZ $57
C0/0619 60          RTS

C0/061A A5 53       LDA $53
C0/061C D0 15       BNE $0633
C0/061E AD DC 0A    LDA $0ADC
C0/0621 F0 10       BEQ $0633
C0/0633 A5 61       LDA $61
C0/0635 29 1F       AND #$1F
C0/0637 D0 06       BNE $063F
C0/0639 A5 63       LDA $63
C0/063B 29 1F       AND #$1F
C0/063D F0 01       BEQ $0640
C0/063F 60          RTS

C0/0640 64 5A       STZ $5A
C0/0642 C2 20       REP #$20       (16-bit accumulator)
C0/0644 AD D6 0A    LDA $0AD6
C0/0647 0A          ASL A
C0/0648 AA          TAX
C0/0649 BF 02 24 CE LDA $CE2402,x
C0/064D 85 23       STA $23
C0/064F BF 00 24 CE LDA $CE2400,x
C0/0653 AA          TAX
C0/0654 E4 23       CPX $23
C0/0656 F0 29       BEQ $0681
C0/0658 AD D8 0A    LDA $0AD8
C0/065B DF 00 24 CE CMP $CE2400,x
C0/065F F0 09       BEQ $066A
C0/0661 8A          TXA
C0/0662 18          CLC
C0/0663 69 04 00    ADC #$0004
C0/0666 AA          TAX
C0/0667 4C 54 06    JMP $0654

C0/066A A5 06       LDA $06
C0/066C E2 20       SEP #$20       (8-bit accumulator)
C0/066E A9 01       LDA #$01
C0/0670 85 5A       STA $5A
C0/0672 C2 20       REP #$20       (16-bit accumulator)
C0/0674 BF 02 24 CE LDA $CE2402,x
C0/0678 0A          ASL A
C0/0679 AA          TAX
C0/067A A5 06       LDA $06
C0/067C E2 20       SEP #$20       (8-bit accumulator)
C0/067E 20 6A 04    JSR $046A
C0/0681 C2 20       REP #$20       (16-bit accumulator)
C0/0683 AD D6 0A    LDA $0AD6
C0/0686 C9 05 00    CMP #$0005
C0/0689 90 03       BCC $068E
C0/068B AD D4 0A    LDA $0AD4
C0/068E 0A          ASL A
C0/068F AA          TAX
C0/0690 BF C2 36 CE LDA $CE36C2,x
C0/0694 85 23       STA $23
C0/0696 BF C0 36 CE LDA $CE36C0,x
C0/069A AA          TAX
C0/069B E4 23       CPX $23
C0/069D D0 03       BNE $06A2
C0/069F 4C 39 07    JMP $0739

C0/06A2 AD D8 0A    LDA $0AD8
C0/06A5 DF C0 36 CE CMP $CE36C0,x
C0/06A9 F0 09       BEQ $06B4
C0/06AB 8A          TXA
C0/06AC 18          CLC
C0/06AD 69 06 00    ADC #$0006
C0/06B0 AA          TAX
C0/06B1 4C 9B 06    JMP $069B

C0/0739 A5 06       LDA $06
C0/073B E2 20       SEP #$20       (8-bit accumulator)
C0/073D 60          RTS

C0/073E A5 61       LDA $61
C0/0740 29 1F       AND #$1F
C0/0742 D0 06       BNE $074A
C0/0744 A5 63       LDA $63
C0/0746 29 1F       AND #$1F
C0/0748 F0 01       BEQ $074B
C0/074A 60          RTS

C0/074B 20 33 17    JSR $1733
C0/074E AD DC 0A    LDA $0ADC
C0/0751 3A          DEC A
C0/0752 0A          ASL A
C0/0753 0A          ASL A
C0/0754 8D 9C 16    STA $169C
C0/0757 AD DC 0A    LDA $0ADC
C0/075A F0 03       BEQ $075F
C0/075F A4 06       LDY $06
C0/0761 84 23       STY $23
C0/0763 A4 23       LDY $23
C0/0765 B9 DE 0A    LDA $0ADE,y
C0/0768 30 75       BMI $07DF

C0/07DF A5 23       LDA $23
C0/07E1 18          CLC
C0/07E2 69 04       ADC #$04
C0/07E4 85 23       STA $23
C0/07E6 C9 18       CMP #$18
C0/07E8 F0 03       BEQ $07ED
C0/07EA 4C 63 07    JMP $0763
C0/07ED 60          RTS

C0/0D3D A5 61       LDA $61
C0/0D3F 29 1F       AND #$1F
C0/0D41 D0 30       BNE $0D73
C0/0D43 A5 63       LDA $63
C0/0D45 29 1F       AND #$1F
C0/0D47 D0 2A       BNE $0D73
C0/0D49 20 E8 17    JSR $17E8
C0/0D4C A9 F1       LDA #$F1
C0/0D4E 20 3C CA    JSR $CA3C
C0/0D51 C9 00       CMP #$00
C0/0D53 D0 0E       BNE $0D63
C0/0D55 A5 02       LDA $02
C0/0D57 29 80       AND #$80
C0/0D59 F0 18       BEQ $0D73
C0/0D5B AD B8 10    LDA $10B8
C0/0D5E D0 13       BNE $0D73
C0/0D60 EE B8 10    INC $10B8
C0/0D63 20 7B 31    JSR $317B
C0/0D66 A5 58       LDA $58
C0/0D68 D0 09       BNE $0D73
C0/0D6A A5 02       LDA $02
C0/0D6C 29 80       AND #$80
C0/0D6E F0 03       BEQ $0D73
C0/0D70 20 74 0D    JSR $0D74

C0/0D73 60          RTS

C0/0D74 C2 20       REP #$20       (16-bit accumulator)
C0/0D76 AD D4 0A    LDA $0AD4
C0/0D79 AA          TAX
C0/0D7A BF 00 30 D1 LDA $D13000,x
C0/0D7E 29 FF 00    AND #$00FF
C0/0D81 0A          ASL A
C0/0D82 0A          ASL A
C0/0D83 85 23       STA $23
C0/0D85 BF 01 30 D1 LDA $D13001,x
C0/0D89 29 FF 00    AND #$00FF
C0/0D8C 0A          ASL A
C0/0D8D 0A          ASL A
C0/0D8E 85 26       STA $26
C0/0D90 A5 06       LDA $06
C0/0D92 E2 20       SEP #$20       (8-bit accumulator)
C0/0D94 AD DB 0A    LDA $0ADB
C0/0D97 AA          TAX
C0/0D98 AD D8 0A    LDA $0AD8
C0/0D9B 18          CLC
C0/0D9C 7F 84 0F C0 ADC $C00F84,x
C0/0DA0 29 3F       AND #$3F
C0/0DA2 85 75       STA $75
C0/0DA4 AD D9 0A    LDA $0AD9
C0/0DA7 18          CLC
C0/0DA8 7F 88 0F C0 ADC $C00F88,x
C0/0DAC 29 3F       AND #$3F
C0/0DAE 85 76       STA $76
C0/0DB0 A6 23       LDX $23
C0/0DB2 E4 26       CPX $26
C0/0DB4 F0 1C       BEQ $0DD2
C0/0DB6 B0 1A       BCS $0DD2
C0/0DB8 BF 10 32 D1 LDA $D13210,x
C0/0DBC C5 75       CMP $75
C0/0DBE D0 0A       BNE $0DCA

C0/0DCA E8          INX
C0/0DCB E8          INX
C0/0DCC E8          INX
C0/0DCD E8          INX
C0/0DCE 86 23       STX $23
C0/0DD0 80 DE       BRA $0DB0
C0/0DD2 60          RTS

C0/0EFE AD 47 09    LDA $0947
C0/0F01 18          CLC
C0/0F02 65 37       ADC $37
C0/0F04 8D 47 09    STA $0947
C0/0F07 AD 48 09    LDA $0948
C0/0F0A 65 38       ADC $38
C0/0F0C 8D 48 09    STA $0948
C0/0F0F AD 49 09    LDA $0949
C0/0F12 65 39       ADC $39
C0/0F14 8D 49 09    STA $0949
C0/0F17 C9 98       CMP #$98
C0/0F19 F0 04       BEQ $0F1F
C0/0F1B 90 1F       BCC $0F3C
C0/0F3C 60          RTS

C0/0F8C A5 BA       LDA $BA
C0/0F8E D0 02       BNE $0F92
C0/0F90 64 41       STZ $41
C0/0F92 A5 61       LDA $61
C0/0F94 29 1F       AND #$1F
C0/0F96 D0 06       BNE $0F9E
C0/0F98 A5 63       LDA $63
C0/0F9A 29 1F       AND #$1F
C0/0F9C F0 01       BEQ $0F9F
C0/0F9E 60          RTS

C0/0F9F A5 57       LDA $57
C0/0FA1 F0 04       BEQ $0FA7
C0/0FA3 A6 3B       LDX $3B
C0/0FA5 86 02       STX $02
C0/0FA7 20 4A 10    JSR $104A
C0/0FAA A5 03       LDA $03
C0/0FAC 29 0F       AND #$0F
C0/0FAE D0 03       BNE $0FB3
C0/0FB0 4C 03 10    JMP $1003

C0/0FB3 A5 03       LDA $03
C0/0FB5 29 08       AND #$08
C0/0FB7 F0 0E       BEQ $0FC7
C0/0FB9 A9 01       LDA #$01
C0/0FBB 85 C4       STA $C4
C0/0FBD 20 55 10    JSR $1055
C0/0FC0 A5 C4       LDA $C4
C0/0FC2 F0 3F       BEQ $1003
C0/0FC4 4C 06 10    JMP $1006    (no BRA?)

C0/0FC7 A5 03       LDA $03
C0/0FC9 29 01       AND #$01
C0/0FCB F0 0E       BEQ $0FDB
C0/0FCD A9 02       LDA #$02
C0/0FCF 85 C4       STA $C4
C0/0FD1 20 55 10    JSR $1055
C0/0FD4 A5 C4       LDA $C4
C0/0FD6 F0 2B       BEQ $1003
C0/0FD8 4C 06 10    JMP $1006

C0/0FDB A5 03       LDA $03
C0/0FDD 29 04       AND #$04
C0/0FDF F0 0E       BEQ $0FEF
C0/0FE1 A9 03       LDA #$03
C0/0FE3 85 C4       STA $C4
C0/0FE5 20 55 10    JSR $1055
C0/0FE8 A5 C4       LDA $C4
C0/0FEA F0 17       BEQ $1003
C0/0FEC 4C 06 10    JMP $1006

C0/0FEF A5 03       LDA $03
C0/0FF1 29 02       AND #$02
C0/0FF3 F0 11       BEQ $1006
C0/0FF5 A9 04       LDA #$04
C0/0FF7 85 C4       STA $C4
C0/0FF9 20 55 10    JSR $1055
C0/0FFC A5 C4       LDA $C4
C0/0FFE F0 03       BEQ $1003
C0/1000 4C 06 10    JMP $1006    (no BRA?)

C0/1003 64 BA       STZ $BA
C0/1005 60          RTS

C0/1006 85 BA       STA $BA
C0/1008 AD D9 0A    LDA $0AD9
C0/100B 85 76       STA $76
C0/100D 20 A1 69    JSR $69A1
C0/1010 AD D9 0A    LDA $0AD9
C0/1013 85 76       STA $76
C0/1015 AD D8 0A    LDA $0AD8
C0/1018 85 75       STA $75
C0/101A 20 13 65    JSR $6513
C0/101D E6 9F       INC $9F
C0/101F 64 59       STZ $59
C0/1021 9C AA 16    STZ $16AA
C0/1024 AD DC 0A    LDA $0ADC
C0/1027 D0 03       BNE $102C
C0/1029 20 8D 14    JSR $148D
C0/102C 20 3A 10    JSR $103A
C0/102F A9 FC       LDA #$FC
C0/1031 20 96 C7    JSR $C796
C0/1034 A9 FD       LDA #$FD
C0/1036 20 96 C7    JSR $C796
C0/1039 60          RTS

C0/103A A5 CA       LDA $CA
C0/103C F0 0B       BEQ $1049
C0/103E A5 BA       LDA $BA
C0/1040 AA          TAX
C0/1041 BF B8 11 C0 LDA $C011B8,x
C0/1045 AA          TAX
C0/1046 20 9A 11    JSR $119A
C0/1049 60          RTS

C0/104A A5 CA       LDA $CA
C0/104C D0 06       BNE $1054
C0/104E A2 08 00    LDX #$0008
C0/1051 20 9A 11    JSR $119A
C0/1054 60          RTS

C0/1055 A5 C4       LDA $C4
C0/1057 3A          DEC A
C0/1058 8D DB 0A    STA $0ADB
C0/105B A5 57       LDA $57
C0/105D D0 64       BNE $10C3
C0/105F 20 2D 11    JSR $112D
C0/1062 C9 01       CMP #$01
C0/1064 F0 5D       BEQ $10C3
C0/1066 A5 C4       LDA $C4
C0/1068 AA          TAX
C0/1069 AD DC 0A    LDA $0ADC
C0/106C F0 19       BEQ $1087
C0/1087 AD FB 10    LDA $10FB
C0/108A 3F BD 11 C0 AND $C011BD,x
C0/108E F0 34       BEQ $10C4
C0/1090 80 0B       BRA $109D

C0/109D AD DC 0A    LDA $0ADC
C0/10A0 F0 0B       BEQ $10AD
C0/10AD AA          TAX
C0/10AE BF B0 11 C0 LDA $C011B0,x
C0/10B2 85 0D       STA $0D
C0/10B4 A5 C4       LDA $C4
C0/10B6 AA          TAX
C0/10B7 BF B8 11 C0 LDA $C011B8,x
C0/10BB A8          TAY
C0/10BC B9 F2 10    LDA $10F2,y
C0/10BF 25 0D       AND $0D
C0/10C1 F0 01       BEQ $10C4
C0/10C3 60          RTS

C0/10C4 20 C8 10    JSR $10C8
C0/10C7 60          RTS

C0/10C8 AE D6 0A    LDX $0AD6
C0/10CB E0 03 00    CPX #$0003
C0/10CE B0 5A       BCS $112A
C0/10D0 AD DC 0A    LDA $0ADC
C0/10D3 F0 55       BEQ $112A

C0/112A 64 C4       STZ $C4
C0/112C 60          RTS

C0/112D AD DC 0A    LDA $0ADC
C0/1130 D0 5D       BNE $118F
C0/1132 A5 C4       LDA $C4
C0/1134 3A          DEC A
C0/1135 AA          TAX
C0/1136 AD D8 0A    LDA $0AD8
C0/1139 18          CLC
C0/113A 7F 92 11 C0 ADC $C01192,x
C0/113E 85 75       STA $75
C0/1140 AD D9 0A    LDA $0AD9
C0/1143 18          CLC
C0/1144 7F 96 11 C0 ADC $C01196,x
C0/1148 85 76       STA $76
C0/114A A4 06       LDY $06
C0/114C 84 23       STY $23
C0/114E A4 23       LDY $23
C0/1150 B9 DE 0A    LDA $0ADE,y
C0/1153 30 2F       BMI $1184
C0/1184 A5 23       LDA $23
C0/1186 18          CLC
C0/1187 69 04       ADC #$04
C0/1189 85 23       STA $23
C0/118B C9 18       CMP #$18
C0/118D D0 BF       BNE $114E
C0/118F A9 00       LDA #$00
C0/1191 60          RTS

C0/119A BD BE 10    LDA $10BE,x
C0/119D C2 20       REP #$20       (16-bit accumulator)
C0/119F 0A          ASL A
C0/11A0 18          CLC
C0/11A1 7D BE 10    ADC $10BE,x
C0/11A4 AA          TAX
C0/11A5 BD 88 11    LDA $1188,x
C0/11A8 29 60 00    AND #$0060
C0/11AB E2 20       SEP #$20       (8-bit accumulator)
C0/11AD 85 CA       STA $CA
C0/11AF 60          RTS

C0/11C2 A5 BA       LDA $BA
C0/11C4 D0 02       BNE $11C8
C0/11C6 64 41       STZ $41
C0/11C8 A5 61       LDA $61
C0/11CA 29 1F       AND #$1F
C0/11CC D0 06       BNE $11D4
C0/11CE A5 63       LDA $63
C0/11D0 29 1F       AND #$1F
C0/11D2 F0 01       BEQ $11D5
C0/11D4 60          RTS

C0/11D5 A5 57       LDA $57
C0/11D7 F0 06       BEQ $11DF
C0/11D9 A6 3B       LDX $3B
C0/11DB 86 02       STX $02
C0/11DD 80 1D       BRA $11FC
C0/11DF 20 1D 15    JSR $151D
C0/11E2 AD FB 10    LDA $10FB
C0/11E5 29 40       AND #$40
C0/11E7 F0 0D       BEQ $11F6
C0/11F6 A5 BF       LDA $BF
C0/11F8 3A          DEC A
C0/11F9 8D DB 0A    STA $0ADB
C0/11FC AD FA 10    LDA $10FA
C0/11FF 29 04       AND #$04
C0/1201 D0 0F       BNE $1212
C0/1203 A5 BE       LDA $BE
C0/1205 D0 0B       BNE $1212
C0/1207 AD FA 10    LDA $10FA
C0/120A 29 03       AND #$03
C0/120C C9 03       CMP #$03
C0/120E F0 02       BEQ $1212
C0/1210 85 C3       STA $C3
C0/1212 AD FA 10    LDA $10FA
C0/1215 29 20       AND #$20
C0/1217 F0 13       BEQ $122C

C0/122C 85 C9       STA $C9
C0/122E 20 A6 13    JSR $13A6
C0/1231 20 B7 16    JSR $16B7
C0/1234 AD FB 10    LDA $10FB
C0/1237 29 30       AND #$30
C0/1239 4A          LSR A
C0/123A 4A          LSR A
C0/123B 4A          LSR A
C0/123C 4A          LSR A
C0/123D AA          TAX
C0/123E BF 1C 17 C0 LDA $C0171C,x
C0/1242 85 C0       STA $C0
C0/1244 AD FA 0A    LDA $0AFA
C0/1247 F0 06       BEQ $124F
C0/1249 10 2D       BPL $1278
C0/124B 46 C0       LSR $C0
C0/124D 80 2B       BRA $127A
C0/124F A5 03       LDA $03
C0/1251 29 80       AND #$80
C0/1253 F0 25       BEQ $127A
C0/1255 A6 06       LDX $06
C0/1257 BD 00 05    LDA $0500,x
C0/125A 29 40       AND #$40
C0/125C D0 07       BNE $1265
C0/125E BD 20 05    LDA $0520,x
C0/1261 29 08       AND #$08
C0/1263 D0 13       BNE $1278
C0/1265 C2 20       REP #$20       (16-bit accumulator)
C0/1267 8A          TXA
C0/1268 18          CLC
C0/1269 69 50 00    ADC #$0050
C0/126C AA          TAX
C0/126D A5 06       LDA $06
C0/126F E2 20       SEP #$20       (8-bit accumulator)
C0/1271 E0 40 01    CPX #$0140
C0/1274 D0 E1       BNE $1257
C0/1276 80 02       BRA $127A
C0/1278 06 C0       ASL $C0
C0/127A AD 20 11    LDA $1120
C0/127D 20 1F 16    JSR $161F
C0/1280 8D 80 10    STA $1080
C0/1283 9C 81 10    STZ $1081
C0/1286 AD 20 11    LDA $1120
C0/1289 4A          LSR A
C0/128A 4A          LSR A
C0/128B 20 1F 16    JSR $161F
C0/128E 8D 82 10    STA $1082
C0/1291 9C 83 10    STZ $1083
C0/1294 AD 20 11    LDA $1120
C0/1297 4A          LSR A
C0/1298 4A          LSR A
C0/1299 4A          LSR A
C0/129A 4A          LSR A
C0/129B 20 1F 16    JSR $161F
C0/129E 8D 84 10    STA $1084
C0/12A1 9C 85 10    STZ $1085
C0/12A4 AD 20 11    LDA $1120
C0/12A7 4A          LSR A
C0/12A8 4A          LSR A
C0/12A9 4A          LSR A
C0/12AA 4A          LSR A
C0/12AB 4A          LSR A
C0/12AC 4A          LSR A
C0/12AD 20 1F 16    JSR $161F
C0/12B0 8D 86 10    STA $1086
C0/12B3 9C 87 10    STZ $1087
C0/12B6 AD FB 10    LDA $10FB
C0/12B9 10 0A       BPL $12C5
C0/12C5 A5 57       LDA $57
C0/12C7 D0 0F       BNE $12D8
C0/12C9 A5 5D       LDA $5D
C0/12CB F0 0B       BEQ $12D8
C0/12CD 64 5D       STZ $5D
C0/12CF 9C AA 16    STZ $16AA
C0/12D2 20 D7 13    JSR $13D7
C0/12D5 20 8D 14    JSR $148D
C0/12D8 A5 03       LDA $03
C0/12DA 29 0F       AND #$0F
C0/12DC D0 03       BNE $12E1
C0/12DE 4C 31 13    JMP $1331

C0/12E1 A5 03       LDA $03
C0/12E3 29 08       AND #$08
C0/12E5 F0 0E       BEQ $12F5
C0/12E7 A9 01       LDA #$01
C0/12E9 85 C4       STA $C4
C0/12EB 20 3A 16    JSR $163A
C0/12EE A5 C4       LDA $C4
C0/12F0 F0 3F       BEQ $1331
C0/12F2 4C 36 13    JMP $1336
C0/12F5 A5 03       LDA $03
C0/12F7 29 01       AND #$01
C0/12F9 F0 0E       BEQ $1309
C0/12FB A9 02       LDA #$02
C0/12FD 85 C4       STA $C4
C0/12FF 20 3A 16    JSR $163A
C0/1302 A5 C4       LDA $C4
C0/1304 F0 2B       BEQ $1331
C0/1306 4C 36 13    JMP $1336
C0/1309 A5 03       LDA $03
C0/130B 29 04       AND #$04
C0/130D F0 0E       BEQ $131D
C0/130F A9 03       LDA #$03
C0/1311 85 C4       STA $C4
C0/1313 20 3A 16    JSR $163A
C0/1316 A5 C4       LDA $C4
C0/1318 F0 17       BEQ $1331
C0/131A 4C 36 13    JMP $1336

C0/131D A5 03       LDA $03
C0/131F 29 02       AND #$02
C0/1321 F0 13       BEQ $1336
C0/1323 A9 04       LDA #$04
C0/1325 85 C4       STA $C4
C0/1327 20 3A 16    JSR $163A
C0/132A A5 C4       LDA $C4
C0/132C F0 03       BEQ $1331
C0/132E 4C 36 13    JMP $1336

C0/1331 64 BA       STZ $BA
C0/1333 4C 67 13    JMP $1367

C0/1336 85 BA       STA $BA
C0/1338 85 BF       STA $BF
C0/133A A9 01       LDA #$01
C0/133C 85 5D       STA $5D
C0/133E 64 59       STZ $59
C0/1340 20 72 13    JSR $1372
C0/1343 A5 57       LDA $57
C0/1345 D0 07       BNE $134E
C0/1347 AD FB 10    LDA $10FB
C0/134A 29 40       AND #$40
C0/134C D0 06       BNE $1354
C0/134E A5 BA       LDA $BA
C0/1350 3A          DEC A
C0/1351 8D DB 0A    STA $0ADB
C0/1354 20 38 15    JSR $1538
C0/1357 A9 FC       LDA #$FC
C0/1359 20 96 C7    JSR $C796
C0/135C A9 FD       LDA #$FD
C0/135E 20 96 C7    JSR $C796
C0/1361 20 5B 15    JSR $155B
C0/1364 20 AC 15    JSR $15AC
C0/1367 20 73 29    JSR $2973
C0/136A A5 58       LDA $58
C0/136C D0 03       BNE $1371
C0/136E 20 DA 16    JSR $16DA
C0/1371 60          RTS

C0/1372 A5 BA       LDA $BA
C0/1374 AA          TAX
C0/1375 BF 20 17 C0 LDA $C01720,x
C0/1379 AA          TAX
C0/137A A5 CA       LDA $CA
C0/137C D0 07       BNE $1385
C0/137E BD F2 10    LDA $10F2,x
C0/1381 29 0C       AND #$0C
C0/1383 85 CA       STA $CA
C0/1385 A5 CB       LDA $CB
C0/1387 F0 1C       BEQ $13A5
C0/1389 BD F2 10    LDA $10F2,x
C0/138C 29 04       AND #$04
C0/138E F0 0A       BEQ $139A
C0/139A BD F2 10    LDA $10F2,x
C0/139D 29 10       AND #$10
C0/139F 4A          LSR A
C0/13A0 4A          LSR A
C0/13A1 4A          LSR A
C0/13A2 4A          LSR A
C0/13A3 85 CB       STA $CB
C0/13A5 60          RTS

C0/13A6 AD FA 10    LDA $10FA
C0/13A9 29 03       AND #$03
C0/13AB 09 04       ORA #$04
C0/13AD 85 C2       STA $C2
C0/13AF A5 CA       LDA $CA
C0/13B1 F0 07       BEQ $13BA
C0/13B3 AD FA 10    LDA $10FA
C0/13B6 29 0C       AND #$0C
C0/13B8 85 CA       STA $CA
C0/13BA A5 CB       LDA $CB
C0/13BC D0 18       BNE $13D6
C0/13BE AD FA 10    LDA $10FA
C0/13C1 29 10       AND #$10
C0/13C3 F0 11       BEQ $13D6
C0/13C5 AD FA 10    LDA $10FA
C0/13C8 29 04       AND #$04
C0/13CA F0 06       BEQ $13D2
C0/13D2 A9 01       LDA #$01
C0/13D4 85 CB       STA $CB
C0/13D6 60          RTS

C0/13D7 A6 06       LDX $06    [$00:0B06]   A:0001 X:0000 Y:0118 P:envMxdizc
C0/13D9 BD 00 05    LDA $0500,x
C0/13DC 29 40       AND #$40                A:0000 X:0000 Y:0118 P:envMxdiZc
C0/13DE D0 0A       BNE $0A    [$13EA]      A:0000 X:0000 Y:0118 P:envMxdiZc
C0/13E0 BD 20 05    LDA $0520,x
C0/13E3 29 04       AND #$04                A:0000 X:0000 Y:0118 P:envMxdiZc
C0/13E5 F0 03       BEQ $03    [$13EA]      A:0000 X:0000 Y:0118 P:envMxdiZc
C0/13EA C2 20       REP #$20       (16-bit accumulator)                A:0000 X:0000 Y:0118 P:envMxdiZc
C0/13EC 8A          TXA                     A:0000 X:0000 Y:0118 P:envmxdiZc
C0/13ED 18          CLC                     A:0000 X:0000 Y:0118 P:envmxdiZc
C0/13EE 69 50 00    ADC #$0050              A:0000 X:0000 Y:0118 P:envmxdiZc
C0/13F1 AA          TAX                     A:0050 X:0000 Y:0118 P:envmxdizc
C0/13F2 A5 06       LDA $06    [$00:0B06]   A:0050 X:0050 Y:0118 P:envmxdizc
C0/13F4 E2 20       SEP #$20       (8-bit accumulator)                A:0000 X:0050 Y:0118 P:envmxdiZc
C0/13F6 E0 40 01    CPX #$0140              A:0000 X:0050 Y:0118 P:envMxdiZc
C0/13F9 D0 DE       BNE $DE    [$13D9]      A:0000 X:0050 Y:0118 P:eNvMxdizc
C0/13FB A4 06       LDY $06    [$00:0B06]   A:0000 X:0140 Y:0118 P:envMxdiZC
C0/13FD B9 00 05    LDA $0500,y
C0/1400 29 40       AND #$40                A:0000 X:0140 Y:0000 P:envMxdiZC
C0/1402 D0 5F       BNE $5F    [$1463]      A:0000 X:0140 Y:0000 P:envMxdiZC
C0/1404 B9 1A 05    LDA $051A,y
C0/1407 29 C8       AND #$C8                A:0000 X:0140 Y:0000 P:envMxdiZC
C0/1409 D0 58       BNE $58    [$1463]      A:0000 X:0140 Y:0000 P:envMxdiZC
C0/140B A5 C9       LDA $C9    [$00:0BC9]   A:0000 X:0140 Y:0000 P:envMxdiZC
C0/140D AA          TAX                     A:0000 X:0140 Y:0000 P:envMxdiZC
C0/140E BD 12 11    LDA $1112,x
C0/1411 29 40       AND #$40                A:0000 X:0000 Y:0000 P:envMxdiZC
C0/1413 F0 08       BEQ $08    [$141D]      A:0000 X:0000 Y:0000 P:envMxdiZC
C0/141D A5 C9       LDA $C9    [$00:0BC9]   A:0000 X:0000 Y:0000 P:envMxdiZC
C0/141F AA          TAX                     A:0000 X:0000 Y:0000 P:envMxdiZC
C0/1420 BD 12 11    LDA $1112,x
C0/1423 29 07       AND #$07                A:0000 X:0000 Y:0000 P:envMxdiZC
C0/1425 0A          ASL A                   A:0000 X:0000 Y:0000 P:envMxdiZC
C0/1426 AA          TAX                     A:0000 X:0000 Y:0000 P:envMxdiZc
C0/1427 F0 25       BEQ $25    [$144E]      A:0000 X:0000 Y:0000 P:envMxdiZc
C0/144E A5 C9       LDA $C9    [$00:0BC9]   A:0000 X:0000 Y:0000 P:envMxdiZc
C0/1450 AA          TAX                     A:0000 X:0000 Y:0000 P:envMxdiZc
C0/1451 BD 12 11    LDA $1112,x
C0/1454 4A          LSR A                   A:0000 X:0000 Y:0000 P:envMxdiZc
C0/1455 4A          LSR A                   A:0000 X:0000 Y:0000 P:envMxdiZc
C0/1456 4A          LSR A                   A:0000 X:0000 Y:0000 P:envMxdiZc
C0/1457 29 07       AND #$07                A:0000 X:0000 Y:0000 P:envMxdiZc
C0/1459 F0 08       BEQ $08    [$1463]      A:0000 X:0000 Y:0000 P:envMxdiZc
C0/1463 C2 20       REP #$20       (16-bit accumulator)                A:0000 X:0000 Y:0000 P:envMxdiZc
C0/1465 98          TYA                     A:0000 X:0000 Y:0000 P:envmxdiZc
C0/1466 18          CLC                     A:0000 X:0000 Y:0000 P:envmxdiZc
C0/1467 69 50 00    ADC #$0050
C0/146A A8          TAY                     A:0050 X:0000 Y:0000 P:envmxdizc
C0/146B A5 06       LDA $06
C0/146D E2 20       SEP #$20       (8-bit accumulator)
C0/146F C0 40 01    CPY #$0140
C0/1472 D0 89       BNE $13FD
C0/1474 60          RTS

C0/148D A5 57       LDA $57
C0/148F D0 57       BNE $14E8
C0/14E8 60          RTS

C0/1491 A4 06       LDY $06
C0/1493 B9 00 05    LDA $0500,y
C0/1496 29 40       AND #$40
C0/1498 D0 3D       BNE $14D7
C0/149A B9 1A 05    LDA $051A,y
C0/149D 29 C0       AND #$C0
C0/149F D0 36       BNE $14D7
C0/14A1 B9 1A 05    LDA $051A,y
C0/14A4 29 04       AND #$04
C0/14A6 F0 2F       BEQ $14D7
C0/14D7 C2 20       REP #$20       (16-bit accumulator)
C0/14D9 98          TYA
C0/14DA 18          CLC
C0/14DB 69 50 00    ADC #$0050
C0/14DE A8          TAY
C0/14DF A5 06       LDA $06
C0/14E1 E2 20       SEP #$20       (8-bit accumulator)
C0/14E3 C0 40 01    CPY #$0140
C0/14E6 D0 AB       BNE $1493

C0/151D A6 C7       LDX $C7
C0/151F E0 E8 01    CPX #$01E8
C0/1522 D0 13       BNE $1537
C0/1537 60          RTS

C0/1538 A5 BA       LDA $BA
C0/153A AA          TAX
C0/153B BF 20 17 C0 LDA $C01720,x
C0/153F AA          TAX
C0/1540 BD F2 10    LDA $10F2,x
C0/1543 29 40       AND #$40
C0/1545 D0 0E       BNE $1555
C0/1547 A4 C7       LDY $C7
C0/1549 C0 10 01    CPY #$0110
C0/154C D0 0C       BNE $155A
C0/154E BD F2 10    LDA $10F2,x
C0/1551 29 04       AND #$04
C0/1553 F0 05       BEQ $155A
C0/1555 A2 E8 01    LDX #$01E8
C0/1558 86 C7       STX $C7
C0/155A 60          RTS

C0/155B AD DB 0A    LDA $0ADB
C0/155E 4A          LSR A
C0/155F B0 4A       BCS $15AB
C0/1561 4A          LSR A
C0/1562 B0 11       BCS $1575
C0/1564 AD C0 10    LDA $10C0
C0/1567 C9 13       CMP #$13
C0/1569 D0 40       BNE $15AB

C0/1575 AD CC 10    LDA $10CC
C0/1578 C9 13       CMP #$13
C0/157A D0 2F       BNE $15AB

C0/15AB 60          RTS

C0/15AC A6 06       LDX $06
C0/15AE BD 00 05    LDA $0500,x
C0/15B1 29 40       AND #$40
C0/15B3 D0 07       BNE $15BC
C0/15B5 BD 20 05    LDA $0520,x
C0/15B8 29 02       AND #$02
C0/15BA D0 13       BNE $15CF
C0/15BC C2 20       REP #$20       (16-bit accumulator)
C0/15BE 8A          TXA
C0/15BF 18          CLC
C0/15C0 69 50 00    ADC #$0050
C0/15C3 AA          TAX
C0/15C4 A5 06       LDA $06
C0/15C6 E2 20       SEP #$20       (8-bit accumulator)
C0/15C8 E0 40 01    CPX #$0140
C0/15CB D0 E1       BNE $15AE
C0/15CD 80 43       BRA $1612

C0/1612 60          RTS

C0/161F 29 03       AND #$03
C0/1621 D0 04       BNE $1627
C0/1623 A5 C0       LDA $C0
C0/1625 80 12       BRA $1639
C0/1627 3A          DEC A
C0/1628 D0 05       BNE $162F
C0/162A A5 C0       LDA $C0
C0/162C 4A          LSR A
C0/162D 80 0A       BRA $1639
C0/162F 3A          DEC A
C0/1630 D0 05       BNE $1637
C0/1632 A5 C0       LDA $C0
C0/1634 0A          ASL A
C0/1635 80 02       BRA $1639
C0/1639 60          RTS

C0/163A A5 57       LDA $57
C0/163C F0 01       BEQ $163F
C0/163E 60          RTS

C0/163F AD FB 10    LDA $10FB
C0/1642 29 40       AND #$40
C0/1644 D0 08       BNE $164E
C0/1646 A5 C4       LDA $C4
C0/1648 85 BF       STA $BF
C0/164A 3A          DEC A
C0/164B 8D DB 0A    STA $0ADB
C0/164E A5 C4       LDA $C4
C0/1650 AA          TAX
C0/1651 AD FB 10    LDA $10FB
C0/1654 29 40       AND #$40
C0/1656 D0 09       BNE $1661
C0/1658 AD FB 10    LDA $10FB
C0/165B 3F 25 17 C0 AND $C01725,x
C0/165F F0 48       BEQ $16A9
C0/1661 A5 C4       LDA $C4
C0/1663 AA          TAX
C0/1664 BF 20 17 C0 LDA $C01720,x
C0/1668 AA          TAX
C0/1669 BD D8 10    LDA $10D8,x
C0/166C F0 24       BEQ $1692
C0/166E BD F2 10    LDA $10F2,x
C0/1671 29 04       AND #$04
C0/1673 F0 08       BEQ $167D
C0/167D AD FA 10    LDA $10FA
C0/1680 29 04       AND #$04
C0/1682 F0 06       BEQ $168A
C0/168A BD D8 10    LDA $10D8,x
C0/168D 85 E4       STA $E4
C0/168F 4C A9 16    JMP $16A9
C0/1692 AD FA 10    LDA $10FA
C0/1695 29 04       AND #$04
C0/1697 F0 13       BEQ $16AC

C0/16A9 64 C4       STZ $C4
C0/16AB 60          RTS

C0/16AC BD F2 10    LDA $10F2,x
C0/16AF 25 C2       AND $C2
C0/16B1 D0 03       BNE $16B6
C0/16B6 60          RTS

C0/16B7 AD FA 10    LDA $10FA
C0/16BA 29 04       AND #$04
C0/16BC F0 06       BEQ $16C4

C0/16C4 AD D8 0A    LDA $0AD8
C0/16C7 85 75       STA $75
C0/16C9 AD D9 0A    LDA $0AD9
C0/16CC 85 76       STA $76
C0/16CE DA          PHX
C0/16CF 20 BB 3C    JSR $3CBB
C0/16D2 A9 00       LDA #$00
C0/16D4 9F 00 30 7F STA $7F3000,x
C0/16D8 FA          PLX
C0/16D9 60          RTS

C0/16DA A5 BA       LDA $BA    [$00:0BBA]   A:0000 X:0018 Y:0010 P:envMxdiZC
C0/16DC AA          TAX                     A:0003 X:0018 Y:0010 P:envMxdizC
C0/16DD BF 20 17 C0 LDA $C01720,x[$C0:1723] A:0003 X:0003 Y:0010 P:envMxdizC
C0/16E1 AA          TAX                     A:000E X:0003 Y:0010 P:envMxdizC
C0/16E2 BD F2 10    LDA $10F2,x[$00:1100]   A:000E X:000E Y:0010 P:envMxdizC
C0/16E5 29 04       AND #$04                A:0081 X:000E Y:0010 P:eNvMxdizC
C0/16E7 F0 06       BEQ $16EF
C0/16E9 A5 C3       LDA $C3    [$00:0BC3]   A:0004 X:000E Y:0010 P:envMxdizC
C0/16EB C9 01       CMP #$01                A:0002 X:000E Y:0010 P:envMxdizC
C0/16ED D0 22       BNE $1711
C0/16EF A5 BA       LDA $BA    [$00:0BBA]   A:0000 X:000E Y:0010 P:envMxdiZC
C0/16F1 AA          TAX                     A:0003 X:000E Y:0010 P:envMxdizC
C0/16F2 AD D8 0A    LDA $0AD8  [$00:0AD8]   A:0003 X:0003 Y:0010 P:envMxdizC
C0/16F5 18          CLC                     A:0020 X:0003 Y:0010 P:envMxdizC
C0/16F6 7F 12 17 C0 ADC $C01712,x[$C0:1715] A:0020 X:0003 Y:0010 P:envMxdizc
C0/16FA 85 75       STA $75    [$00:0B75]   A:0020 X:0003 Y:0010 P:envMxdizc
C0/16FC AD D9 0A    LDA $0AD9  [$00:0AD9]   A:0020 X:0003 Y:0010 P:envMxdizc
C0/16FF 18          CLC                     A:000B X:0003 Y:0010 P:envMxdizc
C0/1700 7F 17 17 C0 ADC $C01717,x[$C0:171A] A:000B X:0003 Y:0010 P:envMxdizc
C0/1704 85 76       STA $76    [$00:0B76]   A:000C X:0003 Y:0010 P:envMxdizc
C0/1706 DA          PHX                     A:000C X:0003 Y:0010 P:envMxdizc
C0/1707 20 BB 3C    JSR $3CBB
C0/170A A9 FF       LDA #$FF                A:0000 X:0320 Y:0010 P:envMxdiZc
C0/170C 9F 00 30 7F STA $7F3000,x[$7F:3320] A:00FF X:0320 Y:0010 P:eNvMxdizc
C0/1710 FA          PLX                     A:00FF X:0320 Y:0010 P:eNvMxdizc
C0/1711 60          RTS

C0/1733 AD D8 0A    LDA $0AD8  [$00:0AD8]   A:004C X:000E Y:000E P:envMxdIZC
C0/1736 85 0D       STA $0D    [$00:0B0D]   A:00AF X:000E Y:000E P:eNvMxdIzC
C0/1738 64 0E       STZ $0E    [$00:0B0E]   A:00AF X:000E Y:000E P:eNvMxdIzC
C0/173A AD D9 0A    LDA $0AD9  [$00:0AD9]   A:00AF X:000E Y:000E P:eNvMxdIzC
C0/173D 29 3F       AND #$3F                A:008E X:000E Y:000E P:eNvMxdIzC
C0/173F C2 20       REP #$20       (16-bit accumulator)                A:000E X:000E Y:000E P:envMxdIzC
C0/1741 EB          XBA                     A:000E X:000E Y:000E P:envmxdIzC
C0/1742 18          CLC                     A:0E00 X:000E Y:000E P:envmxdIZC
C0/1743 65 0D       ADC $0D    [$00:0B0D]   A:0E00 X:000E Y:000E P:envmxdIZc
C0/1745 A8          TAY                     A:0EAF X:000E Y:000E P:envmxdIzc
C0/1746 98          TYA                     A:0EAF X:000E Y:0EAF P:envmxdIzc
C0/1747 38          SEC                     A:0EAF X:000E Y:0EAF P:envmxdIzc
C0/1748 E9 00 01    SBC #$0100              A:0EAF X:000E Y:0EAF P:envmxdIzC
C0/174B 29 FF 3F    AND #$3FFF              A:0DAF X:000E Y:0EAF P:envmxdIzC
C0/174E AA          TAX                     A:0DAF X:000E Y:0EAF P:envmxdIzC
C0/174F BF 00 00 7F LDA $7F0000,x[$7F:0DAF] A:0DAF X:0DAF Y:0EAF P:envmxdIzC
C0/1753 29 FF 00    AND #$00FF              A:6915 X:0DAF Y:0EAF P:envmxdIzC
C0/1756 8D C0 10    STA $10C0  [$00:10C0]   A:0015 X:0DAF Y:0EAF P:envmxdIzC
C0/1759 0A          ASL A                   A:0015 X:0DAF Y:0EAF P:envmxdIzC
C0/175A 18          CLC                     A:002A X:0DAF Y:0EAF P:envmxdIzc
C0/175B 6D C0 10    ADC $10C0  [$00:10C0]   A:002A X:0DAF Y:0EAF P:envmxdIzc
C0/175E AA          TAX                     A:003F X:0DAF Y:0EAF P:envmxdIzc
C0/175F BD 86 11    LDA $1186,x[$00:11C5]   A:003F X:003F Y:0EAF P:envmxdIzc
C0/1762 8D F4 10    STA $10F4  [$00:10F4]   A:2B4F X:003F Y:0EAF P:envmxdIzc
C0/1765 98          TYA                     A:2B4F X:003F Y:0EAF P:envmxdIzc
C0/1766 29 00 3F    AND #$3F00              A:0EAF X:003F Y:0EAF P:envmxdIzc
C0/1769 85 0D       STA $0D    [$00:0B0D]   A:0E00 X:003F Y:0EAF P:envmxdIzc
C0/176B 98          TYA                     A:0E00 X:003F Y:0EAF P:envmxdIzc
C0/176C 3A          DEC A                   A:0EAF X:003F Y:0EAF P:envmxdIzc
C0/176D 29 FF 00    AND #$00FF              A:0EAE X:003F Y:0EAF P:envmxdIzc
C0/1770 05 0D       ORA $0D    [$00:0B0D]   A:00AE X:003F Y:0EAF P:envmxdIzc
C0/1772 AA          TAX                     A:0EAE X:003F Y:0EAF P:envmxdIzc
C0/1773 BF 00 00 7F LDA $7F0000,x[$7F:0EAE] A:0EAE X:0EAE Y:0EAF P:envmxdIzc
C0/1777 29 FF 00    AND #$00FF              A:0518 X:0EAE Y:0EAF P:envmxdIzc
C0/177A 8D C4 10    STA $10C4  [$00:10C4]   A:0018 X:0EAE Y:0EAF P:envmxdIzc
C0/177D 0A          ASL A                   A:0018 X:0EAE Y:0EAF P:envmxdIzc
C0/177E 18          CLC                     A:0030 X:0EAE Y:0EAF P:envmxdIzc
C0/177F 6D C4 10    ADC $10C4  [$00:10C4]   A:0030 X:0EAE Y:0EAF P:envmxdIzc
C0/1782 AA          TAX                     A:0048 X:0EAE Y:0EAF P:envmxdIzc
C0/1783 BD 86 11    LDA $1186,x[$00:11CE]   A:0048 X:0048 Y:0EAF P:envmxdIzc
C0/1786 8D F8 10    STA $10F8  [$00:10F8]   A:EF44 X:0048 Y:0EAF P:eNvmxdIzc
C0/1789 BB          TYX                     A:EF44 X:0048 Y:0EAF P:eNvmxdIzc
C0/178A BF 00 00 7F LDA $7F0000,x[$7F:0EAF] A:EF44 X:0EAF Y:0EAF P:envmxdIzc
C0/178E 29 FF 00    AND #$00FF              A:0605 X:0EAF Y:0EAF P:envmxdIzc
C0/1791 8D C6 10    STA $10C6  [$00:10C6]   A:0005 X:0EAF Y:0EAF P:envmxdIzc
C0/1794 0A          ASL A                   A:0005 X:0EAF Y:0EAF P:envmxdIzc
C0/1795 18          CLC                     A:000A X:0EAF Y:0EAF P:envmxdIzc
C0/1796 6D C6 10    ADC $10C6  [$00:10C6]   A:000A X:0EAF Y:0EAF P:envmxdIzc
C0/1799 AA          TAX                     A:000F X:0EAF Y:0EAF P:envmxdIzc
C0/179A BD 86 11    LDA $1186,x[$00:1195]   A:000F X:000F Y:0EAF P:envmxdIzc
C0/179D 8D FA 10    STA $10FA  [$00:10FA]   A:2F4F X:000F Y:0EAF P:envmxdIzc
C0/17A0 98          TYA                     A:2F4F X:000F Y:0EAF P:envmxdIzc
C0/17A1 29 00 3F    AND #$3F00              A:0EAF X:000F Y:0EAF P:envmxdIzc
C0/17A4 85 0D       STA $0D    [$00:0B0D]   A:0E00 X:000F Y:0EAF P:envmxdIzc
C0/17A6 98          TYA                     A:0E00 X:000F Y:0EAF P:envmxdIzc
C0/17A7 1A          INC A                   A:0EAF X:000F Y:0EAF P:envmxdIzc
C0/17A8 29 FF 00    AND #$00FF              A:0EB0 X:000F Y:0EAF P:envmxdIzc
C0/17AB 05 0D       ORA $0D    [$00:0B0D]   A:00B0 X:000F Y:0EAF P:envmxdIzc
C0/17AD AA          TAX                     A:0EB0 X:000F Y:0EAF P:envmxdIzc
C0/17AE BF 00 00 7F LDA $7F0000,x[$7F:0EB0] A:0EB0 X:0EB0 Y:0EAF P:envmxdIzc
C0/17B2 29 FF 00    AND #$00FF              A:0706 X:0EB0 Y:0EAF P:envmxdIzc
C0/17B5 8D C8 10    STA $10C8  [$00:10C8]   A:0006 X:0EB0 Y:0EAF P:envmxdIzc
C0/17B8 0A          ASL A                   A:0006 X:0EB0 Y:0EAF P:envmxdIzc
C0/17B9 18          CLC                     A:000C X:0EB0 Y:0EAF P:envmxdIzc
C0/17BA 6D C8 10    ADC $10C8  [$00:10C8]   A:000C X:0EB0 Y:0EAF P:envmxdIzc
C0/17BD AA          TAX                     A:0012 X:0EB0 Y:0EAF P:envmxdIzc
C0/17BE BD 86 11    LDA $1186,x
C0/17C1 8D FC 10    STA $10FC  [$00:10FC]   A:EF44 X:0012 Y:0EAF P:eNvmxdIzc
C0/17C4 98          TYA                     A:EF44 X:0012 Y:0EAF P:eNvmxdIzc
C0/17C5 18          CLC                     A:0EAF X:0012 Y:0EAF P:envmxdIzc
C0/17C6 69 00 01    ADC #$0100              A:0EAF X:0012 Y:0EAF P:envmxdIzc
C0/17C9 29 FF 3F    AND #$3FFF              A:0FAF X:0012 Y:0EAF P:envmxdIzc
C0/17CC AA          TAX                     A:0FAF X:0012 Y:0EAF P:envmxdIzc
C0/17CD BF 00 00 7F LDA $7F0000,x
C0/17D1 29 FF 00    AND #$00FF              A:1605 X:0FAF Y:0EAF P:envmxdIzc
C0/17D4 8D CC 10    STA $10CC  [$00:10CC]   A:0005 X:0FAF Y:0EAF P:envmxdIzc
C0/17D7 0A          ASL A                   A:0005 X:0FAF Y:0EAF P:envmxdIzc
C0/17D8 18          CLC                     A:000A X:0FAF Y:0EAF P:envmxdIzc
C0/17D9 6D CC 10    ADC $10CC  [$00:10CC]   A:000A X:0FAF Y:0EAF P:envmxdIzc
C0/17DC AA          TAX                     A:000F X:0FAF Y:0EAF P:envmxdIzc
C0/17DD BD 86 11    LDA $1186,x[$00:1195]   A:000F X:000F Y:0EAF P:envmxdIzc
C0/17E0 8D 00 11    STA $1100  [$00:1100]   A:2F4F X:000F Y:0EAF P:envmxdIzc
C0/17E3 A5 06       LDA $06    [$00:0B06]   A:2F4F X:000F Y:0EAF P:envmxdIzc
C0/17E5 E2 20       SEP #$20       (8-bit accumulator)                A:0000 X:000F Y:0EAF P:envmxdIZc
C0/17E7 60          RTS

C0/17E8 AD D8 0A    LDA $0AD8  [$00:0AD8]   A:0008 X:0100 Y:001F P:envMxdIZc
C0/17EB 29 3F       AND #$3F                A:0020 X:0100 Y:001F P:envMxdIzc
C0/17ED 85 0D       STA $0D    [$00:0B0D]   A:0020 X:0100 Y:001F P:envMxdIzc
C0/17EF 64 0E       STZ $0E    [$00:0B0E]   A:0020 X:0100 Y:001F P:envMxdIzc
C0/17F1 AD D9 0A    LDA $0AD9  [$00:0AD9]   A:0020 X:0100 Y:001F P:envMxdIzc
C0/17F4 29 3F       AND #$3F                A:000B X:0100 Y:001F P:envMxdIzc
C0/17F6 C2 20       REP #$20       (16-bit accumulator)                A:000B X:0100 Y:001F P:envMxdIzc
C0/17F8 EB          XBA                     A:000B X:0100 Y:001F P:envmxdIzc
C0/17F9 4A          LSR A                   A:0B00 X:0100 Y:001F P:envmxdIZc
C0/17FA 4A          LSR A                   A:0580 X:0100 Y:001F P:envmxdIzc
C0/17FB 05 0D       ORA $0D    [$00:0B0D]   A:02C0 X:0100 Y:001F P:envmxdIzc
C0/17FD A8          TAY                     A:02E0 X:0100 Y:001F P:envmxdIzc
C0/17FE 98          TYA                     A:02E0 X:0100 Y:02E0 P:envmxdIzc
C0/17FF 38          SEC                     A:02E0 X:0100 Y:02E0 P:envmxdIzc
C0/1800 E9 80 00    SBC #$0080              A:02E0 X:0100 Y:02E0 P:envmxdIzC
C0/1803 29 FF 0F    AND #$0FFF              A:0260 X:0100 Y:02E0 P:envmxdIzC
C0/1806 85 0D       STA $0D    [$00:0B0D]   A:0260 X:0100 Y:02E0 P:envmxdIzC
C0/1808 AA          TAX                     A:0260 X:0100 Y:02E0 P:envmxdIzC
C0/1809 BF 00 30 7F LDA $7F3000,x[$7F:3260] A:0260 X:0260 Y:02E0 P:envmxdIzC
C0/180D 8D EA 10    STA $10EA  [$00:10EA]   A:0000 X:0260 Y:02E0 P:envmxdIZC
C0/1810 BF 00 00 7F LDA $7F0000,x[$7F:0260] A:0000 X:0260 Y:02E0 P:envmxdIZC
C0/1814 8D D0 10    STA $10D0  [$00:10D0]   A:0101 X:0260 Y:02E0 P:envmxdIzC
C0/1817 29 FF 00    AND #$00FF              A:0101 X:0260 Y:02E0 P:envmxdIzC
C0/181A 0A          ASL A                   A:0001 X:0260 Y:02E0 P:envmxdIzC
C0/181B AA          TAX                     A:0002 X:0260 Y:02E0 P:envmxdIzc
C0/181C BD 86 11    LDA $1186,x[$00:1188]   A:0002 X:0002 Y:02E0 P:envmxdIzc
C0/181F 8D 04 11    STA $1104  [$00:1104]   A:0F81 X:0002 Y:02E0 P:envmxdIzc
C0/1822 98          TYA                     A:0F81 X:0002 Y:02E0 P:envmxdIzc
C0/1823 38          SEC                     A:02E0 X:0002 Y:02E0 P:envmxdIzc
C0/1824 E9 40 00    SBC #$0040              A:02E0 X:0002 Y:02E0 P:envmxdIzC
C0/1827 29 C0 0F    AND #$0FC0              A:02A0 X:0002 Y:02E0 P:envmxdIzC
C0/182A 85 0D       STA $0D    [$00:0B0D]   A:0280 X:0002 Y:02E0 P:envmxdIzC
C0/182C 98          TYA                     A:0280 X:0002 Y:02E0 P:envmxdIzC
C0/182D 3A          DEC A                   A:02E0 X:0002 Y:02E0 P:envmxdIzC
C0/182E 29 3F 00    AND #$003F              A:02DF X:0002 Y:02E0 P:envmxdIzC
C0/1831 05 0D       ORA $0D    [$00:0B0D]   A:001F X:0002 Y:02E0 P:envmxdIzC
C0/1833 AA          TAX                     A:029F X:0002 Y:02E0 P:envmxdIzC
C0/1834 BF 00 30 7F LDA $7F3000,x[$7F:329F] A:029F X:029F Y:02E0 P:envmxdIzC
C0/1838 8D D8 10    STA $10D8  [$00:10D8]   A:0000 X:029F Y:02E0 P:envmxdIZC
C0/183B BF 00 00 7F LDA $7F0000,x[$7F:029F] A:0000 X:029F Y:02E0 P:envmxdIZC
C0/183F 8D BE 10    STA $10BE  [$00:10BE]   A:0101 X:029F Y:02E0 P:envmxdIzC
C0/1842 29 FF 00    AND #$00FF              A:0101 X:029F Y:02E0 P:envmxdIzC
C0/1845 0A          ASL A                   A:0001 X:029F Y:02E0 P:envmxdIzC
C0/1846 AA          TAX                     A:0002 X:029F Y:02E0 P:envmxdIzc
C0/1847 BD 86 11    LDA $1186,x[$00:1188]   A:0002 X:0002 Y:02E0 P:envmxdIzc
C0/184A 8D F2 10    STA $10F2  [$00:10F2]   A:0F81 X:0002 Y:02E0 P:envmxdIzc
C0/184D 98          TYA                     A:0F81 X:0002 Y:02E0 P:envmxdIzc
C0/184E 38          SEC                     A:02E0 X:0002 Y:02E0 P:envmxdIzc
C0/184F E9 40 00    SBC #$0040              A:02E0 X:0002 Y:02E0 P:envmxdIzC
C0/1852 29 FF 0F    AND #$0FFF              A:02A0 X:0002 Y:02E0 P:envmxdIzC
C0/1855 AA          TAX                     A:02A0 X:0002 Y:02E0 P:envmxdIzC
C0/1856 BF 00 30 7F LDA $7F3000,x[$7F:32A0] A:02A0 X:02A0 Y:02E0 P:envmxdIzC
C0/185A 8D DA 10    STA $10DA  [$00:10DA]   A:0000 X:02A0 Y:02E0 P:envmxdIZC
C0/185D BF 00 00 7F LDA $7F0000,x[$7F:02A0] A:0000 X:02A0 Y:02E0 P:envmxdIZC
C0/1861 8D C0 10    STA $10C0  [$00:10C0]   A:0101 X:02A0 Y:02E0 P:envmxdIzC
C0/1864 29 FF 00    AND #$00FF              A:0101 X:02A0 Y:02E0 P:envmxdIzC
C0/1867 0A          ASL A                   A:0001 X:02A0 Y:02E0 P:envmxdIzC
C0/1868 AA          TAX                     A:0002 X:02A0 Y:02E0 P:envmxdIzc
C0/1869 BD 86 11    LDA $1186,x[$00:1188]   A:0002 X:0002 Y:02E0 P:envmxdIzc
C0/186C 8D F4 10    STA $10F4  [$00:10F4]   A:0F81 X:0002 Y:02E0 P:envmxdIzc
C0/186F 98          TYA                     A:0F81 X:0002 Y:02E0 P:envmxdIzc
C0/1870 38          SEC                     A:02E0 X:0002 Y:02E0 P:envmxdIzc
C0/1871 E9 40 00    SBC #$0040              A:02E0 X:0002 Y:02E0 P:envmxdIzC
C0/1874 29 C0 0F    AND #$0FC0              A:02A0 X:0002 Y:02E0 P:envmxdIzC
C0/1877 85 0D       STA $0D    [$00:0B0D]   A:0280 X:0002 Y:02E0 P:envmxdIzC
C0/1879 98          TYA                     A:0280 X:0002 Y:02E0 P:envmxdIzC
C0/187A 1A          INC A                   A:02E0 X:0002 Y:02E0 P:envmxdIzC
C0/187B 29 3F 00    AND #$003F              A:02E1 X:0002 Y:02E0 P:envmxdIzC
C0/187E 05 0D       ORA $0D    [$00:0B0D]   A:0021 X:0002 Y:02E0 P:envmxdIzC
C0/1880 AA          TAX                     A:02A1 X:0002 Y:02E0 P:envmxdIzC
C0/1881 BF 00 30 7F LDA $7F3000,x[$7F:32A1] A:02A1 X:02A1 Y:02E0 P:envmxdIzC
C0/1885 8D DC 10    STA $10DC  [$00:10DC]   A:0000 X:02A1 Y:02E0 P:envmxdIZC
C0/1888 BF 00 00 7F LDA $7F0000,x[$7F:02A1] A:0000 X:02A1 Y:02E0 P:envmxdIZC
C0/188C 8D C2 10    STA $10C2  [$00:10C2]   A:5D01 X:02A1 Y:02E0 P:envmxdIzC
C0/188F 29 FF 00    AND #$00FF              A:5D01 X:02A1 Y:02E0 P:envmxdIzC
C0/1892 0A          ASL A                   A:0001 X:02A1 Y:02E0 P:envmxdIzC
C0/1893 AA          TAX                     A:0002 X:02A1 Y:02E0 P:envmxdIzc
C0/1894 BD 86 11    LDA $1186,x[$00:1188]   A:0002 X:0002 Y:02E0 P:envmxdIzc
C0/1897 8D F6 10    STA $10F6  [$00:10F6]   A:0F81 X:0002 Y:02E0 P:envmxdIzc
C0/189A 98          TYA                     A:0F81 X:0002 Y:02E0 P:envmxdIzc
C0/189B 29 C0 0F    AND #$0FC0              A:02E0 X:0002 Y:02E0 P:envmxdIzc
C0/189E 85 0D       STA $0D    [$00:0B0D]   A:02C0 X:0002 Y:02E0 P:envmxdIzc
C0/18A0 98          TYA                     A:02C0 X:0002 Y:02E0 P:envmxdIzc
C0/18A1 3A          DEC A                   A:02E0 X:0002 Y:02E0 P:envmxdIzc
C0/18A2 29 3F 00    AND #$003F              A:02DF X:0002 Y:02E0 P:envmxdIzc
C0/18A5 05 0D       ORA $0D    [$00:0B0D]   A:001F X:0002 Y:02E0 P:envmxdIzc
C0/18A7 AA          TAX                     A:02DF X:0002 Y:02E0 P:envmxdIzc
C0/18A8 BF 00 30 7F LDA $7F3000,x[$7F:32DF] A:02DF X:02DF Y:02E0 P:envmxdIzc
C0/18AC 8D DE 10    STA $10DE  [$00:10DE]   A:0000 X:02DF Y:02E0 P:envmxdIZc
C0/18AF BF 00 00 7F LDA $7F0000,x[$7F:02DF] A:0000 X:02DF Y:02E0 P:envmxdIZc
C0/18B3 8D C4 10    STA $10C4  [$00:10C4]   A:0101 X:02DF Y:02E0 P:envmxdIzc
C0/18B6 29 FF 00    AND #$00FF              A:0101 X:02DF Y:02E0 P:envmxdIzc
C0/18B9 0A          ASL A                   A:0001 X:02DF Y:02E0 P:envmxdIzc
C0/18BA AA          TAX                     A:0002 X:02DF Y:02E0 P:envmxdIzc
C0/18BB BD 86 11    LDA $1186,x[$00:1188]   A:0002 X:0002 Y:02E0 P:envmxdIzc
C0/18BE 8D F8 10    STA $10F8  [$00:10F8]   A:0F81 X:0002 Y:02E0 P:envmxdIzc
C0/18C1 98          TYA                     A:0F81 X:0002 Y:02E0 P:envmxdIzc
C0/18C2 29 C0 0F    AND #$0FC0              A:02E0 X:0002 Y:02E0 P:envmxdIzc
C0/18C5 85 0D       STA $0D    [$00:0B0D]   A:02C0 X:0002 Y:02E0 P:envmxdIzc
C0/18C7 98          TYA                     A:02C0 X:0002 Y:02E0 P:envmxdIzc
C0/18C8 3A          DEC A                   A:02E0 X:0002 Y:02E0 P:envmxdIzc
C0/18C9 3A          DEC A                   A:02DF X:0002 Y:02E0 P:envmxdIzc
C0/18CA 29 3F 00    AND #$003F              A:02DE X:0002 Y:02E0 P:envmxdIzc
C0/18CD 05 0D       ORA $0D    [$00:0B0D]   A:001E X:0002 Y:02E0 P:envmxdIzc
C0/18CF AA          TAX                     A:02DE X:0002 Y:02E0 P:envmxdIzc
C0/18D0 BF 00 30 7F LDA $7F3000,x[$7F:32DE] A:02DE X:02DE Y:02E0 P:envmxdIzc
C0/18D4 8D EC 10    STA $10EC  [$00:10EC]   A:0000 X:02DE Y:02E0 P:envmxdIZc
C0/18D7 BF 00 00 7F LDA $7F0000,x[$7F:02DE] A:0000 X:02DE Y:02E0 P:envmxdIZc
C0/18DB 8D D2 10    STA $10D2  [$00:10D2]   A:016F X:02DE Y:02E0 P:envmxdIzc
C0/18DE 29 FF 00    AND #$00FF              A:016F X:02DE Y:02E0 P:envmxdIzc
C0/18E1 0A          ASL A                   A:006F X:02DE Y:02E0 P:envmxdIzc
C0/18E2 AA          TAX                     A:00DE X:02DE Y:02E0 P:envmxdIzc
C0/18E3 BD 86 11    LDA $1186,x[$00:1264]   A:00DE X:00DE Y:02E0 P:envmxdIzc
C0/18E6 8D FC 10    STA $10FC  [$00:10FC]   A:0F09 X:00DE Y:02E0 P:envmxdIzc
C0/18E9 BB          TYX                     A:0F09 X:00DE Y:02E0 P:envmxdIzc
C0/18EA BF 00 30 7F LDA $7F3000,x[$7F:32E0] A:0F09 X:02E0 Y:02E0 P:envmxdIzc
C0/18EE 8D E0 10    STA $10E0  [$00:10E0]   A:0000 X:02E0 Y:02E0 P:envmxdIZc
C0/18F1 BF 00 00 7F LDA $7F0000,x[$7F:02E0] A:0000 X:02E0 Y:02E0 P:envmxdIZc
C0/18F5 8D C6 10    STA $10C6  [$00:10C6]   A:0101 X:02E0 Y:02E0 P:envmxdIzc
C0/18F8 29 FF 00    AND #$00FF              A:0101 X:02E0 Y:02E0 P:envmxdIzc
C0/18FB 0A          ASL A                   A:0001 X:02E0 Y:02E0 P:envmxdIzc
C0/18FC AA          TAX                     A:0002 X:02E0 Y:02E0 P:envmxdIzc
C0/18FD BD 86 11    LDA $1186,x[$00:1188]   A:0002 X:0002 Y:02E0 P:envmxdIzc
C0/1900 8D FA 10    STA $10FA  [$00:10FA]   A:0F81 X:0002 Y:02E0 P:envmxdIzc
C0/1903 98          TYA                     A:0F81 X:0002 Y:02E0 P:envmxdIzc
C0/1904 29 C0 0F    AND #$0FC0              A:02E0 X:0002 Y:02E0 P:envmxdIzc
C0/1907 85 0D       STA $0D    [$00:0B0D]   A:02C0 X:0002 Y:02E0 P:envmxdIzc
C0/1909 98          TYA                     A:02C0 X:0002 Y:02E0 P:envmxdIzc
C0/190A 1A          INC A                   A:02E0 X:0002 Y:02E0 P:envmxdIzc
C0/190B 29 3F 00    AND #$003F              A:02E1 X:0002 Y:02E0 P:envmxdIzc
C0/190E 05 0D       ORA $0D    [$00:0B0D]   A:0021 X:0002 Y:02E0 P:envmxdIzc
C0/1910 AA          TAX                     A:02E1 X:0002 Y:02E0 P:envmxdIzc
C0/1911 BF 00 30 7F LDA $7F3000,x[$7F:32E1] A:02E1 X:02E1 Y:02E0 P:envmxdIzc
C0/1915 8D E2 10    STA $10E2  [$00:10E2]   A:0000 X:02E1 Y:02E0 P:envmxdIZc
C0/1918 BF 00 00 7F LDA $7F0000,x[$7F:02E1] A:0000 X:02E1 Y:02E0 P:envmxdIZc
C0/191C 8D C8 10    STA $10C8  [$00:10C8]   A:6D01 X:02E1 Y:02E0 P:envmxdIzc
C0/191F 29 FF 00    AND #$00FF              A:6D01 X:02E1 Y:02E0 P:envmxdIzc
C0/1922 0A          ASL A                   A:0001 X:02E1 Y:02E0 P:envmxdIzc
C0/1923 AA          TAX                     A:0002 X:02E1 Y:02E0 P:envmxdIzc
C0/1924 BD 86 11    LDA $1186,x[$00:1188]   A:0002 X:0002 Y:02E0 P:envmxdIzc
C0/1927 8D FC 10    STA $10FC  [$00:10FC]   A:0F81 X:0002 Y:02E0 P:envmxdIzc
C0/192A 98          TYA                     A:0F81 X:0002 Y:02E0 P:envmxdIzc
C0/192B 29 C0 0F    AND #$0FC0              A:02E0 X:0002 Y:02E0 P:envmxdIzc
C0/192E 85 0D       STA $0D    [$00:0B0D]   A:02C0 X:0002 Y:02E0 P:envmxdIzc
C0/1930 98          TYA                     A:02C0 X:0002 Y:02E0 P:envmxdIzc
C0/1931 1A          INC A                   A:02E0 X:0002 Y:02E0 P:envmxdIzc
C0/1932 1A          INC A                   A:02E1 X:0002 Y:02E0 P:envmxdIzc
C0/1933 29 3F 00    AND #$003F              A:02E2 X:0002 Y:02E0 P:envmxdIzc
C0/1936 05 0D       ORA $0D    [$00:0B0D]   A:0022 X:0002 Y:02E0 P:envmxdIzc
C0/1938 AA          TAX                     A:02E2 X:0002 Y:02E0 P:envmxdIzc
C0/1939 BF 00 30 7F LDA $7F3000,x[$7F:32E2] A:02E2 X:02E2 Y:02E0 P:envmxdIzc
C0/193D 8D EE 10    STA $10EE  [$00:10EE]   A:0000 X:02E2 Y:02E0 P:envmxdIZc
C0/1940 BF 00 00 7F LDA $7F0000,x[$7F:02E2] A:0000 X:02E2 Y:02E0 P:envmxdIZc
C0/1944 8D D4 10    STA $10D4  [$00:10D4]   A:6E6D X:02E2 Y:02E0 P:envmxdIzc
C0/1947 29 FF 00    AND #$00FF              A:6E6D X:02E2 Y:02E0 P:envmxdIzc
C0/194A 0A          ASL A                   A:006D X:02E2 Y:02E0 P:envmxdIzc
C0/194B AA          TAX                     A:00DA X:02E2 Y:02E0 P:envmxdIzc
C0/194C BD 86 11    LDA $1186,x[$00:1260]   A:00DA X:00DA Y:02E0 P:envmxdIzc
C0/194F 8D 08 11    STA $1108  [$00:1108]   A:0F09 X:00DA Y:02E0 P:envmxdIzc
C0/1952 98          TYA                     A:0F09 X:00DA Y:02E0 P:envmxdIzc
C0/1953 18          CLC                     A:02E0 X:00DA Y:02E0 P:envmxdIzc
C0/1954 69 40 00    ADC #$0040              A:02E0 X:00DA Y:02E0 P:envmxdIzc
C0/1957 29 C0 0F    AND #$0FC0              A:0320 X:00DA Y:02E0 P:envmxdIzc
C0/195A 85 0D       STA $0D    [$00:0B0D]   A:0300 X:00DA Y:02E0 P:envmxdIzc
C0/195C 98          TYA                     A:0300 X:00DA Y:02E0 P:envmxdIzc
C0/195D 3A          DEC A                   A:02E0 X:00DA Y:02E0 P:envmxdIzc
C0/195E 29 3F 00    AND #$003F              A:02DF X:00DA Y:02E0 P:envmxdIzc
C0/1961 05 0D       ORA $0D    [$00:0B0D]   A:001F X:00DA Y:02E0 P:envmxdIzc
C0/1963 AA          TAX                     A:031F X:00DA Y:02E0 P:envmxdIzc
C0/1964 BF 00 30 7F LDA $7F3000,x[$7F:331F] A:031F X:031F Y:02E0 P:envmxdIzc
C0/1968 8D E4 10    STA $10E4  [$00:10E4]   A:0000 X:031F Y:02E0 P:envmxdIZc
C0/196B BF 00 00 7F LDA $7F0000,x[$7F:031F] A:0000 X:031F Y:02E0 P:envmxdIZc
C0/196F 8D CA 10    STA $10CA  [$00:10CA]   A:0101 X:031F Y:02E0 P:envmxdIzc
C0/1972 29 FF 00    AND #$00FF              A:0101 X:031F Y:02E0 P:envmxdIzc
C0/1975 0A          ASL A                   A:0001 X:031F Y:02E0 P:envmxdIzc
C0/1976 AA          TAX                     A:0002 X:031F Y:02E0 P:envmxdIzc
C0/1977 BD 86 11    LDA $1186,x[$00:1188]   A:0002 X:0002 Y:02E0 P:envmxdIzc
C0/197A 8D FE 10    STA $10FE  [$00:10FE]   A:0F81 X:0002 Y:02E0 P:envmxdIzc
C0/197D 98          TYA                     A:0F81 X:0002 Y:02E0 P:envmxdIzc
C0/197E 18          CLC                     A:02E0 X:0002 Y:02E0 P:envmxdIzc
C0/197F 69 40 00    ADC #$0040              A:02E0 X:0002 Y:02E0 P:envmxdIzc
C0/1982 29 FF 0F    AND #$0FFF              A:0320 X:0002 Y:02E0 P:envmxdIzc
C0/1985 AA          TAX                     A:0320 X:0002 Y:02E0 P:envmxdIzc
C0/1986 BF 00 30 7F LDA $7F3000,x[$7F:3320] A:0320 X:0320 Y:02E0 P:envmxdIzc
C0/198A 8D E6 10    STA $10E6  [$00:10E6]   A:0000 X:0320 Y:02E0 P:envmxdIZc
C0/198D BF 00 00 7F LDA $7F0000,x[$7F:0320] A:0000 X:0320 Y:02E0 P:envmxdIZc
C0/1991 8D CC 10    STA $10CC  [$00:10CC]   A:0101 X:0320 Y:02E0 P:envmxdIzc
C0/1994 29 FF 00    AND #$00FF              A:0101 X:0320 Y:02E0 P:envmxdIzc
C0/1997 0A          ASL A                   A:0001 X:0320 Y:02E0 P:envmxdIzc
C0/1998 AA          TAX                     A:0002 X:0320 Y:02E0 P:envmxdIzc
C0/1999 BD 86 11    LDA $1186,x[$00:1188]   A:0002 X:0002 Y:02E0 P:envmxdIzc
C0/199C 8D 00 11    STA $1100  [$00:1100]   A:0F81 X:0002 Y:02E0 P:envmxdIzc
C0/199F 98          TYA                     A:0F81 X:0002 Y:02E0 P:envmxdIzc
C0/19A0 18          CLC                     A:02E0 X:0002 Y:02E0 P:envmxdIzc
C0/19A1 69 40 00    ADC #$0040              A:02E0 X:0002 Y:02E0 P:envmxdIzc
C0/19A4 29 C0 0F    AND #$0FC0              A:0320 X:0002 Y:02E0 P:envmxdIzc
C0/19A7 85 0D       STA $0D    [$00:0B0D]   A:0300 X:0002 Y:02E0 P:envmxdIzc
C0/19A9 98          TYA                     A:0300 X:0002 Y:02E0 P:envmxdIzc
C0/19AA 1A          INC A                   A:02E0 X:0002 Y:02E0 P:envmxdIzc
C0/19AB 29 3F 00    AND #$003F              A:02E1 X:0002 Y:02E0 P:envmxdIzc
C0/19AE 05 0D       ORA $0D    [$00:0B0D]   A:0021 X:0002 Y:02E0 P:envmxdIzc
C0/19B0 AA          TAX                     A:0321 X:0002 Y:02E0 P:envmxdIzc
C0/19B1 BF 00 30 7F LDA $7F3000,x[$7F:3321] A:0321 X:0321 Y:02E0 P:envmxdIzc
C0/19B5 8D E8 10    STA $10E8  [$00:10E8]   A:0000 X:0321 Y:02E0 P:envmxdIZc
C0/19B8 BF 00 00 7F LDA $7F0000,x[$7F:0321] A:0000 X:0321 Y:02E0 P:envmxdIZc
C0/19BC 8D CE 10    STA $10CE  [$00:10CE]   A:7D01 X:0321 Y:02E0 P:envmxdIzc
C0/19BF 29 FF 00    AND #$00FF              A:7D01 X:0321 Y:02E0 P:envmxdIzc
C0/19C2 0A          ASL A                   A:0001 X:0321 Y:02E0 P:envmxdIzc
C0/19C3 AA          TAX                     A:0002 X:0321 Y:02E0 P:envmxdIzc
C0/19C4 BD 86 11    LDA $1186,x[$00:1188]   A:0002 X:0002 Y:02E0 P:envmxdIzc
C0/19C7 8D 02 11    STA $1102  [$00:1102]   A:0F81 X:0002 Y:02E0 P:envmxdIzc
C0/19CA 98          TYA                     A:0F81 X:0002 Y:02E0 P:envmxdIzc
C0/19CB 18          CLC                     A:02E0 X:0002 Y:02E0 P:envmxdIzc
C0/19CC 69 80 00    ADC #$0080              A:02E0 X:0002 Y:02E0 P:envmxdIzc
C0/19CF 29 FF 0F    AND #$0FFF              A:0360 X:0002 Y:02E0 P:envmxdIzc
C0/19D2 AA          TAX                     A:0360 X:0002 Y:02E0 P:envmxdIzc
C0/19D3 BF 00 30 7F LDA $7F3000,x[$7F:3360] A:0360 X:0360 Y:02E0 P:envmxdIzc
C0/19D7 8D F0 10    STA $10F0  [$00:10F0]   A:0000 X:0360 Y:02E0 P:envmxdIZc
C0/19DA BF 00 00 7F LDA $7F0000,x[$7F:0360] A:0000 X:0360 Y:02E0 P:envmxdIZc
C0/19DE 8D D6 10    STA $10D6  [$00:10D6]   A:0101 X:0360 Y:02E0 P:envmxdIzc
C0/19E1 29 FF 00    AND #$00FF              A:0101 X:0360 Y:02E0 P:envmxdIzc
C0/19E4 0A          ASL A                   A:0001 X:0360 Y:02E0 P:envmxdIzc
C0/19E5 AA          TAX                     A:0002 X:0360 Y:02E0 P:envmxdIzc
C0/19E6 BD 86 11    LDA $1186,x[$00:1188]   A:0002 X:0002 Y:02E0 P:envmxdIzc
C0/19E9 8D 0A 11    STA $110A  [$00:110A]   A:0F81 X:0002 Y:02E0 P:envmxdIzc
C0/19EC A5 06       LDA $06    [$00:0B06]   A:0F81 X:0002 Y:02E0 P:envmxdIzc
C0/19EE E2 20       SEP #$20       (8-bit accumulator)                A:0000 X:0002 Y:02E0 P:envmxdIZc
C0/19F0 60          RTS

C0/1A1D A5 BA       LDA $BA
C0/1A1F D0 03       BNE $1A24
C0/1A21 E6 41       INC $41
C0/1A23 60          RTS

C0/1A24 AD FA 0A    LDA $0AFA
C0/1A27 F0 0C       BEQ $1A35
C0/1A29 30 05       BMI $1A30
C0/1A2B A5 C0       LDA $C0
C0/1A2D 0A          ASL A
C0/1A2E 80 07       BRA $1A37
C0/1A37 85 0F       STA $0F
C0/1A39 64 10       STZ $10
C0/1A3B A5 BA       LDA $BA
C0/1A3D 3A          DEC A
C0/1A3E D0 23       BNE $1A63
C0/1A40 A5 63       LDA $63
C0/1A42 29 1F       AND #$1F
C0/1A44 38          SEC
C0/1A45 E5 0F       SBC $0F
C0/1A47 B0 07       BCS $1A50
C0/1A49 AD D9 0A    LDA $0AD9
C0/1A4C 3A          DEC A
C0/1A4D 8D D9 0A    STA $0AD9
C0/1A50 C2 20       REP #$20       (16-bit accumulator)
C0/1A52 A5 63       LDA $63
C0/1A54 38          SEC
C0/1A55 E5 0F       SBC $0F
C0/1A57 29 FF 0F    AND #$0FFF
C0/1A5A 85 63       STA $63
C0/1A5C A5 06       LDA $06
C0/1A5E E2 20       SEP #$20       (8-bit accumulator)
C0/1A60 4C D3 1A    JMP $1AD3

C0/1A63 3A          DEC A
C0/1A64 D0 25       BNE $1A8B
C0/1A66 A5 61       LDA $61
C0/1A68 29 1F       AND #$1F
C0/1A6A 18          CLC
C0/1A6B 65 0F       ADC $0F
C0/1A6D 29 E0       AND #$E0
C0/1A6F F0 07       BEQ $1A78
C0/1A71 AD D8 0A    LDA $0AD8
C0/1A74 1A          INC A
C0/1A75 8D D8 0A    STA $0AD8
C0/1A78 C2 20       REP #$20       (16-bit accumulator)
C0/1A7A A5 61       LDA $61
C0/1A7C 18          CLC
C0/1A7D 29 FF 0F    AND #$0FFF
C0/1A80 65 0F       ADC $0F
C0/1A82 85 61       STA $61
C0/1A84 A5 06       LDA $06
C0/1A86 E2 20       SEP #$20       (8-bit accumulator)
C0/1A88 4C D3 1A    JMP $1AD3

C0/1A8B 3A          DEC A
C0/1A8C D0 25       BNE $1AB3
C0/1A8E A5 63       LDA $63
C0/1A90 29 1F       AND #$1F
C0/1A92 18          CLC
C0/1A93 65 0F       ADC $0F
C0/1A95 29 E0       AND #$E0
C0/1A97 F0 07       BEQ $1AA0
C0/1A99 AD D9 0A    LDA $0AD9
C0/1A9C 1A          INC A
C0/1A9D 8D D9 0A    STA $0AD9
C0/1AA0 C2 20       REP #$20       (16-bit accumulator)
C0/1AA2 A5 63       LDA $63
C0/1AA4 18          CLC
C0/1AA5 29 FF 0F    AND #$0FFF
C0/1AA8 65 0F       ADC $0F
C0/1AAA 85 63       STA $63
C0/1AAC A5 06       LDA $06
C0/1AAE E2 20       SEP #$20       (8-bit accumulator)
C0/1AB0 4C D3 1A    JMP $1AD3

C0/1AB3 A5 61       LDA $61
C0/1AB5 29 1F       AND #$1F
C0/1AB7 38          SEC
C0/1AB8 E5 0F       SBC $0F
C0/1ABA B0 07       BCS $1AC3
C0/1ABC AD D8 0A    LDA $0AD8
C0/1ABF 3A          DEC A
C0/1AC0 8D D8 0A    STA $0AD8
C0/1AC3 C2 20       REP #$20       (16-bit accumulator)
C0/1AC5 A5 61       LDA $61
C0/1AC7 38          SEC
C0/1AC8 29 FF 0F    AND #$0FFF
C0/1ACB E5 0F       SBC $0F
C0/1ACD 85 61       STA $61
C0/1ACF A5 06       LDA $06
C0/1AD1 E2 20       SEP #$20       (8-bit accumulator)
C0/1AD3 A5 61       LDA $61
C0/1AD5 29 1F       AND #$1F
C0/1AD7 D0 08       BNE $1AE1
C0/1AD9 A5 63       LDA $63
C0/1ADB 29 1F       AND #$1F
C0/1ADD D0 02       BNE $1AE1
C0/1ADF E6 56       INC $56
C0/1AE1 E6 41       INC $41
C0/1AE3 60          RTS

C0/1AE4 A5 BE       LDA $BE
C0/1AE6 F0 0D       BEQ $1AF5
C0/1AE8 A5 BE       LDA $BE
C0/1AEA 38          SEC
C0/1AEB E5 C0       SBC $C0
C0/1AED 85 BE       STA $BE
C0/1AEF 29 7F       AND #$7F
C0/1AF1 D0 02       BNE $1AF5
C0/1AF3 64 BE       STZ $BE
C0/1AF5 A5 BA       LDA $BA
C0/1AF7 D0 03       BNE $1AFC
C0/1AF9 E6 41       INC $41
C0/1AFB 60          RTS

C0/1AFC A5 41       LDA $41    [$00:0B41]   A:0003 X:0003 Y:0010 P:envMxdizc
C0/1AFE 4A          LSR A                   A:0000 X:0003 Y:0010 P:envMxdiZc
C0/1AFF B0 45       BCS $45    [$1B46]      A:0000 X:0003 Y:0010 P:envMxdiZc
C0/1B01 AD D9 0A    LDA $0AD9  [$00:0AD9]   A:0000 X:0003 Y:0010 P:envMxdiZc
C0/1B04 85 76       STA $76    [$00:0B76]   A:000B X:0003 Y:0010 P:envMxdizc
C0/1B06 AD D8 0A    LDA $0AD8  [$00:0AD8]   A:000B X:0003 Y:0010 P:envMxdizc
C0/1B09 85 75       STA $75    [$00:0B75]   A:0020 X:0003 Y:0010 P:envMxdizc
C0/1B0B A5 BA       LDA $BA    [$00:0BBA]   A:0020 X:0003 Y:0010 P:envMxdizc
C0/1B0D A6 06       LDX $06    [$00:0B06]   A:0003 X:0003 Y:0010 P:envMxdizc
C0/1B0F 86 71       STX $71    [$00:0B71]   A:0003 X:0000 Y:0010 P:envMxdiZc
C0/1B11 20 7D 70    JSR $707D
C0/1B14 AD 21 11    LDA $1121  [$00:1121]   A:0000 X:0000 Y:0040 P:envMxdiZc
C0/1B17 29 40       AND #$40                A:0000 X:0000 Y:0040 P:envMxdiZc
C0/1B19 D0 12       BNE $12    [$1B2D]      A:0000 X:0000 Y:0040 P:envMxdiZc
C0/1B1B A5 78       LDA $78    [$00:0B78]   A:0000 X:0000 Y:0040 P:envMxdiZc
C0/1B1D 85 76       STA $76    [$00:0B76]   A:000B X:0000 Y:0040 P:envMxdizc
C0/1B1F A5 77       LDA $77    [$00:0B77]   A:000B X:0000 Y:0040 P:envMxdizc
C0/1B21 85 75       STA $75    [$00:0B75]   A:0020 X:0000 Y:0040 P:envMxdizc
C0/1B23 A5 BA       LDA $BA    [$00:0BBA]   A:0020 X:0000 Y:0040 P:envMxdizc
C0/1B25 A2 00 10    LDX #$1000              A:0003 X:0000 Y:0040 P:envMxdizc
C0/1B28 86 71       STX $71    [$00:0B71]   A:0003 X:1000 Y:0040 P:envMxdizc
C0/1B2A 20 7D 70    JSR $707D
C0/1B2D AD 21 11    LDA $1121  [$00:1121]   A:0000 X:000C Y:00C0 P:envMxdiZc
C0/1B30 30 12       BMI $12    [$1B44]      A:0000 X:000C Y:00C0 P:envMxdiZc
C0/1B32 A5 7A       LDA $7A    [$00:0B7A]   A:0000 X:000C Y:00C0 P:envMxdiZc
C0/1B34 85 76       STA $76    [$00:0B76]   A:0015 X:000C Y:00C0 P:envMxdizc
C0/1B36 A5 79       LDA $79    [$00:0B79]   A:0015 X:000C Y:00C0 P:envMxdizc
C0/1B38 85 75       STA $75    [$00:0B75]   A:0030 X:000C Y:00C0 P:envMxdizc
C0/1B3A A5 BA       LDA $BA    [$00:0BBA]   A:0030 X:000C Y:00C0 P:envMxdizc
C0/1B3C A2 00 20    LDX #$2000              A:0003 X:000C Y:00C0 P:envMxdizc
C0/1B3F 86 71       STX $71    [$00:0B71]   A:0003 X:2000 Y:00C0 P:envMxdizc
C0/1B41 20 7D 70    JSR $707D  [$C0:707D]   A:0003 X:2000 Y:00C0 P:envMxdizc
C0/1B44 E6 9F       INC $9F    [$00:0B9F]   A:0000 X:0018 Y:0140 P:envMxdiZc
C0/1B46 A5 BA       LDA $BA    [$00:0BBA]   A:0000 X:0018 Y:0140 P:envMxdizc
C0/1B48 3A          DEC A                   A:0003 X:0018 Y:0140 P:envMxdizc
C0/1B49 D0 5B       BNE $5B    [$1BA6]      A:0002 X:0018 Y:0140 P:envMxdizc

C0/1B4B A5 63       LDA $63    [$00:0B63]   A:0000 X:0018 Y:0140 P:envMxdiZc
C0/1B4D 29 1F       AND #$1F                A:00C0 X:0018 Y:0140 P:eNvMxdizc
C0/1B4F 38          SEC                     A:0000 X:0018 Y:0140 P:envMxdiZc
C0/1B50 E5 C0       SBC $C0    [$00:0BC0]   A:0000 X:0018 Y:0140 P:envMxdiZC
C0/1B52 B0 09       BCS $09    [$1B5D]      A:00FC X:0018 Y:0140 P:eNvMxdizc
C0/1B54 AD D9 0A    LDA $0AD9  [$00:0AD9]   A:00FC X:0018 Y:0140 P:eNvMxdizc
C0/1B57 3A          DEC A                   A:0035 X:0018 Y:0140 P:envMxdizc
C0/1B58 29 3F       AND #$3F                A:0034 X:0018 Y:0140 P:envMxdizc
C0/1B5A 8D D9 0A    STA $0AD9  [$00:0AD9]   A:0034 X:0018 Y:0140 P:envMxdizc
C0/1B5D A5 67       LDA $67    [$00:0B67]   A:0034 X:0018 Y:0140 P:envMxdizc
C0/1B5F 29 1F       AND #$1F                A:00C0 X:0018 Y:0140 P:eNvMxdizc
C0/1B61 38          SEC                     A:0000 X:0018 Y:0140 P:envMxdiZc
C0/1B62 ED 82 10    SBC $1082  [$00:1082]   A:0000 X:0018 Y:0140 P:envMxdiZC
C0/1B65 B0 09       BCS $09    [$1B70]      A:00FC X:0018 Y:0140 P:eNvMxdizc
C0/1B67 AD 78 0B    LDA $0B78  [$00:0B78]   A:00FC X:0018 Y:0140 P:eNvMxdizc
C0/1B6A 3A          DEC A                   A:0035 X:0018 Y:0140 P:envMxdizc
C0/1B6B 29 3F       AND #$3F                A:0034 X:0018 Y:0140 P:envMxdizc
C0/1B6D 8D 78 0B    STA $0B78  [$00:0B78]   A:0034 X:0018 Y:0140 P:envMxdizc
C0/1B70 A5 6B       LDA $6B    [$00:0B6B]   A:0034 X:0018 Y:0140 P:envMxdizc
C0/1B72 29 1F       AND #$1F                A:0060 X:0018 Y:0140 P:envMxdizc
C0/1B74 38          SEC                     A:0000 X:0018 Y:0140 P:envMxdiZc
C0/1B75 ED 86 10    SBC $1086  [$00:1086]   A:0000 X:0018 Y:0140 P:envMxdiZC
C0/1B78 B0 09       BCS $09    [$1B83]      A:00F8 X:0018 Y:0140 P:eNvMxdizc
C0/1B7A AD 7A 0B    LDA $0B7A  [$00:0B7A]   A:00F8 X:0018 Y:0140 P:eNvMxdizc
C0/1B7D 3A          DEC A                   A:000A X:0018 Y:0140 P:envMxdizc
C0/1B7E 29 3F       AND #$3F                A:0009 X:0018 Y:0140 P:envMxdizc
C0/1B80 8D 7A 0B    STA $0B7A  [$00:0B7A]   A:0009 X:0018 Y:0140 P:envMxdizc
C0/1B83 C2 20       REP #$20       (16-bit accumulator)                A:0009 X:0018 Y:0140 P:envMxdizc
C0/1B85 A5 63       LDA $63    [$00:0B63]   A:0009 X:0018 Y:0140 P:envmxdizc
C0/1B87 38          SEC                     A:05C0 X:0018 Y:0140 P:envmxdizc
C0/1B88 E5 C0       SBC $C0    [$00:0BC0]   A:05C0 X:0018 Y:0140 P:envmxdizC
C0/1B8A 29 FF 0F    AND #$0FFF              A:05BC X:0018 Y:0140 P:envmxdizC
C0/1B8D 85 63       STA $63    [$00:0B63]   A:05BC X:0018 Y:0140 P:envmxdizC
C0/1B8F A5 67       LDA $67    [$00:0B67]   A:05BC X:0018 Y:0140 P:envmxdizC
C0/1B91 38          SEC                     A:05C0 X:0018 Y:0140 P:envmxdizC
C0/1B92 ED 82 10    SBC $1082  [$00:1082]   A:05C0 X:0018 Y:0140 P:envmxdizC
C0/1B95 85 67       STA $67    [$00:0B67]   A:05BC X:0018 Y:0140 P:envmxdizC
C0/1B97 A5 6B       LDA $6B    [$00:0B6B]   A:05BC X:0018 Y:0140 P:envmxdizC
C0/1B99 38          SEC                     A:0060 X:0018 Y:0140 P:envmxdizC
C0/1B9A ED 86 10    SBC $1086  [$00:1086]   A:0060 X:0018 Y:0140 P:envmxdizC
C0/1B9D 85 6B       STA $6B    [$00:0B6B]   A:0058 X:0018 Y:0140 P:envmxdizC
C0/1B9F A5 06       LDA $06    [$00:0B06]   A:0058 X:0018 Y:0140 P:envmxdizC
C0/1BA1 E2 20       SEP #$20       (8-bit accumulator)                A:0000 X:0018 Y:0140 P:envmxdiZC
C0/1BA3 4C C6 1C    JMP $1CC6

C0/1BA6 3A          DEC A
C0/1BA7 D0 61       BNE $1C0A
C0/1BA9 A5 61       LDA $61
C0/1BAB 29 1F       AND #$1F
C0/1BAD 18          CLC
C0/1BAE 65 C0       ADC $C0
C0/1BB0 29 E0       AND #$E0
C0/1BB2 F0 09       BEQ $1BBD
C0/1BB4 AD D8 0A    LDA $0AD8
C0/1BB7 1A          INC A
C0/1BB8 29 3F       AND #$3F
C0/1BBA 8D D8 0A    STA $0AD8
C0/1BC9 AD 77 0B    LDA $0B77
C0/1BCC 1A          INC A
C0/1BCD 29 3F       AND #$3F
C0/1BCF 8D 77 0B    STA $0B77
C0/1BBD A5 65       LDA $65
C0/1BBF 29 1F       AND #$1F
C0/1BC1 18          CLC
C0/1BC2 6D 80 10    ADC $1080
C0/1BC5 29 E0       AND #$E0
C0/1BC7 F0 09       BEQ $1BD2
C0/1BD2 A5 69       LDA $69
C0/1BD4 29 1F       AND #$1F
C0/1BD6 18          CLC
C0/1BD7 6D 84 10    ADC $1084
C0/1BDA 29 E0       AND #$E0
C0/1BDC F0 09       BEQ $1BE7
C0/1BDE AD 79 0B    LDA $0B79
C0/1BE1 1A          INC A
C0/1BE2 29 3F       AND #$3F
C0/1BE4 8D 79 0B    STA $0B79
C0/1BE7 C2 20       REP #$20       (16-bit accumulator)
C0/1BE9 A5 61       LDA $61
C0/1BEB 18          CLC
C0/1BEC 29 FF 0F    AND #$0FFF
C0/1BEF 65 C0       ADC $C0
C0/1BF1 85 61       STA $61
C0/1BF3 A5 65       LDA $65
C0/1BF5 18          CLC
C0/1BF6 6D 80 10    ADC $1080
C0/1BF9 85 65       STA $65
C0/1BFB A5 69       LDA $69
C0/1BFD 18          CLC
C0/1BFE 6D 84 10    ADC $1084
C0/1C01 85 69       STA $69
C0/1C03 A5 06       LDA $06
C0/1C05 E2 20       SEP #$20       (8-bit accumulator)
C0/1C07 4C C6 1C    JMP $1CC6

C0/1C0A 3A          DEC A
C0/1C0B D0 61       BNE $1C6E
C0/1C0D A5 63       LDA $63
C0/1C0F 29 1F       AND #$1F
C0/1C11 18          CLC
C0/1C12 65 C0       ADC $C0
C0/1C14 29 E0       AND #$E0
C0/1C16 F0 09       BEQ $1C21
C0/1C18 AD D9 0A    LDA $0AD9
C0/1C1B 1A          INC A
C0/1C1C 29 3F       AND #$3F
C0/1C1E 8D D9 0A    STA $0AD9
C0/1C21 A5 67       LDA $67
C0/1C23 29 1F       AND #$1F
C0/1C25 18          CLC
C0/1C26 6D 82 10    ADC $1082
C0/1C29 29 E0       AND #$E0
C0/1C2B F0 09       BEQ $1C36
C0/1C2D AD 78 0B    LDA $0B78
C0/1C30 1A          INC A
C0/1C31 29 3F       AND #$3F
C0/1C33 8D 78 0B    STA $0B78
C0/1C36 A5 6B       LDA $6B
C0/1C38 29 1F       AND #$1F
C0/1C3A 18          CLC
C0/1C3B 6D 86 10    ADC $1086
C0/1C3E 29 E0       AND #$E0
C0/1C40 F0 09       BEQ $1C4B
C0/1C42 AD 7A 0B    LDA $0B7A
C0/1C45 1A          INC A
C0/1C46 29 3F       AND #$3F
C0/1C48 8D 7A 0B    STA $0B7A
C0/1C4B C2 20       REP #$20       (16-bit accumulator)
C0/1C4D A5 63       LDA $63
C0/1C4F 18          CLC
C0/1C50 29 FF 0F    AND #$0FFF
C0/1C53 65 C0       ADC $C0
C0/1C55 85 63       STA $63
C0/1C57 A5 67       LDA $67
C0/1C59 18          CLC
C0/1C5A 6D 82 10    ADC $1082
C0/1C5D 85 67       STA $67
C0/1C5F A5 6B       LDA $6B
C0/1C61 18          CLC
C0/1C62 6D 86 10    ADC $1086
C0/1C65 85 6B       STA $6B
C0/1C67 A5 06       LDA $06
C0/1C69 E2 20       SEP #$20       (8-bit accumulator)
C0/1C6B 4C C6 1C    JMP $1CC6

C0/1C6E A5 61       LDA $61    [$00:0B61]   A:0001 X:000C Y:00C0 P:envMxdizC
C0/1C70 29 1F       AND #$1F                A:0020 X:000C Y:00C0 P:envMxdizC
C0/1C72 38          SEC                     A:0000 X:000C Y:00C0 P:envMxdiZC
C0/1C73 E5 C0       SBC $C0    [$00:0BC0]   A:0000 X:000C Y:00C0 P:envMxdiZC
C0/1C75 B0 09       BCS $09    [$1C80]      A:00FE X:000C Y:00C0 P:eNvMxdizc
C0/1C77 AD D8 0A    LDA $0AD8
C0/1C7A 3A          DEC A                   A:0010 X:000C Y:00C0 P:envMxdizc
C0/1C7B 29 3F       AND #$3F                A:000F X:000C Y:00C0 P:envMxdizc
C0/1C7D 8D D8 0A    STA $0AD8
C0/1C80 A5 65       LDA $65    [$00:0B65]   A:000F X:000C Y:00C0 P:envMxdizc
C0/1C82 29 1F       AND #$1F                A:0020 X:000C Y:00C0 P:envMxdizc
C0/1C84 38          SEC                     A:0000 X:000C Y:00C0 P:envMxdiZc
C0/1C85 ED 80 10    SBC $1080
C0/1C88 B0 09       BCS $09    [$1C93]      A:00FE X:000C Y:00C0 P:eNvMxdizc
C0/1C8A AD 77 0B    LDA $0B77
C0/1C8D 3A          DEC A                   A:0010 X:000C Y:00C0 P:envMxdizc
C0/1C8E 29 3F       AND #$3F                A:000F X:000C Y:00C0 P:envMxdizc
C0/1C90 8D 77 0B    STA $0B77
C0/1C93 A5 69       LDA $69    [$00:0B69]   A:000F X:000C Y:00C0 P:envMxdizc
C0/1C95 29 1F       AND #$1F                A:0020 X:000C Y:00C0 P:envMxdizc
C0/1C97 38          SEC                     A:0000 X:000C Y:00C0 P:envMxdiZc
C0/1C98 ED 84 10    SBC $1084
C0/1C9B B0 09       BCS $09    [$1CA6]      A:00FF X:000C Y:00C0 P:eNvMxdizc
C0/1C9D AD 79 0B    LDA $0B79
C0/1CA0 3A          DEC A                   A:0008 X:000C Y:00C0 P:envMxdizc
C0/1CA1 29 3F       AND #$3F                A:0007 X:000C Y:00C0 P:envMxdizc
C0/1CA3 8D 79 0B    STA $0B79
C0/1CA6 C2 20       REP #$20       (16-bit accumulator)                A:0007 X:000C Y:00C0 P:envMxdizc
C0/1CA8 A5 61       LDA $61    [$00:0B61]   A:0007 X:000C Y:00C0 P:envmxdizc
C0/1CAA 38          SEC                     A:0120 X:000C Y:00C0 P:envmxdizc
C0/1CAB 29 FF 0F    AND #$0FFF
C0/1CAE E5 C0       SBC $C0
C0/1CB0 85 61       STA $61
C0/1CB2 A5 65       LDA $65
C0/1CB4 38          SEC
C0/1CB5 ED 80 10    SBC $1080
C0/1CB8 85 65       STA $65
C0/1CBA A5 69       LDA $69
C0/1CBC 38          SEC
C0/1CBD ED 84 10    SBC $1084
C0/1CC0 85 69       STA $69
C0/1CC2 A5 06       LDA $06
C0/1CC4 E2 20       SEP #$20       (8-bit accumulator)
C0/1CC6 A5 61       LDA $61
C0/1CC8 29 1F       AND #$1F
C0/1CCA D0 08       BNE $1CD4
C0/1CCC A5 63       LDA $63
C0/1CCE 29 1F       AND #$1F
C0/1CD0 D0 02       BNE $1CD4
C0/1CD2 E6 56       INC $56
C0/1CD4 E6 41       INC $41
C0/1CD6 60          RTS

C0/1D1E AD DA 0A    LDA $0ADA
C0/1D21 C9 09       CMP #$09
C0/1D23 90 03       BCC $1D28
C0/1D28 A9 80       LDA #$80
C0/1D2A 8D 15 21    STA $2115
C0/1D2D 9C 0B 42    STZ $420B
C0/1D30 A9 01       LDA #$01
C0/1D32 8D 00 43    STA $4300
C0/1D35 A9 18       LDA #$18
C0/1D37 8D 01 43    STA $4301
C0/1D3A A9 DA       LDA #$DA
C0/1D3C 8D 04 43    STA $4304
C0/1D3F A5 57       LDA $57
C0/1D41 D0 39       BNE $1D7C
C0/1D43 AD DA 0A    LDA $0ADA
C0/1D46 38          SEC
C0/1D47 E9 02       SBC #$02
C0/1D49 30 31       BMI $1D7C
C0/1D4B C9 05       CMP #$05
C0/1D4D B0 2D       BCS $1D7C
C0/1D4F A4 06       LDY $06
C0/1D51 B9 00 05    LDA $0500,y
C0/1D54 29 40       AND #$40
C0/1D56 F0 0E       BEQ $1D66
C0/1D66 B9 1A 05    LDA $051A,y
C0/1D69 29 20       AND #$20
C0/1D6B F0 04       BEQ $1D71
C0/1D71 B9 1A 05    LDA $051A,y
C0/1D74 29 10       AND #$10
C0/1D76 F0 04       BEQ $1D7C
C0/1D7C AD DA 0A    LDA $0ADA
C0/1D7F 0A          ASL A
C0/1D80 AA          TAX
C0/1D81 C2 20       REP #$20       (16-bit accumulator)
C0/1D83 BF 02 1E C0 LDA $C01E02,x
C0/1D87 8D 02 43    STA $4302
C0/1D8A A9 00 60    LDA #$6000
C0/1D8D 8D 16 21    STA $2116
C0/1D90 A5 53       LDA $53
C0/1D92 D0 05       BNE $1D99
C0/1D94 A9 00 02    LDA #$0200
C0/1D97 80 03       BRA $1D9C
C0/1D99 A9 00 08    LDA #$0800
C0/1D9C 8D 05 43    STA $4305
C0/1D9F A5 06       LDA $06
C0/1DA1 E2 20       SEP #$20       (8-bit accumulator)
C0/1DA3 A9 01       LDA #$01
C0/1DA5 8D 0B 42    STA $420B
C0/1DA8 A5 53       LDA $53
C0/1DAA D0 16       BNE $1DC2
C0/1DAC A2 00 61    LDX #$6100
C0/1DAF 86 2E       STX $2E
C0/1DB1 A2 00 02    LDX #$0200
C0/1DB4 86 2C       STX $2C
C0/1DB6 A2 00 6C    LDX #$6C00
C0/1DB9 86 23       STX $23
C0/1DBB A9 DA       LDA #$DA
C0/1DBD 85 25       STA $25
C0/1DBF 20 BC 4C    JSR $4CBC
C0/1DC2 60          RTS

C0/1E14 A5 A4       LDA $A4
C0/1E16 F0 41       BEQ $1E59
C0/1E18 3A          DEC A
C0/1E19 0A          ASL A
C0/1E1A AA          TAX
C0/1E1B C2 20       REP #$20       (16-bit accumulator)
C0/1E1D BF 5A 1E C0 LDA $C01E5A,x
C0/1E21 8D 02 43    STA $4302
C0/1E24 A5 06       LDA $06
C0/1E26 E2 20       SEP #$20       (8-bit accumulator)
C0/1E28 A5 53       LDA $53
C0/1E2A D0 05       BNE $05
C0/1E31 A2 00 61    LDX #$6100
C0/1E34 8E 16 21    STX $2116
C0/1E37 A9 80       LDA #$80
C0/1E39 8D 15 21    STA $2115
C0/1E3C 9C 0B 42    STZ $420B
C0/1E3F A9 01       LDA #$01
C0/1E41 8D 00 43    STA $4300
C0/1E44 A9 18       LDA #$18
C0/1E46 8D 01 43    STA $4301
C0/1E49 A2 00 08    LDX #$0800
C0/1E4C 8E 05 43    STX $4305
C0/1E4F A9 DB       LDA #$DB
C0/1E51 8D 04 43    STA $4304
C0/1E54 A9 01       LDA #$01
C0/1E56 8D 0B 42    STA $420B
C0/1E59 60          RTS

C0/1E64 A5 BD       LDA $BD
C0/1E66 F0 4C       BEQ $1EB4
C0/1E68 AD DC 0A    LDA $0ADC
C0/1E6B F0 47       BEQ $1EB4

C0/1EB4 60          RTS

C0/1EC5 A4 06       LDY $06    [$00:0B06]   A:0030 X:0000 Y:0088 P:envMxdizc
C0/1EC7 84 23       STY $23    [$00:0B23]   A:0030 X:0000 Y:0000 P:envMxdiZc
C0/1EC9 A4 23       LDY $23    [$00:0B23]   A:0030 X:0000 Y:0000 P:envMxdiZc
C0/1ECB A5 6F       LDA $6F    [$00:0B6F]   A:0030 X:0000 Y:0000 P:envMxdiZc
C0/1ECD F0 03       BEQ $03    [$1ED2]      A:0000 X:0000 Y:0000 P:envMxdiZc
C0/1ED2 B9 DE 0A    LDA $0ADE,y[$00:0ADE]   A:0000 X:0000 Y:0000 P:envMxdiZc
C0/1ED5 10 03       BPL $03    [$1EDA]      A:0080 X:0000 Y:0000 P:eNvMxdizc
C0/1ED7 4C 48 1F    JMP $1F48  [$00:1F48]   A:0080 X:0000 Y:0000 P:eNvMxdizc
C0/1F48 A5 23       LDA $23    [$00:0B23]   A:0080 X:0000 Y:0000 P:eNvMxdizc
C0/1F4A 18          CLC                     A:0000 X:0000 Y:0000 P:envMxdiZc
C0/1F4B 69 04       ADC #$04                A:0000 X:0000 Y:0000 P:envMxdiZc
C0/1F4D 85 23       STA $23    [$00:0B23]   A:0004 X:0000 Y:0000 P:envMxdizc
C0/1F4F C9 18       CMP #$18                A:0004 X:0000 Y:0000 P:envMxdizc
C0/1F51 F0 03       BEQ $1F56
C0/1F53 4C C9 1E    JMP $1EC9
C0/1F56 60          RTS

C0/2137 A5 BD       LDA $BD
C0/2139 D0 01       BNE $213C
C0/213B 60          RTS

C0/213C A5 BE       LDA $BE
C0/213E 10 03       BPL $2143

C0/2143 AA          TAX                     A:0000 X:0000 Y:000F P:envMxdiZC
C0/2144 BF DB 22 C0 LDA $C022DB,x[$C0:22DB] A:0000 X:0000 Y:000F P:envMxdiZC
C0/2148 85 0D       STA $0D    [$00:0B0D]   A:0000 X:0000 Y:000F P:envMxdiZC
C0/214A AD DC 0A    LDA $0ADC  [$00:0ADC]   A:0000 X:0000 Y:000F P:envMxdiZC
C0/214D 3A          DEC A                   A:0000 X:0000 Y:000F P:envMxdiZC
C0/214E 0A          ASL A                   A:00FF X:0000 Y:000F P:eNvMxdizC
C0/214F 0A          ASL A                   A:00FE X:0000 Y:000F P:eNvMxdizC
C0/2150 A8          TAY                     A:00FC X:0000 Y:000F P:eNvMxdizC
C0/2151 A5 61       LDA $61    [$00:0B61]   A:00FC X:0000 Y:00FC P:envMxdizC
C0/2153 18          CLC                     A:0000 X:0000 Y:00FC P:envMxdiZC
C0/2154 65 63       ADC $63    [$00:0B63]   A:0000 X:0000 Y:00FC P:envMxdiZc
C0/2156 4A          LSR A                   A:0000 X:0000 Y:00FC P:envMxdiZc
C0/2157 4A          LSR A                   A:0000 X:0000 Y:00FC P:envMxdiZc
C0/2158 4A          LSR A                   A:0000 X:0000 Y:00FC P:envMxdiZc
C0/2159 4A          LSR A                   A:0000 X:0000 Y:00FC P:envMxdiZc
C0/215A 29 01       AND #$01                A:0000 X:0000 Y:00FC P:envMxdiZc
C0/215C 85 08       STA $08    [$00:0B08]   A:0000 X:0000 Y:00FC P:envMxdiZc
C0/215E AD DB 0A    LDA $0ADB  [$00:0ADB]   A:0000 X:0000 Y:00FC P:envMxdiZc
C0/2161 0A          ASL A                   A:0000 X:0000 Y:00FC P:envMxdiZc
C0/2162 18          CLC                     A:0000 X:0000 Y:00FC P:envMxdiZc
C0/2163 65 08       ADC $08    [$00:0B08]   A:0000 X:0000 Y:00FC P:envMxdiZc
C0/2165 85 08       STA $08    [$00:0B08]   A:0000 X:0000 Y:00FC P:envMxdiZc
C0/2167 AD DA 0A    LDA $0ADA  [$00:0ADA]   A:0000 X:0000 Y:00FC P:envMxdiZc
C0/216A C9 07       CMP #$07                A:0002 X:0000 Y:00FC P:envMxdizc
C0/216C F0 04       BEQ $2172
C0/216E C9 08       CMP #$08                A:0002 X:0000 Y:00FC P:eNvMxdizc
C0/2170 D0 07       BNE $2179
C0/2172 A5 08       LDA $08    [$00:0B08]   A:0007 X:0000 Y:00FC P:envMxdiZC
C0/2174 18          CLC                     A:0002 X:0000 Y:00FC P:envMxdizC
C0/2175 69 40       ADC #$40                A:0002 X:0000 Y:00FC P:envMxdizc
C0/2177 85 08       STA $08    [$00:0B08]   A:0042 X:0000 Y:00FC P:envMxdizc
C0/21C9 A5 CA       LDA $CA    [$00:0BCA]   A:0020 X:0420 Y:00FC P:envMxdizc
C0/21CB 29 20       AND #$20                A:0020 X:0420 Y:00FC P:envMxdizc
C0/21CD F0 0A       BEQ $21D9
C0/21CF A9 30       LDA #$30                A:0020 X:0420 Y:00FC P:envMxdizc
C0/21D1 85 08       STA $08    [$00:0B08]   A:0030 X:0420 Y:00FC P:envMxdizc
C0/21D3 A9 00       LDA #$00                A:0030 X:0420 Y:00FC P:envMxdizc
C0/21D5 85 09       STA $09    [$00:0B09]   A:0000 X:0420 Y:00FC P:envMxdiZc
C0/21D7 80 08       BRA $21E1
C0/2179 A5 08       LDA $08    [$00:0B08]   A:0002 X:0000 Y:00FC P:eNvMxdizc
C0/217B C2 20       REP #$20       (16-bit accumulator)                A:0000 X:0000 Y:00FC P:envMxdiZc
C0/217D 0A          ASL A                   A:0000 X:0000 Y:00FC P:envmxdiZc
C0/217E 0A          ASL A                   A:0000 X:0000 Y:00FC P:envmxdiZc
C0/217F 0A          ASL A                   A:0000 X:0000 Y:00FC P:envmxdiZc
C0/2180 0A          ASL A                   A:0000 X:0000 Y:00FC P:envmxdiZc
C0/2181 AA          TAX                     A:0000 X:0000 Y:00FC P:envmxdiZc
C0/2182 A5 06       LDA $06    [$00:0B06]   A:0000 X:0000 Y:00FC P:envmxdiZc
C0/2184 E2 20       SEP #$20       (8-bit accumulator)                A:0000 X:0000 Y:00FC P:envmxdiZc
C0/2186 AD DC 0A    LDA $0ADC  [$00:0ADC]   A:0000 X:0000 Y:00FC P:envMxdiZc
C0/2189 C9 02       CMP #$02                A:0000 X:0000 Y:00FC P:envMxdiZc
C0/218B 90 03       BCC $2190
C0/2190 64 11       STZ $11    [$00:0B11]   A:0000 X:0000 Y:00FC P:eNvMxdizc
C0/2192 C9 00       CMP #$00                A:0000 X:0000 Y:00FC P:eNvMxdizc
C0/2194 F0 14       BEQ $21AA
C0/21AA A5 61       LDA $61    [$00:0B61]   A:0000 X:0000 Y:00FC P:envMxdiZC
C0/21AC 4A          LSR A                   A:0000 X:0000 Y:00FC P:envMxdiZC
C0/21AD 4A          LSR A                   A:0000 X:0000 Y:00FC P:envMxdiZc
C0/21AE 4A          LSR A                   A:0000 X:0000 Y:00FC P:envMxdiZc
C0/21AF 4A          LSR A                   A:0000 X:0000 Y:00FC P:envMxdiZc
C0/21B0 1A          INC A                   A:0000 X:0000 Y:00FC P:envMxdiZc
C0/21B1 29 01       AND #$01
C0/21B3 09 70       ORA #$70
C0/21B5 85 15       STA $15
C0/21B7 A5 0D       LDA $0D
C0/21B9 D0 06       BNE $21C1
C0/21BB A5 CA       LDA $CA
C0/21BD 29 60       AND #$60
C0/21BF D0 08       BNE $21C9
C0/21C1 A9 30       LDA #$30
C0/21C3 85 08       STA $08
C0/21C5 85 09       STA $09
C0/21C7 80 18       BRA $21E1
C0/21E1 A0 88 00    LDY #$0088
C0/21E4 DA          PHX                     A:0030 X:0000 Y:0088 P:envMxdizc
C0/21E5 5A          PHY                     A:0030 X:0000 Y:0088 P:envMxdizc
C0/21E6 A9 04       LDA #$04                A:0030 X:0000 Y:0088 P:envMxdizc
C0/21E8 85 0A       STA $0A    [$00:0B0A]   A:0004 X:0000 Y:0088 P:envMxdizc
C0/21EA BF 95 2A C0 LDA $C02A95,x[$C0:2A95] A:0004 X:0000 Y:0088 P:envMxdizc
C0/21EE 18          CLC                     A:0000 X:0000 Y:0088 P:envMxdiZc
C0/21EF 69 70       ADC #$70                A:0000 X:0000 Y:0088 P:envMxdiZc
C0/21F1 38          SEC                     A:0070 X:0000 Y:0088 P:envMxdizc
C0/21F2 ED A0 10    SBC $10A0  [$00:10A0]   A:0070 X:0000 Y:0088 P:envMxdizC
C0/21F5 99 00 02    STA $0200,y[$00:0288]   A:0070 X:0000 Y:0088 P:envMxdizC
C0/21F8 BF 96 2A C0 LDA $C02A96,x[$C0:2A96] A:0070 X:0000 Y:0088 P:envMxdizC
C0/21FC 18          CLC                     A:00FC X:0000 Y:0088 P:eNvMxdizC
C0/21FD 65 15       ADC $15    [$00:0B15]   A:00FC X:0000 Y:0088 P:eNvMxdizc
C0/21FF 38          SEC                     A:006D X:0000 Y:0088 P:envMxdizC
C0/2200 ED A2 10    SBC $10A2  [$00:10A2]   A:006D X:0000 Y:0088 P:envMxdizC
C0/2203 38          SEC                     A:006D X:0000 Y:0088 P:envMxdizC
C0/2204 E5 0D       SBC $0D    [$00:0B0D]   A:006D X:0000 Y:0088 P:envMxdizC
C0/2206 99 01 02    STA $0201,y[$00:0289]   A:006D X:0000 Y:0088 P:envMxdizC
C0/2209 BF 97 2A C0 LDA $C02A97,x[$C0:2A97] A:006D X:0000 Y:0088 P:envMxdizC
C0/220D 18          CLC                     A:0004 X:0000 Y:0088 P:envMxdizC
C0/220E 65 11       ADC $11    [$00:0B11]   A:0004 X:0000 Y:0088 P:envMxdizc
C0/2210 99 02 02    STA $0202,y[$00:028A]   A:0004 X:0000 Y:0088 P:envMxdizc
C0/2213 E8          INX                     A:0004 X:0000 Y:0088 P:envMxdizc
C0/2214 E8          INX                     A:0004 X:0001 Y:0088 P:envMxdizc
C0/2215 E8          INX                     A:0004 X:0002 Y:0088 P:envMxdizc
C0/2216 E8          INX                     A:0004 X:0003 Y:0088 P:envMxdizc
C0/2217 C8          INY                     A:0004 X:0004 Y:0088 P:envMxdizc
C0/2218 C8          INY                     A:0004 X:0004 Y:0089 P:envMxdizc
C0/2219 C8          INY                     A:0004 X:0004 Y:008A P:envMxdizc
C0/221A C8          INY                     A:0004 X:0004 Y:008B P:envMxdizc
C0/221B C6 0A       DEC $0A    [$00:0B0A]   A:0004 X:0004 Y:008C P:envMxdizc
C0/221D D0 CB       BNE $CB    [$21EA]      A:0004 X:0004 Y:008C P:envMxdizc
C0/221F 7A          PLY                     A:0007 X:0010 Y:0098 P:envMxdiZc
C0/2220 FA          PLX                     A:0007 X:0010 Y:0088 P:envMxdizc
C0/2221 BF 98 2A C0 LDA $C02A98,x[$C0:2A98] A:0007 X:0000 Y:0088 P:envMxdiZc
C0/2225 05 08       ORA $08    [$00:0B08]   A:0000 X:0000 Y:0088 P:envMxdiZc
C0/2227 99 03 02    STA $0203,y[$00:028B]   A:0030 X:0000 Y:0088 P:envMxdizc
C0/222A BF 9C 2A C0 LDA $C02A9C,x[$C0:2A9C] A:0030 X:0000 Y:0088 P:envMxdizc
C0/222E 05 08       ORA $08    [$00:0B08]   A:0000 X:0000 Y:0088 P:envMxdiZc
C0/2230 99 07 02    STA $0207,y[$00:028F]   A:0030 X:0000 Y:0088 P:envMxdizc
C0/2233 BF A0 2A C0 LDA $C02AA0,x[$C0:2AA0] A:0030 X:0000 Y:0088 P:envMxdizc
C0/2237 05 09       ORA $09    [$00:0B09]   A:0000 X:0000 Y:0088 P:envMxdiZc
C0/2239 99 0B 02    STA $020B,y[$00:0293]   A:0030 X:0000 Y:0088 P:envMxdizc
C0/223C BF A4 2A C0 LDA $C02AA4,x[$C0:2AA4] A:0030 X:0000 Y:0088 P:envMxdizc
C0/2240 05 09       ORA $09    [$00:0B09]   A:0000 X:0000 Y:0088 P:envMxdiZc
C0/2242 99 0F 02    STA $020F,y[$00:0297]   A:0030 X:0000 Y:0088 P:envMxdizc
C0/2245 60          RTS

C0/237C A5 BD       LDA $BD
C0/237E D0 01       BNE $2381
C0/2380 60          RTS

C0/2381 A5 CB       LDA $CB    [$00:0BCB]   A:0001 X:0008 Y:02E0 P:envMxdIzc
C0/2383 F0 01       BEQ $01    [$2386]      A:0000 X:0008 Y:02E0 P:envMxdIZc
C0/2386 A5 BE       LDA $BE    [$00:0BBE]   A:0000 X:0008 Y:02E0 P:envMxdIZc
C0/2388 10 03       BPL $03    [$238D]      A:0000 X:0008 Y:02E0 P:envMxdIZc
C0/238D AA          TAX                     A:0000 X:0008 Y:02E0 P:envMxdIZc
C0/238E BF DB 22 C0 LDA $C022DB,x[$C0:22DB] A:0000 X:0000 Y:02E0 P:envMxdIZc
C0/2392 85 0D       STA $0D    [$00:0B0D]   A:0000 X:0000 Y:02E0 P:envMxdIZc
C0/2394 AD FB 10    LDA $10FB  [$00:10FB]   A:0000 X:0000 Y:02E0 P:envMxdIZc
C0/2397 10 0A       BPL $23A3

C0/23A3 A5 BC       LDA $BC
C0/23A5 F0 37       BEQ $23DE
C0/23A7 A5 57       LDA $57
C0/23A9 F0 04       BEQ $23AF
C0/23AB A5 BA       LDA $BA
C0/23AD F0 2F       BEQ $23DE
C0/23AF AD DA 0A    LDA $0ADA
C0/23B2 C9 0A       CMP #$0A
C0/23B4 D0 10       BNE $23C6
C0/23C6 A5 61       LDA $61
C0/23C8 18          CLC
C0/23C9 65 63       ADC $63
C0/23CB 4A          LSR A
C0/23CC 4A          LSR A
C0/23CD 4A          LSR A
C0/23CE 4A          LSR A
C0/23CF 29 01       AND #$01
C0/23D1 85 08       STA $08
C0/23D3 AD DB 0A    LDA $0ADB
C0/23D6 0A          ASL A
C0/23D7 18          CLC
C0/23D8 65 08       ADC $08
C0/23DA 85 BB       STA $BB
C0/23DC 80 02       BRA $23E0
C0/23DE A5 BB       LDA $BB
C0/23E0 85 08       STA $08
C0/23E2 AD DA 0A    LDA $0ADA
C0/23E5 C9 0D       CMP #$0D
C0/23E7 B0 19       BCS $2402
C0/23E9 C9 07       CMP #$07
C0/23EB 90 15       BCC $2402
C0/23ED A5 08       LDA $08
C0/23EF 18          CLC
C0/23F0 69 40       ADC #$40
C0/23F2 85 08       STA $08
C0/23F4 AD DA 0A    LDA $0ADA
C0/23F7 C9 09       CMP #$09
C0/23F9 90 07       BCC $2402
C0/2402 A5 61       LDA $61
C0/2404 4A          LSR A
C0/2405 4A          LSR A
C0/2406 4A          LSR A
C0/2407 4A          LSR A
C0/2408 1A          INC A
C0/2409 29 01       AND #$01
C0/240B 18          CLC
C0/240C 65 C6       ADC $C6
C0/240E 85 15       STA $15
C0/2410 A5 08       LDA $08
C0/2412 C2 20       REP #$20       (16-bit accumulator)
C0/2414 0A          ASL A
C0/2415 0A          ASL A
C0/2416 0A          ASL A
C0/2417 0A          ASL A
C0/2418 AA          TAX
C0/2419 A5 06       LDA $06
C0/241B E2 20       SEP #$20       (8-bit accumulator)
C0/241D AD DA 0A    LDA $0ADA
C0/2420 C9 0B       CMP #$0B
C0/2422 90 08       BCC $242C
C0/242C A5 0D       LDA $0D
C0/242E D0 3E       BNE $246E
C0/2430 A5 C6       LDA $C6
C0/2432 C9 70       CMP #$70
C0/2434 D0 38       BNE $24C6
C0/2436 A5 CA       LDA $CA
C0/2438 29 08       AND #$08
C0/243A D0 0E       BNE $244A
C0/243C A5 CA       LDA $CA
C0/243E 29 04       AND #$04
C0/2440 F0 34       BEQ $2476
C0/244A A5 CA       LDA $CA
C0/244C 29 04       AND #$04
C0/244E D0 10       BNE $2460
C0/2450 A9 28       LDA #$28
C0/2452 85 09       STA $09
C0/2454 AD 0F 11    LDA $110F
C0/2457 29 10       AND #$10
C0/2459 4A          LSR A
C0/245A 09 20       ORA #$20
C0/245C 85 08       STA $08
C0/245E 80 34       BRA $2494

C0/246E A9 30       LDA #$30
C0/2470 85 08       STA $08
C0/2472 85 09       STA $09
C0/2474 80 1E       BRA $2494
C0/2476 AD 0F 11    LDA $110F
C0/2479 29 10       AND #$10
C0/247B 4A          LSR A
C0/247C 09 30       ORA #$30                A:0000 X:0040 Y:02E0 P:envMxdIZc
C0/247E 85 08       STA $08    [$00:0B08]   A:0030 X:0040 Y:02E0 P:envMxdIzc
C0/2480 A9 28       LDA #$28                A:0030 X:0040 Y:02E0 P:envMxdIzc
C0/2482 85 09       STA $09    [$00:0B09]   A:0028 X:0040 Y:02E0 P:envMxdIzc
C0/2484 80 0E       BRA $0E    [$2494]      A:0028 X:0040 Y:02E0 P:envMxdIzc
C0/2494 DA          PHX                     A:0028 X:0040 Y:02E0 P:envMxdIzc
C0/2495 AD DA 0A    LDA $0ADA  [$00:0ADA]   A:0028 X:0040 Y:02E0 P:envMxdIzc
C0/2498 AA          TAX                     A:0002 X:0040 Y:02E0 P:envMxdIzc
C0/2499 A5 08       LDA $08    [$00:0B08]   A:0002 X:0002 Y:02E0 P:envMxdIzc
C0/249B 1F 6C 25 C0 ORA $C0256C,x[$C0:256E] A:0030 X:0002 Y:02E0 P:envMxdIzc
C0/249F 85 08       STA $08    [$00:0B08]   A:0030 X:0002 Y:02E0 P:envMxdIzc
C0/24A1 A5 09       LDA $09    [$00:0B09]   A:0030 X:0002 Y:02E0 P:envMxdIzc
C0/24A3 1F 6C 25 C0 ORA $C0256C,x[$C0:256E] A:0028 X:0002 Y:02E0 P:envMxdIzc
C0/24A7 85 09       STA $09    [$00:0B09]   A:0028 X:0002 Y:02E0 P:envMxdIzc
C0/24A9 FA          PLX                     A:0028 X:0002 Y:02E0 P:envMxdIzc
C0/24AA A4 C7       LDY $C7    [$00:0BC7]   A:0028 X:0040 Y:02E0 P:envMxdIzc
C0/24AC BF 95 2A C0 LDA $C02A95,x[$C0:2AD5] A:0028 X:0040 Y:0110 P:envMxdIzc
C0/24B0 18          CLC                     A:0000 X:0040 Y:0110 P:envMxdIZc
C0/24B1 65 C5       ADC $C5    [$00:0BC5]   A:0000 X:0040 Y:0110 P:envMxdIZc
C0/24B3 38          SEC                     A:0070 X:0040 Y:0110 P:envMxdIzc
C0/24B4 ED A0 10    SBC $10A0  [$00:10A0]   A:0070 X:0040 Y:0110 P:envMxdIzC
C0/24B7 99 00 02    STA $0200,y[$00:0310]   A:0070 X:0040 Y:0110 P:envMxdIzC
C0/24BA BF 96 2A C0 LDA $C02A96,x[$C0:2AD6] A:0070 X:0040 Y:0110 P:envMxdIzC
C0/24BE 18          CLC                     A:00FC X:0040 Y:0110 P:eNvMxdIzC
C0/24BF 65 15       ADC $15    [$00:0B15]   A:00FC X:0040 Y:0110 P:eNvMxdIzc
C0/24C1 38          SEC                     A:006D X:0040 Y:0110 P:envMxdIzC
C0/24C2 ED A2 10    SBC $10A2  [$00:10A2]   A:006D X:0040 Y:0110 P:envMxdIzC
C0/24C5 38          SEC                     A:006D X:0040 Y:0110 P:envMxdIzC
C0/24C6 E5 0D       SBC $0D    [$00:0B0D]   A:006D X:0040 Y:0110 P:envMxdIzC
C0/24C8 99 01 02    STA $0201,y[$00:0311]   A:006D X:0040 Y:0110 P:envMxdIzC
C0/24CB BF 97 2A C0 LDA $C02A97,x[$C0:2AD7] A:006D X:0040 Y:0110 P:envMxdIzC
C0/24CF 99 02 02    STA $0202,y[$00:0312]   A:0000 X:0040 Y:0110 P:envMxdIZC
C0/24D2 BF 98 2A C0 LDA $C02A98,x[$C0:2AD8] A:0000 X:0040 Y:0110 P:envMxdIZC
C0/24D6 05 08       ORA $08    [$00:0B08]   A:0000 X:0040 Y:0110 P:envMxdIZC
C0/24D8 99 03 02    STA $0203,y[$00:0313]   A:0030 X:0040 Y:0110 P:envMxdIzC
C0/24DB BF 99 2A C0 LDA $C02A99,x[$C0:2AD9] A:0030 X:0040 Y:0110 P:envMxdIzC
C0/24DF 18          CLC                     A:0008 X:0040 Y:0110 P:envMxdIzC
C0/24E0 65 C5       ADC $C5    [$00:0BC5]   A:0008 X:0040 Y:0110 P:envMxdIzc
C0/24E2 38          SEC                     A:0078 X:0040 Y:0110 P:envMxdIzc
C0/24E3 ED A0 10    SBC $10A0  [$00:10A0]   A:0078 X:0040 Y:0110 P:envMxdIzC
C0/24E6 99 04 02    STA $0204,y[$00:0314]   A:0078 X:0040 Y:0110 P:envMxdIzC
C0/24E9 BF 9A 2A C0 LDA $C02A9A,x[$C0:2ADA] A:0078 X:0040 Y:0110 P:envMxdIzC
C0/24ED 18          CLC                     A:00FC X:0040 Y:0110 P:eNvMxdIzC
C0/24EE 65 15       ADC $15    [$00:0B15]   A:00FC X:0040 Y:0110 P:eNvMxdIzc
C0/24F0 38          SEC                     A:006D X:0040 Y:0110 P:envMxdIzC
C0/24F1 ED A2 10    SBC $10A2  [$00:10A2]   A:006D X:0040 Y:0110 P:envMxdIzC
C0/24F4 38          SEC                     A:006D X:0040 Y:0110 P:envMxdIzC
C0/24F5 E5 0D       SBC $0D    [$00:0B0D]   A:006D X:0040 Y:0110 P:envMxdIzC
C0/24F7 99 05 02    STA $0205,y[$00:0315]   A:006D X:0040 Y:0110 P:envMxdIzC
C0/24FA BF 9B 2A C0 LDA $C02A9B,x[$C0:2ADB] A:006D X:0040 Y:0110 P:envMxdIzC
C0/24FE 99 06 02    STA $0206,y[$00:0316]   A:0001 X:0040 Y:0110 P:envMxdIzC
C0/2501 BF 9C 2A C0 LDA $C02A9C,x[$C0:2ADC] A:0001 X:0040 Y:0110 P:envMxdIzC
C0/2505 05 08       ORA $08    [$00:0B08]   A:0000 X:0040 Y:0110 P:envMxdIZC
C0/2507 99 07 02    STA $0207,y[$00:0317]   A:0030 X:0040 Y:0110 P:envMxdIzC
C0/250A A0 E8 01    LDY #$01E8              A:0030 X:0040 Y:0110 P:envMxdIzC
C0/250D BF 9D 2A C0 LDA $C02A9D,x[$C0:2ADD] A:0030 X:0040 Y:01E8 P:envMxdIzC
C0/2511 18          CLC                     A:0000 X:0040 Y:01E8 P:envMxdIZC
C0/2512 65 C5       ADC $C5    [$00:0BC5]   A:0000 X:0040 Y:01E8 P:envMxdIZc
C0/2514 38          SEC                     A:0070 X:0040 Y:01E8 P:envMxdIzc
C0/2515 ED A0 10    SBC $10A0  [$00:10A0]   A:0070 X:0040 Y:01E8 P:envMxdIzC
C0/2518 99 08 02    STA $0208,y[$00:03F0]   A:0070 X:0040 Y:01E8 P:envMxdIzC
C0/251B BF 9E 2A C0 LDA $C02A9E,x[$C0:2ADE] A:0070 X:0040 Y:01E8 P:envMxdIzC
C0/251F 18          CLC                     A:0004 X:0040 Y:01E8 P:envMxdIzC
C0/2520 65 15       ADC $15    [$00:0B15]   A:0004 X:0040 Y:01E8 P:envMxdIzc
C0/2522 38          SEC                     A:0075 X:0040 Y:01E8 P:envMxdIzc
C0/2523 ED A2 10    SBC $10A2  [$00:10A2]   A:0075 X:0040 Y:01E8 P:envMxdIzC
C0/2526 38          SEC                     A:0075 X:0040 Y:01E8 P:envMxdIzC
C0/2527 E5 0D       SBC $0D    [$00:0B0D]   A:0075 X:0040 Y:01E8 P:envMxdIzC
C0/2529 99 09 02    STA $0209,y[$00:03F1]   A:0075 X:0040 Y:01E8 P:envMxdIzC
C0/252C BF 9F 2A C0 LDA $C02A9F,x[$C0:2ADF] A:0075 X:0040 Y:01E8 P:envMxdIzC
C0/2530 99 0A 02    STA $020A,y[$00:03F2]   A:0002 X:0040 Y:01E8 P:envMxdIzC
C0/2533 BF A0 2A C0 LDA $C02AA0,x[$C0:2AE0] A:0002 X:0040 Y:01E8 P:envMxdIzC
C0/2537 05 09       ORA $09    [$00:0B09]   A:0000 X:0040 Y:01E8 P:envMxdIZC
C0/2539 99 0B 02    STA $020B,y[$00:03F3]   A:0028 X:0040 Y:01E8 P:envMxdIzC
C0/253C BF A1 2A C0 LDA $C02AA1,x[$C0:2AE1] A:0028 X:0040 Y:01E8 P:envMxdIzC
C0/2540 18          CLC                     A:0008 X:0040 Y:01E8 P:envMxdIzC
C0/2541 65 C5       ADC $C5    [$00:0BC5]   A:0008 X:0040 Y:01E8 P:envMxdIzc
C0/2543 38          SEC                     A:0078 X:0040 Y:01E8 P:envMxdIzc
C0/2544 ED A0 10    SBC $10A0  [$00:10A0]   A:0078 X:0040 Y:01E8 P:envMxdIzC
C0/2547 99 0C 02    STA $020C,y[$00:03F4]   A:0078 X:0040 Y:01E8 P:envMxdIzC
C0/254A BF A2 2A C0 LDA $C02AA2,x[$C0:2AE2] A:0078 X:0040 Y:01E8 P:envMxdIzC
C0/254E 18          CLC                     A:0004 X:0040 Y:01E8 P:envMxdIzC
C0/254F 65 15       ADC $15    [$00:0B15]   A:0004 X:0040 Y:01E8 P:envMxdIzc
C0/2551 38          SEC                     A:0075 X:0040 Y:01E8 P:envMxdIzc
C0/2552 ED A2 10    SBC $10A2  [$00:10A2]   A:0075 X:0040 Y:01E8 P:envMxdIzC
C0/2555 38          SEC                     A:0075 X:0040 Y:01E8 P:envMxdIzC
C0/2556 E5 0D       SBC $0D    [$00:0B0D]   A:0075 X:0040 Y:01E8 P:envMxdIzC
C0/2558 99 0D 02    STA $020D,y[$00:03F5]   A:0075 X:0040 Y:01E8 P:envMxdIzC
C0/255B BF A3 2A C0 LDA $C02AA3,x[$C0:2AE3] A:0075 X:0040 Y:01E8 P:envMxdIzC
C0/255F 99 0E 02    STA $020E,y[$00:03F6]   A:0003 X:0040 Y:01E8 P:envMxdIzC
C0/2562 BF A4 2A C0 LDA $C02AA4,x[$C0:2AE4] A:0003 X:0040 Y:01E8 P:envMxdIzC
C0/2566 05 09       ORA $09    [$00:0B09]   A:0000 X:0040 Y:01E8 P:envMxdIZC
C0/2568 99 0F 02    STA $020F,y[$00:03F7]   A:0028 X:0040 Y:01E8 P:envMxdIzC
C0/256B 60          RTS

C0/257C A9 80       LDA #$80                A:0001 X:0600 Y:0000 P:envMxdIzc
C0/257E 8D 15 21    STA $2115  [$00:2115]   A:0080 X:0600 Y:0000 P:eNvMxdIzc
C0/2581 AD 14 11    LDA $1114  [$00:1114]   A:0080 X:0600 Y:0000 P:eNvMxdIzc
C0/2584 C2 20       REP #$20       (16-bit accumulator)                A:0017 X:0600 Y:0000 P:envMxdIzc
C0/2586 0A          ASL A                   A:0017 X:0600 Y:0000 P:envmxdIzc
C0/2587 0A          ASL A                   A:002E X:0600 Y:0000 P:envmxdIzc
C0/2588 0A          ASL A                   A:005C X:0600 Y:0000 P:envmxdIzc
C0/2589 0A          ASL A                   A:00B8 X:0600 Y:0000 P:envmxdIzc
C0/258A 85 23       STA $23    [$00:0B23]   A:0170 X:0600 Y:0000 P:envmxdIzc
C0/258C A5 06       LDA $06    [$00:0B06]   A:0170 X:0600 Y:0000 P:envmxdIzc
C0/258E E2 20       SEP #$20       (8-bit accumulator)                A:0000 X:0600 Y:0000 P:envmxdIZc
C0/2590 A6 06       LDX $06    [$00:0B06]   A:0000 X:0600 Y:0000 P:envMxdIZc
C0/2592 86 11       STX $11    [$00:0B11]   A:0000 X:0000 Y:0000 P:envMxdIZc
C0/2594 C2 20       REP #$20       (16-bit accumulator)                A:0000 X:0000 Y:0000 P:envMxdIZc
C0/2596 A9 00 7C    LDA #$7C00              A:0000 X:0000 Y:0000 P:envmxdIZc
C0/2599 85 2E       STA $2E    [$00:0B2E]   A:7C00 X:0000 Y:0000 P:envmxdIzc
C0/259B A5 11       LDA $11    [$00:0B11]   A:7C00 X:0000 Y:0000 P:envmxdIzc
C0/259D C9 08 00    CMP #$0008              A:0000 X:0000 Y:0000 P:envmxdIZc
C0/25A0 90 05       BCC $25A7
C0/25A2 A9 00 7D    LDA #$7D00
C0/25A5 85 2E       STA $2E
C0/25A7 A5 11       LDA $11    [$00:0B11]   A:0000 X:0000 Y:0000 P:eNvmxdIzc
C0/25A9 0A          ASL A                   A:0000 X:0000 Y:0000 P:envmxdIZc
C0/25AA 0A          ASL A                   A:0000 X:0000 Y:0000 P:envmxdIZc
C0/25AB 0A          ASL A                   A:0000 X:0000 Y:0000 P:envmxdIZc
C0/25AC 0A          ASL A                   A:0000 X:0000 Y:0000 P:envmxdIZc
C0/25AD 0A          ASL A                   A:0000 X:0000 Y:0000 P:envmxdIZc
C0/25AE 18          CLC                     A:0000 X:0000 Y:0000 P:envmxdIZc
C0/25AF 65 2E       ADC $2E    [$00:0B2E]   A:0000 X:0000 Y:0000 P:envmxdIZc
C0/25B1 8D 16 21    STA $2116  [$00:2116]   A:7C00 X:0000 Y:0000 P:envmxdIzc
C0/25B4 18          CLC                     A:7C00 X:0000 Y:0000 P:envmxdIzc
C0/25B5 69 00 01    ADC #$0100              A:7C00 X:0000 Y:0000 P:envmxdIzc
C0/25B8 85 2E       STA $2E    [$00:0B2E]   A:7D00 X:0000 Y:0000 P:envmxdIzc
C0/25BA A5 06       LDA $06    [$00:0B06]   A:7D00 X:0000 Y:0000 P:envmxdIzc
C0/25BC E2 20       SEP #$20       (8-bit accumulator)                A:0000 X:0000 Y:0000 P:envmxdIZc
C0/25BE A6 23       LDX $23    [$00:0B23]   A:0000 X:0000 Y:0000 P:envMxdIZc
C0/25C0 BF 67 26 C0 LDA $C02667,x[$C0:27D7] A:0000 X:0170 Y:0000 P:envMxdIzc
C0/25C4 C2 20       REP #$20       (16-bit accumulator)                A:0000 X:0170 Y:0000 P:envMxdIZc
C0/25C6 0A          ASL A                   A:0000 X:0170 Y:0000 P:envmxdIZc
C0/25C7 0A          ASL A                   A:0000 X:0170 Y:0000 P:envmxdIZc
C0/25C8 0A          ASL A                   A:0000 X:0170 Y:0000 P:envmxdIZc
C0/25C9 AA          TAX                     A:0000 X:0170 Y:0000 P:envmxdIZc
C0/25CA A5 06       LDA $06    [$00:0B06]   A:0000 X:0000 Y:0000 P:envmxdIZc
C0/25CC E2 20       SEP #$20       (8-bit accumulator)                A:0000 X:0000 Y:0000 P:envmxdIZc
C0/25CE DA          PHX                     A:0000 X:0000 Y:0000 P:envMxdIZc
C0/25CF A0 08 00    LDY #$0008              A:0000 X:0000 Y:0000 P:envMxdIZc
C0/25D2 BF 00 DF C0 LDA $C0DF00,x[$C0:DF00] A:0000 X:0000 Y:0008 P:envMxdIzc
C0/25D6 9C 18 21    STZ $2118  [$00:2118]   A:0000 X:0000 Y:0008 P:envMxdIZc
C0/25D9 8D 19 21    STA $2119  [$00:2119]   A:0000 X:0000 Y:0008 P:envMxdIZc
C0/25DC E8          INX                     A:0000 X:0000 Y:0008 P:envMxdIZc
C0/25DD 88          DEY                     A:0000 X:0001 Y:0008 P:envMxdIzc
C0/25DE D0 F2       BNE $25D2
C0/25E0 20 36 26    JSR $2636
C0/25E3 A0 08 00    LDY #$0008              A:0000 X:0008 Y:0000 P:envMxdIZc
C0/25E6 BF 00 DF C0 LDA $C0DF00,x[$C0:DF08] A:0000 X:0008 Y:0008 P:envMxdIzc
C0/25EA 9C 18 21    STZ $2118  [$00:2118]   A:0000 X:0008 Y:0008 P:envMxdIZc
C0/25ED 8D 19 21    STA $2119  [$00:2119]   A:0000 X:0008 Y:0008 P:envMxdIZc
C0/25F0 E8          INX
C0/25F1 88          DEY
C0/25F2 D0 F2       BNE $25E6
C0/25F4 20 36 26    JSR $2636
C0/25F7 A4 2E       LDY $2E    [$00:0B2E]   A:0000 X:0010 Y:0000 P:envMxdIZc
C0/25F9 8C 16 21    STY $2116  [$00:2116]   A:0000 X:0010 Y:7D00 P:envMxdIzc
C0/25FC FA          PLX                     A:0000 X:0010 Y:7D00 P:envMxdIzc
C0/25FD A0 08 00    LDY #$0008              A:0000 X:0000 Y:7D00 P:envMxdIZc
C0/2600 BF 80 DF C0 LDA $C0DF80,x[$C0:DF80] A:0000 X:0000 Y:0008 P:envMxdIzc
C0/2604 9C 18 21    STZ $2118  [$00:2118]   A:0000 X:0000 Y:0008 P:envMxdIZc
C0/2607 8D 19 21    STA $2119  [$00:2119]   A:0000 X:0000 Y:0008 P:envMxdIZc
C0/260A E8          INX                     A:0000 X:0000 Y:0008 P:envMxdIZc
C0/260B 88          DEY                     A:0000 X:0001 Y:0008 P:envMxdIzc
C0/260C D0 F2       BNE $F2    [$2600]      A:0000 X:0001 Y:0007 P:envMxdIzc
C0/260E 20 36 26    JSR $2636
C0/2611 A0 08 00    LDY #$0008              A:0000 X:0008 Y:0000 P:envMxdIZc
C0/2614 BF 80 DF C0 LDA $C0DF80,x[$C0:DF88] A:0000 X:0008 Y:0008 P:envMxdIzc
C0/2618 9C 18 21    STZ $2118  [$00:2118]   A:0000 X:0008 Y:0008 P:envMxdIZc
C0/261B 8D 19 21    STA $2119  [$00:2119]   A:0000 X:0008 Y:0008 P:envMxdIZc
C0/261E E8          INX                     A:0000 X:0008 Y:0008 P:envMxdIZc
C0/261F 88          DEY                     A:0000 X:0009 Y:0008 P:envMxdIzc
C0/2620 D0 F2       BNE $F2    [$2614]      A:0000 X:0009 Y:0007 P:envMxdIzc
C0/2622 20 36 26    JSR $2636
C0/2625 A6 23       LDX $23    [$00:0B23]   A:0000 X:0010 Y:0000 P:envMxdIZc
C0/2627 E8          INX                     A:0000 X:0170 Y:0000 P:envMxdIzc
C0/2628 86 23       STX $23    [$00:0B23]   A:0000 X:0171 Y:0000 P:envMxdIzc
C0/262A E6 11       INC $11    [$00:0B11]   A:0000 X:0171 Y:0000 P:envMxdIzc
C0/262C A5 11       LDA $11    [$00:0B11]   A:0000 X:0171 Y:0000 P:envMxdIzc
C0/262E C9 10       CMP #$10                A:0001 X:0171 Y:0000 P:envMxdIzc
C0/2630 F0 03       BEQ $2635
C0/2632 4C 94 25    JMP $2594
C0/2635 60          RTS

C0/2636 9C 18 21    STZ $2118  [$00:2118]   A:0000 X:0008 Y:0000 P:envMxdIZc
C0/2639 9C 19 21    STZ $2119  [$00:2119]   A:0000 X:0008 Y:0000 P:envMxdIZc
C0/263C 9C 18 21    STZ $2118  [$00:2118]   A:0000 X:0008 Y:0000 P:envMxdIZc
C0/263F 9C 19 21    STZ $2119  [$00:2119]   A:0000 X:0008 Y:0000 P:envMxdIZc
C0/2642 9C 18 21    STZ $2118  [$00:2118]   A:0000 X:0008 Y:0000 P:envMxdIZc
C0/2645 9C 19 21    STZ $2119  [$00:2119]   A:0000 X:0008 Y:0000 P:envMxdIZc
C0/2648 9C 18 21    STZ $2118  [$00:2118]   A:0000 X:0008 Y:0000 P:envMxdIZc
C0/264B 9C 19 21    STZ $2119  [$00:2119]   A:0000 X:0008 Y:0000 P:envMxdIZc
C0/264E 9C 18 21    STZ $2118  [$00:2118]   A:0000 X:0008 Y:0000 P:envMxdIZc
C0/2651 9C 19 21    STZ $2119  [$00:2119]   A:0000 X:0008 Y:0000 P:envMxdIZc
C0/2654 9C 18 21    STZ $2118  [$00:2118]   A:0000 X:0008 Y:0000 P:envMxdIZc
C0/2657 9C 19 21    STZ $2119  [$00:2119]   A:0000 X:0008 Y:0000 P:envMxdIZc
C0/265A 9C 18 21    STZ $2118  [$00:2118]   A:0000 X:0008 Y:0000 P:envMxdIZc
C0/265D 9C 19 21    STZ $2119  [$00:2119]   A:0000 X:0008 Y:0000 P:envMxdIZc
C0/2660 9C 18 21    STZ $2118  [$00:2118]   A:0000 X:0008 Y:0000 P:envMxdIZc
C0/2663 9C 19 21    STZ $2119  [$00:2119]   A:0000 X:0008 Y:0000 P:envMxdIZc
C0/2666 60          RTS

C0/2817 AD 14 11    LDA $1114  [$00:1114]   A:0000 X:FFFE Y:0200 P:envMxdIZC
C0/281A 0A          ASL A                   A:0017 X:FFFE Y:0200 P:envMxdIzC
C0/281B AA          TAX                     A:002E X:FFFE Y:0200 P:envMxdIzc
C0/281C C2 20       REP #$20       (16-bit accumulator)                A:002E X:002E Y:0200 P:envMxdIzc
C0/281E BF 80 D9 C0 LDA $C0D980,x[$C0:D9AE] A:002E X:002E Y:0200 P:envmxdIzc
C0/2822 18          CLC                     A:04A4 X:002E Y:0200 P:envmxdIzc
C0/2823 69 80 D9    ADC #$D980              A:04A4 X:002E Y:0200 P:envmxdIzc
C0/2826 8D F0 04    STA $04F0  [$00:04F0]   A:DE24 X:002E Y:0200 P:eNvmxdIzc
C0/2829 A5 06       LDA $06    [$00:0B06]   A:DE24 X:002E Y:0200 P:eNvmxdIzc
C0/282B E2 20       SEP #$20       (8-bit accumulator)                A:0000 X:002E Y:0200 P:envmxdIZc
C0/282D A9 C0       LDA #$C0                A:0000 X:002E Y:0200 P:envMxdIZc
C0/282F 8D F2 04    STA $04F2  [$00:04F2]   A:00C0 X:002E Y:0200 P:eNvMxdIzc
C0/2832 A2 73 18    LDX #$1873              A:00C0 X:002E Y:0200 P:eNvMxdIzc
C0/2835 8E F3 04    STX $04F3  [$00:04F3]   A:00C0 X:1873 Y:0200 P:envMxdIzc
C0/2838 A9 00       LDA #$00                A:00C0 X:1873 Y:0200 P:envMxdIzc
C0/283A 8D F5 04    STA $04F5  [$00:04F5]   A:0000 X:1873 Y:0200 P:envMxdIZc
C0/283D 22 02 00 C3 JSL $C30002[$C3:0002]   A:0000 X:1873 Y:0200 P:envMxdIZc
C0/2841 60          RTS

C0/2842 A5 BD       LDA $BD
C0/2844 D0 01       BNE $2847
C0/2846 60          RTS

C0/2847 A0 00 01    LDY #$0100
C0/284A A5 C0       LDA $C0
C0/284C 3A          DEC A
C0/284D 0A          ASL A
C0/284E 0A          ASL A
C0/284F 85 0D       STA $0D
C0/2851 A5 BA       LDA $BA
C0/2853 F0 22       BEQ $2877
C0/2855 3A          DEC A                   A:0003 X:0090 Y:0100 P:envMxdizc
C0/2856 18          CLC                     A:0002 X:0090 Y:0100 P:envMxdizc
C0/2857 65 0D       ADC $0D    [$00:0B0D]   A:0002 X:0090 Y:0100 P:envMxdizc
C0/2859 0A          ASL A                   A:0006 X:0090 Y:0100 P:envMxdizc
C0/285A AA          TAX                     A:000C X:0090 Y:0100 P:envMxdizc
C0/285B C2 20       REP #$20       (16-bit accumulator)                A:000C X:000C Y:0100 P:envMxdizc
C0/285D AD 8C 10    LDA $108C  [$00:108C]   A:000C X:000C Y:0100 P:envmxdizc
C0/2860 18          CLC                     A:0000 X:000C Y:0100 P:envmxdiZc
C0/2861 7F F3 28 C0 ADC $C028F3,x[$C0:28FF] A:0000 X:000C Y:0100 P:envmxdiZc
C0/2865 8D 8C 10    STA $108C  [$00:108C]   A:0000 X:000C Y:0100 P:envmxdiZc
C0/2868 AD 8E 10    LDA $108E  [$00:108E]   A:0000 X:000C Y:0100 P:envmxdiZc
C0/286B 18          CLC                     A:0000 X:000C Y:0100 P:envmxdiZc
C0/286C 7F 33 29 C0 ADC $C02933,x[$C0:293F] A:0000 X:000C Y:0100 P:envmxdiZc
C0/2870 8D 8E 10    STA $108E  [$00:108E]   A:0100 X:000C Y:0100 P:envmxdizc
C0/2873 A5 06       LDA $06    [$00:0B06]   A:0100 X:000C Y:0100 P:envmxdizc
C0/2875 E2 20       SEP #$20       (8-bit accumulator)
C0/2877 A6 06       LDX $06    [$00:0B06]   A:0000 X:0008 Y:0100 P:envMxdIZc
C0/2879 BD C9 13    LDA $13C9,x[$00:13C9]   A:0000 X:0000 Y:0100 P:envMxdIZc
C0/287C 29 80       AND #$80                A:0005 X:0000 Y:0100 P:envMxdIzc
C0/287E D0 2C       BNE $2C    [$28AC]      A:0000 X:0000 Y:0100 P:envMxdIZc
C0/2880 BD C6 13    LDA $13C6,x[$00:13C6]   A:0000 X:0000 Y:0100 P:envMxdIZc
C0/2883 38          SEC                     A:0070 X:0000 Y:0100 P:envMxdIzc
C0/2884 ED 8D 10    SBC $108D  [$00:108D]   A:0070 X:0000 Y:0100 P:envMxdIzC
C0/2887 38          SEC                     A:0070 X:0000 Y:0100 P:envMxdIzC
C0/2888 ED A0 10    SBC $10A0  [$00:10A0]   A:0070 X:0000 Y:0100 P:envMxdIzC
C0/288B 99 00 02    STA $0200,y[$00:0300]   A:0070 X:0000 Y:0100 P:envMxdIzC
C0/288E BD C7 13    LDA $13C7,x[$00:13C7]   A:0070 X:0000 Y:0100 P:envMxdIzC
C0/2891 38          SEC                     A:004F X:0000 Y:0100 P:envMxdIzC
C0/2892 ED 8F 10    SBC $108F  [$00:108F]   A:004F X:0000 Y:0100 P:envMxdIzC
C0/2895 38          SEC                     A:004F X:0000 Y:0100 P:envMxdIzC
C0/2896 ED A2 10    SBC $10A2  [$00:10A2]   A:004F X:0000 Y:0100 P:envMxdIzC
C0/2899 99 01 02    STA $0201,y[$00:0301]   A:004F X:0000 Y:0100 P:envMxdIzC
C0/289C BD C8 13    LDA $13C8,x[$00:13C8]   A:004F X:0000 Y:0100 P:envMxdIzC
C0/289F 99 02 02    STA $0202,y[$00:0302]   A:00C0 X:0000 Y:0100 P:eNvMxdIzC
C0/28A2 BD C9 13    LDA $13C9,x[$00:13C9]   A:00C0 X:0000 Y:0100 P:eNvMxdIzC
C0/28A5 29 7F       AND #$7F                A:0005 X:0000 Y:0100 P:envMxdIzC
C0/28A7 99 03 02    STA $0203,y[$00:0303]   A:0005 X:0000 Y:0100 P:envMxdIzC
C0/28AA 80 2A       BRA $2A    [$28D6]      A:0005 X:0000 Y:0100 P:envMxdIzC
C0/28D6 C8          INY                     A:0005 X:0000 Y:0100 P:envMxdIzC
C0/28D7 C8          INY                     A:0005 X:0000 Y:0101 P:envMxdIzC
C0/28D8 C8          INY                     A:0005 X:0000 Y:0102 P:envMxdIzC
C0/28D9 C8          INY                     A:0005 X:0000 Y:0103 P:envMxdIzC
C0/28DA E8          INX                     A:0005 X:0000 Y:0104 P:envMxdIzC
C0/28DB E8          INX                     A:0005 X:0001 Y:0104 P:envMxdIzC
C0/28DC E8          INX                     A:0005 X:0002 Y:0104 P:envMxdIzC
C0/28DD E8          INX                     A:0005 X:0003 Y:0104 P:envMxdIzC
C0/28DE E0 10 00    CPX #$0010              A:0005 X:0004 Y:0104 P:envMxdIzC
C0/28E1 D0 96       BNE $96    [$2879]      A:0005 X:0004 Y:0104 P:eNvMxdIzc
C0/28E3 A9 AA       LDA #$AA                A:0005 X:0010 Y:0110 P:envMxdIZC
C0/28E5 8D 10 04    STA $0410  [$00:0410]   A:00AA X:0010 Y:0110 P:eNvMxdIzC
C0/28E8 A9 A0       LDA #$A0                A:00AA X:0010 Y:0110 P:eNvMxdIzC
C0/28EA 8D 1D 04    STA $041D  [$00:041D]   A:00A0 X:0010 Y:0110 P:eNvMxdIzC
C0/28ED A9 0A       LDA #$0A                A:00A0 X:0010 Y:0110 P:eNvMxdIzC
C0/28EF 8D 1E 04    STA $041E  [$00:041E]   A:000A X:0010 Y:0110 P:envMxdIzC
C0/28F2 60          RTS

C0/2973 9C 8C 10    STZ $108C  [$00:108C]   A:0000 X:0040 Y:003C P:envMxdIZc
C0/2976 9C 8D 10    STZ $108D  [$00:108D]   A:0000 X:0040 Y:003C P:envMxdIZc
C0/2979 9C 8E 10    STZ $108E  [$00:108E]   A:0000 X:0040 Y:003C P:envMxdIZc
C0/297C 9C 8F 10    STZ $108F  [$00:108F]   A:0000 X:0040 Y:003C P:envMxdIZc
C0/297F A5 BA       LDA $BA    [$00:0BBA]   A:0000 X:0040 Y:003C P:envMxdIZc
C0/2981 F0 04       BEQ $2987
C0/2983 3A          DEC A                   A:0003 X:0140 Y:001F P:envMxdizC
C0/2984 0A          ASL A                   A:0002 X:0140 Y:001F P:envMxdizC
C0/2985 0A          ASL A                   A:0004 X:0140 Y:001F P:envMxdizc
C0/2986 0A          ASL A
C0/2987 AA          TAX                     A:0000 X:0040 Y:003C P:envMxdIZc
C0/2988 A4 06       LDY $06    [$00:0B06]   A:0000 X:0000 Y:003C P:envMxdIZc
C0/298A 5A          PHY                     A:0000 X:0000 Y:0000 P:envMxdIZc
C0/298B 64 0F       STZ $0F    [$00:0B0F]   A:0000 X:0000 Y:0000 P:envMxdIZc
C0/298D 64 10       STZ $10    [$00:0B10]   A:0000 X:0000 Y:0000 P:envMxdIZc
C0/298F BF 75 2A C0 LDA $C02A75,x[$C0:2A75] A:0000 X:0000 Y:0000 P:envMxdIZc
C0/2993 99 C6 13    STA $13C6,y[$00:13C6]   A:0070 X:0000 Y:0000 P:envMxdIzc
C0/2996 BF 76 2A C0 LDA $C02A76,x[$C0:2A76] A:0070 X:0000 Y:0000 P:envMxdIzc
C0/299A 99 C7 13    STA $13C7,y[$00:13C7]   A:004F X:0000 Y:0000 P:envMxdIzc
C0/299D BF 55 2A C0 LDA $C02A55,x[$C0:2A55] A:004F X:0000 Y:0000 P:envMxdIzc
C0/29A1 A8          TAY                     A:0012 X:0000 Y:0000 P:envMxdIzc
C0/29A2 C9 12       CMP #$12                A:0012 X:0000 Y:0012 P:envMxdIzc
C0/29A4 D0 18       BNE $29BE    [$29BE]      A:0012 X:0000 Y:0012 P:envMxdIZC
C0/29A6 AD FA 10    LDA $10FA  [$00:10FA]   A:0012 X:0000 Y:0012 P:envMxdIZC
C0/29A9 29 04       AND #$04                A:0081 X:0000 Y:0012 P:eNvMxdIzC
C0/29AB F0 34       BEQ $29E1

C0/29BE C9 06       CMP #$06                A:0002 X:0002 Y:0002 P:eNvMxdIzc
C0/29C0 B0 1F       BCS $1F    [$29E1]      A:0002 X:0002 Y:0002 P:eNvMxdIzc
C0/29C2 B9 F8 10    LDA $10F8,y[$00:10FA]   A:0002 X:0002 Y:0002 P:eNvMxdIzc
C0/29C5 29 04       AND #$04                A:0081 X:0002 Y:0002 P:eNvMxdIzc
C0/29C7 F0 18       BEQ $29E1

C0/29E1 AD FA 10    LDA $10FA
C0/29E4 29 07       AND #$07
C0/29E6 C9 05       CMP #$05
C0/29E8 F0 06       BEQ $29F0
C0/29EA C9 01       CMP #$01
C0/29EC D0 11       BNE $29FF
C0/29EE 80 06       BRA $29F6
C0/29F6 B9 F2 10    LDA $10F2,y
C0/29F9 29 03       AND #$03
C0/29FB C9 02       CMP #$02
C0/29FD F0 0D       BEQ $2A0C
C0/29FF B9 F2 10    LDA $10F2,y
C0/2A02 29 04       AND #$04
C0/2A04 F0 0F       BEQ $2A15
C0/2A06 A5 C3       LDA $C3
C0/2A08 C9 01       CMP #$01
C0/2A0A D0 05       BNE $2A11
C0/2A0C A9 00       LDA #$00
C0/2A0E 4C 1C 2A    JMP $2A1C
C0/2A11 A9 80       LDA #$80
C0/2A13 85 10       STA $10
C0/2A15 B9 BE 10    LDA $10BE,y
C0/2A18 A8          TAY
C0/2A19 B9 73 18    LDA $1873,y
C0/2A1C 7A          PLY
C0/2A1D C2 20       REP #$20       (16-bit accumulator)
C0/2A1F 18          CLC
C0/2A20 69 C0 01    ADC #$01C0
C0/2A23 09 00 04    ORA #$0400
C0/2A26 05 0F       ORA $0F
C0/2A28 99 C8 13    STA $13C8,y
C0/2A2B 29 10 00    AND #$0010
C0/2A2E F0 09       BEQ $2A39
C0/2A39 B9 C8 13    LDA $13C8,y
C0/2A3C 29 EF FF    AND #$FFEF
C0/2A3F 99 C8 13    STA $13C8,y
C0/2A42 A5 06       LDA $06
C0/2A44 E2 20       SEP #$20       (8-bit accumulator)
C0/2A46 E8          INX
C0/2A47 E8          INX
C0/2A48 C8          INY
C0/2A49 C8          INY
C0/2A4A C8          INY
C0/2A4B C8          INY
C0/2A4C C0 10 00    CPY #$0010
C0/2A4F F0 03       BEQ $2A54
C0/2A51 4C 8A 29    JMP $298A
C0/2A54 60          RTS

C0/317B AD DB 0A    LDA $0ADB
C0/317E 0A          ASL A
C0/317F 0A          ASL A
C0/3180 AA          TAX
C0/3181 BF 9B 32 C0 LDA $C0329B,x
C0/3185 A8          TAY
C0/3186 B9 F3 10    LDA $10F3,y
C0/3189 C9 FF       CMP #$FF
C0/318B D0 13       BNE $31A0
C0/31A0 20 4B 32    JSR $324B
C0/31A3 C9 FF       CMP #$FF
C0/31A5 F0 06       BEQ $31AD
C0/31AD BF 9C 32 C0 LDA $C0329C,x
C0/31B1 A8          TAY
C0/31B2 20 4B 32    JSR $324B
C0/31B5 C9 FF       CMP #$FF
C0/31B7 F0 1D       BEQ $31D6
C0/31D6 AD DB 0A    LDA $0ADB
C0/31D9 0A          ASL A
C0/31DA 0A          ASL A
C0/31DB AA          TAX
C0/31DC BF 9D 32 C0 LDA $C0329D,x
C0/31E0 A8          TAY
C0/31E1 20 4B 32    JSR $324B
C0/31E4 C9 FF       CMP #$FF
C0/31E6 F0 1D       BEQ $3205
C0/3205 AD DB 0A    LDA $0ADB
C0/3208 0A          ASL A
C0/3209 0A          ASL A
C0/320A AA          TAX
C0/320B BF 9E 32 C0 LDA $C0329E,x
C0/320F A8          TAY
C0/3210 20 4B 32    JSR $324B
C0/3213 C9 FF       CMP #$FF
C0/3215 F0 16       BEQ $322D
C0/322D 4C 4A 32    JMP $324A      (no BRA?)

C0/324A 60          RTS

C0/324B AD FA 10    LDA $10FA
C0/324E 29 04       AND #$04
C0/3250 F0 0F       BEQ $3261
C0/3261 B9 F2 10    LDA $10F2,y
C0/3264 29 04       AND #$04
C0/3266 F0 09       BEQ $3271
C0/3271 B9 F2 10    LDA $10F2,y
C0/3274 29 03       AND #$03
C0/3276 F0 04       BEQ $327C
C0/3278 25 C2       AND $C2
C0/327A F0 0A       BEQ $3286
C0/327C B9 D8 10    LDA $10D8,y
C0/327F F0 05       BEQ $3286
C0/3286 A9 FF       LDA #$FF
C0/3288 60          RTS

C0/32AB A5 E6       LDA $E6
C0/32AD D0 01       BNE $32B0
C0/32B0 64 E5       STZ $E5
C0/32B2 A4 06       LDY $06
C0/32B4 84 E9       STY $E9
C0/32B6 A4 E9       LDY $E9
C0/32B8 B9 7E 14    LDA $147E,y
C0/32BB 29 04       AND #$04
C0/32BD F0 0B       BEQ $32CA
C0/32BF B9 7B 14    LDA $147B,y
C0/32C2 09 80       ORA #$80
C0/32C4 99 7B 14    STA $147B,y
C0/32C7 4C 8A 34    JMP $348A

C0/348A B9 85 14    LDA $1485,y
C0/348D 4A          LSR A
C0/348E B0 03       BCS $3493
C0/3490 4C B9 34    JMP $34B9

C0/3498 B9 7B 14    LDA $147B,y
C0/349B 10 02       BPL $349F
C0/349D A9 00       LDA #$00
C0/349F 29 7F       AND #$7F
C0/34A1 AA          TAX                     A:0000 X:006C Y:0078 P:envMxdiZC
C0/34A2 B9 78 14    LDA $1478,y
C0/34A5 18          CLC                     A:002E X:0000 Y:0078 P:envMxdizC
C0/34A6 7F E1 34 C0 ADC $C034E1,x
C0/34AA 85 75       STA $75    [$00:0B75]   A:002E X:0000 Y:0078 P:envMxdizc
C0/34AC B9 7A 14    LDA $147A,y
C0/34AF 18          CLC                     A:000C X:0000 Y:0078 P:envMxdizc
C0/34B0 7F E6 34 C0 ADC $C034E6,x
C0/34B4 85 76       STA $76    [$00:0B76]   A:000C X:0000 Y:0078 P:envMxdizc
C0/34B6 20 E0 3C    JSR $3CE0
C0/34B9 A4 E9       LDY $E9    [$00:0BE9]   A:0004 X:006C Y:0000 P:envMxdizc
C0/34BB B9 7B 14    LDA $147B,y
C0/34BE 29 7F       AND #$7F                A:0083 X:006C Y:0000 P:eNvMxdizc
C0/34C0 F0 05       BEQ $05    [$34C7]      A:0003 X:006C Y:0000 P:envMxdizc
C0/34C2 3A          DEC A                   A:0003 X:006C Y:0000 P:envMxdizc
C0/34C3 0A          ASL A                   A:0002 X:006C Y:0000 P:envMxdizc
C0/34C4 99 7C 14    STA $147C,y[$00:147C]   A:0004 X:006C Y:0000 P:envMxdizc
C0/34C7 C2 20       REP #$20       (16-bit accumulator)                A:0004 X:006C Y:0000 P:envMxdizc
C0/34C9 A5 E9       LDA $E9    [$00:0BE9]   A:0004 X:006C Y:0000 P:envmxdizc
C0/34CB 18          CLC                     A:0000 X:006C Y:0000 P:envmxdiZc
C0/34CC 69 14 00    ADC #$0014              A:0000 X:006C Y:0000 P:envmxdiZc
C0/34CF 85 E9       STA $E9    [$00:0BE9]   A:0014 X:006C Y:0000 P:envmxdizc
C0/34D1 A5 06       LDA $06    [$00:0B06]   A:0014 X:006C Y:0000 P:envmxdizc
C0/34D3 E2 20       SEP #$20       (8-bit accumulator)                A:0000 X:006C Y:0000 P:envmxdiZc
C0/34D5 E6 E5       INC $E5    [$00:0BE5]   A:0000 X:006C Y:0000 P:envMxdiZc
C0/34D7 A5 E5       LDA $E5    [$00:0BE5]   A:0000 X:006C Y:0000 P:envMxdizc
C0/34D9 C5 E6       CMP $E6    [$00:0BE6]   A:0001 X:006C Y:0000 P:envMxdizc
C0/34DB F0 03       BEQ $03    [$34E0]      A:0001 X:006C Y:0000 P:eNvMxdizc
C0/34DD 4C B6 32    JMP $32B6  [$00:32B6]   A:0001 X:006C Y:0000 P:eNvMxdizc
C0/3493 A4 E9       LDY $E9    [$00:0BE9]   A:0004 X:006C Y:0078 P:envMxdizC
C0/3495 20 F8 3C    JSR $3CF8

C0/34E0 60          RTS

C0/358E AD 9F 16    LDA $169F  [$00:169F]   A:0000 X:0040 Y:003C P:envMxdIZc
C0/3591 F0 07       BEQ $07    [$359A]      A:0001 X:0040 Y:003C P:envMxdIzc
C0/3593 AD 85 14    LDA $1485  [$00:1485]   A:0001 X:0040 Y:003C P:envMxdIzc
C0/3596 29 01       AND #$01                A:0008 X:0040 Y:003C P:envMxdIzc
C0/3598 D0 01       BNE $359B
C0/359A 60          RTS

C0/359B A9 AA       LDA #$AA                A:0001 X:0000 Y:003C P:envMxdizc
C0/359D 8D 00 04    STA $0400  [$00:0400]   A:00AA X:0000 Y:003C P:eNvMxdizc
C0/35A0 8D 01 04    STA $0401  [$00:0401]   A:00AA X:0000 Y:003C P:eNvMxdizc
C0/35A3 8D 02 04    STA $0402  [$00:0402]   A:00AA X:0000 Y:003C P:eNvMxdizc
C0/35A6 8D 03 04    STA $0403  [$00:0403]   A:00AA X:0000 Y:003C P:eNvMxdizc
C0/35A9 A9 A0       LDA #$A0                A:00AA X:0000 Y:003C P:eNvMxdizc
C0/35AB 8D 1F 04    STA $041F  [$00:041F]   A:00A0 X:0000 Y:003C P:eNvMxdizc
C0/35AE AD 7C 14    LDA $147C  [$00:147C]   A:00A0 X:0000 Y:003C P:eNvMxdizc
C0/35B1 4A          LSR A                   A:0000 X:0000 Y:003C P:envMxdiZc
C0/35B2 4A          LSR A                   A:0000 X:0000 Y:003C P:envMxdiZc
C0/35B3 4A          LSR A                   A:0000 X:0000 Y:003C P:envMxdiZc
C0/35B4 85 0C       STA $0C    [$00:0B0C]   A:0000 X:0000 Y:003C P:envMxdiZc
C0/35B6 AD 7E 14    LDA $147E  [$00:147E]   A:0000 X:0000 Y:003C P:envMxdiZc
C0/35B9 29 04       AND #$04                A:008C X:0000 Y:003C P:eNvMxdizc
C0/35BB F0 08       BEQ $08    [$35C5]      A:0004 X:0000 Y:003C P:envMxdizc
C0/35BD A9 01       LDA #$01                A:0004 X:0000 Y:003C P:envMxdizc
C0/35BF 85 0C       STA $0C    [$00:0B0C]   A:0001 X:0000 Y:003C P:envMxdizc
C0/35C1 A9 07       LDA #$07                A:0001 X:0000 Y:003C P:envMxdizc
C0/35C3 80 30       BRA $35F5
C0/35C5 AD 85 14    LDA $1485
C0/35C8 29 08       AND #$08
C0/35CA F0 11       BEQ $35DD

C0/35DD AD 85 14    LDA $1485
C0/35E0 10 0E       BPL $35F0
C0/35E2 A5 3E       LDA $3E
C0/35E4 4A          LSR A
C0/35E5 4A          LSR A
C0/35E6 4A          LSR A
C0/35E7 29 03       AND #$03
C0/35E9 AA          TAX
C0/35EA BF BD 37 C0 LDA $C037BD,x
C0/35EE 80 05       BRA $35F5
C0/35F0 AD 7C 14    LDA $147C
C0/35F3 29 07       AND #$07
C0/35F5 C2 20       REP #$20       (16-bit accumulator)                A:0007 X:0000 Y:003C P:envMxdizc
C0/35F7 0A          ASL A                   A:0007 X:0000 Y:003C P:envmxdizc
C0/35F8 0A          ASL A                   A:000E X:0000 Y:003C P:envmxdizc
C0/35F9 0A          ASL A                   A:001C X:0000 Y:003C P:envmxdizc
C0/35FA 0A          ASL A                   A:0038 X:0000 Y:003C P:envmxdizc
C0/35FB 85 23       STA $23    [$00:0B23]   A:0070 X:0000 Y:003C P:envmxdizc
C0/35FD 0A          ASL A                   A:0070 X:0000 Y:003C P:envmxdizc
C0/35FE 18          CLC                     A:00E0 X:0000 Y:003C P:envmxdizc
C0/35FF 65 23       ADC $23    [$00:0B23]   A:00E0 X:0000 Y:003C P:envmxdizc
C0/3601 AA          TAX                     A:0150 X:0000 Y:003C P:envmxdizc
C0/3602 AD 77 14    LDA $1477  [$00:1477]   A:0150 X:0150 Y:003C P:envmxdizc
C0/3605 4A          LSR A                   A:2000 X:0150 Y:003C P:envmxdizc
C0/3606 4A          LSR A                   A:1000 X:0150 Y:003C P:envmxdizc
C0/3607 4A          LSR A                   A:0800 X:0150 Y:003C P:envmxdizc
C0/3608 18          CLC                     A:0400 X:0150 Y:003C P:envmxdizc
C0/3609 69 10 00    ADC #$0010              A:0400 X:0150 Y:003C P:envmxdizc
C0/360C 38          SEC                     A:0410 X:0150 Y:003C P:envmxdizc
C0/360D E5 61       SBC $61    [$00:0B61]   A:0410 X:0150 Y:003C P:envmxdizC
C0/360F 85 13       STA $13    [$00:0B13]   A:00F0 X:0150 Y:003C P:envmxdizC
C0/3611 AD 79 14    LDA $1479  [$00:1479]   A:00F0 X:0150 Y:003C P:envmxdizC
C0/3614 4A          LSR A                   A:1900 X:0150 Y:003C P:envmxdizC
C0/3615 4A          LSR A                   A:0C80 X:0150 Y:003C P:envmxdizc
C0/3616 4A          LSR A                   A:0640 X:0150 Y:003C P:envmxdizc
C0/3617 18          CLC                     A:0320 X:0150 Y:003C P:envmxdizc
C0/3618 69 18 00    ADC #$0018              A:0320 X:0150 Y:003C P:envmxdizc
C0/361B 38          SEC                     A:0338 X:0150 Y:003C P:envmxdizc
C0/361C E5 63       SBC $63    [$00:0B63]   A:0338 X:0150 Y:003C P:envmxdizC
C0/361E 85 15       STA $15    [$00:0B15]   A:02B8 X:0150 Y:003C P:envmxdizC
C0/3620 AD 88 14    LDA $1488  [$00:1488]   A:02B8 X:0150 Y:003C P:envmxdizC
C0/3623 F0 2D       BEQ $3652

C0/3652 A5 06       LDA $06    [$00:0B06]   A:0000 X:0150 Y:003C P:envmxdiZC
C0/3654 A8          TAY                     A:0000 X:0150 Y:003C P:envmxdiZC
C0/3655 E2 20       SEP #$20       (8-bit accumulator)                A:0000 X:0150 Y:0000 P:envmxdiZC
C0/3657 C2 20       REP #$20       (16-bit accumulator)                A:0000 X:0150 Y:0000 P:envMxdiZC
C0/3659 C0 00 00    CPY #$0000              A:0000 X:0150 Y:0000 P:envmxdiZC
C0/365C D0 13       BNE $13    [$3671]      A:0000 X:0150 Y:0000 P:envmxdiZC
C0/365E A5 0C       LDA $0C    [$00:0B0C]   A:0000 X:0150 Y:0000 P:envmxdiZC
C0/3660 29 07 00    AND #$0007              A:0401 X:0150 Y:0000 P:envmxdizC
C0/3663 DA          PHX                     A:0001 X:0150 Y:0000 P:envmxdizC
C0/3664 0A          ASL A                   A:0001 X:0150 Y:0000 P:envmxdizC
C0/3665 AA          TAX                     A:0002 X:0150 Y:0000 P:envmxdizc
C0/3666 BF C9 37 C0 LDA $C037C9,x[$C0:37CB] A:0002 X:0002 Y:0000 P:envmxdizc
C0/366A FA          PLX                     A:34BA X:0002 Y:0000 P:envmxdizc
C0/366B 1F D5 37 C0 ORA $C037D5,x[$C0:3925] A:34BA X:0150 Y:0000 P:envmxdizc
C0/366F 80 04       BRA $04    [$3675]      A:34BA X:0150 Y:0000 P:envmxdizc
C0/3671 BF D5 37 C0 LDA $C037D5,x[$C0:3929] A:00F0 X:0154 Y:0004 P:envmxdizC
C0/3675 99 02 02    STA $0202,y[$00:0202]   A:34BA X:0150 Y:0000 P:envmxdizc
C0/3678 29 FF 01    AND #$01FF              A:34BA X:0150 Y:0000 P:envmxdizc
C0/367B F0 39       BEQ $39    [$36B6]      A:00BA X:0150 Y:0000 P:envmxdizc
C0/367D BF D3 37 C0 LDA $C037D3,x[$C0:3923] A:00BA X:0150 Y:0000 P:envmxdizc
C0/3681 29 FF 00    AND #$00FF              A:0000 X:0150 Y:0000 P:envmxdiZc
C0/3684 C9 80 00    CMP #$0080              A:0000 X:0150 Y:0000 P:envmxdiZc
C0/3687 90 03       BCC $03    [$368C]      A:0000 X:0150 Y:0000 P:eNvmxdizc
C0/3689 09 00 FF    ORA #$FF00
C0/368C 65 13       ADC $13    [$00:0B13]   A:0000 X:0150 Y:0000 P:eNvmxdizc
C0/368E 29 FF 07    AND #$07FF              A:00F0 X:0150 Y:0000 P:envmxdizc
C0/3691 C9 00 02    CMP #$0200              A:00F0 X:0150 Y:0000 P:envmxdizc
C0/3694 B0 20       BCS $20    [$36B6]      A:00F0 X:0150 Y:0000 P:eNvmxdizc
C0/3696 4A          LSR A                   A:00F0 X:0150 Y:0000 P:eNvmxdizc
C0/3697 38          SEC                     A:0078 X:0150 Y:0000 P:envmxdizc
C0/3698 E9 08 00    SBC #$0008              A:0078 X:0150 Y:0000 P:envmxdizC
C0/369B 85 0D       STA $0D    [$00:0B0D]   A:0070 X:0150 Y:0000 P:envmxdizC
C0/369D BF D4 37 C0 LDA $C037D4,x[$C0:3924] A:0070 X:0150 Y:0000 P:envmxdizC
C0/36A1 29 FF 00    AND #$00FF              A:0000 X:0150 Y:0000 P:envmxdiZC
C0/36A4 C9 80 00    CMP #$0080              A:0000 X:0150 Y:0000 P:envmxdiZC
C0/36A7 90 03       BCC $03    [$36AC]      A:0000 X:0150 Y:0000 P:eNvmxdizc
C0/36A9 09 00 FF    ORA #$FF00              A:00E0 X:0154 Y:0004 P:envmxdizC
C0/36AC 65 15       ADC $15    [$00:0B15]   A:0000 X:0150 Y:0000 P:eNvmxdizc
C0/36AE 29 FF 07    AND #$07FF              A:02B8 X:0150 Y:0000 P:envmxdizc
C0/36B1 C9 E0 01    CMP #$01E0              A:02B8 X:0150 Y:0000 P:envmxdizc
C0/36B4 90 07       BCC $07    [$36BD]      A:02B8 X:0150 Y:0000 P:envmxdizC
C0/36B6 A9 F0 00    LDA #$00F0              A:02B8 X:0150 Y:0000 P:envmxdizC
C0/36B9 85 0F       STA $0F    [$00:0B0F]   A:00F0 X:0150 Y:0000 P:envmxdizC
C0/36BB 80 18       BRA $18    [$36D5]      A:00F0 X:0150 Y:0000 P:envmxdizC
C0/36BD 4A          LSR A                   A:01DF X:0154 Y:0004 P:eNvmxdizc
C0/36BE 38          SEC                     A:00EF X:0154 Y:0004 P:envmxdizC
C0/36BF E9 10 00    SBC #$0010              A:00EF X:0154 Y:0004 P:envmxdizC
C0/36C2 85 0F       STA $0F    [$00:0B0F]   A:00DF X:0154 Y:0004 P:envmxdizC
C0/36C4 C0 00 00    CPY #$0000              A:00DF X:0154 Y:0004 P:envmxdizC
C0/36C7 D0 0C       BNE $36D5
C0/36C9 A5 0C       LDA $0C    [$00:0B0C]   A:00DF X:0150 Y:0000 P:envmxdiZC
C0/36CB 29 08 00    AND #$0008              A:7001 X:0150 Y:0000 P:envmxdizC
C0/36CE 4A          LSR A                   A:0000 X:0150 Y:0000 P:envmxdiZC
C0/36CF 4A          LSR A                   A:0000 X:0150 Y:0000 P:envmxdiZc
C0/36D0 18          CLC                     A:0000 X:0150 Y:0000 P:envmxdiZc
C0/36D1 65 0F       ADC $0F    [$00:0B0F]   A:0000 X:0150 Y:0000 P:envmxdiZc
C0/36D3 85 0F       STA $0F
C0/36D5 A5 06       LDA $06    [$00:0B06]   A:00F0 X:0150 Y:0000 P:envmxdizC
C0/36D7 E2 20       SEP #$20       (8-bit accumulator)                A:0000 X:0150 Y:0000 P:envmxdiZC
C0/36D9 A5 0D       LDA $0D    [$00:0B0D]   A:0000 X:0150 Y:0000 P:envMxdiZC
C0/36DB C9 F8       CMP #$F8                A:0070 X:0150 Y:0000 P:envMxdizC
C0/36DD 90 1A       BCC $1A    [$36F9]      A:0070 X:0150 Y:0000 P:envMxdizc
C0/36F9 A5 0D       LDA $0D    [$00:0B0D]   A:0070 X:0150 Y:0000 P:envMxdizc
C0/36FB 99 00 02    STA $0200,y[$00:0200]   A:0070 X:0150 Y:0000 P:envMxdizc
C0/36FE A5 0F       LDA $0F    [$00:0B0F]   A:0070 X:0150 Y:0000 P:envMxdizc
C0/3700 99 01 02    STA $0201,y[$00:0201]   A:00F0 X:0150 Y:0000 P:eNvMxdizc
C0/3703 E8          INX                     A:00F0 X:0150 Y:0000 P:eNvMxdizc
C0/3704 E8          INX                     A:00F0 X:0151 Y:0000 P:envMxdizc
C0/3705 E8          INX                     A:00F0 X:0152 Y:0000 P:envMxdizc
C0/3706 E8          INX                     A:00F0 X:0153 Y:0000 P:envMxdizc
C0/3707 C8          INY                     A:00F0 X:0154 Y:0000 P:envMxdizc
C0/3708 C8          INY                     A:00F0 X:0154 Y:0001 P:envMxdizc
C0/3709 C8          INY                     A:00F0 X:0154 Y:0002 P:envMxdizc
C0/370A C8          INY                     A:00F0 X:0154 Y:0003 P:envMxdizc
C0/370B C0 30 00    CPY #$0030              A:00F0 X:0154 Y:0004 P:envMxdizc
C0/370E F0 03       BEQ $03    [$3713]      A:00F0 X:0154 Y:0004 P:eNvMxdizc
C0/3710 4C 57 36    JMP $3657  [$00:3657]   A:00F0 X:0154 Y:0004 P:eNvMxdizc
C0/3713 C2 20       REP #$20       (16-bit accumulator)                A:00F0 X:0180 Y:0030 P:envMxdiZC
C0/3715 AD 8B 14    LDA $148B  [$00:148B]   A:00F0 X:0180 Y:0030 P:envmxdiZC
C0/3718 4A          LSR A                   A:2000 X:0180 Y:0030 P:envmxdizC
C0/3719 4A          LSR A                   A:1000 X:0180 Y:0030 P:envmxdizc
C0/371A 4A          LSR A                   A:0800 X:0180 Y:0030 P:envmxdizc
C0/371B 18          CLC                     A:0400 X:0180 Y:0030 P:envmxdizc
C0/371C 69 10 00    ADC #$0010              A:0400 X:0180 Y:0030 P:envmxdizc
C0/371F 38          SEC                     A:0410 X:0180 Y:0030 P:envmxdizc
C0/3720 E5 61       SBC $61    [$00:0B61]   A:0410 X:0180 Y:0030 P:envmxdizC
C0/3722 85 13       STA $13    [$00:0B13]   A:00F0 X:0180 Y:0030 P:envmxdizC
C0/3724 AD 8D 14    LDA $148D  [$00:148D]   A:00F0 X:0180 Y:0030 P:envmxdizC
C0/3727 4A          LSR A                   A:1900 X:0180 Y:0030 P:envmxdizC
C0/3728 4A          LSR A                   A:0C80 X:0180 Y:0030 P:envmxdizc
C0/3729 4A          LSR A                   A:0640 X:0180 Y:0030 P:envmxdizc
C0/372A 18          CLC                     A:0320 X:0180 Y:0030 P:envmxdizc
C0/372B 69 18 00    ADC #$0018              A:0320 X:0180 Y:0030 P:envmxdizc
C0/372E 38          SEC                     A:0338 X:0180 Y:0030 P:envmxdizc
C0/372F E5 63       SBC $63    [$00:0B63]   A:0338 X:0180 Y:0030 P:envmxdizC
C0/3731 85 15       STA $15    [$00:0B15]   A:02B8 X:0180 Y:0030 P:envmxdizC
C0/3733 A5 06       LDA $06    [$00:0B06]   A:02B8 X:0180 Y:0030 P:envmxdizC
C0/3735 E2 20       SEP #$20       (8-bit accumulator)                A:0000 X:0180 Y:0030 P:envmxdiZC
C0/3737 A6 06       LDX $06    [$00:0B06]   A:0000 X:0180 Y:0030 P:envMxdiZC
C0/3739 A4 06       LDY $06    [$00:0B06]   A:0000 X:0000 Y:0030 P:envMxdiZC
C0/373B C2 20       REP #$20       (16-bit accumulator)                A:0000 X:0000 Y:0000 P:envMxdiZC
C0/373D BF C3 37 C0 LDA $C037C3,x[$C0:37C3] A:0000 X:0000 Y:0000 P:envmxdiZC
C0/3741 99 FA 03    STA $03FA,y[$00:03FA]   A:34BE X:0000 Y:0000 P:envmxdizC
C0/3744 BF C1 37 C0 LDA $C037C1,x[$C0:37C1] A:34BE X:0000 Y:0000 P:envmxdizC
C0/3748 29 FF 00    AND #$00FF              A:0AF0 X:0000 Y:0000 P:envmxdizC
C0/374B C9 80 00    CMP #$0080              A:00F0 X:0000 Y:0000 P:envmxdizC
C0/374E 90 03       BCC $03    [$3753]      A:00F0 X:0000 Y:0000 P:envmxdizC
C0/3750 09 00 FF    ORA #$FF00              A:00F0 X:0000 Y:0000 P:envmxdizC
C0/3753 65 13       ADC $13    [$00:0B13]   A:FFF0 X:0000 Y:0000 P:eNvmxdizC
C0/3755 29 FF 07    AND #$07FF              A:00E1 X:0000 Y:0000 P:envmxdizC
C0/3758 C9 00 02    CMP #$0200              A:00E1 X:0000 Y:0000 P:envmxdizC
C0/375B B0 18       BCS $18    [$3775]      A:00E1 X:0000 Y:0000 P:eNvmxdizc
C0/375D 4A          LSR A                   A:00E1 X:0000 Y:0000 P:eNvmxdizc
C0/375E 38          SEC                     A:0070 X:0000 Y:0000 P:envmxdizC
C0/375F E9 08 00    SBC #$0008              A:0070 X:0000 Y:0000 P:envmxdizC
C0/3762 85 0D       STA $0D    [$00:0B0D]   A:0068 X:0000 Y:0000 P:envmxdizC
C0/3764 BF C2 37 C0 LDA $C037C2,x[$C0:37C2] A:0068 X:0000 Y:0000 P:envmxdizC
C0/3768 29 FF 00    AND #$00FF              A:BE0A X:0000 Y:0000 P:eNvmxdizC
C0/376B 65 15       ADC $15    [$00:0B15]   A:000A X:0000 Y:0000 P:envmxdizC
C0/376D 29 FF 07    AND #$07FF              A:02C3 X:0000 Y:0000 P:envmxdizc
C0/3770 C9 E0 01    CMP #$01E0              A:02C3 X:0000 Y:0000 P:envmxdizc
C0/3773 90 07       BCC $07    [$377C]      A:02C3 X:0000 Y:0000 P:envmxdizC
C0/3775 A9 F0 00    LDA #$00F0              A:02C3 X:0000 Y:0000 P:envmxdizC
C0/3778 85 0F       STA $0F    [$00:0B0F]   A:00F0 X:0000 Y:0000 P:envmxdizC
C0/377A 80 07       BRA $07    [$3783]      A:00F0 X:0000 Y:0000 P:envmxdizC
C0/377C 4A          LSR A                   A:01DF X:0000 Y:0000 P:eNvmxdizc
C0/377D 38          SEC                     A:00EF X:0000 Y:0000 P:envmxdizC
C0/377E E9 10 00    SBC #$0010              A:00EF X:0000 Y:0000 P:envmxdizC
C0/3781 85 0F       STA $0F
C0/3783 A5 06       LDA $06    [$00:0B06]   A:00F0 X:0000 Y:0000 P:envmxdizC
C0/3785 E2 20       SEP #$20       (8-bit accumulator)                A:0000 X:0000 Y:0000 P:envmxdiZC
C0/3787 A5 0D       LDA $0D    [$00:0B0D]   A:0000 X:0000 Y:0000 P:envMxdiZC
C0/3789 C9 F8       CMP #$F8                A:0068 X:0000 Y:0000 P:envMxdizC
C0/378B 90 14       BCC $14    [$37A1]      A:0068 X:0000 Y:0000 P:envMxdizc
C0/37A1 A5 0D       LDA $0D    [$00:0B0D]   A:0068 X:0000 Y:0000 P:envMxdizc
C0/37A3 99 F8 03    STA $03F8,y[$00:03F8]   A:0068 X:0000 Y:0000 P:envMxdizc
C0/37A6 A5 0F       LDA $0F    [$00:0B0F]   A:0068 X:0000 Y:0000 P:envMxdizc
C0/37A8 99 F9 03    STA $03F9,y[$00:03F9]   A:00F0 X:0000 Y:0000 P:eNvMxdizc
C0/37AB C8          INY                     A:00F0 X:0000 Y:0000 P:eNvMxdizc
C0/37AC C8          INY                     A:00F0 X:0000 Y:0001 P:envMxdizc
C0/37AD C8          INY                     A:00F0 X:0000 Y:0002 P:envMxdizc
C0/37AE C8          INY                     A:00F0 X:0000 Y:0003 P:envMxdizc
C0/37AF E8          INX                     A:00F0 X:0000 Y:0004 P:envMxdizc
C0/37B0 E8          INX                     A:00F0 X:0001 Y:0004 P:envMxdizc
C0/37B1 E8          INX                     A:00F0 X:0002 Y:0004 P:envMxdizc
C0/37B2 E8          INX                     A:00F0 X:0003 Y:0004 P:envMxdizc
C0/37B3 C0 08 00    CPY #$0008              A:00F0 X:0004 Y:0004 P:envMxdizc
C0/37B6 D0 83       BNE $373B
C0/37B8 60          RTS

C0/39B3 A5 E6       LDA $E6    [$00:0BE6]   A:0028 X:0040 Y:01E8 P:envMxdIzC
C0/39B5 D0 01       BNE $01    [$39B8]      A:0004 X:0040 Y:01E8 P:envMxdIzC
C0/39B8 A4 06       LDY $06    [$00:0B06]   A:0004 X:0040 Y:01E8 P:envMxdIzC
C0/39BA 84 E9       STY $E9    [$00:0BE9]   A:0004 X:0040 Y:0000 P:envMxdIZC
C0/39BC 84 23       STY $23    [$00:0B23]   A:0004 X:0040 Y:0000 P:envMxdIZC
C0/39BE 64 E5       STZ $E5    [$00:0BE5]   A:0004 X:0040 Y:0000 P:envMxdIZC
C0/39C0 A5 E6       LDA $E6    [$00:0BE6]   A:0004 X:0040 Y:0000 P:envMxdIZC
C0/39C2 48          PHA                     A:0004 X:0040 Y:0000 P:envMxdIzC
C0/39C3 A4 E9       LDY $E9    [$00:0BE9]   A:0004 X:0040 Y:0000 P:envMxdIzC
C0/39C5 AD 9F 16    LDA $169F  [$00:169F]   A:0004 X:0040 Y:0000 P:envMxdIZC
C0/39C8 F0 08       BEQ $08    [$39D2]      A:0001 X:0040 Y:0000 P:envMxdIzC
C0/39CA C0 28 00    CPY #$0028              A:0001 X:0040 Y:0000 P:envMxdIzC
C0/39CD B0 03       BCS $03    [$39D2]      A:0001 X:0040 Y:0000 P:eNvMxdIzc
C0/39CF 4C 67 3B    JMP $3B67  [$00:3B67]   A:0001 X:0040 Y:0000 P:eNvMxdIzc

C0/39D2 B9 85 14    LDA $1485,y
C0/39D5 29 01       AND #$01
C0/39D7 D0 03       BNE $39DC
C0/39D9 4C 67 3B    JMP $3B67

C0/39DC B9 7E 14    LDA $147E,y
C0/39DF 29 70       AND #$70
C0/39E1 F0 28       BEQ $3A0B
C0/39E3 C9 50       CMP #$50
C0/39E5 F0 24       BEQ $24
C0/39E7 4A          LSR A
C0/39E8 4A          LSR A
C0/39E9 85 08       STA $08
C0/39EB B9 7E 14    LDA $147E,y
C0/39EE 29 03       AND #$03
C0/39F0 AA          TAX
C0/39F1 BF 88 3B C0 LDA $C03B88,x
C0/39F5 AA          TAX
C0/39F6 A5 3E       LDA $3E
C0/39F8 4A          LSR A
C0/39F9 CA          DEX
C0/39FA D0 FC       BNE $FC
C0/39FC 29 03       AND #$03
C0/39FE 05 08       ORA $08
C0/3A00 AA          TAX
C0/3A01 BF 8C 3B C0 LDA $C03B8C,x
C0/3A05 18          CLC
C0/3A06 79 87 14    ADC $1487,y
C0/3A09 80 55       BRA $3A60
C0/3A0B B9 7C 14    LDA $147C,y
C0/3A0E 29 7F       AND #$7F
C0/3A10 C9 10       CMP #$10
C0/3A12 90 04       BCC $3A18
C0/3A14 C9 40       CMP #$40
C0/3A16 90 48       BCC $3A60
C0/3A18 B9 88 14    LDA $1488,y[$00:14C4]   A:0004 X:0000 Y:003C P:eNvMxdizc
C0/3A1B D0 2A       BNE $2A    [$3A47]      A:0000 X:0000 Y:003C P:envMxdiZc
C0/3A1D B9 85 14    LDA $1485,y[$00:14C1]   A:0000 X:0000 Y:003C P:envMxdiZc
C0/3A20 29 08       AND #$08                A:0009 X:0000 Y:003C P:envMxdizc
C0/3A22 F0 23       BEQ $23    [$3A47]      A:0008 X:0000 Y:003C P:envMxdizc
C0/3A24 64 08       STZ $08    [$00:0B08]   A:0008 X:0000 Y:003C P:envMxdizc
C0/3A26 B9 7E 14    LDA $147E,y[$00:14BA]   A:0008 X:0000 Y:003C P:envMxdizc
C0/3A29 29 08       AND #$08                A:0006 X:0000 Y:003C P:envMxdizc
C0/3A2B D0 05       BNE $05    [$3A32]      A:0000 X:0000 Y:003C P:envMxdiZc
C0/3A2D B9 7D 14    LDA $147D,y[$00:14B9]   A:0000 X:0000 Y:003C P:envMxdiZc
C0/3A30 30 0C       BMI $0C    [$3A3E]      A:0004 X:0000 Y:003C P:envMxdizc
C0/3A32 B9 7D 14    LDA $147D,y[$00:14B9]   A:0004 X:0000 Y:003C P:envMxdizc
C0/3A35 29 20       AND #$20                A:0004 X:0000 Y:003C P:envMxdizc
C0/3A37 18          CLC                     A:0000 X:0000 Y:003C P:envMxdiZc
C0/3A38 2A          ROL A                   A:0000 X:0000 Y:003C P:envMxdiZc
C0/3A39 2A          ROL A
C0/3A3A 2A          ROL A
C0/3A3B 2A          ROL A
C0/3A3C 85 08       STA $08
C0/3A3E B9 7C 14    LDA $147C,y
C0/3A41 29 7F       AND #$7F
C0/3A43 05 08       ORA $08
C0/3A45 80 19       BRA $3A60
C0/3A47 B9 7C 14    LDA $147C,y
C0/3A4A 30 04       BMI $3A50
C0/3A4C 29 7F       AND #$7F
C0/3A4E 80 10       BRA $3A60

C0/3A60 85 08       STA $08
C0/3A62 C9 08       CMP #$08
C0/3A64 B0 10       BCS $10
C0/3A66 B9 7E 14    LDA $147E,y
C0/3A69 29 70       AND #$70
C0/3A6B C9 50       CMP #$50
C0/3A6D D0 07       BNE $3A76
C0/3A6F A5 08       LDA $08
C0/3A71 18          CLC
C0/3A72 69 40       ADC #$40
C0/3A74 85 08       STA $08
C0/3A76 A5 08       LDA $08
C0/3A78 C2 20       REP #$20       (16-bit accumulator)
C0/3A7A 0A          ASL A
C0/3A7B 0A          ASL A
C0/3A7C 0A          ASL A
C0/3A7D 0A          ASL A
C0/3A7E AA          TAX
C0/3A7F A4 E9       LDY $E9
C0/3A81 B9 77 14    LDA $1477,y
C0/3A84 4A          LSR A
C0/3A85 4A          LSR A
C0/3A86 4A          LSR A
C0/3A87 18          CLC
C0/3A88 69 10 00    ADC #$0010
C0/3A8B 38          SEC
C0/3A8C E5 61       SBC $61
C0/3A8E 29 FF 07    AND #$07FF
C0/3A91 C9 00 02    CMP #$0200
C0/3A94 90 03       BCC $3A99
C0/3A96 4C 67 3B    JMP $3B67

C0/3A99 4A          LSR A
C0/3A9A 85 0D       STA $0D
C0/3A9C DA          PHX
C0/3A9D B9 85 14    LDA $1485,y
C0/3AA0 29 04 00    AND #$0004
C0/3AA3 D0 09       BNE $3AAE
C0/3AA5 B9 88 14    LDA $1488,y
C0/3AA8 29 FF 00    AND #$00FF
C0/3AAB 4A          LSR A
C0/3AAC 80 08       BRA $3AB6
C0/3AAE B9 88 14    LDA $1488,y
C0/3AB1 29 FF 00    AND #$00FF
C0/3AB4 4A          LSR A
C0/3AB5 4A          LSR A
C0/3AB6 AA          TAX
C0/3AB7 BF DB 22 C0 LDA $C022DB,x
C0/3ABB 29 FF 00    AND #$00FF
C0/3ABE 0A          ASL A
C0/3ABF 85 0F       STA $0F
C0/3AC1 FA          PLX
C0/3AC2 B9 79 14    LDA $1479,y
C0/3AC5 4A          LSR A
C0/3AC6 4A          LSR A
C0/3AC7 4A          LSR A
C0/3AC8 18          CLC
C0/3AC9 69 10 00    ADC #$0010
C0/3ACC 38          SEC
C0/3ACD E5 63       SBC $63
C0/3ACF 38          SEC
C0/3AD0 E5 0F       SBC $0F
C0/3AD2 29 FF 07    AND #$07FF
C0/3AD5 C9 F0 07    CMP #$07F0
C0/3AD8 B0 08       BCS $3AE2
C0/3ADA C9 E0 01    CMP #$01E0
C0/3ADD 90 03       BCC $3AE2
C0/3ADF 4C 67 3B    JMP $3B67

C0/3AE2 4A          LSR A                   A:0071 X:0040 Y:003C P:eNvmxdizc
C0/3AE3 85 0F       STA $0F    [$00:0B0F]   A:0038 X:0040 Y:003C P:envmxdizC
C0/3AE5 B9 77 14    LDA $1477,y[$00:14B3]   A:0038 X:0040 Y:003C P:envmxdizC
C0/3AE8 4A          LSR A                   A:1D00 X:0040 Y:003C P:envmxdizC
C0/3AE9 4A          LSR A                   A:0E80 X:0040 Y:003C P:envmxdizc
C0/3AEA 4A          LSR A                   A:0740 X:0040 Y:003C P:envmxdizc
C0/3AEB 4A          LSR A                   A:03A0 X:0040 Y:003C P:envmxdizc
C0/3AEC 4A          LSR A                   A:01D0 X:0040 Y:003C P:envmxdizc
C0/3AED 4A          LSR A                   A:00E8 X:0040 Y:003C P:envmxdizc
C0/3AEE 29 01 00    AND #$0001              A:0074 X:0040 Y:003C P:envmxdizc
C0/3AF1 18          CLC                     A:0000 X:0040 Y:003C P:envmxdiZc
C0/3AF2 65 0F       ADC $0F    [$00:0B0F]   A:0000 X:0040 Y:003C P:envmxdiZc
C0/3AF4 85 0F       STA $0F    [$00:0B0F]   A:0038 X:0040 Y:003C P:envmxdizc
C0/3AF6 A5 06       LDA $06    [$00:0B06]   A:0038 X:0040 Y:003C P:envmxdizc
C0/3AF8 E2 20       SEP #$20       (8-bit accumulator)                A:0000 X:0040 Y:003C P:envmxdiZc
C0/3AFA A4 23       LDY $23    [$00:0B23]   A:0000 X:0040 Y:003C P:envMxdiZc
C0/3AFC A5 0D       LDA $0D    [$00:0B0D]   A:0000 X:0040 Y:0018 P:envMxdizc
C0/3AFE 38          SEC                     A:0048 X:0040 Y:0018 P:envMxdizc
C0/3AFF ED A0 10    SBC $10A0  [$00:10A0]   A:0048 X:0040 Y:0018 P:envMxdizC
C0/3B02 99 44 02    STA $0244,y[$00:025C]   A:0048 X:0040 Y:0018 P:envMxdizC
C0/3B05 99 1C 03    STA $031C,y[$00:0334]   A:0048 X:0040 Y:0018 P:envMxdizC
C0/3B08 38          SEC                     A:0048 X:0040 Y:0018 P:envMxdizC
C0/3B09 E9 08       SBC #$08                A:0048 X:0040 Y:0018 P:envMxdizC
C0/3B0B 99 40 02    STA $0240,y[$00:0258]   A:0040 X:0040 Y:0018 P:envMxdizC
C0/3B0E 99 18 03    STA $0318,y[$00:0330]   A:0040 X:0040 Y:0018 P:envMxdizC
C0/3B11 A5 0F       LDA $0F    [$00:0B0F]   A:0040 X:0040 Y:0018 P:envMxdizC
C0/3B13 38          SEC                     A:0038 X:0040 Y:0018 P:envMxdizC
C0/3B14 ED A2 10    SBC $10A2  [$00:10A2]   A:0038 X:0040 Y:0018 P:envMxdizC
C0/3B17 38          SEC                     A:0038 X:0040 Y:0018 P:envMxdizC
C0/3B18 E9 03       SBC #$03                A:0038 X:0040 Y:0018 P:envMxdizC
C0/3B1A 99 19 03    STA $0319,y[$00:0331]   A:0035 X:0040 Y:0018 P:envMxdizC
C0/3B1D 99 1D 03    STA $031D,y[$00:0335]   A:0035 X:0040 Y:0018 P:envMxdizC
C0/3B20 38          SEC                     A:0035 X:0040 Y:0018 P:envMxdizC
C0/3B21 E9 08       SBC #$08                A:0035 X:0040 Y:0018 P:envMxdizC
C0/3B23 99 41 02    STA $0241,y[$00:0259]   A:002D X:0040 Y:0018 P:envMxdizC
C0/3B26 99 45 02    STA $0245,y[$00:025D]   A:002D X:0040 Y:0018 P:envMxdizC
C0/3B29 C2 20       REP #$20       (16-bit accumulator)                A:002D X:0040 Y:0018 P:envMxdizC
C0/3B2B A4 E9       LDY $E9    [$00:0BE9]   A:002D X:0040 Y:0018 P:envmxdizC
C0/3B2D BF 97 2A C0 LDA $C02A97,x[$C0:2AD7] A:002D X:0040 Y:003C P:envmxdizC
C0/3B31 18          CLC                     A:0000 X:0040 Y:003C P:envmxdiZC
C0/3B32 79 81 14    ADC $1481,y[$00:14BD]   A:0000 X:0040 Y:003C P:envmxdiZc
C0/3B35 A4 23       LDY $23    [$00:0B23]   A:2110 X:0040 Y:003C P:envmxdizc
C0/3B37 99 42 02    STA $0242,y[$00:025A]   A:2110 X:0040 Y:0018 P:envmxdizc
C0/3B3A A4 E9       LDY $E9    [$00:0BE9]   A:2110 X:0040 Y:0018 P:envmxdizc
C0/3B3C BF 9B 2A C0 LDA $C02A9B,x[$C0:2ADB] A:2110 X:0040 Y:003C P:envmxdizc
C0/3B40 18          CLC                     A:0001 X:0040 Y:003C P:envmxdizc
C0/3B41 79 81 14    ADC $1481,y[$00:14BD]   A:0001 X:0040 Y:003C P:envmxdizc
C0/3B44 A4 23       LDY $23    [$00:0B23]   A:2111 X:0040 Y:003C P:envmxdizc
C0/3B46 99 46 02    STA $0246,y[$00:025E]   A:2111 X:0040 Y:0018 P:envmxdizc
C0/3B49 A4 E9       LDY $E9    [$00:0BE9]   A:2111 X:0040 Y:0018 P:envmxdizc
C0/3B4B BF 9F 2A C0 LDA $C02A9F,x[$C0:2ADF] A:2111 X:0040 Y:003C P:envmxdizc
C0/3B4F 18          CLC                     A:0002 X:0040 Y:003C P:envmxdizc
C0/3B50 79 83 14    ADC $1483,y[$00:14BF]   A:0002 X:0040 Y:003C P:envmxdizc
C0/3B53 A4 23       LDY $23    [$00:0B23]   A:2112 X:0040 Y:003C P:envmxdizc
C0/3B55 99 1A 03    STA $031A,y[$00:0332]   A:2112 X:0040 Y:0018 P:envmxdizc
C0/3B58 A4 E9       LDY $E9    [$00:0BE9]   A:2112 X:0040 Y:0018 P:envmxdizc
C0/3B5A BF A3 2A C0 LDA $C02AA3,x[$C0:2AE3] A:2112 X:0040 Y:003C P:envmxdizc
C0/3B5E 18          CLC                     A:0003 X:0040 Y:003C P:envmxdizc
C0/3B5F 79 83 14    ADC $1483,y[$00:14BF]   A:0003 X:0040 Y:003C P:envmxdizc
C0/3B62 A4 23       LDY $23    [$00:0B23]   A:2113 X:0040 Y:003C P:envmxdizc
C0/3B64 99 1E 03    STA $031E,y
C0/3B67 C2 20       REP #$20       (16-bit accumulator)                A:0001 X:0040 Y:0000 P:eNvMxdIzc
C0/3B69 A5 23       LDA $23    [$00:0B23]   A:0001 X:0040 Y:0000 P:eNvmxdIzc
C0/3B6B 18          CLC                     A:0000 X:0040 Y:0000 P:envmxdIZc
C0/3B6C 69 08 00    ADC #$0008              A:0000 X:0040 Y:0000 P:envmxdIZc
C0/3B6F 85 23       STA $23    [$00:0B23]   A:0008 X:0040 Y:0000 P:envmxdIzc
C0/3B71 A5 E9       LDA $E9    [$00:0BE9]   A:0008 X:0040 Y:0000 P:envmxdIzc
C0/3B73 18          CLC                     A:0000 X:0040 Y:0000 P:envmxdIZc
C0/3B74 69 14 00    ADC #$0014              A:0000 X:0040 Y:0000 P:envmxdIZc
C0/3B77 85 E9       STA $E9    [$00:0BE9]   A:0014 X:0040 Y:0000 P:envmxdIzc
C0/3B79 A5 06       LDA $06    [$00:0B06]   A:0014 X:0040 Y:0000 P:envmxdIzc
C0/3B7B E2 20       SEP #$20       (8-bit accumulator)                A:0000 X:0040 Y:0000 P:envmxdIZc
C0/3B7D 68          PLA                     A:0000 X:0040 Y:0000 P:envMxdIZc
C0/3B7E 3A          DEC A                   A:0004 X:0040 Y:0000 P:envMxdIzc
C0/3B7F F0 03       BEQ $03    [$3B84]      A:0003 X:0040 Y:0000 P:envMxdIzc
C0/3B81 4C C2 39    JMP $39C2  [$00:39C2]   A:0003 X:0040 Y:0000 P:envMxdIzc

C0/3B84 20 8E 35    JSR $358E
C0/3B87 60          RTS

C0/3BAC A5 E6       LDA $E6
C0/3BAE D0 01       BNE $3BB1
C0/3BB1 64 E5       STZ $E5
C0/3BB3 A4 06       LDY $06
C0/3BB5 84 E9       STY $E9
C0/3BB7 A4 E9       LDY $E9
C0/3BB9 A5 57       LDA $57
C0/3BBB F0 08       BEQ $08
C0/3BBD B9 86 14    LDA $1486,y
C0/3BC0 D0 1C       BNE $1C
C0/3BC2 4C 74 3C    JMP $3C74

C0/3BC5 B9 7B 14    LDA $147B,y
C0/3BC8 10 03       BPL $3BCD
C0/3BCA 4C 48 3C    JMP $3C48

C0/3BDE B9 7B 14    LDA $147B,y
C0/3BE1 29 7F       AND #$7F
C0/3BE3 D0 03       BNE $3BE8
C0/3BE5 4C 48 3C    JMP $3C48

C0/3BE8 A4 E9       LDY $E9
C0/3BEA B9 85 14    LDA $1485,y
C0/3BED 29 02       AND #$02
C0/3BEF D0 07       BNE $3BF8
C0/3BF1 B9 7E 14    LDA $147E,y
C0/3BF4 29 03       AND #$03
C0/3BF6 80 02       BRA $3BFA
C0/3BFA 0A          ASL A
C0/3BFB AA          TAX
C0/3BFC B9 7B 14    LDA $147B,y
C0/3BFF 3A          DEC A
C0/3C00 F0 08       BEQ $3C0A
C0/3C02 3A          DEC A
C0/3C03 F0 14       BEQ $3C19
C0/3C05 3A          DEC A
C0/3C06 F0 20       BEQ $3C28
C0/3C08 80 2D       BRA $3C37

C0/3C0A C2 20       REP #$20       (16-bit accumulator)                A:0000 X:0004 Y:003C P:envMxdiZc
C0/3C0C B9 79 14    LDA $1479,y[$00:14B5]   A:0000 X:0004 Y:003C P:envmxdiZc
C0/3C0F 38          SEC                     A:1800 X:0004 Y:003C P:envmxdizc
C0/3C10 FF AB 3C C0 SBC $C03CAB,x[$C0:3CAF] A:1800 X:0004 Y:003C P:envmxdizC
C0/3C14 99 79 14    STA $1479,y[$00:14B5]   A:17F8 X:0004 Y:003C P:envmxdizC
C0/3C17 80 2B       BRA $2B    [$3C44]

C0/3C19 C2 20       REP #$20       (16-bit accumulator)
C0/3C1B B9 77 14    LDA $1477,y
C0/3C1E 18          CLC
C0/3C1F 7F AB 3C C0 ADC $C03CAB,x
C0/3C23 99 77 14    STA $1477,y
C0/3C26 80 1C       BRA $3C44
C0/3C28 C2 20       REP #$20       (16-bit accumulator)
C0/3C2A B9 79 14    LDA $1479,y
C0/3C2D 18          CLC
C0/3C2E 7F AB 3C C0 ADC $C03CAB,x
C0/3C32 99 79 14    STA $1479,y
C0/3C35 80 0D       BRA $3C44
C0/3C37 C2 20       REP #$20       (16-bit accumulator)
C0/3C39 B9 77 14    LDA $1477,y
C0/3C3C 38          SEC
C0/3C3D FF AB 3C C0 SBC $C03CAB,x
C0/3C41 99 77 14    STA $1477,y
C0/3C44 A5 06       LDA $06
C0/3C46 E2 20       SEP #$20       (8-bit accumulator)
C0/3C48 B9 85 14    LDA $1485,y
C0/3C4B 29 02       AND #$02
C0/3C4D D0 07       BNE $3C56
C0/3C4F B9 7E 14    LDA $147E,y
C0/3C52 29 03       AND #$03
C0/3C54 80 02       BRA $3C58
C0/3C58 AA          TAX
C0/3C59 B9 7D 14    LDA $147D,y
C0/3C5C 18          CLC
C0/3C5D 7F B3 3C C0 ADC $C03CB3,x
C0/3C61 99 7D 14    STA $147D,y
C0/3C64 B9 88 14    LDA $1488,y
C0/3C67 F0 0B       BEQ $3C74
C0/3C69 B9 88 14    LDA $1488,y
C0/3C6C 38          SEC
C0/3C6D FF B7 3C C0 SBC $C03CB7,x
C0/3C71 99 88 14    STA $1488,y
C0/3C74 A5 57       LDA $57
C0/3C76 F0 19       BEQ $3C91
C0/3C78 B9 86 14    LDA $1486,y
C0/3C7B F0 14       BEQ $3C91
C0/3C7D B9 7D 14    LDA $147D,y
C0/3C80 29 7F       AND #$7F
C0/3C82 D0 0D       BNE $3C91
C0/3C84 B9 88 14    LDA $1488,y
C0/3C87 D0 08       BNE $3C91
C0/3C89 A9 00       LDA #$00
C0/3C8B 99 86 14    STA $1486,y
C0/3C8E 99 7B 14    STA $147B,y

C0/3C91 C2 20       REP #$20       (16-bit accumulator)                A:0000 X:0000 Y:0000 P:envMxdiZC
C0/3C93 A5 E9       LDA $E9    [$00:0BE9]   A:0000 X:0000 Y:0000 P:envmxdiZC
C0/3C95 18          CLC                     A:0000 X:0000 Y:0000 P:envmxdiZC
C0/3C96 69 14 00    ADC #$0014              A:0000 X:0000 Y:0000 P:envmxdiZc
C0/3C99 85 E9       STA $E9    [$00:0BE9]   A:0014 X:0000 Y:0000 P:envmxdizc
C0/3C9B A5 06       LDA $06    [$00:0B06]   A:0014 X:0000 Y:0000 P:envmxdizc
C0/3C9D E2 20       SEP #$20       (8-bit accumulator)                A:0000 X:0000 Y:0000 P:envmxdiZc
C0/3C9F E6 E5       INC $E5    [$00:0BE5]   A:0000 X:0000 Y:0000 P:envMxdiZc
C0/3CA1 A5 E5       LDA $E5    [$00:0BE5]   A:0000 X:0000 Y:0000 P:envMxdizc
C0/3CA3 C5 E6       CMP $E6    [$00:0BE6]   A:0001 X:0000 Y:0000 P:envMxdizc
C0/3CA5 F0 03       BEQ $3CAA
C0/3CA7 4C B7 3B    JMP $3BB7
C0/3CAA 60          RTS

C0/3CBB A5 76       LDA $76    [$00:0B76]   A:000B X:0400 Y:02E0 P:envMxdizc
C0/3CBD 29 3F       AND #$3F                A:000B X:0400 Y:02E0 P:envMxdizc
C0/3CBF EB          XBA                     A:000B X:0400 Y:02E0 P:envMxdizc
C0/3CC0 C2 20       REP #$20       (16-bit accumulator)                A:0B00 X:0400 Y:02E0 P:envMxdiZc
C0/3CC2 4A          LSR A                   A:0B00 X:0400 Y:02E0 P:envmxdiZc
C0/3CC3 4A          LSR A                   A:0580 X:0400 Y:02E0 P:envmxdizc
C0/3CC4 85 0D       STA $0D    [$00:0B0D]   A:02C0 X:0400 Y:02E0 P:envmxdizc
C0/3CC6 A5 75       LDA $75    [$00:0B75]   A:02C0 X:0400 Y:02E0 P:envmxdizc
C0/3CC8 29 3F 00    AND #$003F              A:0B20 X:0400 Y:02E0 P:envmxdizc
C0/3CCB 05 0D       ORA $0D    [$00:0B0D]   A:0020 X:0400 Y:02E0 P:envmxdizc
C0/3CCD AA          TAX                     A:02E0 X:0400 Y:02E0 P:envmxdizc
C0/3CCE A5 06       LDA $06    [$00:0B06]   A:02E0 X:02E0 Y:02E0 P:envmxdizc
C0/3CD0 E2 20       SEP #$20       (8-bit accumulator)                A:0000 X:02E0 Y:02E0 P:envmxdiZc
C0/3CD2 60          RTS

C0/3CD3 A2 00 10    LDX #$1000
C0/3CD6 A9 00       LDA #$00
C0/3CD8 9F FF 2F 7F STA $7F2FFF,x
C0/3CDC CA          DEX
C0/3CDD D0 F9       BNE $3CD8
C0/3CDF 60          RTS

C0/3CE0 DA          PHX
C0/3CE1 20 BB 3C    JSR $3CBB
C0/3CE4 C2 20       REP #$20       (16-bit accumulator)
C0/3CE6 8A          TXA
C0/3CE7 99 89 14    STA $1489,y
C0/3CEA A5 06       LDA $06
C0/3CEC E2 20       SEP #$20       (8-bit accumulator)
C0/3CEE A5 E5       LDA $E5
C0/3CF0 09 80       ORA #$80
C0/3CF2 9F 00 30 7F STA $7F3000,x
C0/3CF6 FA          PLX
C0/3CF7 60          RTS

C0/3CF8 DA          PHX
C0/3CF9 C2 20       REP #$20       (16-bit accumulator)
C0/3CFB B9 89 14    LDA $1489,y
C0/3CFE AA          TAX
C0/3CFF A5 06       LDA $06
C0/3D01 E2 20       SEP #$20       (8-bit accumulator)
C0/3D03 A9 00       LDA #$00
C0/3D05 9F 00 30 7F STA $7F3000,x
C0/3D09 FA          PLX
C0/3D0A 60          RTS

C0/3D28 A5 E6       LDA $E6    [$00:0BE6]   A:0004 X:000E Y:001A P:envMxdIzC
C0/3D2A D0 01       BNE $01    [$3D2D]      A:0004 X:000E Y:001A P:envMxdIzC
C0/3D2D 20 98 3E    JSR $3E98
C0/3D30 A2 00 65    LDX #$6500              A:0000 X:000E Y:001A P:envMxdIZc
C0/3D33 86 2E       STX $2E    [$00:0B2E]   A:0000 X:6500 Y:001A P:envMxdIzc
C0/3D35 A6 06       LDX $06    [$00:0B06]   A:0000 X:6500 Y:001A P:envMxdIzc
C0/3D37 86 E9       STX $E9    [$00:0BE9]   A:0000 X:0000 Y:001A P:envMxdIZc
C0/3D39 A6 E7       LDX $E7    [$00:0BE7]   A:0000 X:0000 Y:001A P:envMxdIZc
C0/3D3B 86 29       STX $29    [$00:0B29]   A:0000 X:043A Y:001A P:envMxdIzc
C0/3D3D A9 00       LDA #$00                A:0000 X:043A Y:001A P:envMxdIzc
C0/3D3F 48          PHA                     A:0000 X:043A Y:001A P:envMxdIZc
C0/3D40 A9 DA       LDA #$DA                A:0000 X:043A Y:001A P:envMxdIZc
C0/3D42 85 25       STA $25    [$00:0B25]   A:00DA X:043A Y:001A P:eNvMxdIzc
C0/3D44 A6 29       LDX $29    [$00:0B29]   A:00DA X:043A Y:001A P:eNvMxdIzc
C0/3D46 68          PLA                     A:00DA X:043A Y:001A P:envMxdIzc
C0/3D47 48          PHA                     A:0000 X:043A Y:001A P:envMxdIZc
C0/3D48 F0 25       BEQ $3D6F

C0/3D54 A5 55       LDA $55    [$00:0B55]   A:0033 X:0A76 Y:001A P:envMxdIZC
C0/3D56 D0 14       BNE $14    [$3D6C]      A:0000 X:0A76 Y:001A P:envMxdIZC
C0/3D58 C2 20       REP #$20       (16-bit accumulator)                A:0000 X:0A76 Y:001A P:envMxdIZC
C0/3D5A A6 E9       LDX $E9    [$00:0BE9]   A:0000 X:0A76 Y:001A P:envmxdIZC
C0/3D5C BD 6D 14    LDA $146D,x[$00:14A9]   A:0000 X:003C Y:001A P:envmxdIzC
C0/3D5F 9D 81 14    STA $1481,x[$00:14BD]   A:00A0 X:003C Y:001A P:envmxdIzC
C0/3D62 BD 6F 14    LDA $146F,x[$00:14AB]   A:00A0 X:003C Y:001A P:envmxdIzC
C0/3D65 9D 83 14    STA $1483,x[$00:14BF]   A:00A0 X:003C Y:001A P:envmxdIzC
C0/3D68 A5 06       LDA $06    [$00:0B06]   A:00A0 X:003C Y:001A P:envmxdIzC
C0/3D6A E2 20       SEP #$20       (8-bit accumulator)                A:0000 X:003C Y:001A P:envmxdIZC
C0/3D6C 4C 78 3E    JMP $3E78

C0/3D6F BF C2 59 CE LDA $CE59C2,x[$CE:5DFC] A:0000 X:043A Y:001A P:envMxdIZc
C0/3D73 C9 FF       CMP #$FF                A:0067 X:043A Y:001A P:envMxdIzc
C0/3D75 F0 1E       BEQ $1E    [$3D95]      A:0067 X:043A Y:001A P:envMxdIzc
C0/3D77 A5 55       LDA $55    [$00:0B55]   A:0067 X:043A Y:001A P:envMxdIzc
C0/3D79 D0 2F       BNE $2F    [$3DAA]      A:0000 X:043A Y:001A P:envMxdIZc
C0/3D7B C2 20       REP #$20       (16-bit accumulator)                A:0000 X:043A Y:001A P:envMxdIZc
C0/3D7D A5 2E       LDA $2E    [$00:0B2E]   A:0000 X:043A Y:001A P:envmxdIZc
C0/3D7F 38          SEC                     A:6500 X:043A Y:001A P:envmxdIzc
C0/3D80 E9 00 60    SBC #$6000              A:6500 X:043A Y:001A P:envmxdIzC
C0/3D83 4A          LSR A                   A:0500 X:043A Y:001A P:envmxdIzC
C0/3D84 4A          LSR A                   A:0280 X:043A Y:001A P:envmxdIzc
C0/3D85 4A          LSR A                   A:0140 X:043A Y:001A P:envmxdIzc
C0/3D86 4A          LSR A                   A:00A0 X:043A Y:001A P:envmxdIzc
C0/3D87 A6 E9       LDX $E9    [$00:0BE9]   A:0050 X:043A Y:001A P:envmxdIzc
C0/3D89 9D 81 14    STA $1481,x[$00:1481]   A:0050 X:0000 Y:001A P:envmxdIZc
C0/3D8C 9D 83 14    STA $1483,x[$00:1483]   A:0050 X:0000 Y:001A P:envmxdIZc
C0/3D8F A5 06       LDA $06    [$00:0B06]   A:0050 X:0000 Y:001A P:envmxdIZc
C0/3D91 E2 20       SEP #$20       (8-bit accumulator)                A:0000 X:0000 Y:001A P:envmxdIZc
C0/3D93 80 15       BRA $3DAA

C0/3DAA A6 29       LDX $29    [$00:0B29]   A:0000 X:0000 Y:001A P:envMxdIZc
C0/3DAC BF C2 59 CE LDA $CE59C2,x[$CE:5DFC] A:0000 X:043A Y:001A P:envMxdIzc
C0/3DB0 C9 67       CMP #$67                A:0067 X:043A Y:001A P:envMxdIzc
C0/3DB2 90 20       BCC $20    [$3DD4]      A:0067 X:043A Y:001A P:envMxdIZC
C0/3DB4 38          SEC                     A:0067 X:043A Y:001A P:envMxdIZC
C0/3DB5 E9 67       SBC #$67                A:0067 X:043A Y:001A P:envMxdIZC
C0/3DB7 C2 20       REP #$20       (16-bit accumulator)                A:0000 X:043A Y:001A P:envMxdIZC
C0/3DB9 EB          XBA                     A:0000 X:043A Y:001A P:envmxdIZC
C0/3DBA 0A          ASL A                   A:0000 X:043A Y:001A P:envmxdIZC
C0/3DBB 0A          ASL A                   A:0000 X:043A Y:001A P:envmxdIZc
C0/3DBC 0A          ASL A                   A:0000 X:043A Y:001A P:envmxdIZc
C0/3DBD 18          CLC                     A:0000 X:043A Y:001A P:envmxdIZc
C0/3DBE 69 00 2A    ADC #$2A00              A:0000 X:043A Y:001A P:envmxdIZc
C0/3DC1 85 23       STA $23    [$00:0B23]   A:2A00 X:043A Y:001A P:envmxdIzc
C0/3DC3 A5 06       LDA $06    [$00:0B06]   A:2A00 X:043A Y:001A P:envmxdIzc
C0/3DC5 E2 20       SEP #$20       (8-bit accumulator)                A:0000 X:043A Y:001A P:envmxdIZc
C0/3DC7 A9 04       LDA #$04                A:0000 X:043A Y:001A P:envMxdIZc
C0/3DC9 85 09       STA $09    [$00:0B09]   A:0004 X:043A Y:001A P:envMxdIzc
C0/3DCB E6 25       INC $25    [$00:0B25]   A:0004 X:043A Y:001A P:envMxdIzc
C0/3DCD A9 01       LDA #$01                A:0004 X:043A Y:001A P:eNvMxdIzc
C0/3DCF 8D 9F 16    STA $169F  [$00:169F]   A:0001 X:043A Y:001A P:envMxdIzc
C0/3DD2 80 7C       BRA $7C    [$3E50]      A:0001 X:043A Y:001A P:envMxdIzc
C0/3DD4 C9 52       CMP #$52                A:004E X:0448 Y:001A P:eNvMxdIzc
C0/3DD6 90 15       BCC $15    [$3DED]      A:004E X:0448 Y:001A P:eNvMxdIzc
C0/3DD8 38          SEC                     A:005F X:141D Y:001A P:envMxdIzC
C0/3DD9 E9 52       SBC #$52                A:005F X:141D Y:001A P:envMxdIzC
C0/3DDB C2 20       REP #$20       (16-bit accumulator)                A:000D X:141D Y:001A P:envMxdIzC
C0/3DDD EB          XBA                     A:000D X:141D Y:001A P:envmxdIzC
C0/3DDE 0A          ASL A                   A:0D00 X:141D Y:001A P:envmxdIZC
C0/3DDF 85 23       STA $23    [$00:0B23]   A:1A00 X:141D Y:001A P:envmxdIzc
C0/3DE1 A5 06       LDA $06    [$00:0B06]   A:1A00 X:141D Y:001A P:envmxdIzc
C0/3DE3 E2 20       SEP #$20       (8-bit accumulator)                A:0000 X:141D Y:001A P:envmxdIZc
C0/3DE5 A9 01       LDA #$01                A:0000 X:141D Y:001A P:envMxdIZc
C0/3DE7 85 09       STA $09    [$00:0B09]   A:0001 X:141D Y:001A P:envMxdIzc
C0/3DE9 E6 25       INC $25    [$00:0B25]   A:0001 X:141D Y:001A P:envMxdIzc
C0/3DEB 80 63       BRA $3E50
C0/3DED C9 4B       CMP #$4B
C0/3DEF 90 27       BCC $3E18
C0/3DF1 38          SEC                     A:004E X:0448 Y:001A P:envMxdIzC
C0/3DF2 E9 4B       SBC #$4B                A:004E X:0448 Y:001A P:envMxdIzC
C0/3DF4 C2 20       REP #$20       (16-bit accumulator)                A:0003 X:0448 Y:001A P:envMxdIzC
C0/3DF6 EB          XBA                     A:0003 X:0448 Y:001A P:envmxdIzC
C0/3DF7 0A          ASL A                   A:0300 X:0448 Y:001A P:envmxdIZC
C0/3DF8 0A          ASL A                   A:0600 X:0448 Y:001A P:envmxdIzc
C0/3DF9 0A          ASL A                   A:0C00 X:0448 Y:001A P:envmxdIzc
C0/3DFA 18          CLC                     A:1800 X:0448 Y:001A P:envmxdIzc
C0/3DFB 69 00 C8    ADC #$C800              A:1800 X:0448 Y:001A P:envmxdIzc
C0/3DFE 85 23       STA $23    [$00:0B23]   A:E000 X:0448 Y:001A P:eNvmxdIzc
C0/3E00 A5 06       LDA $06    [$00:0B06]   A:E000 X:0448 Y:001A P:eNvmxdIzc
C0/3E02 E2 20       SEP #$20       (8-bit accumulator)                A:0000 X:0448 Y:001A P:envmxdIZc
C0/3E04 A6 29       LDX $29    [$00:0B29]   A:0000 X:0448 Y:001A P:envMxdIZc
C0/3E06 BF C1 59 CE LDA $CE59C1,x[$CE:5E09] A:0000 X:0448 Y:001A P:envMxdIzc
C0/3E0A 4A          LSR A                   A:0000 X:0448 Y:001A P:envMxdIZc
C0/3E0B 4A          LSR A                   A:0000 X:0448 Y:001A P:envMxdIZc
C0/3E0C 4A          LSR A                   A:0000 X:0448 Y:001A P:envMxdIZc
C0/3E0D 4A          LSR A                   A:0000 X:0448 Y:001A P:envMxdIZc
C0/3E0E 4A          LSR A                   A:0000 X:0448 Y:001A P:envMxdIZc
C0/3E0F 4A          LSR A                   A:0000 X:0448 Y:001A P:envMxdIZc
C0/3E10 D0 02       BNE $02    [$3E14]      A:0000 X:0448 Y:001A P:envMxdIZc
C0/3E12 A9 04       LDA #$04                A:0000 X:0448 Y:001A P:envMxdIZc
C0/3E14 85 09       STA $09    [$00:0B09]   A:0004 X:0448 Y:001A P:envMxdIzc
C0/3E16 80 38       BRA $3E50
C0/3E18 C9 32       CMP #$32                A:0032 X:044F Y:001A P:eNvMxdIzc
C0/3E1A 90 26       BCC $26    [$3E42]      A:0032 X:044F Y:001A P:envMxdIZC
C0/3E1C 38          SEC                     A:0032 X:044F Y:001A P:envMxdIZC
C0/3E1D E9 32       SBC #$32                A:0032 X:044F Y:001A P:envMxdIZC
C0/3E1F C2 20       REP #$20       (16-bit accumulator)                A:0000 X:044F Y:001A P:envMxdIZC
C0/3E21 EB          XBA                     A:0000 X:044F Y:001A P:envmxdIZC
C0/3E22 0A          ASL A                   A:0000 X:044F Y:001A P:envmxdIZC
C0/3E23 0A          ASL A                   A:0000 X:044F Y:001A P:envmxdIZc
C0/3E24 18          CLC                     A:0000 X:044F Y:001A P:envmxdIZc
C0/3E25 69 00 64    ADC #$6400              A:0000 X:044F Y:001A P:envmxdIZc
C0/3E28 85 23       STA $23    [$00:0B23]   A:6400 X:044F Y:001A P:envmxdIzc
C0/3E2A A5 06       LDA $06    [$00:0B06]   A:6400 X:044F Y:001A P:envmxdIzc
C0/3E2C E2 20       SEP #$20       (8-bit accumulator)                A:0000 X:044F Y:001A P:envmxdIZc
C0/3E2E A6 29       LDX $29    [$00:0B29]   A:0000 X:044F Y:001A P:envMxdIZc
C0/3E30 BF C1 59 CE LDA $CE59C1,x[$CE:5E10] A:0000 X:044F Y:001A P:envMxdIzc
C0/3E34 4A          LSR A                   A:0000 X:044F Y:001A P:envMxdIZc
C0/3E35 4A          LSR A                   A:0000 X:044F Y:001A P:envMxdIZc
C0/3E36 4A          LSR A                   A:0000 X:044F Y:001A P:envMxdIZc
C0/3E37 4A          LSR A                   A:0000 X:044F Y:001A P:envMxdIZc
C0/3E38 4A          LSR A                   A:0000 X:044F Y:001A P:envMxdIZc
C0/3E39 4A          LSR A                   A:0000 X:044F Y:001A P:envMxdIZc
C0/3E3A D0 02       BNE $02    [$3E3E]      A:0000 X:044F Y:001A P:envMxdIZc
C0/3E3C A9 02       LDA #$02                A:0000 X:044F Y:001A P:envMxdIZc
C0/3E3E 85 09       STA $09    [$00:0B09]   A:0002 X:044F Y:001A P:envMxdIzc
C0/3E40 80 0E       BRA $3E50
C0/3E42 C2 20       REP #$20       (16-bit accumulator)                A:0010 X:0A68 Y:001A P:eNvMxdIzc
C0/3E44 EB          XBA                     A:0010 X:0A68 Y:001A P:eNvmxdIzc
C0/3E45 0A          ASL A                   A:1000 X:0A68 Y:001A P:envmxdIZc
C0/3E46 85 23       STA $23    [$00:0B23]   A:2000 X:0A68 Y:001A P:envmxdIzc
C0/3E48 A5 06       LDA $06    [$00:0B06]   A:2000 X:0A68 Y:001A P:envmxdIzc
C0/3E4A E2 20       SEP #$20       (8-bit accumulator)                A:0000 X:0A68 Y:001A P:envmxdIZc
C0/3E4C A9 01       LDA #$01                A:0000 X:0A68 Y:001A P:envMxdIZc
C0/3E4E 85 09       STA $09
C0/3E50 A2 00 02    LDX #$0200              A:0001 X:043A Y:001A P:envMxdIzc
C0/3E53 86 2C       STX $2C    [$00:0B2C]   A:0001 X:0200 Y:001A P:envMxdIzc
C0/3E55 20 BC 4C    JSR $4CBC
C0/3E58 C2 20       REP #$20       (16-bit accumulator)                A:0001 X:0200 Y:001A P:envMxdIzc
C0/3E5A A5 2E       LDA $2E    [$00:0B2E]   A:0001 X:0200 Y:001A P:envmxdIzc
C0/3E5C 18          CLC                     A:6500 X:0200 Y:001A P:envmxdIzc
C0/3E5D 69 00 01    ADC #$0100              A:6500 X:0200 Y:001A P:envmxdIzc
C0/3E60 85 2E       STA $2E    [$00:0B2E]   A:6600 X:0200 Y:001A P:envmxdIzc
C0/3E62 A5 23       LDA $23    [$00:0B23]   A:6600 X:0200 Y:001A P:envmxdIzc
C0/3E64 18          CLC                     A:2A00 X:0200 Y:001A P:envmxdIzc
C0/3E65 69 00 02    ADC #$0200              A:2A00 X:0200 Y:001A P:envmxdIzc
C0/3E68 85 23       STA $23    [$00:0B23]   A:2C00 X:0200 Y:001A P:envmxdIzc
C0/3E6A E2 20       SEP #$20       (8-bit accumulator)                A:2C00 X:0200 Y:001A P:envmxdIzc
C0/3E6C EB          XBA                     A:2C00 X:0200 Y:001A P:envMxdIzc
C0/3E6D D0 02       BNE $02    [$3E71]      A:002C X:0200 Y:001A P:envMxdIzc
C0/3E71 A9 00       LDA #$00                A:002C X:0200 Y:001A P:envMxdIzc
C0/3E73 EB          XBA                     A:0000 X:0200 Y:001A P:envMxdIZc
C0/3E74 C6 09       DEC $09    [$00:0B09]   A:0000 X:0200 Y:001A P:envMxdIZc
C0/3E76 D0 DD       BNE $3E55
C0/3E78 C2 20       REP #$20       (16-bit accumulator)                A:0000 X:0200 Y:001A P:envMxdIZc
C0/3E7A A5 E9       LDA $E9    [$00:0BE9]   A:0000 X:0200 Y:001A P:envmxdIZc
C0/3E7C 18          CLC                     A:0000 X:0200 Y:001A P:envmxdIZc
C0/3E7D 69 14 00    ADC #$0014              A:0000 X:0200 Y:001A P:envmxdIZc
C0/3E80 85 E9       STA $E9    [$00:0BE9]   A:0014 X:0200 Y:001A P:envmxdIzc
C0/3E82 A5 29       LDA $29    [$00:0B29]   A:0014 X:0200 Y:001A P:envmxdIzc
C0/3E84 18          CLC                     A:043A X:0200 Y:001A P:envmxdIzc
C0/3E85 69 07 00    ADC #$0007              A:043A X:0200 Y:001A P:envmxdIzc
C0/3E88 85 29       STA $29    [$00:0B29]   A:0441 X:0200 Y:001A P:envmxdIzc
C0/3E8A A5 06       LDA $06    [$00:0B06]   A:0441 X:0200 Y:001A P:envmxdIzc
C0/3E8C E2 20       SEP #$20       (8-bit accumulator)                A:0000 X:0200 Y:001A P:envmxdIZc
C0/3E8E 68          PLA                     A:0000 X:0200 Y:001A P:envMxdIZc
C0/3E8F 1A          INC A                   A:0000 X:0200 Y:001A P:envMxdIZc
C0/3E90 C5 E6       CMP $E6    [$00:0BE6]   A:0001 X:0200 Y:001A P:envMxdIzc
C0/3E92 F0 03       BEQ $03    [$3E97]      A:0001 X:0200 Y:001A P:eNvMxdIzc
C0/3E94 4C 3F 3D    JMP $3D3F

C0/3D4A BF C2 59 CE LDA $CE59C2,x
C0/3D4E DF BB 59 CE CMP $CE59BB,x
C0/3D52 D0 1B       BNE $3D6F

C0/3E97 60          RTS

C0/3E98 C2 20       REP #$20       (16-bit accumulator)                A:0004 X:000E Y:001A P:envMxdIzC
C0/3E9A AD 0C 11    LDA $110C  [$00:110C]   A:0004 X:000E Y:001A P:envmxdIzC
C0/3E9D 0A          ASL A                   A:0007 X:000E Y:001A P:envmxdIzC
C0/3E9E AA          TAX                     A:000E X:000E Y:001A P:envmxdIzc
C0/3E9F BF C0 59 CE LDA $CE59C0,x[$CE:59CE] A:000E X:000E Y:001A P:envmxdIzc
C0/3EA3 85 E7       STA $E7    [$00:0BE7]   A:043A X:000E Y:001A P:envmxdIzc
C0/3EA5 A5 06       LDA $06    [$00:0B06]   A:043A X:000E Y:001A P:envmxdIzc
C0/3EA7 E2 20       SEP #$20       (8-bit accumulator)                A:0000 X:000E Y:001A P:envmxdIZc
C0/3EA9 60          RTS

C0/3EAA 20 D3 3C    JSR $3CD3
C0/3EAD C2 20       REP #$20       (16-bit accumulator)                A:0000 X:0000 Y:001A P:envMxdIZC
C0/3EAF AD 0C 11    LDA $110C  [$00:110C]   A:0000 X:0000 Y:001A P:envmxdIZC
C0/3EB2 0A          ASL A                   A:0007 X:0000 Y:001A P:envmxdIzC
C0/3EB3 AA          TAX                     A:000E X:0000 Y:001A P:envmxdIzc
C0/3EB4 BF C0 59 CE LDA $CE59C0,x[$CE:59CE] A:000E X:000E Y:001A P:envmxdIzc
C0/3EB8 85 E7       STA $E7    [$00:0BE7]   A:043A X:000E Y:001A P:envmxdIzc
C0/3EBA BF C2 59 CE LDA $CE59C2,x[$CE:59D0] A:043A X:000E Y:001A P:envmxdIzc
C0/3EBE 38          SEC                     A:0456 X:000E Y:001A P:envmxdIzc
C0/3EBF FF C0 59 CE SBC $CE59C0,x[$CE:59CE] A:0456 X:000E Y:001A P:envmxdIzC
C0/3EC3 8D 04 42    STA $4204  [$00:4204]   A:001C X:000E Y:001A P:envmxdIzC
C0/3EC6 A5 06       LDA $06    [$00:0B06]   A:001C X:000E Y:001A P:envmxdIzC
C0/3EC8 E2 20       SEP #$20       (8-bit accumulator)                A:0000 X:000E Y:001A P:envmxdIZC
C0/3ECA A9 07       LDA #$07                A:0000 X:000E Y:001A P:envMxdIZC
C0/3ECC 8D 06 42    STA $4206  [$00:4206]   A:0007 X:000E Y:001A P:envMxdIzC
C0/3ECF 48          PHA                     A:0007 X:000E Y:001A P:envMxdIzC
C0/3ED0 68          PLA                     A:0007 X:000E Y:001A P:envMxdIzC
C0/3ED1 48          PHA                     A:0007 X:000E Y:001A P:envMxdIzC
C0/3ED2 68          PLA                     A:0007 X:000E Y:001A P:envMxdIzC
C0/3ED3 EA          NOP                     A:0007 X:000E Y:001A P:envMxdIzC
C0/3ED4 AD 14 42    LDA $4214  [$00:4214]   A:0007 X:000E Y:001A P:envMxdIzC
C0/3ED7 85 E6       STA $E6    [$00:0BE6]   A:0004 X:000E Y:001A P:envMxdIzC
C0/3ED9 D0 01       BNE $01    [$3EDC]      A:0004 X:000E Y:001A P:envMxdIzC
C0/3EDC 20 28 3D    JSR $3D28
C0/3EDF A4 06       LDY $06    [$00:0B06]   A:0004 X:0200 Y:001A P:envMxdIZC
C0/3EE1 84 E9       STY $E9    [$00:0BE9]   A:0004 X:0200 Y:0000 P:envMxdIZC
C0/3EE3 64 E5       STZ $E5    [$00:0BE5]   A:0004 X:0200 Y:0000 P:envMxdIZC
C0/3EE5 A4 E9       LDY $E9    [$00:0BE9]   A:0004 X:0200 Y:0000 P:envMxdIZC
C0/3EE7 A6 E7       LDX $E7    [$00:0BE7]   A:0004 X:0200 Y:0000 P:envMxdIZC
C0/3EE9 BF C6 59 CE LDA $CE59C6,x[$CE:5E00] A:0004 X:043A Y:0000 P:envMxdIzC
C0/3EED 29 07       AND #$07                A:0000 X:043A Y:0000 P:envMxdIZC
C0/3EEF 0A          ASL A                   A:0000 X:043A Y:0000 P:envMxdIZC
C0/3EF0 85 0F       STA $0F    [$00:0B0F]   A:0000 X:043A Y:0000 P:envMxdIZc
C0/3EF2 BF C6 59 CE LDA $CE59C6,x[$CE:5E00] A:0000 X:043A Y:0000 P:envMxdIZc
C0/3EF6 29 08       AND #$08                A:0000 X:043A Y:0000 P:envMxdIZc
C0/3EF8 09 10       ORA #$10                A:0000 X:043A Y:0000 P:envMxdIZc
C0/3EFA 0A          ASL A                   A:0010 X:043A Y:0000 P:envMxdIzc
C0/3EFB 05 0F       ORA $0F    [$00:0B0F]   A:0020 X:043A Y:0000 P:envMxdIzc
C0/3EFD C2 20       REP #$20       (16-bit accumulator)                A:0020 X:043A Y:0000 P:envMxdIzc
C0/3EFF EB          XBA                     A:0020 X:043A Y:0000 P:envmxdIzc
C0/3F00 19 81 14    ORA $1481,y[$00:1481]   A:2000 X:043A Y:0000 P:envmxdIZc
C0/3F03 99 81 14    STA $1481,y[$00:1481]   A:2050 X:043A Y:0000 P:envmxdIzc
C0/3F06 A5 06       LDA $06    [$00:0B06]   A:2050 X:043A Y:0000 P:envmxdIzc
C0/3F08 E2 20       SEP #$20       (8-bit accumulator)                A:0000 X:043A Y:0000 P:envmxdIZc
C0/3F0A BF C6 59 CE LDA $CE59C6,x[$CE:5E00] A:0000 X:043A Y:0000 P:envMxdIZc
C0/3F0E 29 10       AND #$10                A:0000 X:043A Y:0000 P:envMxdIZc
C0/3F10 09 20       ORA #$20                A:0000 X:043A Y:0000 P:envMxdIZc
C0/3F12 05 0F       ORA $0F    [$00:0B0F]   A:0020 X:043A Y:0000 P:envMxdIzc
C0/3F14 C2 20       REP #$20       (16-bit accumulator)                A:0020 X:043A Y:0000 P:envMxdIzc
C0/3F16 EB          XBA                     A:0020 X:043A Y:0000 P:envmxdIzc
C0/3F17 19 83 14    ORA $1483,y[$00:1483]   A:2000 X:043A Y:0000 P:envmxdIZc
C0/3F1A 99 83 14    STA $1483,y[$00:1483]   A:2050 X:043A Y:0000 P:envmxdIzc
C0/3F1D A5 06       LDA $06    [$00:0B06]   A:2050 X:043A Y:0000 P:envmxdIzc
C0/3F1F E2 20       SEP #$20       (8-bit accumulator)                A:0000 X:043A Y:0000 P:envmxdIZc
C0/3F21 BF C5 59 CE LDA $CE59C5,x[$CE:5DFF] A:0000 X:043A Y:0000 P:envMxdIZc
C0/3F25 99 7E 14    STA $147E,y[$00:147E]   A:008C X:043A Y:0000 P:eNvMxdIzc
C0/3F28 29 70       AND #$70                A:008C X:043A Y:0000 P:eNvMxdIzc
C0/3F2A F0 1B       BEQ $3F47
C0/3F2C C9 50       CMP #$50                A:0020 X:0A68 Y:0014 P:envMxdIzc
C0/3F2E F0 17       BEQ $3F47
C0/3F30 DA          PHX                     A:0020 X:0A68 Y:0014 P:eNvMxdIzc
C0/3F31 BF C6 59 CE LDA $CE59C6,x[$CE:642E] A:0020 X:0A68 Y:0014 P:eNvMxdIzc
C0/3F35 29 E0       AND #$E0                A:0040 X:0A68 Y:0014 P:envMxdIzc
C0/3F37 4A          LSR A                   A:0040 X:0A68 Y:0014 P:envMxdIzc
C0/3F38 4A          LSR A                   A:0020 X:0A68 Y:0014 P:envMxdIzc
C0/3F39 4A          LSR A                   A:0010 X:0A68 Y:0014 P:envMxdIzc
C0/3F3A 4A          LSR A                   A:0008 X:0A68 Y:0014 P:envMxdIzc
C0/3F3B 4A          LSR A                   A:0004 X:0A68 Y:0014 P:envMxdIzc
C0/3F3C AA          TAX                     A:0002 X:0A68 Y:0014 P:envMxdIzc
C0/3F3D BF 00 40 C0 LDA $C04000,x[$C0:4002] A:0002 X:0002 Y:0014 P:envMxdIzc
C0/3F41 99 87 14    STA $1487,y[$00:149B]   A:000A X:0002 Y:0014 P:envMxdIzc
C0/3F44 FA          PLX                     A:000A X:0002 Y:0014 P:envMxdIzc
C0/3F45 80 1C       BRA $3F63
C0/3F47 BF C6 59 CE LDA $CE59C6,x[$CE:5E00] A:0000 X:043A Y:0000 P:envMxdIZc
C0/3F4B 29 E0       AND #$E0                A:0000 X:043A Y:0000 P:envMxdIZc
C0/3F4D 4A          LSR A                   A:0000 X:043A Y:0000 P:envMxdIZc
C0/3F4E 4A          LSR A                   A:0000 X:043A Y:0000 P:envMxdIZc
C0/3F4F 4A          LSR A                   A:0000 X:043A Y:0000 P:envMxdIZc
C0/3F50 4A          LSR A                   A:0000 X:043A Y:0000 P:envMxdIZc
C0/3F51 4A          LSR A                   A:0000 X:043A Y:0000 P:envMxdIZc
C0/3F52 0A          ASL A                   A:0000 X:043A Y:0000 P:envMxdIZc
C0/3F53 99 7C 14    STA $147C,y[$00:147C]   A:0000 X:043A Y:0000 P:envMxdIZc
C0/3F56 C9 08       CMP #$08                A:0000 X:043A Y:0000 P:envMxdIZc
C0/3F58 90 04       BCC $04    [$3F5E]      A:0000 X:043A Y:0000 P:eNvMxdIzc
C0/3F5E 4A          LSR A                   A:0000 X:043A Y:0000 P:eNvMxdIzc
C0/3F5F 1A          INC A                   A:0000 X:043A Y:0000 P:envMxdIZc
C0/3F60 99 7B 14    STA $147B,y[$00:147B]   A:0001 X:043A Y:0000 P:envMxdIzc
C0/3F63 C2 20       REP #$20       (16-bit accumulator)                A:0001 X:043A Y:0000 P:envMxdIzc
C0/3F65 BF C0 59 CE LDA $CE59C0,x[$CE:5DFA] A:0001 X:043A Y:0000 P:envmxdIzc
C0/3F69 29 FF 3F    AND #$3FFF              A:0080 X:043A Y:0000 P:envmxdIzc
C0/3F6C 99 7F 14    STA $147F,y[$00:147F]   A:0080 X:043A Y:0000 P:envmxdIzc
C0/3F6F A5 06       LDA $06    [$00:0B06]   A:0080 X:043A Y:0000 P:envmxdIzc
C0/3F71 E2 20       SEP #$20       (8-bit accumulator)                A:0000 X:043A Y:0000 P:envmxdIZc
C0/3F73 BF C3 59 CE LDA $CE59C3,x[$CE:5DFD] A:0000 X:043A Y:0000 P:envMxdIZc
C0/3F77 29 3F       AND #$3F                A:0020 X:043A Y:0000 P:envMxdIzc
C0/3F79 C2 20       REP #$20       (16-bit accumulator)                A:0020 X:043A Y:0000 P:envMxdIzc
C0/3F7B EB          XBA                     A:0020 X:043A Y:0000 P:envmxdIzc
C0/3F7C 99 77 14    STA $1477,y[$00:1477]   A:2000 X:043A Y:0000 P:envmxdIZc
C0/3F7F A5 06       LDA $06    [$00:0B06]   A:2000 X:043A Y:0000 P:envmxdIZc
C0/3F81 E2 20       SEP #$20       (8-bit accumulator)                A:0000 X:043A Y:0000 P:envmxdIZc
C0/3F83 BF C4 59 CE LDA $CE59C4,x[$CE:5DFE] A:0000 X:043A Y:0000 P:envMxdIZc
C0/3F87 29 3F       AND #$3F                A:0019 X:043A Y:0000 P:envMxdIzc
C0/3F89 C2 20       REP #$20       (16-bit accumulator)                A:0019 X:043A Y:0000 P:envMxdIzc
C0/3F8B EB          XBA                     A:0019 X:043A Y:0000 P:envmxdIzc
C0/3F8C 99 79 14    STA $1479,y[$00:1479]   A:1900 X:043A Y:0000 P:envmxdIZc
C0/3F8F A5 06       LDA $06    [$00:0B06]   A:1900 X:043A Y:0000 P:envmxdIZc
C0/3F91 E2 20       SEP #$20       (8-bit accumulator)                A:0000 X:043A Y:0000 P:envmxdIZc
C0/3F93 A9 00       LDA #$00                A:0000 X:043A Y:0000 P:envMxdIZc
C0/3F95 99 7D 14    STA $147D,y[$00:147D]   A:0000 X:043A Y:0000 P:envMxdIZc
C0/3F98 99 86 14    STA $1486,y[$00:1486]   A:0000 X:043A Y:0000 P:envMxdIZc
C0/3F9B 99 88 14    STA $1488,y[$00:1488]   A:0000 X:043A Y:0000 P:envMxdIZc
C0/3F9E BF C3 59 CE LDA $CE59C3,x[$CE:5DFD] A:0000 X:043A Y:0000 P:envMxdIZc
C0/3FA2 29 C0       AND #$C0                A:0020 X:043A Y:0000 P:envMxdIzc
C0/3FA4 99 85 14    STA $1485,y[$00:1485]   A:0000 X:043A Y:0000 P:envMxdIZc
C0/3FA7 BF C4 59 CE LDA $CE59C4,x[$CE:5DFE] A:0000 X:043A Y:0000 P:envMxdIZc
C0/3FAB 29 C0       AND #$C0                A:0019 X:043A Y:0000 P:envMxdIzc
C0/3FAD 4A          LSR A                   A:0000 X:043A Y:0000 P:envMxdIZc
C0/3FAE 4A          LSR A                   A:0000 X:043A Y:0000 P:envMxdIZc
C0/3FAF 19 85 14    ORA $1485,y[$00:1485]   A:0000 X:043A Y:0000 P:envMxdIZc
C0/3FB2 09 08       ORA #$08                A:0000 X:043A Y:0000 P:envMxdIZc
C0/3FB4 99 85 14    STA $1485,y[$00:1485]   A:0008 X:043A Y:0000 P:envMxdIzc
C0/3FB7 C2 20       REP #$20       (16-bit accumulator)                A:0008 X:043A Y:0000 P:envMxdIzc
C0/3FB9 B9 7F 14    LDA $147F,y[$00:147F]   A:0008 X:043A Y:0000 P:envmxdIzc
C0/3FBC E2 20       SEP #$20       (8-bit accumulator)                A:0080 X:043A Y:0000 P:envmxdIzc
C0/3FBE 5A          PHY                     A:0080 X:043A Y:0000 P:envMxdIzc
C0/3FBF 20 C1 C9    JSR $C9C1
C0/3FC2 7A          PLY                     A:0000 X:043A Y:0010 P:envMxdIzc
C0/3FC3 C9 00       CMP #$00                A:0000 X:043A Y:0000 P:envMxdIZc
C0/3FC5 F0 17       BEQ $3FDE
C0/3FC7 B9 78 14    LDA $1478,y[$00:148C]   A:0080 X:0A68 Y:0014 P:eNvMxdIzC
C0/3FCA 85 75       STA $75    [$00:0B75]   A:0014 X:0A68 Y:0014 P:envMxdIzC
C0/3FCC B9 7A 14    LDA $147A,y[$00:148E]   A:0014 X:0A68 Y:0014 P:envMxdIzC
C0/3FCF 85 76       STA $76    [$00:0B76]   A:001C X:0A68 Y:0014 P:envMxdIzC
C0/3FD1 20 E0 3C    JSR $3CE0
C0/3FD4 A4 E9       LDY $E9    [$00:0BE9]   A:0081 X:0A68 Y:0014 P:envMxdIzc
C0/3FD6 B9 85 14    LDA $1485,y[$00:1499]   A:0081 X:0A68 Y:0014 P:envMxdIzc
C0/3FD9 09 01       ORA #$01                A:0008 X:0A68 Y:0014 P:envMxdIzc
C0/3FDB 99 85 14    STA $1485,y
C0/3FDE C2 20       REP #$20       (16-bit accumulator)                A:0000 X:043A Y:0000 P:envMxdIZC
C0/3FE0 A5 E9       LDA $E9    [$00:0BE9]   A:0000 X:043A Y:0000 P:envmxdIZC
C0/3FE2 18          CLC                     A:0000 X:043A Y:0000 P:envmxdIZC
C0/3FE3 69 14 00    ADC #$0014              A:0000 X:043A Y:0000 P:envmxdIZc
C0/3FE6 85 E9       STA $E9    [$00:0BE9]   A:0014 X:043A Y:0000 P:envmxdIzc
C0/3FE8 A5 E7       LDA $E7    [$00:0BE7]   A:0014 X:043A Y:0000 P:envmxdIzc
C0/3FEA 18          CLC                     A:043A X:043A Y:0000 P:envmxdIzc
C0/3FEB 69 07 00    ADC #$0007              A:043A X:043A Y:0000 P:envmxdIzc
C0/3FEE 85 E7       STA $E7    [$00:0BE7]   A:0441 X:043A Y:0000 P:envmxdIzc
C0/3FF0 A5 06       LDA $06    [$00:0B06]   A:0441 X:043A Y:0000 P:envmxdIzc
C0/3FF2 E2 20       SEP #$20       (8-bit accumulator)                A:0000 X:043A Y:0000 P:envmxdIZc
C0/3FF4 E6 E5       INC $E5    [$00:0BE5]   A:0000 X:043A Y:0000 P:envMxdIZc
C0/3FF6 A5 E5       LDA $E5    [$00:0BE5]   A:0000 X:043A Y:0000 P:envMxdIzc
C0/3FF8 C5 E6       CMP $E6    [$00:0BE6]   A:0001 X:043A Y:0000 P:envMxdIzc
C0/3FFA F0 03       BEQ $3FFF
C0/3FFC 4C E5 3E    JMP $3EE5  [$00:3EE5]   A:0001 X:043A Y:0000 P:eNvMxdIzc
C0/3FFF 60          RTS

C0/41F1 A6 06       LDX $06    [$00:0B06]   A:0000 X:6DB7 Y:001F P:enVMxdIZC
C0/41F3 A9 00       LDA #$00                A:0000 X:0000 Y:001F P:enVMxdIZC
C0/41F5 9D 58 1A    STA $1A58,x[$00:1A58]   A:0000 X:0000 Y:001F P:enVMxdIZC
C0/41F8 C2 20       REP #$20       (16-bit accumulator)                A:0000 X:0000 Y:001F P:enVMxdIZC
C0/41FA 8A          TXA                     A:0000 X:0000 Y:001F P:enVmxdIZC
C0/41FB 18          CLC                     A:0000 X:0000 Y:001F P:enVmxdIZC
C0/41FC 69 08 00    ADC #$0008              A:0000 X:0000 Y:001F P:enVmxdIZc
C0/41FF AA          TAX                     A:0008 X:0000 Y:001F P:envmxdIzc
C0/4200 A5 06       LDA $06    [$00:0B06]   A:0008 X:0008 Y:001F P:envmxdIzc
C0/4202 E2 20       SEP #$20       (8-bit accumulator)                A:0000 X:0008 Y:001F P:envmxdIZc
C0/4204 E0 80 00    CPX #$0080              A:0000 X:0008 Y:001F P:envMxdIZc
C0/4207 D0 EA       BNE $41F3
C0/4209 60          RTS

C0/420A A6 06       LDX $06    [$00:0B06]   A:0000 X:0000 Y:0014 P:envMxdiZC
C0/420C 8E 56 1A    STX $1A56  [$00:1A56]   A:0000 X:0000 Y:0014 P:envMxdiZC
C0/420F A5 3F       LDA $3F    [$00:0B3F]   A:0000 X:0000 Y:0014 P:envMxdiZC
C0/4211 4A          LSR A                   A:0001 X:0000 Y:0014 P:envMxdizC
C0/4212 B0 04       BCS $4218
C0/4214 A4 06       LDY $06
C0/4216 80 03       BRA $421B
C0/4218 A0 08 00    LDY #$0008              A:0000 X:0000 Y:0014 P:envMxdiZC
C0/421B 84 23       STY $23    [$00:0B23]   A:0000 X:0000 Y:0008 P:envMxdizC
C0/421D A4 23       LDY $23    [$00:0B23]   A:0000 X:0000 Y:0008 P:envMxdizC
C0/421F B9 58 1A    LDA $1A58,y[$00:1A60]   A:0000 X:0000 Y:0008 P:envMxdizC
C0/4222 D0 03       BNE $03    [$4227]      A:0000 X:0000 Y:0008 P:envMxdiZC
C0/4224 4C 40 44    JMP $4440  [$00:4440]   A:0000 X:0000 Y:0008 P:envMxdiZC
C0/4440 A4 23       LDY $23    [$00:0B23]   A:0000 X:0000 Y:0008 P:envMxdiZC
C0/4442 B9 58 1A    LDA $1A58,y[$00:1A60]   A:0000 X:0000 Y:0008 P:envMxdizC
C0/4445 F0 04       BEQ $04    [$444B]      A:0000 X:0000 Y:0008 P:envMxdiZC
C0/444B C2 20       REP #$20       (16-bit accumulator)                A:0000 X:0000 Y:0008 P:envMxdiZC
C0/444D A5 23       LDA $23    [$00:0B23]   A:0000 X:0000 Y:0008 P:envmxdiZC
C0/444F 18          CLC                     A:0008 X:0000 Y:0008 P:envmxdizC
C0/4450 69 10 00    ADC #$0010              A:0008 X:0000 Y:0008 P:envmxdizc
C0/4453 85 23       STA $23    [$00:0B23]   A:0018 X:0000 Y:0008 P:envmxdizc
C0/4455 A8          TAY                     A:0018 X:0000 Y:0008 P:envmxdizc
C0/4456 A5 06       LDA $06    [$00:0B06]   A:0018 X:0000 Y:0018 P:envmxdizc
C0/4458 E2 20       SEP #$20       (8-bit accumulator)                A:0000 X:0000 Y:0018 P:envmxdiZc
C0/445A C0 88 00    CPY #$0088              A:0000 X:0000 Y:0018 P:envMxdiZc
C0/445D F0 08       BEQ $08    [$4467]      A:0000 X:0000 Y:0018 P:eNvMxdizc
C0/445F C0 80 00    CPY #$0080              A:0000 X:0000 Y:0018 P:eNvMxdizc
C0/4462 F0 03       BEQ $03    [$4467]      A:0000 X:0000 Y:0018 P:eNvMxdizc
C0/4464 4C 1D 42    JMP $421D  [$00:421D]   A:0000 X:0000 Y:0018 P:eNvMxdizc
C0/4467 60          RTS

C0/44C8 48          PHA                     A:00F1 X:0000 Y:0000 P:eNvMxdIzc
C0/44C9 9C 0B 42    STZ $420B  [$00:420B]   A:00F1 X:0000 Y:0000 P:eNvMxdIzc
C0/44CC 9C 0C 42    STZ $420C  [$00:420C]   A:00F1 X:0000 Y:0000 P:eNvMxdIzc
C0/44CF A9 00       LDA #$00                A:00F1 X:0000 Y:0000 P:eNvMxdIzc
C0/44D1 8D 00 42    STA $4200  [$00:4200]   A:0000 X:0000 Y:0000 P:envMxdIZc
C0/44D4 A9 80       LDA #$80                A:0000 X:0000 Y:0000 P:envMxdIZc
C0/44D6 8D 00 21    STA $2100  [$00:2100]   A:0080 X:0000 Y:0000 P:eNvMxdIzc
C0/44D9 78          SEI                     A:0080 X:0000 Y:0000 P:eNvMxdIzc
C0/44DA 68          PLA                     A:0080 X:0000 Y:0000 P:eNvMxdIzc
C0/44DB 22 00 00 C3 JSL $C30000
C0/44DF 20 E3 44    JSR $44E3
C0/44E2 60          RTS

C0/44E3 C2 10       REP #$10                A:FFFF X:F0C9 Y:04E9 P:envMxdIZc
C0/44E5 E2 20       SEP #$20       (8-bit accumulator)                A:FFFF X:F0C9 Y:04E9 P:envMxdIZc
C0/44E7 A9 00       LDA #$00                A:FFFF X:F0C9 Y:04E9 P:envMxdIZc
C0/44E9 48          PHA                     A:FF00 X:F0C9 Y:04E9 P:envMxdIZc
C0/44EA AB          PLB                     A:FF00 X:F0C9 Y:04E9 P:envMxdIZc
C0/44EB A2 00 0B    LDX #$0B00              A:FF00 X:F0C9 Y:04E9 P:envMxdIZc
C0/44EE DA          PHX                     A:FF00 X:0B00 Y:04E9 P:envMxdIzc
C0/44EF 2B          PLD                     A:FF00 X:0B00 Y:04E9 P:envMxdIzc
C0/44F0 9C 0B 42    STZ $420B  [$00:420B]   A:FF00 X:0B00 Y:04E9 P:envMxdIzc
C0/44F3 9C 0C 42    STZ $420C  [$00:420C]   A:FF00 X:0B00 Y:04E9 P:envMxdIzc
C0/44F6 A9 8F       LDA #$8F                A:FF00 X:0B00 Y:04E9 P:envMxdIzc
C0/44F8 8D 00 21    STA $2100  [$00:2100]   A:FF8F X:0B00 Y:04E9 P:eNvMxdIzc
C0/44FB A9 00       LDA #$00                A:FF8F X:0B00 Y:04E9 P:eNvMxdIzc
C0/44FD 8D 00 42    STA $4200  [$00:4200]   A:FF00 X:0B00 Y:04E9 P:envMxdIZc
C0/4500 A9 00       LDA #$00                A:FF00 X:0B00 Y:04E9 P:envMxdIZc
C0/4502 EB          XBA                     A:FF00 X:0B00 Y:04E9 P:envMxdIZc
C0/4503 20 4A 4E    JSR $4E4A
C0/4506 20 69 4E    JSR $4E69
C0/4509 60          RTS

C0/450A 9C DC 0A    STZ $0ADC  [$00:0ADC]   A:00FF X:0080 Y:001E P:eNvMxdIzC
C0/450D A2 00 80    LDX #$8000              A:00FF X:0080 Y:001E P:eNvMxdIzC
C0/4510 8E DD 0A    STX $0ADD  [$00:0ADD]   A:00FF X:8000 Y:001E P:eNvMxdIzC
C0/4513 8E E1 0A    STX $0AE1  [$00:0AE1]   A:00FF X:8000 Y:001E P:eNvMxdIzC
C0/4516 8E E5 0A    STX $0AE5  [$00:0AE5]   A:00FF X:8000 Y:001E P:eNvMxdIzC
C0/4519 8E E9 0A    STX $0AE9  [$00:0AE9]   A:00FF X:8000 Y:001E P:eNvMxdIzC
C0/451C 8E ED 0A    STX $0AED  [$00:0AED]   A:00FF X:8000 Y:001E P:eNvMxdIzC
C0/451F 8E F1 0A    STX $0AF1  [$00:0AF1]   A:00FF X:8000 Y:001E P:eNvMxdIzC
C0/4522 A9 02       LDA #$02                A:00FF X:8000 Y:001E P:eNvMxdIzC
C0/4524 8D DA 0A    STA $0ADA  [$00:0ADA]   A:0002 X:8000 Y:001E P:envMxdIzC
C0/4527 60          RTS

C0/4528 A9 FF       LDA #$FF
C0/452A A4 06       LDY $06
C0/452C 99 90 09    STA $0990,y
C0/452F C8          INY
C0/4530 C0 1E 00    CPY #$001E
C0/4533 D0 F7       BNE $452C
C0/4535 A9 A2       LDA #$A2
C0/4537 8D 90 09    STA $0990
C0/453A A9 FF       LDA #$FF
C0/453C 8D 91 09    STA $0991
C0/453F 8D 92 09    STA $0992
C0/4542 8D 93 09    STA $0993
C0/4545 8D 94 09    STA $0994
C0/4548 8D 95 09    STA $0995
C0/454B 60          RTS

C0/4583 A9 FE       LDA #$FE
C0/4585 20 3C CA    JSR $CA3C
C0/4588 C9 00       CMP #$00
C0/458A D0 57       BNE $45E3
C0/458C 20 35 46    JSR $4635
C0/458F AD DC 0A    LDA $0ADC
C0/4592 F0 38       BEQ $45CC

C0/45CC A9 7F       LDA #$7F
C0/45CE 20 3C CA    JSR $CA3C
C0/45D1 C9 00       CMP #$00
C0/45D3 F0 02       BEQ $45D7
C0/45D7 18          CLC
C0/45D8 6D D6 0A    ADC $0AD6
C0/45DB AA          TAX
C0/45DC BF E4 45 C0 LDA $C045E4,x
C0/45E0 20 0A 46    JSR $460A
C0/45E3 60          RTS

C0/460A 85 08       STA $08    [$00:0B08]   A:0011 X:0100 Y:001F P:envMxdIzC
C0/460C A5 55       LDA $55    [$00:0B55]   A:0011 X:0100 Y:001F P:envMxdIzC
C0/460E C9 02       CMP #$02                A:0000 X:0100 Y:001F P:envMxdIZC
C0/4610 F0 22       BEQ $22    [$4634]      A:0000 X:0100 Y:001F P:eNvMxdIzc
C0/4612 A5 08       LDA $08    [$00:0B08]   A:0000 X:0100 Y:001F P:eNvMxdIzc
C0/4614 8D 01 1D    STA $1D01  [$00:1D01]   A:0011 X:0100 Y:001F P:envMxdIzc
C0/4617 A9 01       LDA #$01                A:0011 X:0100 Y:001F P:envMxdIzc
C0/4619 8D 00 1D    STA $1D00  [$00:1D00]   A:0001 X:0100 Y:001F P:envMxdIzc
C0/461C A9 0F       LDA #$0F                A:0001 X:0100 Y:001F P:envMxdIzc
C0/461E 8D 03 1D    STA $1D03  [$00:1D03]   A:000F X:0100 Y:001F P:envMxdIzc
C0/4621 A5 55       LDA $55    [$00:0B55]   A:000F X:0100 Y:001F P:envMxdIzc
C0/4623 C9 01       CMP #$01                A:0000 X:0100 Y:001F P:envMxdIZc
C0/4625 F0 04       BEQ $04    [$462B]      A:0000 X:0100 Y:001F P:eNvMxdIzc
C0/4627 A9 08       LDA #$08                A:0000 X:0100 Y:001F P:eNvMxdIzc
C0/4629 80 02       BRA $02    [$462D]      A:0008 X:0100 Y:001F P:envMxdIzc
C0/462D 8D 02 1D    STA $1D02  [$00:1D02]   A:0008 X:0100 Y:001F P:envMxdIzc
C0/4630 22 04 00 C4 JSL $C40004
C0/4634 60          RTS

C0/463C 8D 01 1D    STA $1D01
C0/463F A9 02       LDA #$02
C0/4641 8D 00 1D    STA $1D00
C0/4644 A9 0F       LDA #$0F
C0/4646 8D 02 1D    STA $1D02
C0/4649 A9 88       LDA #$88
C0/464B 8D 03 1D    STA $1D03
C0/464E 22 04 00 C4 JSL $C40004
C0/4652 60          RTS

C0/4653 AD AA 16    LDA $16AA
C0/4656 30 32       BMI $468A
C0/4658 F0 2C       BEQ $4686
C0/4686 8D 06 21    STA $2106
C0/4689 60          RTS

C0/47AA A5 5B       LDA $5B
C0/47AC F0 48       BEQ $47F6
C0/47F6 60          RTS

C0/4798 A6 06       LDX $06
C0/479A 9E 83 18    STZ $1883,x
C0/479D 9E 84 18    STZ $1884,x
C0/47A0 8A          TXA
C0/47A1 18          CLC
C0/47A2 69 0A       ADC #$0A
C0/47A4 AA          TAX
C0/47A5 C9 A0       CMP #$A0
C0/47A7 D0 F1       BNE $479A
C0/47A9 60          RTS

C0/4834 AD FB 0A    LDA $0AFB
C0/4837 C9 02       CMP #$02
C0/4839 F0 01       BEQ $483C
C0/483B 60          RTS

C0/48DD A6 06       LDX $06
C0/48DF BF 00 E0 D8 LDA $D8E000,x
C0/48E3 9D 54 0A    STA $0A54,x
C0/48E6 E8          INX
C0/48E7 E0 80 00    CPX #$0080
C0/48EA D0 F3       BNE $48DF
C0/48EC 60          RTS

C0/48ED A4 06       LDY $06
C0/48EF 98          TYA
C0/48F0 99 14 0A    STA $0A14,y
C0/48F3 C8          INY
C0/48F4 C0 40 00    CPY #$0040
C0/48F7 D0 F7       BNE $48F0
C0/48F9 60          RTS

C0/48FA A6 06       LDX $06
C0/48FC BF 00 70 D1 LDA $D17000,x
C0/4900 9D 00 05    STA $0500,x
C0/4903 E8          INX
C0/4904 E0 40 01    CPX #$0140
C0/4907 D0 F3       BNE $48FC
C0/4909 60          RTS

C0/490A C2 20       REP #$20       (16-bit accumulator)
C0/490C A4 06       LDY $06
C0/490E A5 06       LDA $06
C0/4910 99 00 00    STA $0000,y
C0/4913 C8          INY
C0/4914 C8          INY
C0/4915 C0 00 1D    CPY #$1D00
C0/4918 D0 F6       BNE $4910
C0/491A E2 20       SEP #$20       (8-bit accumulator)
C0/491C 60          RTS

C0/4931 A5 D3       LDA $D3    [$00:0BD3]   A:0000 X:0000 Y:0060 P:envMxdIZC
C0/4933 D0 17       BNE $17    [$494C]      A:0000 X:0000 Y:0060 P:envMxdIZC
C0/4935 A6 06       LDX $06    [$00:0B06]   A:0000 X:0000 Y:0060 P:envMxdIZC
C0/4937 8E A0 10    STX $10A0  [$00:10A0]   A:0000 X:0000 Y:0060 P:envMxdIZC
C0/493A 8E A2 10    STX $10A2  [$00:10A2]   A:0000 X:0000 Y:0060 P:envMxdIZC
C0/493D 8E A4 10    STX $10A4  [$00:10A4]   A:0000 X:0000 Y:0060 P:envMxdIZC
C0/4940 8E A6 10    STX $10A6  [$00:10A6]   A:0000 X:0000 Y:0060 P:envMxdIZC
C0/4943 8E A8 10    STX $10A8  [$00:10A8]   A:0000 X:0000 Y:0060 P:envMxdIZC
C0/4946 8E AA 10    STX $10AA  [$00:10AA]   A:0000 X:0000 Y:0060 P:envMxdIZC
C0/4949 4C D2 49    JMP $49D2  [$00:49D2]   A:0000 X:0000 Y:0060 P:envMxdIZC

C0/494C A5 D3       LDA $D3    [$00:0BD3]   A:0005 X:0000 Y:0060 P:envMxdIzC
C0/494E 4A          LSR A                   A:0005 X:0000 Y:0060 P:envMxdIzC
C0/494F 4A          LSR A                   A:0002 X:0000 Y:0060 P:envMxdIzC
C0/4950 4A          LSR A                   A:0001 X:0000 Y:0060 P:envMxdIzc
C0/4951 4A          LSR A                   A:0000 X:0000 Y:0060 P:envMxdIZC
C0/4952 4A          LSR A                   A:0000 X:0000 Y:0060 P:envMxdIZc
C0/4953 4A          LSR A                   A:0000 X:0000 Y:0060 P:envMxdIZc
C0/4954 85 17       STA $17    [$00:0B17]   A:0000 X:0000 Y:0060 P:envMxdIZc
C0/4956 A5 3F       LDA $3F    [$00:0B3F]   A:0000 X:0000 Y:0060 P:envMxdIZc
C0/4958 25 17       AND $17    [$00:0B17]   A:00C9 X:0000 Y:0060 P:eNvMxdIzc
C0/495A D0 76       BNE $49D2
C0/495C A5 D3       LDA $D3    [$00:0BD3]   A:0000 X:0000 Y:0060 P:envMxdIZc
C0/495E 29 03       AND #$03                A:0005 X:0000 Y:0060 P:envMxdIzc
C0/4960 AA          TAX                     A:0001 X:0000 Y:0060 P:envMxdIzc
C0/4961 BF D3 49 C0 LDA $C049D3,x[$C0:49D4] A:0001 X:0001 Y:0060 P:envMxdIzc
C0/4965 85 17       STA $17    [$00:0B17]   A:0001 X:0001 Y:0060 P:envMxdIzc
C0/4967 A5 3F       LDA $3F    [$00:0B3F]   A:0001 X:0001 Y:0060 P:envMxdIzc
C0/4969 AA          TAX                     A:00C9 X:0001 Y:0060 P:eNvMxdIzc
C0/496A BF C0 FE C0 LDA $C0FEC0,x[$C0:FF89] A:00C9 X:00C9 Y:0060 P:envMxdIzc
C0/496E 25 17       AND $17    [$00:0B17]   A:002A X:00C9 Y:0060 P:envMxdIzc
C0/4970 8D A0 10    STA $10A0  [$00:10A0]   A:0000 X:00C9 Y:0060 P:envMxdIZc
C0/4973 8D A4 10    STA $10A4  [$00:10A4]   A:0000 X:00C9 Y:0060 P:envMxdIZc
C0/4976 8D A8 10    STA $10A8  [$00:10A8]   A:0000 X:00C9 Y:0060 P:envMxdIZc
C0/4979 A5 D3       LDA $D3    [$00:0BD3]   A:0000 X:00C9 Y:0060 P:envMxdIZc
C0/497B 4A          LSR A                   A:0005 X:00C9 Y:0060 P:envMxdIzc
C0/497C 4A          LSR A                   A:0002 X:00C9 Y:0060 P:envMxdIzC
C0/497D 29 03       AND #$03                A:0001 X:00C9 Y:0060 P:envMxdIzc
C0/497F AA          TAX                     A:0001 X:00C9 Y:0060 P:envMxdIzc
C0/4980 BF D3 49 C0 LDA $C049D3,x[$C0:49D4] A:0001 X:0001 Y:0060 P:envMxdIzc
C0/4984 85 17       STA $17    [$00:0B17]   A:0001 X:0001 Y:0060 P:envMxdIzc
C0/4986 A5 3F       LDA $3F    [$00:0B3F]   A:0001 X:0001 Y:0060 P:envMxdIzc
C0/4988 AA          TAX                     A:00C9 X:0001 Y:0060 P:eNvMxdIzc
C0/4989 BF C1 FE C0 LDA $C0FEC1,x[$C0:FF8A] A:00C9 X:00C9 Y:0060 P:envMxdIzc
C0/498D 25 17       AND $17    [$00:0B17]   A:0051 X:00C9 Y:0060 P:envMxdIzc
C0/498F 8D A2 10    STA $10A2  [$00:10A2]   A:0001 X:00C9 Y:0060 P:envMxdIzc
C0/4992 8D A6 10    STA $10A6  [$00:10A6]   A:0001 X:00C9 Y:0060 P:envMxdIzc
C0/4995 8D AA 10    STA $10AA  [$00:10AA]   A:0001 X:00C9 Y:0060 P:envMxdIzc
C0/4998 A5 D3       LDA $D3    [$00:0BD3]   A:0001 X:00C9 Y:0060 P:envMxdIzc
C0/499A 29 30       AND #$30                A:0005 X:00C9 Y:0060 P:envMxdIzc
C0/499C 4A          LSR A                   A:0000 X:00C9 Y:0060 P:envMxdIZc
C0/499D 4A          LSR A                   A:0000 X:00C9 Y:0060 P:envMxdIZc
C0/499E 4A          LSR A                   A:0000 X:00C9 Y:0060 P:envMxdIZc
C0/499F 4A          LSR A                   A:0000 X:00C9 Y:0060 P:envMxdIZc
C0/49A0 F0 30       BEQ $30    [$49D2]

C0/49D2 60          RTS

C0/49D7 48          PHA
C0/49D8 A5 47       LDA $47
C0/49DA 85 48       STA $48
C0/49DC A5 49       LDA $49
C0/49DE 85 4A       STA $4A
C0/49E0 64 49       STZ $49
C0/49E2 A9 07       LDA #$07
C0/49E4 85 47       STA $47
C0/49E6 68          PLA
C0/49E7 80 10       BRA $49F9
C0/49E9 48          PHA
C0/49EA A5 47       LDA $47
C0/49EC 85 48       STA $48
C0/49EE A5 49       LDA $49
C0/49F0 85 4A       STA $4A
C0/49F2 64 49       STZ $49
C0/49F4 A9 87       LDA #$87
C0/49F6 85 47       STA $47
C0/49F8 68          PLA
C0/49F9 20 44 4A    JSR $4A44
C0/49FC 64 46       STZ $46
C0/49FE 60          RTS

C0/49FF A5 44       LDA $44
C0/4A01 10 1B       BPL $4A1E
C0/4A03 29 7F       AND #$7F
C0/4A05 18          CLC
C0/4A06 65 46       ADC $46
C0/4A08 85 46       STA $46
C0/4A0A A5 4C       LDA $4C
C0/4A0C 29 1F       AND #$1F
C0/4A0E 0A          ASL A
C0/4A0F 0A          ASL A
C0/4A10 0A          ASL A
C0/4A11 C5 46       CMP $46
C0/4A13 B0 1E       BCS $4A33
C0/4A15 A5 46       LDA $46
C0/4A17 29 F8       AND #$F8
C0/4A19 85 46       STA $46
C0/4A1B 4C 33 4A    JMP $4A33
C0/4A1E A5 46       LDA $46
C0/4A20 F0 07       BEQ $4A29
C0/4A22 38          SEC
C0/4A23 E5 44       SBC $44
C0/4A25 85 46       STA $46
C0/4A27 80 0A       BRA $4A33
C0/4A29 A5 48       LDA $48
C0/4A2B 85 47       STA $47
C0/4A2D A5 4A       LDA $4A
C0/4A2F 85 49       STA $49
C0/4A31 64 44       STZ $44
C0/4A33 A5 46       LDA $46
C0/4A35 4A          LSR A
C0/4A36 4A          LSR A
C0/4A37 4A          LSR A
C0/4A38 85 17       STA $17
C0/4A3A A5 4C       LDA $4C
C0/4A3C 29 E0       AND #$E0
C0/4A3E 05 17       ORA $17
C0/4A40 8D 32 21    STA $2132
C0/4A43 60          RTS

C0/4A44 48          PHA
C0/4A45 48          PHA
C0/4A46 29 E0       AND #$E0
C0/4A48 85 08       STA $08
C0/4A4A 68          PLA
C0/4A4B 29 07       AND #$07
C0/4A4D 0A          ASL A
C0/4A4E 0A          ASL A
C0/4A4F 18          CLC
C0/4A50 69 03       ADC #$03
C0/4A52 05 08       ORA $08
C0/4A54 85 4C       STA $4C
C0/4A56 68          PLA
C0/4A57 29 18       AND #$18
C0/4A59 4A          LSR A
C0/4A5A 4A          LSR A
C0/4A5B 4A          LSR A
C0/4A5C AA          TAX
C0/4A5D BF 64 4A C0 LDA $C04A64,x
C0/4A61 85 44       STA $44
C0/4A63 60          RTS

C0/4A68 A9 10       LDA #$10
C0/4A6A 85 43       STA $43
C0/4A6C A9 10       LDA #$10
C0/4A6E 85 45       STA $45
C0/4A70 60          RTS

C0/4A71 A9 90       LDA #$90
C0/4A73 85 43       STA $43
C0/4A75 A9 F0       LDA #$F0
C0/4A77 85 45       STA $45
C0/4A79 60          RTS

C0/4A7A A5 43       LDA $43
C0/4A7C 30 14       BMI $4A92
C0/4A7E A5 45       LDA $45
C0/4A80 29 F0       AND #$F0
C0/4A82 C9 F0       CMP #$F0
C0/4A84 F0 1D       BEQ $4AA3
C0/4A86 A5 43       LDA $43
C0/4A88 29 1F       AND #$1F
C0/4A8A 18          CLC
C0/4A8B 65 45       ADC $45
C0/4A8D 85 45       STA $45
C0/4A8F 4C A3 4A    JMP $4AA3

C0/4A92 A5 45       LDA $45
C0/4A94 F0 0D       BEQ $4AA3
C0/4A96 A5 43       LDA $43
C0/4A98 29 1F       AND #$1F
C0/4A9A 85 19       STA $19
C0/4A9C A5 45       LDA $45
C0/4A9E 38          SEC
C0/4A9F E5 19       SBC $19
C0/4AA1 85 45       STA $45
C0/4AA3 A5 45       LDA $45
C0/4AA5 4A          LSR A
C0/4AA6 4A          LSR A
C0/4AA7 4A          LSR A
C0/4AA8 4A          LSR A
C0/4AA9 8D 00 21    STA $2100
C0/4AAC 60          RTS

C0/4AAD 20 41 4E    JSR $4E41
C0/4AB0 20 7C 23    JSR $237C
C0/4AB3 20 B3 39    JSR $39B3
C0/4AB6 A5 02       LDA $02
C0/4AB8 29 CF       AND #$CF
C0/4ABA D0 F1       BNE $4AAD
C0/4ABC A5 03       LDA $03
C0/4ABE D0 ED       BNE $4AAD
C0/4AC0 60          RTS

C0/4AC1 20 41 4E    JSR $4E41
C0/4AC4 20 7C 23    JSR $237C
C0/4AC7 20 B3 39    JSR $39B3
C0/4ACA A5 02       LDA $02
C0/4ACC 29 CF       AND #$CF
C0/4ACE D0 04       BNE $4AD4
C0/4AD0 A5 03       LDA $03
C0/4AD2 F0 ED       BEQ $4AC1
C0/4AD4 60          RTS

C0/4AD5 9C 0B 42    STZ $420B
C0/4AD8 A9 80       LDA #$80
C0/4ADA 8D 15 21    STA $2115
C0/4ADD A9 08       LDA #$08
C0/4ADF 8D 00 43    STA $4300
C0/4AE2 A9 19       LDA #$19
C0/4AE4 8D 01 43    STA $4301
C0/4AE7 A6 33       LDX $33
C0/4AE9 8E 16 21    STX $2116
C0/4AEC A2 06 0B    LDX #$0B06
C0/4AEF 8E 02 43    STX $4302
C0/4AF2 9C 04 43    STZ $4304
C0/4AF5 C2 20       REP #$20       (16-bit accumulator)
C0/4AF7 A5 35       LDA $35
C0/4AF9 0A          ASL A
C0/4AFA 0A          ASL A
C0/4AFB 0A          ASL A
C0/4AFC 85 17       STA $17
C0/4AFE 0A          ASL A
C0/4AFF 18          CLC
C0/4B00 65 17       ADC $17
C0/4B02 8D 05 43    STA $4305
C0/4B05 A5 06       LDA $06
C0/4B07 E2 20       SEP #$20       (8-bit accumulator)
C0/4B09 A9 01       LDA #$01
C0/4B0B 8D 0B 42    STA $420B
C0/4B0E 9C 0B 42    STZ $420B
C0/4B11 A6 30       LDX $30
C0/4B13 8E 02 43    STX $4302
C0/4B16 A9 DB       LDA #$DB
C0/4B18 8D 04 43    STA $4304
C0/4B1B A9 18       LDA #$18
C0/4B1D 8D 01 43    STA $4301
C0/4B20 A6 33       LDX $33
C0/4B22 8E 16 21    STX $2116
C0/4B25 A4 06       LDY $06
C0/4B27 A9 80       LDA #$80
C0/4B29 8D 15 21    STA $2115
C0/4B2C A9 01       LDA #$01
C0/4B2E 8D 00 43    STA $4300
C0/4B31 A2 10 00    LDX #$0010
C0/4B34 8E 05 43    STX $4305
C0/4B37 A9 01       LDA #$01
C0/4B39 8D 0B 42    STA $420B
C0/4B3C 9C 0B 42    STZ $420B
C0/4B3F 9C 15 21    STZ $2115
C0/4B42 9C 00 43    STZ $4300
C0/4B45 A2 08 00    LDX #$0008
C0/4B48 8E 05 43    STX $4305
C0/4B4B A9 01       LDA #$01
C0/4B4D 8D 0B 42    STA $420B
C0/4B50 C8          INY
C0/4B51 C4 35       CPY $35
C0/4B53 D0 D2       BNE $4B27
C0/4B55 60          RTS

C0/4B56 A9 80       LDA #$80
C0/4B58 8D 15 21    STA $2115
C0/4B5B A6 06       LDX $06
C0/4B5D 8E 16 21    STX $2116
C0/4B60 AD D6 0A    LDA $0AD6
C0/4B63 AA          TAX
C0/4B64 BF BB 4B C0 LDA $C04BBB,x
C0/4B68 85 24       STA $24
C0/4B6A 64 23       STZ $23
C0/4B6C A6 23       LDX $23
C0/4B6E A4 06       LDY $06
C0/4B70 BF C0 F9 CF LDA $CFF9C0,x
C0/4B74 99 73 18    STA $1873,y
C0/4B77 E8          INX
C0/4B78 C8          INY
C0/4B79 C0 00 01    CPY #$0100
C0/4B7C D0 F2       BNE $4B70
C0/4B7E AD D6 0A    LDA $0AD6
C0/4B81 AA          TAX
C0/4B82 BF BB 4B C0 LDA $C04BBB,x
C0/4B86 0A          ASL A
C0/4B87 0A          ASL A
C0/4B88 0A          ASL A
C0/4B89 0A          ASL A
C0/4B8A 0A          ASL A
C0/4B8B 85 24       STA $24
C0/4B8D 64 23       STZ $23
C0/4B8F A6 23       LDX $23
C0/4B91 A0 00 00    LDY #$0000
C0/4B94 BF 00 80 DB LDA $DB8000,x
C0/4B98 85 0A       STA $0A
C0/4B9A E8          INX
C0/4B9B 29 0F       AND #$0F
C0/4B9D 19 73 18    ORA $1873,y
C0/4BA0 8D 19 21    STA $2119
C0/4BA3 A5 0A       LDA $0A
C0/4BA5 4A          LSR A
C0/4BA6 4A          LSR A
C0/4BA7 4A          LSR A
C0/4BA8 4A          LSR A
C0/4BA9 19 73 18    ORA $1873,y
C0/4BAC 8D 19 21    STA $2119
C0/4BAF 8A          TXA
C0/4BB0 29 1F       AND #$1F
C0/4BB2 D0 E0       BNE $4B94
C0/4BB4 C8          INY
C0/4BB5 C0 00 01    CPY #$0100
C0/4BB8 D0 DA       BNE $4B94
C0/4BBA 60          RTS

C0/4BC0 C2 20       REP #$20       (16-bit accumulator)
C0/4BC2 A5 61       LDA $61    [$00:0B61]   A:0000 X:0220 Y:000F P:envmxdIZc
C0/4BC4 4A          LSR A                   A:0000 X:0220 Y:000F P:envmxdIZc
C0/4BC5 18          CLC                     A:0000 X:0220 Y:000F P:envmxdIZc
C0/4BC6 6D A0 10    ADC $10A0  [$00:10A0]   A:0000 X:0220 Y:000F P:envmxdIZc
C0/4BC9 85 17       STA $17    [$00:0B17]   A:0000 X:0220 Y:000F P:envmxdIZc
C0/4BCB A5 63       LDA $63    [$00:0B63]   A:0000 X:0220 Y:000F P:envmxdIZc
C0/4BCD 4A          LSR A                   A:0000 X:0220 Y:000F P:envmxdIZc
C0/4BCE 18          CLC                     A:0000 X:0220 Y:000F P:envmxdIZc
C0/4BCF 6D A2 10    ADC $10A2  [$00:10A2]   A:0000 X:0220 Y:000F P:envmxdIZc
C0/4BD2 85 19       STA $19    [$00:0B19]   A:0000 X:0220 Y:000F P:envmxdIZc
C0/4BD4 A5 65       LDA $65    [$00:0B65]   A:0000 X:0220 Y:000F P:envmxdIZc
C0/4BD6 38          SEC                     A:0000 X:0220 Y:000F P:envmxdIZc
C0/4BD7 ED 98 10    SBC $1098  [$00:1098]   A:0000 X:0220 Y:000F P:envmxdIZC
C0/4BDA 85 65       STA $65    [$00:0B65]   A:0000 X:0220 Y:000F P:envmxdIZC
C0/4BDC 4A          LSR A                   A:0000 X:0220 Y:000F P:envmxdIZC
C0/4BDD 18          CLC                     A:0000 X:0220 Y:000F P:envmxdIZc
C0/4BDE 6D A4 10    ADC $10A4  [$00:10A4]   A:0000 X:0220 Y:000F P:envmxdIZc
C0/4BE1 85 1B       STA $1B    [$00:0B1B]   A:0000 X:0220 Y:000F P:envmxdIZc
C0/4BE3 A5 67       LDA $67    [$00:0B67]   A:0000 X:0220 Y:000F P:envmxdIZc
C0/4BE5 38          SEC                     A:0000 X:0220 Y:000F P:envmxdIZc
C0/4BE6 ED 9A 10    SBC $109A  [$00:109A]   A:0000 X:0220 Y:000F P:envmxdIZC
C0/4BE9 85 67       STA $67    [$00:0B67]   A:0000 X:0220 Y:000F P:envmxdIZC
C0/4BEB 4A          LSR A                   A:0000 X:0220 Y:000F P:envmxdIZC
C0/4BEC 18          CLC                     A:0000 X:0220 Y:000F P:envmxdIZc
C0/4BED 6D A6 10    ADC $10A6  [$00:10A6]   A:0000 X:0220 Y:000F P:envmxdIZc
C0/4BF0 85 1D       STA $1D    [$00:0B1D]   A:0000 X:0220 Y:000F P:envmxdIZc
C0/4BF2 A5 69       LDA $69    [$00:0B69]   A:0000 X:0220 Y:000F P:envmxdIZc
C0/4BF4 38          SEC                     A:0000 X:0220 Y:000F P:envmxdIZc
C0/4BF5 ED 9C 10    SBC $109C  [$00:109C]   A:0000 X:0220 Y:000F P:envmxdIZC
C0/4BF8 85 69       STA $69    [$00:0B69]   A:0000 X:0220 Y:000F P:envmxdIZC
C0/4BFA 4A          LSR A                   A:0000 X:0220 Y:000F P:envmxdIZC
C0/4BFB 18          CLC                     A:0000 X:0220 Y:000F P:envmxdIZc
C0/4BFC 6D A8 10    ADC $10A8  [$00:10A8]   A:0000 X:0220 Y:000F P:envmxdIZc
C0/4BFF 85 1F       STA $1F    [$00:0B1F]   A:0000 X:0220 Y:000F P:envmxdIZc
C0/4C01 AD D4 0A    LDA $0AD4  [$00:0AD4]   A:0000 X:0220 Y:000F P:envmxdIZc
C0/4C04 C9 BE 00    CMP #$00BE              A:0000 X:0220 Y:000F P:envmxdIZc
C0/4C07 D0 0D       BNE $0D    [$4C16]      A:0000 X:0220 Y:000F P:eNvmxdIzc
C0/4C16 A5 6B       LDA $6B    [$00:0B6B]   A:0000 X:0220 Y:000F P:eNvmxdIzc
C0/4C18 38          SEC                     A:0000 X:0220 Y:000F P:envmxdIZc
C0/4C19 ED 9E 10    SBC $109E  [$00:109E]   A:0000 X:0220 Y:000F P:envmxdIZC
C0/4C1C 85 6B       STA $6B    [$00:0B6B]   A:0000 X:0220 Y:000F P:envmxdIZC
C0/4C1E 4A          LSR A                   A:0000 X:0220 Y:000F P:envmxdIZC
C0/4C1F 18          CLC                     A:0000 X:0220 Y:000F P:envmxdIZc
C0/4C20 6D AA 10    ADC $10AA  [$00:10AA]   A:0000 X:0220 Y:000F P:envmxdIZc
C0/4C23 85 21       STA $21    [$00:0B21]   A:0000 X:0220 Y:000F P:envmxdIZc
C0/4C25 A5 06       LDA $06    [$00:0B06]   A:0000 X:0220 Y:000F P:envmxdIZc
C0/4C27 E2 20       SEP #$20       (8-bit accumulator)                A:0000 X:0220 Y:000F P:envmxdIZc
C0/4C29 A5 17       LDA $17    [$00:0B17]   A:0000 X:0220 Y:000F P:envMxdIZc
C0/4C2B 8D 0D 21    STA $210D  [$00:210D]   A:0000 X:0220 Y:000F P:envMxdIZc
C0/4C2E A5 18       LDA $18    [$00:0B18]   A:0000 X:0220 Y:000F P:envMxdIZc
C0/4C30 8D 0D 21    STA $210D  [$00:210D]   A:0000 X:0220 Y:000F P:envMxdIZc
C0/4C33 A5 19       LDA $19    [$00:0B19]   A:0000 X:0220 Y:000F P:envMxdIZc
C0/4C35 8D 0E 21    STA $210E  [$00:210E]   A:0000 X:0220 Y:000F P:envMxdIZc
C0/4C38 A5 1A       LDA $1A    [$00:0B1A]   A:0000 X:0220 Y:000F P:envMxdIZc
C0/4C3A 8D 0E 21    STA $210E  [$00:210E]   A:0000 X:0220 Y:000F P:envMxdIZc
C0/4C3D A5 1B       LDA $1B    [$00:0B1B]   A:0000 X:0220 Y:000F P:envMxdIZc
C0/4C3F 8D 0F 21    STA $210F  [$00:210F]   A:0000 X:0220 Y:000F P:envMxdIZc
C0/4C42 A5 1C       LDA $1C    [$00:0B1C]   A:0000 X:0220 Y:000F P:envMxdIZc
C0/4C44 8D 0F 21    STA $210F  [$00:210F]   A:0000 X:0220 Y:000F P:envMxdIZc
C0/4C47 A5 1D       LDA $1D    [$00:0B1D]   A:0000 X:0220 Y:000F P:envMxdIZc
C0/4C49 8D 10 21    STA $2110  [$00:2110]   A:0000 X:0220 Y:000F P:envMxdIZc
C0/4C4C A5 1E       LDA $1E    [$00:0B1E]   A:0000 X:0220 Y:000F P:envMxdIZc
C0/4C4E 8D 10 21    STA $2110  [$00:2110]   A:0000 X:0220 Y:000F P:envMxdIZc
C0/4C51 A5 1F       LDA $1F    [$00:0B1F]   A:0000 X:0220 Y:000F P:envMxdIZc
C0/4C53 8D 11 21    STA $2111  [$00:2111]   A:0000 X:0220 Y:000F P:envMxdIZc
C0/4C56 A5 20       LDA $20    [$00:0B20]   A:0000 X:0220 Y:000F P:envMxdIZc
C0/4C58 8D 11 21    STA $2111  [$00:2111]   A:0000 X:0220 Y:000F P:envMxdIZc
C0/4C5B A5 21       LDA $21    [$00:0B21]   A:0000 X:0220 Y:000F P:envMxdIZc
C0/4C5D 8D 12 21    STA $2112  [$00:2112]   A:0000 X:0220 Y:000F P:envMxdIZc
C0/4C60 A5 22       LDA $22    [$00:0B22]   A:0000 X:0220 Y:000F P:envMxdIZc
C0/4C62 8D 12 21    STA $2112  [$00:2112]   A:0000 X:0220 Y:000F P:envMxdIZc
C0/4C65 C2 20       REP #$20       (16-bit accumulator)                A:0000 X:0220 Y:000F P:envMxdIZc
C0/4C67 A5 17       LDA $17    [$00:0B17]   A:0000 X:0220 Y:000F P:envmxdIZc
C0/4C69 18          CLC                     A:0000 X:0220 Y:000F P:envmxdIZc
C0/4C6A 69 78 00    ADC #$0078              A:0000 X:0220 Y:000F P:envmxdIZc
C0/4C6D 85 17       STA $17    [$00:0B17]   A:0078 X:0220 Y:000F P:envmxdIzc
C0/4C6F A5 19       LDA $19    [$00:0B19]   A:0078 X:0220 Y:000F P:envmxdIzc
C0/4C71 18          CLC                     A:0000 X:0220 Y:000F P:envmxdIZc
C0/4C72 69 78 00    ADC #$0078              A:0000 X:0220 Y:000F P:envmxdIZc
C0/4C75 85 19       STA $19    [$00:0B19]   A:0078 X:0220 Y:000F P:envmxdIzc
C0/4C77 A5 06       LDA $06    [$00:0B06]   A:0078 X:0220 Y:000F P:envmxdIzc
C0/4C79 E2 20       SEP #$20       (8-bit accumulator)                A:0000 X:0220 Y:000F P:envmxdIZc
C0/4C7B A5 17       LDA $17    [$00:0B17]   A:0000 X:0220 Y:000F P:envMxdIZc
C0/4C7D 8D 1F 21    STA $211F  [$00:211F]   A:0078 X:0220 Y:000F P:envMxdIzc
C0/4C80 A5 18       LDA $18    [$00:0B18]   A:0078 X:0220 Y:000F P:envMxdIzc
C0/4C82 8D 1F 21    STA $211F  [$00:211F]   A:0000 X:0220 Y:000F P:envMxdIZc
C0/4C85 A5 19       LDA $19    [$00:0B19]   A:0000 X:0220 Y:000F P:envMxdIZc
C0/4C87 8D 20 21    STA $2120  [$00:2120]   A:0078 X:0220 Y:000F P:envMxdIzc
C0/4C8A A5 1A       LDA $1A    [$00:0B1A]   A:0078 X:0220 Y:000F P:envMxdIzc
C0/4C8C 8D 20 21    STA $2120  [$00:2120]   A:0000 X:0220 Y:000F P:envMxdIZc
C0/4C8F 60          RTS

C0/4C90 22 08 A0 C2 JSL $C2A008
C0/4C94 60          RTS

C0/4C95 A2 00 02    LDX #$0200              A:0004 X:0004 Y:000F P:envMxdizC
C0/4C98 A9 F0       LDA #$F0                A:0004 X:0200 Y:000F P:envMxdizC
C0/4C9A 9D FD 01    STA $01FD,x[$00:03FD]   A:00F0 X:0200 Y:000F P:eNvMxdizC
C0/4C9D CA          DEX                     A:00F0 X:0200 Y:000F P:eNvMxdizC
C0/4C9E CA          DEX                     A:00F0 X:01FF Y:000F P:envMxdizC
C0/4C9F CA          DEX                     A:00F0 X:01FE Y:000F P:envMxdizC
C0/4CA0 CA          DEX                     A:00F0 X:01FD Y:000F P:envMxdizC
C0/4CA1 D0 F7       BNE $4C9A
C0/4CA3 A2 20 00    LDX #$0020              A:00F0 X:0000 Y:000F P:envMxdiZC
C0/4CA6 9E FF 03    STZ $03FF,x[$00:041F]   A:00F0 X:0020 Y:000F P:envMxdizC
C0/4CA9 CA          DEX                     A:00F0 X:0020 Y:000F P:envMxdizC
C0/4CAA D0 FA       BNE $4CA6
C0/4CAC 60          RTS

C0/4CBC A9 80       LDA #$80                A:00CD X:FE00 Y:001A P:eNvMxdIzC
C0/4CBE 8D 15 21    STA $2115  [$00:2115]   A:0080 X:FE00 Y:001A P:eNvMxdIzC
C0/4CC1 9C 0B 42    STZ $420B  [$00:420B]   A:0080 X:FE00 Y:001A P:eNvMxdIzC
C0/4CC4 A9 01       LDA #$01                A:0080 X:FE00 Y:001A P:eNvMxdIzC
C0/4CC6 8D 00 43    STA $4300  [$00:4300]   A:0001 X:FE00 Y:001A P:envMxdIzC
C0/4CC9 A9 18       LDA #$18                A:0001 X:FE00 Y:001A P:envMxdIzC
C0/4CCB 8D 01 43    STA $4301  [$00:4301]   A:0018 X:FE00 Y:001A P:envMxdIzC
C0/4CCE A5 25       LDA $25    [$00:0B25]   A:0018 X:FE00 Y:001A P:envMxdIzC
C0/4CD0 8D 04 43    STA $4304  [$00:4304]   A:00CD X:FE00 Y:001A P:eNvMxdIzC
C0/4CD3 A6 2E       LDX $2E    [$00:0B2E]   A:00CD X:FE00 Y:001A P:eNvMxdIzC
C0/4CD5 8E 16 21    STX $2116  [$00:2116]   A:00CD X:6400 Y:001A P:envMxdIzC
C0/4CD8 A6 23       LDX $23    [$00:0B23]   A:00CD X:6400 Y:001A P:envMxdIzC
C0/4CDA 8E 02 43    STX $4302  [$00:4302]   A:00CD X:FE00 Y:001A P:eNvMxdIzC
C0/4CDD A6 2C       LDX $2C    [$00:0B2C]   A:00CD X:FE00 Y:001A P:eNvMxdIzC
C0/4CDF 8E 05 43    STX $4305  [$00:4305]   A:00CD X:0200 Y:001A P:envMxdIzC
C0/4CE2 A9 01       LDA #$01                A:00CD X:0200 Y:001A P:envMxdIzC
C0/4CE4 8D 0B 42    STA $420B  [$00:420B]   A:0001 X:0200 Y:001A P:envMxdIzC
C0/4CE7 60          RTS

C0/4CE8 9C 0B 42    STZ $420B  [$00:420B]   A:0007 X:00A2 Y:0000 P:enVMxdizc
C0/4CEB 9C 0C 42    STZ $420C  [$00:420C]   A:0007 X:00A2 Y:0000 P:enVMxdizc
C0/4CEE A9 80       LDA #$80                A:0007 X:00A2 Y:0000 P:enVMxdizc
C0/4CF0 8D 00 21    STA $2100  [$00:2100]   A:0080 X:00A2 Y:0000 P:eNVMxdizc
C0/4CF3 A9 00       LDA #$00                A:0080 X:00A2 Y:0000 P:eNVMxdizc
C0/4CF5 8D 00 42    STA $4200  [$00:4200]   A:0000 X:00A2 Y:0000 P:enVMxdiZc
C0/4CF8 78          SEI                     A:0000 X:00A2 Y:0000 P:enVMxdiZc
C0/4CF9 60          RTS

C0/4CFA A9 81       LDA #$81                A:0006 X:0000 Y:0110 P:envMxdIzc
C0/4CFC 8D 00 42    STA $4200  [$00:4200]   A:0081 X:0000 Y:0110 P:eNvMxdIzc
C0/4CFF A9 00       LDA #$00                A:0081 X:0000 Y:0110 P:eNvMxdIzc
C0/4D01 8D 00 21    STA $2100  [$00:2100]   A:0000 X:0000 Y:0110 P:envMxdIZc
C0/4D04 58          CLI                     A:0000 X:0000 Y:0110 P:envMxdIZc
C0/4D05 60          RTS

C0/4D13 A9 80       LDA #$80                A:0000 X:0020 Y:0000 P:envMxdIzC
C0/4D15 8D 15 21    STA $2115  [$00:2115]   A:0080 X:0020 Y:0000 P:eNvMxdIzC
C0/4D18 9C 0B 42    STZ $420B  [$00:420B]   A:0080 X:0020 Y:0000 P:eNvMxdIzC
C0/4D1B A9 09       LDA #$09                A:0080 X:0020 Y:0000 P:eNvMxdIzC
C0/4D1D 8D 00 43    STA $4300  [$00:4300]   A:0009 X:0020 Y:0000 P:envMxdIzC
C0/4D20 A9 18       LDA #$18                A:0009 X:0020 Y:0000 P:envMxdIzC
C0/4D22 8D 01 43    STA $4301  [$00:4301]   A:0018 X:0020 Y:0000 P:envMxdIzC
C0/4D25 A6 2E       LDX $2E    [$00:0B2E]   A:0018 X:0020 Y:0000 P:envMxdIzC
C0/4D27 8E 16 21    STX $2116  [$00:2116]   A:0018 X:0020 Y:0000 P:envMxdIzC
C0/4D2A A2 6D 0B    LDX #$0B6D              A:0018 X:0020 Y:0000 P:envMxdIzC
C0/4D2D 8E 02 43    STX $4302  [$00:4302]   A:0018 X:0B6D Y:0000 P:envMxdIzC
C0/4D30 9C 04 43    STZ $4304  [$00:4304]   A:0018 X:0B6D Y:0000 P:envMxdIzC
C0/4D33 A6 2C       LDX $2C    [$00:0B2C]   A:0018 X:0B6D Y:0000 P:envMxdIzC
C0/4D35 8E 05 43    STX $4305  [$00:4305]   A:0018 X:0020 Y:0000 P:envMxdIzC
C0/4D38 A9 01       LDA #$01                A:0018 X:0020 Y:0000 P:envMxdIzC
C0/4D3A 8D 0B 42    STA $420B  [$00:420B]   A:0001 X:0020 Y:0000 P:envMxdIzC
C0/4D3D 60          RTS

C0/4D67 9C 0B 42    STZ $420B  [$00:420B]   A:0000 X:0B00 Y:000F P:envMxdIZC
C0/4D6A 9C 21 21    STZ $2121  [$00:2121]   A:0000 X:0B00 Y:000F P:envMxdIZC
C0/4D6D A9 02       LDA #$02                A:0000 X:0B00 Y:000F P:envMxdIZC
C0/4D6F 8D 00 43    STA $4300  [$00:4300]   A:0002 X:0B00 Y:000F P:envMxdIzC
C0/4D72 A9 22       LDA #$22                A:0002 X:0B00 Y:000F P:envMxdIzC
C0/4D74 8D 01 43    STA $4301  [$00:4301]   A:0022 X:0B00 Y:000F P:envMxdIzC
C0/4D77 A9 00       LDA #$00                A:0022 X:0B00 Y:000F P:envMxdIzC
C0/4D79 8D 04 43    STA $4304  [$00:4304]   A:0000 X:0B00 Y:000F P:envMxdIZC
C0/4D7C A2 00 0C    LDX #$0C00              A:0000 X:0B00 Y:000F P:envMxdIZC
C0/4D7F 8E 02 43    STX $4302  [$00:4302]   A:0000 X:0C00 Y:000F P:envMxdIzC
C0/4D82 A2 00 02    LDX #$0200              A:0000 X:0C00 Y:000F P:envMxdIzC
C0/4D85 8E 05 43    STX $4305  [$00:4305]   A:0000 X:0200 Y:000F P:envMxdIzC
C0/4D88 A9 01       LDA #$01                A:0000 X:0200 Y:000F P:envMxdIzC
C0/4D8A 8D 0B 42    STA $420B  [$00:420B]   A:0001 X:0200 Y:000F P:envMxdIzC
C0/4D8D 60          RTS

C0/4D3E A5 5C       LDA $5C    [$00:0B5C]   A:0001 X:0200 Y:000F P:envMxdIzC
C0/4D40 D0 24       BNE $24    [$4D66]      A:0000 X:0200 Y:000F P:envMxdIZC
C0/4D42 9C 02 21    STZ $2102  [$00:2102]   A:0000 X:0200 Y:000F P:envMxdIZC
C0/4D45 9C 0B 42    STZ $420B  [$00:420B]   A:0000 X:0200 Y:000F P:envMxdIZC
C0/4D48 9C 00 43    STZ $4300  [$00:4300]   A:0000 X:0200 Y:000F P:envMxdIZC
C0/4D4B A9 04       LDA #$04                A:0000 X:0200 Y:000F P:envMxdIZC
C0/4D4D 8D 01 43    STA $4301  [$00:4301]   A:0004 X:0200 Y:000F P:envMxdIzC
C0/4D50 A2 00 02    LDX #$0200              A:0004 X:0200 Y:000F P:envMxdIzC
C0/4D53 8E 02 43    STX $4302  [$00:4302]   A:0004 X:0200 Y:000F P:envMxdIzC
C0/4D56 A9 00       LDA #$00                A:0004 X:0200 Y:000F P:envMxdIzC
C0/4D58 8D 04 43    STA $4304  [$00:4304]   A:0000 X:0200 Y:000F P:envMxdIZC
C0/4D5B A2 20 02    LDX #$0220              A:0000 X:0200 Y:000F P:envMxdIZC
C0/4D5E 8E 05 43    STX $4305  [$00:4305]   A:0000 X:0220 Y:000F P:envMxdIzC
C0/4D61 A9 01       LDA #$01                A:0000 X:0220 Y:000F P:envMxdIzC
C0/4D63 8D 0B 42    STA $420B  [$00:420B]   A:0001 X:0220 Y:000F P:envMxdIzC
C0/4D66 60          RTS

C0/4D8E A5 02       LDA $02    [$00:0B02]   A:0000 X:0000 Y:0060 P:envMxdIZC
C0/4D90 29 80       AND #$80                A:0000 X:0000 Y:0060 P:envMxdIZC
C0/4D92 D0 03       BNE $03    [$4D97]      A:0000 X:0000 Y:0060 P:envMxdIZC
C0/4D94 9C B8 10    STZ $10B8  [$00:10B8]   A:0000 X:0000 Y:0060 P:envMxdIZC
C0/4D97 A5 02       LDA $02    [$00:0B02]   A:0000 X:0000 Y:0060 P:envMxdIZC
C0/4D99 29 40       AND #$40                A:0000 X:0000 Y:0060 P:envMxdIZC
C0/4D9B D0 03       BNE $03    [$4DA0]      A:0000 X:0000 Y:0060 P:envMxdIZC
C0/4D9D 9C B4 10    STZ $10B4  [$00:10B4]   A:0000 X:0000 Y:0060 P:envMxdIZC
C0/4DA0 A5 02       LDA $02    [$00:0B02]   A:0000 X:0000 Y:0060 P:envMxdIZC
C0/4DA2 29 20       AND #$20                A:0000 X:0000 Y:0060 P:envMxdIZC
C0/4DA4 D0 03       BNE $03    [$4DA9]      A:0000 X:0000 Y:0060 P:envMxdIZC
C0/4DA6 9C B6 10    STZ $10B6  [$00:10B6]   A:0000 X:0000 Y:0060 P:envMxdIZC
C0/4DA9 A5 02       LDA $02    [$00:0B02]   A:0000 X:0000 Y:0060 P:envMxdIZC
C0/4DAB 29 10       AND #$10                A:0000 X:0000 Y:0060 P:envMxdIZC
C0/4DAD D0 03       BNE $03    [$4DB2]      A:0000 X:0000 Y:0060 P:envMxdIZC
C0/4DAF 9C B7 10    STZ $10B7  [$00:10B7]   A:0000 X:0000 Y:0060 P:envMxdIZC
C0/4DB2 A5 03       LDA $03    [$00:0B03]   A:0000 X:0000 Y:0060 P:envMxdIZC
C0/4DB4 29 80       AND #$80                A:0000 X:0000 Y:0060 P:envMxdIZC
C0/4DB6 D0 03       BNE $03    [$4DBB]      A:0000 X:0000 Y:0060 P:envMxdIZC
C0/4DB8 9C B9 10    STZ $10B9  [$00:10B9]   A:0000 X:0000 Y:0060 P:envMxdIZC
C0/4DBB A5 03       LDA $03    [$00:0B03]   A:0000 X:0000 Y:0060 P:envMxdIZC
C0/4DBD 29 40       AND #$40                A:0000 X:0000 Y:0060 P:envMxdIZC
C0/4DBF D0 03       BNE $03    [$4DC4]      A:0000 X:0000 Y:0060 P:envMxdIZC
C0/4DC1 9C B5 10    STZ $10B5  [$00:10B5]   A:0000 X:0000 Y:0060 P:envMxdIZC
C0/4DC4 A5 03       LDA $03    [$00:0B03]   A:0000 X:0000 Y:0060 P:envMxdIZC
C0/4DC6 29 20       AND #$20                A:0000 X:0000 Y:0060 P:envMxdIZC
C0/4DC8 D0 03       BNE $03    [$4DCD]      A:0000 X:0000 Y:0060 P:envMxdIZC
C0/4DCA 9C BA 10    STZ $10BA  [$00:10BA]   A:0000 X:0000 Y:0060 P:envMxdIZC
C0/4DCD A5 03       LDA $03    [$00:0B03]   A:0000 X:0000 Y:0060 P:envMxdIZC
C0/4DCF 29 10       AND #$10                A:0000 X:0000 Y:0060 P:envMxdIZC
C0/4DD1 D0 03       BNE $03    [$4DD6]      A:0000 X:0000 Y:0060 P:envMxdIZC
C0/4DD3 9C BB 10    STZ $10BB  [$00:10BB]   A:0000 X:0000 Y:0060 P:envMxdIZC
C0/4DD6 60          RTS

C0/4E41 64 51       STZ $51    [$00:0B51]   A:0000 X:0000 Y:0088 P:eNvMxdizc
C0/4E43 A5 51       LDA $51    [$00:0B51]   A:0000 X:0000 Y:0088 P:eNvMxdizc
C0/4E45 F0 FC       BEQ $4E43
C0/4E47 64 51       STZ $51    [$00:0B51]   A:0001 X:0000 Y:0088 P:envMxdizc
C0/4E49 60          RTS

C0/4E4A A9 5C       LDA #$5C                A:00FF X:0B00 Y:04E9 P:eNvMxdIzc
C0/4E4C 8D 00 1F    STA $1F00  [$00:1F00]   A:005C X:0B00 Y:04E9 P:envMxdIzc
C0/4E4F 8D 04 1F    STA $1F04  [$00:1F04]   A:005C X:0B00 Y:04E9 P:envMxdIzc
C0/4E52 A2 D1 02    LDX #$02D1              A:005C X:0B00 Y:04E9 P:envMxdIzc
C0/4E55 8E 01 1F    STX $1F01  [$00:1F01]   A:005C X:02D1 Y:04E9 P:envMxdIzc
C0/4E58 A9 C0       LDA #$C0                A:005C X:02D1 Y:04E9 P:envMxdIzc
C0/4E5A 8D 03 1F    STA $1F03  [$00:1F03]   A:00C0 X:02D1 Y:04E9 P:eNvMxdIzc
C0/4E5D A2 46 04    LDX #$0446              A:00C0 X:02D1 Y:04E9 P:eNvMxdIzc
C0/4E60 8E 05 1F    STX $1F05  [$00:1F05]   A:00C0 X:0446 Y:04E9 P:envMxdIzc
C0/4E63 A9 C0       LDA #$C0                A:00C0 X:0446 Y:04E9 P:envMxdIzc
C0/4E65 8D 07 1F    STA $1F07  [$00:1F07]   A:00C0 X:0446 Y:04E9 P:eNvMxdIzc
C0/4E68 60          RTS

C0/4E69 A9 80       LDA #$80                A:00C0 X:0446 Y:04E9 P:eNvMxdIzc
C0/4E6B 8D 00 21    STA $2100  [$00:2100]   A:0080 X:0446 Y:04E9 P:eNvMxdIzc
C0/4E6E A9 00       LDA #$00                A:0080 X:0446 Y:04E9 P:eNvMxdIzc
C0/4E70 8D 00 42    STA $4200  [$00:4200]   A:0000 X:0446 Y:04E9 P:envMxdIZc
C0/4E73 9C 0B 42    STZ $420B  [$00:420B]   A:0000 X:0446 Y:04E9 P:envMxdIZc
C0/4E76 9C 0C 42    STZ $420C  [$00:420C]   A:0000 X:0446 Y:04E9 P:envMxdIZc
C0/4E79 A9 03       LDA #$03                A:0000 X:0446 Y:04E9 P:envMxdIZc
C0/4E7B 8D 01 21    STA $2101  [$00:2101]   A:0003 X:0446 Y:04E9 P:envMxdIzc
C0/4E7E 9C 02 21    STZ $2102  [$00:2102]   A:0003 X:0446 Y:04E9 P:envMxdIzc
C0/4E81 9C 03 21    STZ $2103  [$00:2103]   A:0003 X:0446 Y:04E9 P:envMxdIzc
C0/4E84 A9 09       LDA #$09                A:0003 X:0446 Y:04E9 P:envMxdIzc
C0/4E86 8D 05 21    STA $2105  [$00:2105]   A:0009 X:0446 Y:04E9 P:envMxdIzc
C0/4E89 9C 06 21    STZ $2106  [$00:2106]   A:0009 X:0446 Y:04E9 P:envMxdIzc
C0/4E8C A9 00       LDA #$00                A:0009 X:0446 Y:04E9 P:envMxdIzc
C0/4E8E 8D 0B 21    STA $210B  [$00:210B]   A:0000 X:0446 Y:04E9 P:envMxdIZc
C0/4E91 A9 04       LDA #$04                A:0000 X:0446 Y:04E9 P:envMxdIZc
C0/4E93 8D 0C 21    STA $210C  [$00:210C]   A:0004 X:0446 Y:04E9 P:envMxdIzc
C0/4E96 A9 80       LDA #$80                A:0004 X:0446 Y:04E9 P:envMxdIzc
C0/4E98 8D 15 21    STA $2115  [$00:2115]   A:0080 X:0446 Y:04E9 P:eNvMxdIzc
C0/4E9B 9C 1A 21    STZ $211A  [$00:211A]   A:0080 X:0446 Y:04E9 P:eNvMxdIzc
C0/4E9E 9C 1B 21    STZ $211B  [$00:211B]   A:0080 X:0446 Y:04E9 P:eNvMxdIzc
C0/4EA1 A9 08       LDA #$08                A:0080 X:0446 Y:04E9 P:eNvMxdIzc
C0/4EA3 8D 1B 21    STA $211B  [$00:211B]   A:0008 X:0446 Y:04E9 P:envMxdIzc
C0/4EA6 9C 1C 21    STZ $211C  [$00:211C]   A:0008 X:0446 Y:04E9 P:envMxdIzc
C0/4EA9 9C 1C 21    STZ $211C  [$00:211C]   A:0008 X:0446 Y:04E9 P:envMxdIzc
C0/4EAC 9C 1D 21    STZ $211D  [$00:211D]   A:0008 X:0446 Y:04E9 P:envMxdIzc
C0/4EAF 9C 1D 21    STZ $211D  [$00:211D]   A:0008 X:0446 Y:04E9 P:envMxdIzc
C0/4EB2 9C 1E 21    STZ $211E  [$00:211E]   A:0008 X:0446 Y:04E9 P:envMxdIzc
C0/4EB5 A9 08       LDA #$08                A:0008 X:0446 Y:04E9 P:envMxdIzc
C0/4EB7 8D 1E 21    STA $211E  [$00:211E]   A:0008 X:0446 Y:04E9 P:envMxdIzc
C0/4EBA A9 80       LDA #$80                A:0008 X:0446 Y:04E9 P:envMxdIzc
C0/4EBC 8D 1F 21    STA $211F  [$00:211F]   A:0080 X:0446 Y:04E9 P:eNvMxdIzc
C0/4EBF 8D 1F 21    STA $211F  [$00:211F]   A:0080 X:0446 Y:04E9 P:eNvMxdIzc
C0/4EC2 8D 20 21    STA $2120  [$00:2120]   A:0080 X:0446 Y:04E9 P:eNvMxdIzc
C0/4EC5 8D 20 21    STA $2120  [$00:2120]   A:0080 X:0446 Y:04E9 P:eNvMxdIzc
C0/4EC8 8D 21 21    STA $2121  [$00:2121]   A:0080 X:0446 Y:04E9 P:eNvMxdIzc
C0/4ECB A9 BF       LDA #$BF                A:0080 X:0446 Y:04E9 P:eNvMxdIzc
C0/4ECD 8D 23 21    STA $2123  [$00:2123]   A:00BF X:0446 Y:04E9 P:eNvMxdIzc
C0/4ED0 A9 0B       LDA #$0B                A:00BF X:0446 Y:04E9 P:eNvMxdIzc
C0/4ED2 8D 24 21    STA $2124  [$00:2124]   A:000B X:0446 Y:04E9 P:envMxdIzc
C0/4ED5 A9 BB       LDA #$BB                A:000B X:0446 Y:04E9 P:envMxdIzc
C0/4ED7 8D 25 21    STA $2125  [$00:2125]   A:00BB X:0446 Y:04E9 P:eNvMxdIzc
C0/4EDA A9 08       LDA #$08                A:00BB X:0446 Y:04E9 P:eNvMxdIzc
C0/4EDC 8D 26 21    STA $2126  [$00:2126]   A:0008 X:0446 Y:04E9 P:envMxdIzc
C0/4EDF A9 F7       LDA #$F7                A:0008 X:0446 Y:04E9 P:envMxdIzc
C0/4EE1 8D 27 21    STA $2127  [$00:2127]   A:00F7 X:0446 Y:04E9 P:eNvMxdIzc
C0/4EE4 A9 FF       LDA #$FF                A:00F7 X:0446 Y:04E9 P:eNvMxdIzc
C0/4EE6 8D 28 21    STA $2128  [$00:2128]   A:00FF X:0446 Y:04E9 P:eNvMxdIzc
C0/4EE9 A9 00       LDA #$00                A:00FF X:0446 Y:04E9 P:eNvMxdIzc
C0/4EEB 8D 29 21    STA $2129  [$00:2129]   A:0000 X:0446 Y:04E9 P:envMxdIZc
C0/4EEE A9 01       LDA #$01                A:0000 X:0446 Y:04E9 P:envMxdIZc
C0/4EF0 8D 2A 21    STA $212A  [$00:212A]   A:0001 X:0446 Y:04E9 P:envMxdIzc
C0/4EF3 A9 00       LDA #$00                A:0001 X:0446 Y:04E9 P:envMxdIzc
C0/4EF5 8D 2B 21    STA $212B  [$00:212B]   A:0000 X:0446 Y:04E9 P:envMxdIZc
C0/4EF8 A9 13       LDA #$13                A:0000 X:0446 Y:04E9 P:envMxdIZc
C0/4EFA 8D 2C 21    STA $212C  [$00:212C]   A:0013 X:0446 Y:04E9 P:envMxdIzc
C0/4EFD A9 04       LDA #$04                A:0013 X:0446 Y:04E9 P:envMxdIzc
C0/4EFF 8D 2D 21    STA $212D  [$00:212D]   A:0004 X:0446 Y:04E9 P:envMxdIzc
C0/4F02 A9 17       LDA #$17                A:0004 X:0446 Y:04E9 P:envMxdIzc
C0/4F04 8D 2E 21    STA $212E  [$00:212E]   A:0017 X:0446 Y:04E9 P:envMxdIzc
C0/4F07 9C 2F 21    STZ $212F  [$00:212F]   A:0017 X:0446 Y:04E9 P:envMxdIzc
C0/4F0A A9 22       LDA #$22                A:0017 X:0446 Y:04E9 P:envMxdIzc
C0/4F0C 8D 30 21    STA $2130  [$00:2130]   A:0022 X:0446 Y:04E9 P:envMxdIzc
C0/4F0F A9 E0       LDA #$E0                A:0022 X:0446 Y:04E9 P:envMxdIzc
C0/4F11 8D 32 21    STA $2132  [$00:2132]   A:00E0 X:0446 Y:04E9 P:eNvMxdIzc
C0/4F14 A9 00       LDA #$00                A:00E0 X:0446 Y:04E9 P:eNvMxdIzc
C0/4F16 8D 33 21    STA $2133  [$00:2133]   A:0000 X:0446 Y:04E9 P:envMxdIZc
C0/4F19 A9 FF       LDA #$FF                A:0000 X:0446 Y:04E9 P:envMxdIZc
C0/4F1B 8D 01 42    STA $4201  [$00:4201]   A:00FF X:0446 Y:04E9 P:eNvMxdIzc
C0/4F1E 9C 07 42    STZ $4207  [$00:4207]   A:00FF X:0446 Y:04E9 P:eNvMxdIzc
C0/4F21 9C 08 42    STZ $4208  [$00:4208]   A:00FF X:0446 Y:04E9 P:eNvMxdIzc
C0/4F24 9C 09 42    STZ $4209  [$00:4209]   A:00FF X:0446 Y:04E9 P:eNvMxdIzc
C0/4F27 9C 0A 42    STZ $420A  [$00:420A]   A:00FF X:0446 Y:04E9 P:eNvMxdIzc
C0/4F2A 60          RTS

C0/4F48 A9 00       LDA #$00
C0/4F4A 85 25       STA $25
C0/4F4C A5 3F       LDA $3F
C0/4F4E 2D 55 1A    AND $1A55
C0/4F51 C2 20       REP #$20       (16-bit accumulator)
C0/4F53 EB          XBA
C0/4F54 4A          LSR A
C0/4F55 18          CLC
C0/4F56 6D B1 16    ADC $16B1
C0/4F59 AA          TAX
C0/4F5A A5 06       LDA $06
C0/4F5C E2 20       SEP #$20       (8-bit accumulator)
C0/4F5E 8A          TXA
C0/4F5F 0A          ASL A
C0/4F60 29 7F       AND #$7F
C0/4F62 A8          TAY
C0/4F63 BF 5A 50 C0 LDA $C0505A,x
C0/4F67 30 25       BMI $4F8E
C0/4F69 8D 02 42    STA $4202
C0/4F6C AD 53 1A    LDA $1A53
C0/4F6F 8D 03 42    STA $4203
C0/4F72 EA          NOP
C0/4F73 EA          NOP
C0/4F74 EA          NOP
C0/4F75 64 38       STZ $38
C0/4F77 AD 17 42    LDA $4217
C0/4F7A 85 37       STA $37
C0/4F7C AD 54 1A    LDA $1A54
C0/4F7F 8D 03 42    STA $4203
C0/4F82 EA          NOP
C0/4F83 EA          NOP
C0/4F84 C2 20       REP #$20       (16-bit accumulator)
C0/4F86 A5 37       LDA $37
C0/4F88 18          CLC
C0/4F89 6D 16 42    ADC $4216
C0/4F8C 80 2A       BRA $2A
C0/4F8E 49 FF       EOR #$FF
C0/4F90 1A          INC A
C0/4F91 8D 02 42    STA $4202
C0/4F94 AD 53 1A    LDA $1A53
C0/4F97 8D 03 42    STA $4203
C0/4F9A EA          NOP                     A:0020 X:0008 Y:0010 P:envMxdizc
C0/4F9B EA          NOP                     A:0020 X:0008 Y:0010 P:envMxdizc
C0/4F9C EA          NOP                     A:0020 X:0008 Y:0010 P:envMxdizc
C0/4F9D 64 38       STZ $38    [$00:0B38]   A:0020 X:0008 Y:0010 P:envMxdizc
C0/4F9F AD 17 42    LDA $4217
C0/4FA2 85 37       STA $37    [$00:0B37]   A:0000 X:0008 Y:0010 P:envMxdiZc
C0/4FA4 AD 54 1A    LDA $1A54
C0/4FA7 8D 03 42    STA $4203
C0/4FAA EA          NOP                     A:0000 X:0008 Y:0010 P:envMxdiZc
C0/4FAB EA          NOP                     A:0000 X:0008 Y:0010 P:envMxdiZc
C0/4FAC C2 20       REP #$20       (16-bit accumulator)                A:0000 X:0008 Y:0010 P:envMxdiZc
C0/4FAE A5 37       LDA $37    [$00:0B37]   A:0000 X:0008 Y:0010 P:envmxdiZc
C0/4FB0 18          CLC                     A:0000 X:0008 Y:0010 P:envmxdiZc
C0/4FB1 6D 16 42    ADC $4216  [$00:4216]   A:0000 X:0008 Y:0010 P:envmxdiZc
C0/4FB4 49 FF FF    EOR #$FFFF              A:0000 X:0008 Y:0010 P:envmxdiZc
C0/4FB7 1A          INC A                   A:FFFF X:0008 Y:0010 P:eNvmxdizc
C0/4FB8 18          CLC                     A:0002 X:0000 Y:0000 P:envmxdizc
C0/4FB9 65 13       ADC $13    [$00:0B13]   A:0002 X:0000 Y:0000 P:envmxdizc
C0/4FBB E2 20       SEP #$20       (8-bit accumulator)                A:0076 X:0000 Y:0000 P:envmxdizc
C0/4FBD EB          XBA                     A:0076 X:0000 Y:0000 P:envMxdizc
C0/4FBE F0 03       BEQ $4FC3
C0/4FC0 4C 3C 50    JMP $503C

C0/4FC3 EB          XBA                     A:7600 X:0000 Y:0000 P:envMxdiZc
C0/4FC4 97 23       STA [$23],y[$00:0280]   A:0076 X:0000 Y:0000 P:envMxdizc
C0/4FC6 C8          INY                     A:0076 X:0000 Y:0000 P:envMxdizc
C0/4FC7 BF 5B 50 C0 LDA $C0505B,x[$C0:505B] A:0076 X:0000 Y:0001 P:envMxdizc
C0/4FCB 30 25       BMI $4FF2
C0/4FCD 8D 02 42    STA $4202
C0/4FD0 AD 53 1A    LDA $1A53
C0/4FD3 8D 03 42    STA $4203
C0/4FD6 EA          NOP
C0/4FD7 EA          NOP
C0/4FD8 EA          NOP
C0/4FD9 64 38       STZ $38
C0/4FDB AD 17 42    LDA $4217
C0/4FDE 85 37       STA $37
C0/4FE0 AD 54 1A    LDA $1A54
C0/4FE3 8D 03 42    STA $4203
C0/4FE6 EA          NOP
C0/4FE7 EA          NOP
C0/4FE8 C2 20       REP #$20       (16-bit accumulator)
C0/4FEA A5 37       LDA $37
C0/4FEC 18          CLC
C0/4FED 6D 16 42    ADC $4216
C0/4FF0 80 2A       BRA $501C
C0/4FF2 49 FF       EOR #$FF                A:00A0 X:0000 Y:0001 P:eNvMxdizc
C0/4FF4 1A          INC A                   A:005F X:0000 Y:0001 P:envMxdizc
C0/4FF5 8D 02 42    STA $4202  [$00:4202]   A:0060 X:0000 Y:0001 P:envMxdizc
C0/4FF8 AD 53 1A    LDA $1A53  [$00:1A53]   A:0060 X:0000 Y:0001 P:envMxdizc
C0/4FFB 8D 03 42    STA $4203  [$00:4203]   A:0020 X:0000 Y:0001 P:envMxdizc
C0/4FFE EA          NOP                     A:0020 X:0000 Y:0001 P:envMxdizc
C0/4FFF EA          NOP                     A:0020 X:0000 Y:0001 P:envMxdizc
C0/5000 EA          NOP                     A:0020 X:0000 Y:0001 P:envMxdizc
C0/5001 64 38       STZ $38    [$00:0B38]   A:0020 X:0000 Y:0001 P:envMxdizc
C0/5003 AD 17 42    LDA $4217  [$00:4217]   A:0020 X:0000 Y:0001 P:envMxdizc
C0/5006 85 37       STA $37    [$00:0B37]   A:000C X:0000 Y:0001 P:envMxdizc
C0/5008 AD 54 1A    LDA $1A54  [$00:1A54]   A:000C X:0000 Y:0001 P:envMxdizc
C0/500B 8D 03 42    STA $4203  [$00:4203]   A:0000 X:0000 Y:0001 P:envMxdiZc
C0/500E EA          NOP                     A:0000 X:0000 Y:0001 P:envMxdiZc
C0/500F EA          NOP                     A:0000 X:0000 Y:0001 P:envMxdiZc
C0/5010 C2 20       REP #$20       (16-bit accumulator)                A:0000 X:0000 Y:0001 P:envMxdiZc
C0/5012 A5 37       LDA $37    [$00:0B37]   A:0000 X:0000 Y:0001 P:envmxdiZc
C0/5014 18          CLC                     A:000C X:0000 Y:0001 P:envmxdizc
C0/5015 6D 16 42    ADC $4216  [$00:4216]   A:000C X:0000 Y:0001 P:envmxdizc
C0/5018 49 FF FF    EOR #$FFFF              A:000C X:0000 Y:0001 P:envmxdizc
C0/501B 1A          INC A                   A:FFF3 X:0000 Y:0001 P:eNvmxdizc
C0/501C 18          CLC                     A:FFF4 X:0000 Y:0001 P:eNvmxdizc
C0/501D 65 15       ADC $15    [$00:0B15]   A:FFF4 X:0000 Y:0001 P:eNvmxdizc
C0/501F E2 20       SEP #$20       (8-bit accumulator)                A:0068 X:0000 Y:0001 P:envmxdizC
C0/5021 C9 E0       CMP #$E0                A:0068 X:0000 Y:0001 P:envMxdizC
C0/5023 B0 18       BCS $18    [$503D]      A:0068 X:0000 Y:0001 P:eNvMxdizc
C0/5025 EB          XBA                     A:0068 X:0000 Y:0001 P:eNvMxdizc
C0/5026 F0 03       BEQ $502B
C0/5028 4C 3D 50    JMP $503

C0/502B EB          XBA
C0/502C 97 23       STA [$23],y
C0/502E C8          INY
C0/502F AD AF 16    LDA $16AF
C0/5032 97 23       STA [$23],y
C0/5034 C8          INY
C0/5035 AD B0 16    LDA $16B0
C0/5038 97 23       STA [$23],y
C0/503A 80 08       BRA $5044
C0/503C C8          INY
C0/503D A9 00       LDA #$00
C0/503F EB          XBA
C0/5040 A9 F8       LDA #$F8
C0/5042 97 23       STA [$23],y
C0/5044 E8          INX
C0/5045 E8          INX
C0/5046 8A          TXA
C0/5047 29 7F       AND #$7F
C0/5049 F0 0E       BEQ $5059
C0/504B 29 3F       AND #$3F
C0/504D F0 03       BEQ $5052
C0/504F 4C 5E 4F    JMP $4F5E

C0/5052 A4 26       LDY $26
C0/5054 84 23       STY $23
C0/5056 4C 5E 4F    JMP $4F5E
C0/5059 60          RTS

C0/5528 AD DC 0A    LDA $0ADC
C0/552B F0 05       BEQ $05
C0/5532 64 53       STZ $53
C0/5534 9C 9A 16    STZ $169A
C0/5537 20 A7 54    JSR $54A7

C0/54A7 64 6E       STZ $6E    [$00:0B6E]   A:0003 X:0007 Y:0007 P:enVMxdIzC
C0/54A9 64 BE       STZ $BE    [$00:0BBE]   A:0003 X:0007 Y:0007 P:enVMxdIzC
C0/54AB 64 5B       STZ $5B    [$00:0B5B]   A:0003 X:0007 Y:0007 P:enVMxdIzC
C0/54AD 64 B5       STZ $B5    [$00:0BB5]   A:0003 X:0007 Y:0007 P:enVMxdIzC
C0/54AF 64 A0       STZ $A0    [$00:0BA0]   A:0003 X:0007 Y:0007 P:enVMxdIzC
C0/54B1 64 A5       STZ $A5    [$00:0BA5]   A:0003 X:0007 Y:0007 P:enVMxdIzC
C0/54B3 64 9F       STZ $9F    [$00:0B9F]   A:0003 X:0007 Y:0007 P:enVMxdIzC
C0/54B5 64 A6       STZ $A6    [$00:0BA6]   A:0003 X:0007 Y:0007 P:enVMxdIzC
C0/54B7 64 A3       STZ $A3    [$00:0BA3]   A:0003 X:0007 Y:0007 P:enVMxdIzC
C0/54B9 64 56       STZ $56    [$00:0B56]   A:0003 X:0007 Y:0007 P:enVMxdIzC
C0/54BB 64 5A       STZ $5A    [$00:0B5A]   A:0003 X:0007 Y:0007 P:enVMxdIzC
C0/54BD 64 5C       STZ $5C    [$00:0B5C]   A:0003 X:0007 Y:0007 P:enVMxdIzC
C0/54BF 9C 34 0A    STZ $0A34  [$00:0A34]   A:0003 X:0007 Y:0007 P:enVMxdIzC
C0/54C2 9C 35 0A    STZ $0A35  [$00:0A35]   A:0003 X:0007 Y:0007 P:enVMxdIzC
C0/54C5 A9 01       LDA #$01                A:0003 X:0007 Y:0007 P:enVMxdIzC
C0/54C7 85 59       STA $59    [$00:0B59]   A:0001 X:0007 Y:0007 P:enVMxdIzC
C0/54C9 85 C3       STA $C3    [$00:0BC3]   A:0001 X:0007 Y:0007 P:enVMxdIzC
C0/54CB 85 5D       STA $5D    [$00:0B5D]   A:0001 X:0007 Y:0007 P:enVMxdIzC
C0/54CD A2 10 01    LDX #$0110              A:0001 X:0007 Y:0007 P:enVMxdIzC
C0/54D0 86 C7       STX $C7    [$00:0BC7]   A:0001 X:0110 Y:0007 P:enVMxdIzC
C0/54D2 AD 88 10    LDA $1088  [$00:1088]   A:0001 X:0110 Y:0007 P:enVMxdIzC
C0/54D5 8D D8 0A    STA $0AD8  [$00:0AD8]   A:0020 X:0110 Y:0007 P:enVMxdIzC
C0/54D8 AD 89 10    LDA $1089  [$00:1089]   A:0020 X:0110 Y:0007 P:enVMxdIzC
C0/54DB 8D D9 0A    STA $0AD9  [$00:0AD9]   A:000B X:0110 Y:0007 P:enVMxdIzC
C0/54DE A6 06       LDX $06    [$00:0B06]   A:000B X:0110 Y:0007 P:enVMxdIzC
C0/54E0 8E A8 16    STX $16A8  [$00:16A8]   A:000B X:0000 Y:0007 P:enVMxdIZC
C0/54E3 A9 F1       LDA #$F1                A:000B X:0000 Y:0007 P:enVMxdIZC
C0/54E5 20 96 C7    JSR $C796
C0/54E8 A9 FD       LDA #$FD                A:0000 X:0001 Y:001E P:enVMxdIZc
C0/54EA 20 96 C7    JSR $C796
C0/54ED 9C A4 16    STZ $16A4  [$00:16A4]   A:0000 X:0005 Y:001F P:enVMxdIZC
C0/54F0 9C A5 16    STZ $16A5  [$00:16A5]   A:0000 X:0005 Y:001F P:enVMxdIZC
C0/54F3 9C A6 16    STZ $16A6  [$00:16A6]   A:0000 X:0005 Y:001F P:enVMxdIZC
C0/54F6 9C 0B 42    STZ $420B  [$00:420B]   A:0000 X:0005 Y:001F P:enVMxdIZC
C0/54F9 9C 0C 42    STZ $420C  [$00:420C]   A:0000 X:0005 Y:001F P:enVMxdIZC
C0/54FC A9 80       LDA #$80                A:0000 X:0005 Y:001F P:enVMxdIZC
C0/54FE 8D 00 21    STA $2100  [$00:2100]   A:0080 X:0005 Y:001F P:eNVMxdIzC
C0/5501 A9 00       LDA #$00                A:0080 X:0005 Y:001F P:eNVMxdIzC
C0/5503 8D 00 42    STA $4200  [$00:4200]   A:0000 X:0005 Y:001F P:enVMxdIZC
C0/5506 78          SEI                     A:0000 X:0005 Y:001F P:enVMxdIZC
C0/5507 64 5E       STZ $5E    [$00:0B5E]   A:0000 X:0005 Y:001F P:enVMxdIZC
C0/5509 20 69 4E    JSR $4E69
C0/550C 20 95 4C    JSR $4C95
C0/550F 20 3E 4D    JSR $4D3E
C0/5512 A9 70       LDA #$70
C0/5514 85 C5       STA $C5
C0/5516 85 C6       STA $C6
C0/5518 20 E5 5E    JSR $5EE5
C0/551B 20 8D 5F    JSR $5F8D
C0/551E 20 0D 99    JSR $990D
C0/5521 20 F1 41    JSR $41F1
C0/5524 20 BC 62    JSR $62BC
C0/5527 60          RTS

C0/553A A9 00       LDA #$00
C0/553C 8D 07 21    STA $2107
C0/553F A9 10       LDA #$10
C0/5541 85 49       STA $49
C0/5543 85 4A       STA $4A
C0/5545 AE D6 0A    LDX $0AD6
C0/5548 E0 03 00    CPX #$0003
C0/554B 90 04       BCC $5551
C0/5551 A9 41       LDA #$41
C0/5553 85 48       STA $48
C0/5555 A5 44       LDA $44
C0/5557 D0 04       BNE $555D
C0/5559 A5 48       LDA $48
C0/555B 85 47       STA $47
C0/555D 20 56 4B    JSR $4B56
C0/5560 20 1E 1D    JSR $1D1E
C0/5563 20 14 1E    JSR $1E14
C0/5566 A2 00 61    LDX #$6100
C0/5569 86 2E       STX $2E
C0/556B A2 00 02    LDX #$0200
C0/556E 86 2C       STX $2C
C0/5570 A2 00 6C    LDX #$6C00
C0/5573 86 23       STX $23
C0/5575 A9 DA       LDA #$DA
C0/5577 85 25       STA $25
C0/5579 20 BC 4C    JSR $4CBC
C0/557C A2 00 62    LDX #$6200
C0/557F 86 2E       STX $2E
C0/5581 A2 00 04    LDX #$0400
C0/5584 86 2C       STX $2C
C0/5586 A2 00 C0    LDX #$C000
C0/5589 86 23       STX $23
C0/558B A9 DA       LDA #$DA
C0/558D 85 25       STA $25
C0/558F 20 BC 4C    JSR $4CBC
C0/5592 A2 40 64    LDX #$6440
C0/5595 86 33       STX $33
C0/5597 A2 0C 00    LDX #$000C
C0/559A 86 35       STX $35
C0/559C A2 C0 3A    LDX #$3AC0
C0/559F 86 30       STX $30
C0/55A1 20 D5 4A    JSR $4AD5
C0/55A4 A2 40 65    LDX #$6540
C0/55A7 86 33       STX $33
C0/55A9 A2 F0 00    LDX #$00F0
C0/55AC 86 35       STX $35
C0/55AE A2 80 3B    LDX #$3B80
C0/55B1 86 30       STX $30
C0/55B3 20 D5 4A    JSR $4AD5
C0/55B6 A2 00 64    LDX #$6400
C0/55B9 86 2E       STX $2E
C0/55BB A2 80 00    LDX #$0080
C0/55BE 86 2C       STX $2C
C0/55C0 A2 00 1F    LDX #$1F00
C0/55C3 86 23       STX $23
C0/55C5 A9 DA       LDA #$DA
C0/55C7 85 25       STA $25
C0/55C9 20 BC 4C    JSR $4CBC
C0/55CC A2 00 65    LDX #$6500
C0/55CF 86 2E       STX $2E
C0/55D1 A2 80 00    LDX #$0080
C0/55D4 86 2C       STX $2C
C0/55D6 A2 80 1F    LDX #$1F80
C0/55D9 86 23       STX $23
C0/55DB A9 DA       LDA #$DA
C0/55DD 85 25       STA $25
C0/55DF 20 BC 4C    JSR $4CBC
C0/55E2 20 F8 56    JSR $56F8
C0/55E5 A2 80 00    LDX #$0080
C0/55E8 BF FF FC DF LDA $DFFCFF,x
C0/55EC 9D FF 0C    STA $0CFF,x
C0/55EF CA          DEX
C0/55F0 D0 F6       BNE $55E8
C0/55F2 A2 40 00    LDX #$0040
C0/55F5 BF FF FB DF LDA $DFFBFF,x
C0/55F9 9D FF 0C    STA $0CFF,x
C0/55FC CA          DEX
C0/55FD D0 F6       BNE $55F5
C0/55FF AE D6 0A    LDX $0AD6
C0/5602 E0 03 00    CPX #$0003
C0/5605 90 05       BCC $560C
C0/560C A6 06       LDX $06
C0/560E A4 06       LDY $06
C0/5610 BF 40 D3 C0 LDA $C0D340,x
C0/5614 99 80 0D    STA $0D80,y
C0/5617 E8          INX
C0/5618 C8          INY
C0/5619 C0 20 00    CPY #$0020
C0/561C D0 F2       BNE $5610
C0/561E 20 67 4D    JSR $4D67
C0/5621 20 95 4C    JSR $4C95
C0/5624 20 3E 4D    JSR $4D3E
C0/5627 AD D6 0A    LDA $0AD6
C0/562A AA          TAX
C0/562B BF 39 57 C0 LDA $C05739,x
C0/562F C2 20       REP #$20       (16-bit accumulator)
C0/5631 EB          XBA
C0/5632 4A          LSR A
C0/5633 4A          LSR A
C0/5634 85 0D       STA $0D
C0/5636 A5 06       LDA $06
C0/5638 E2 20       SEP #$20       (8-bit accumulator)
C0/563A AD D6 0A    LDA $0AD6
C0/563D AA          TAX
C0/563E BF 39 57 C0 LDA $C05739,x
C0/5642 C2 20       REP #$20       (16-bit accumulator)
C0/5644 EB          XBA
C0/5645 0A          ASL A
C0/5646 18          CLC
C0/5647 65 0D       ADC $0D
C0/5649 AA          TAX
C0/564A A5 06       LDA $06
C0/564C E2 20       SEP #$20       (8-bit accumulator)
C0/564E A4 06       LDY $06
C0/5650 BF 00 EA CF LDA $CFEA00,x
C0/5654 99 86 11    STA $1186,y
C0/5657 E8          INX
C0/5658 C8          INY
C0/5659 C0 40 02    CPY #$0240
C0/565C D0 F2       BNE $5650
C0/565E A9 01       LDA #$01
C0/5660 85 BA       STA $BA
C0/5662 AD D6 0A    LDA $0AD6
C0/5665 AA          TAX
C0/5666 BF 39 57 C0 LDA $C05739,x
C0/566A 0A          ASL A
C0/566B 18          CLC
C0/566C 7F 39 57 C0 ADC $C05739,x
C0/5670 C2 20       REP #$20       (16-bit accumulator)
C0/5672 EB          XBA
C0/5673 18          CLC
C0/5674 69 C0 F0    ADC #$F0C0
C0/5677 A8          TAY
C0/5678 A5 06       LDA $06
C0/567A E2 20       SEP #$20       (8-bit accumulator)
C0/567C A9 CF       LDA #$CF
C0/567E 20 2D 6B    JSR $6B2D
C0/5681 20 4A 6C    JSR $6C4A
C0/5684 20 83 45    JSR $4583
C0/5687 20 98 47    JSR $4798
C0/568A 20 92 8C    JSR $8C92
C0/568D 20 2E 8C    JSR $8C2E
C0/5690 64 6F       STZ $6F
C0/5692 AE D6 0A    LDX $0AD6
C0/5695 E0 03 00    CPX #$0003
C0/5698 B0 17       BCS $56B1
C0/569A AD DC 0A    LDA $0ADC
C0/569D F0 16       BEQ $56B5

C0/56B5 20 F8 5B    JSR $5BF8
C0/56B8 20 33 17    JSR $1733
C0/56BB 20 4A 10    JSR $104A
C0/56BE 20 2B 61    JSR $612B
C0/56C1 20 37 21    JSR $2137
C0/56C4 20 64 1E    JSR $1E64
C0/56C7 20 C5 1E    JSR $1EC5
C0/56CA 20 D7 61    JSR $61D7

C0/56CD A9 07       LDA #$07
C0/56CF 8D 05 21    STA $2105
C0/56D2 20 0A 63    JSR $630A
C0/56D5 64 BA       STZ $BA
C0/56D7 AD DC 0A    LDA $0ADC
C0/56DA F0 0B       BEQ $56E7
C0/56E7 0A          ASL A
C0/56E8 AA          TAX
C0/56E9 C2 20       REP #$20       (16-bit accumulator)
C0/56EB BF 3E 57 C0 LDA $C0573E,x
C0/56EF 85 C0       STA $C0
C0/56F1 A5 06       LDA $06
C0/56F3 E2 20       SEP #$20       (8-bit accumulator)
C0/56F5 64 55       STZ $55
C0/56F7 60          RTS

C0/56F8 AD D6 0A    LDA $0AD6
C0/56FB AA          TAX
C0/56FC BF 39 57 C0 LDA $C05739,x
C0/5700 C2 20       REP #$20       (16-bit accumulator)
C0/5702 EB          XBA
C0/5703 AA          TAX
C0/5704 A4 06       LDY $06
C0/5706 BF C0 FC CF LDA $CFFCC0,x
C0/570A 99 00 0C    STA $0C00,y
C0/570D E8          INX
C0/570E E8          INX
C0/570F C8          INY
C0/5710 C8          INY
C0/5711 C0 00 01    CPY #$0100
C0/5714 D0 F0       BNE $5706
C0/5716 A5 06       LDA $06
C0/5718 E2 20       SEP #$20       (8-bit accumulator)
C0/571A 9C 23 11    STZ $1123
C0/571D AD D6 0A    LDA $0AD6
C0/5720 F0 04       BEQ $5726
C0/5726 A9 0E       LDA #$0E
C0/5728 8D 23 11    STA $1123
C0/572B 20 0D 99    JSR $990D
C0/572E 20 18 96    JSR $9618
C0/5731 20 04 97    JSR $9704
C0/5734 A9 66       LDA #$66
C0/5736 85 5E       STA $5E
C0/5738 60          RTS

C0/574C A9 01       LDA #$01
C0/574E 85 53       STA $53
C0/5750 9C 9F 16    STZ $169F
C0/5753 A5 B9       LDA $B9
C0/5755 8D DB 0A    STA $0ADB
C0/5758 1A          INC A
C0/5759 85 BF       STA $BF
C0/575B 20 A7 54    JSR $54A7
C0/575E 20 F6 5A    JSR $5AF6
C0/5761 20 DB 5A    JSR $5ADB
C0/5764 20 AA 3E    JSR $3EAA
C0/5767 20 44 6B    JSR $6B44
C0/576A 20 75 58    JSR $5875
C0/576D 20 DB 58    JSR $58DB
C0/5770 20 BD 5C    JSR $5CBD
C0/5773 20 D4 63    JSR $63D4
C0/5776 20 0E 58    JSR $580E
C0/5779 20 F9 57    JSR $57F9
C0/577C 20 F6 54    JSR $54F6
C0/577F AE 71 09    LDX $0971
C0/5782 8E 02 0C    STX $0C02
C0/5785 20 1A 59    JSR $591A
C0/5788 A5 55       LDA $55
C0/578A F0 06       BEQ $5792
C0/5792 64 BA       STZ $BA
C0/5794 A2 02 00    LDX #$0002
C0/5797 86 C0       STX $C0
C0/5799 20 2D 5B    JSR $5B2D
C0/579C 20 44 6B    JSR $6B44
C0/579F 20 0C 6D    JSR $6D0C
C0/57A2 20 6A 6C    JSR $6C6A
C0/57A5 20 92 8C    JSR $8C92
C0/57A8 20 2E 8C    JSR $8C2E
C0/57AB 20 0E 8D    JSR $8D0E
C0/57AE 20 53 8B    JSR $8B53
C0/57B1 20 96 9A    JSR $9A96
C0/57B4 20 30 5D    JSR $5D30
C0/57B7 20 17 28    JSR $2817
C0/57BA 20 8C 92    JSR $928C
C0/57BD A9 FE       LDA #$FE
C0/57BF 20 3C CA    JSR $CA3C
C0/57C2 C9 00       CMP #$00
C0/57C4 D0 06       BNE $57CC
C0/57C6 AD 25 11    LDA $1125
C0/57C9 20 0A 46    JSR $460A
C0/57CC 20 E8 17    JSR $17E8
C0/57CF 20 72 13    JSR $1372
C0/57D2 20 A6 13    JSR $13A6
C0/57D5 20 7C 23    JSR $237C
C0/57D8 20 B3 39    JSR $39B3
C0/57DB 20 73 29    JSR $2973
C0/57DE 20 42 28    JSR $2842
C0/57E1 AD 0F 11    LDA $110F
C0/57E4 4A          LSR A
C0/57E5 4A          LSR A
C0/57E6 4A          LSR A
C0/57E7 4A          LSR A
C0/57E8 4A          LSR A
C0/57E9 29 03       AND #$03
C0/57EB AA          TAX
C0/57EC BF F5 57 C0 LDA $C057F5,x
C0/57F0 85 5E       STA $5E
C0/57F2 64 55       STZ $55
C0/57F4 60          RTS

C0/57F9 AD 0F 11    LDA $110F
C0/57FC 29 0C       AND #$0C
C0/57FE F0 0A       BEQ $080A

C0/580A 8D 9A 16    STA $169A
C0/580D 60          RTS

C0/580E A2 00 00    LDX #$0000
C0/5811 8E 98 10    STX $1098
C0/5814 8E 9A 10    STX $109A
C0/5817 8E 9C 10    STX $109C
C0/581A 8E 9E 10    STX $109E
C0/581D AD 21 11    LDA $1121
C0/5820 10 2A       BPL $584C
C0/5822 29 07       AND #$07
C0/5824 0A          ASL A
C0/5825 AA          TAX
C0/5826 C2 20       REP #$20       (16-bit accumulator)
C0/5828 BF A8 5B C0 LDA $C05BA8,x
C0/582C 8D 9E 10    STA $109E
C0/582F A5 06       LDA $06
C0/5831 E2 20       SEP #$20       (8-bit accumulator)
C0/5833 AD 21 11    LDA $1121
C0/5836 4A          LSR A
C0/5837 4A          LSR A
C0/5838 4A          LSR A
C0/5839 29 07       AND #$07
C0/583B 0A          ASL A
C0/583C AA          TAX
C0/583D C2 20       REP #$20       (16-bit accumulator)
C0/583F BF A8 5B C0 LDA $C05BA8,x
C0/5843 8D 9C 10    STA $109C
C0/5846 A5 06       LDA $06
C0/5848 E2 20       SEP #$20       (8-bit accumulator)
C0/584A 80 28       BRA $5874
C0/584C 29 07       AND #$07
C0/584E 0A          ASL A
C0/584F AA          TAX
C0/5850 C2 20       REP #$20       (16-bit accumulator)
C0/5852 BF A8 5B C0 LDA $C05BA8,x
C0/5856 8D 9A 10    STA $109A
C0/5859 A5 06       LDA $06
C0/585B E2 20       SEP #$20       (8-bit accumulator)
C0/585D AD 21 11    LDA $1121
C0/5860 4A          LSR A
C0/5861 4A          LSR A
C0/5862 4A          LSR A
C0/5863 29 07       AND #$07
C0/5865 0A          ASL A
C0/5866 AA          TAX
C0/5867 C2 20       REP #$20       (16-bit accumulator)
C0/5869 BF A8 5B C0 LDA $C05BA8,x
C0/586D 8D 98 10    STA $1098
C0/5870 A5 06       LDA $06
C0/5872 E2 20       SEP #$20       (8-bit accumulator)
C0/5874 60          RTS

C0/5875 C2 20       REP #$20       (16-bit accumulator)
C0/5877 AD 18 11    LDA $1118
C0/587A 29 FF 03    AND #$03FF
C0/587D 3A          DEC A
C0/587E A8          TAY
C0/587F A5 06       LDA $06
C0/5881 E2 20       SEP #$20       (8-bit accumulator)
C0/5883 A6 06       LDX $06
C0/5885 C0 FF FF    CPY #$FFFF
C0/5888 F0 05       BEQ $588F
C0/588A 20 CA 6A    JSR $6ACA
C0/588D 80 05       BRA $5894
C0/5894 C2 20       REP #$20       (16-bit accumulator)
C0/5896 AD 19 11    LDA $1119
C0/5899 29 FC 0F    AND #$0FFC
C0/589C 4A          LSR A
C0/589D 4A          LSR A
C0/589E 3A          DEC A
C0/589F A8          TAY
C0/58A0 A5 06       LDA $06
C0/58A2 E2 20       SEP #$20       (8-bit accumulator)
C0/58A4 A2 00 10    LDX #$1000
C0/58A7 C0 FF FF    CPY #$FFFF
C0/58AA F0 05       BEQ $58B1
C0/58AC 20 CA 6A    JSR $6ACA
C0/58AF 80 05       BRA $58B6
C0/58B1 A9 01       LDA #$01
C0/58B3 20 21 6B    JSR $6B21
C0/58B6 C2 20       REP #$20       (16-bit accumulator)
C0/58B8 AD 1A 11    LDA $111A
C0/58BB 29 F0 3F    AND #$3FF0
C0/58BE 4A          LSR A
C0/58BF 4A          LSR A
C0/58C0 4A          LSR A
C0/58C1 4A          LSR A
C0/58C2 3A          DEC A
C0/58C3 A8          TAY
C0/58C4 A5 06       LDA $06
C0/58C6 E2 20       SEP #$20       (8-bit accumulator)
C0/58C8 A2 00 20    LDX #$2000
C0/58CB C0 FF FF    CPY #$FFFF
C0/58CE F0 05       BEQ $58D5
C0/58D0 20 CA 6A    JSR $6ACA
C0/58D3 80 05       BRA $58DA
C0/58D5 A9 01       LDA #$01
C0/58D7 20 21 6B    JSR $6B21
C0/58DA 60          RTS

C0/58DB AD 22 11    LDA $1122  [$00:1122]   A:0000 X:07BE Y:0FFF P:envMxdIZC
C0/58DE C2 20       REP #$20       (16-bit accumulator)                A:001E X:07BE Y:0FFF P:envMxdIzC
C0/58E0 EB          XBA                     A:001E X:07BE Y:0FFF P:envmxdIzC
C0/58E1 AA          TAX                     A:1E00 X:07BE Y:0FFF P:envmxdIZC
C0/58E2 A5 06       LDA $06    [$00:0B06]   A:1E00 X:1E00 Y:0FFF P:envmxdIzC
C0/58E4 A8          TAY                     A:0000 X:1E00 Y:0FFF P:envmxdIZC
C0/58E5 E2 20       SEP #$20       (8-bit accumulator)                A:0000 X:1E00 Y:0000 P:envmxdIZC
C0/58E7 BF 00 BB C3 LDA $C3BB00,x[$C3:D900] A:0000 X:1E00 Y:0000 P:envMxdIZC
C0/58EB 99 00 0C    STA $0C00,y[$00:0C00]   A:0000 X:1E00 Y:0000 P:envMxdIZC
C0/58EE E8          INX                     A:0000 X:1E00 Y:0000 P:envMxdIZC
C0/58EF C8          INY                     A:0000 X:1E01 Y:0000 P:envMxdIzC
C0/58F0 C0 00 01    CPY #$0100              A:0000 X:1E01 Y:0001 P:envMxdIzC
C0/58F3 D0 F2       BNE $F2    [$58E7]      A:0000 X:1E01 Y:0001 P:eNvMxdIzc
C0/58F5 A6 06       LDX $06    [$00:0B06]   A:0029 X:1F00 Y:0100 P:envMxdIZC
C0/58F7 8E 00 0C    STX $0C00  [$00:0C00]   A:0029 X:0000 Y:0100 P:envMxdIZC
C0/58FA A2 8C 31    LDX #$318C              A:0029 X:0000 Y:0100 P:envMxdIZC
C0/58FD 8E 04 0C    STX $0C04  [$00:0C04]   A:0029 X:318C Y:0100 P:envMxdIzC
C0/5900 A2 FF 7F    LDX #$7FFF              A:0029 X:318C Y:0100 P:envMxdIzC
C0/5903 8E 06 0C    STX $0C06  [$00:0C06]   A:0029 X:7FFF Y:0100 P:envMxdIzC
C0/5906 A2 80 00    LDX #$0080              A:0029 X:7FFF Y:0100 P:envMxdIzC
C0/5909 BF FF FB DF LDA $DFFBFF,x[$DF:FC7F] A:0029 X:0080 Y:0100 P:envMxdIzC
C0/590D 9D FF 0C    STA $0CFF,x[$00:0D7F]   A:006C X:0080 Y:0100 P:envMxdIzC
C0/5910 9D 7F 0D    STA $0D7F,x[$00:0DFF]   A:006C X:0080 Y:0100 P:envMxdIzC
C0/5913 CA          DEX
C0/5914 D0 F3       BNE $5909
C0/5916 20 67 4D    JSR $4D67
C0/5919 60          RTS

C0/591A C2 20       REP #$20       (16-bit accumulator)
C0/591C AD 14 11    LDA $1114
C0/591F 29 00 3F    AND #$3F00
C0/5922 EB          XBA
C0/5923 0A          ASL A
C0/5924 0A          ASL A
C0/5925 AA          TAX
C0/5926 BF 84 2D DC LDA $DC2D84,x
C0/592A 18          CLC
C0/592B 69 24 2E    ADC #$2E24
C0/592E 85 23       STA $23
C0/5930 A9 DC 00    LDA #$00DC
C0/5933 7F 86 2D DC ADC $DC2D86,x
C0/5937 29 FF 00    AND #$00FF
C0/593A E2 20       SEP #$20       (8-bit accumulator)
C0/593C 85 25       STA $25
C0/593E C2 20       REP #$20       (16-bit accumulator)
C0/5940 A5 06       LDA $06
C0/5942 38          SEC
C0/5943 E5 23       SBC $23
C0/5945 C9 00 20    CMP #$2000
C0/5948 90 0B       BCC $5955
C0/594A A9 00 20    LDA #$2000
C0/594D 85 2C       STA $2C
C0/594F A5 06       LDA $06
C0/5951 85 0D       STA $0D
C0/5953 80 0A       BRA $595F
C0/5955 85 2C       STA $2C
C0/5957 A5 23       LDA $23
C0/5959 18          CLC
C0/595A 69 00 20    ADC #$2000
C0/595D 85 0D       STA $0D
C0/595F A5 06       LDA $06
C0/5961 E2 20       SEP #$20       (8-bit accumulator)
C0/5963 A6 06       LDX $06
C0/5965 86 2E       STX $2E
C0/5967 20 BC 4C    JSR $4CBC
C0/596A C2 20       REP #$20       (16-bit accumulator)
C0/596C A5 2C       LDA $2C
C0/596E 4A          LSR A
C0/596F 85 2E       STA $2E
C0/5971 A5 06       LDA $06
C0/5973 E2 20       SEP #$20       (8-bit accumulator)
C0/5975 A6 0D       LDX $0D
C0/5977 F0 0B       BEQ $5984
C0/5979 86 2C       STX $2C
C0/597B A6 06       LDX $06
C0/597D 86 23       STX $23
C0/597F E6 25       INC $25
C0/5981 20 BC 4C    JSR $4CBC
C0/5984 C2 20       REP #$20       (16-bit accumulator)
C0/5986 AD 15 11    LDA $1115
C0/5989 29 C0 0F    AND #$0FC0
C0/598C 0A          ASL A
C0/598D 0A          ASL A
C0/598E EB          XBA
C0/598F 0A          ASL A
C0/5990 0A          ASL A
C0/5991 AA          TAX
C0/5992 BF 84 2D DC LDA $DC2D84,x
C0/5996 18          CLC
C0/5997 69 24 2E    ADC #$2E24
C0/599A 85 23       STA $23
C0/599C A9 DC 00    LDA #$00DC
C0/599F 7F 86 2D DC ADC $DC2D86,x
C0/59A3 29 FF 00    AND #$00FF
C0/59A6 E2 20       SEP #$20       (8-bit accumulator)
C0/59A8 85 25       STA $25
C0/59AA C2 20       REP #$20       (16-bit accumulator)
C0/59AC A5 06       LDA $06
C0/59AE 38          SEC
C0/59AF E5 23       SBC $23
C0/59B1 C9 00 20    CMP #$2000
C0/59B4 90 0B       BCC $59C1
C0/59B6 A9 00 20    LDA #$2000
C0/59B9 85 2C       STA $2C
C0/59BB A5 06       LDA $06
C0/59BD 85 0D       STA $0D
C0/59BF 80 0A       BRA $59CB
C0/59C1 85 2C       STA $2C
C0/59C3 A5 23       LDA $23
C0/59C5 18          CLC
C0/59C6 69 00 20    ADC #$2000
C0/59C9 85 0D       STA $0D
C0/59CB A5 06       LDA $06
C0/59CD E2 20       SEP #$20       (8-bit accumulator)
C0/59CF A2 00 10    LDX #$1000
C0/59D2 86 2E       STX $2E
C0/59D4 20 BC 4C    JSR $4CBC
C0/59D7 C2 20       REP #$20       (16-bit accumulator)
C0/59D9 A5 2C       LDA $2C
C0/59DB 4A          LSR A
C0/59DC 18          CLC
C0/59DD 69 00 10    ADC #$1000
C0/59E0 85 2E       STA $2E
C0/59E2 A5 06       LDA $06
C0/59E4 E2 20       SEP #$20       (8-bit accumulator)
C0/59E6 A6 0D       LDX $0D
C0/59E8 F0 0B       BEQ $59F5
C0/59EA 86 2C       STX $2C
C0/59EC A6 06       LDX $06
C0/59EE 86 23       STX $23
C0/59F0 E6 25       INC $25
C0/59F2 20 BC 4C    JSR $4CBC
C0/59F5 C2 20       REP #$20       (16-bit accumulator)
C0/59F7 AD 16 11    LDA $1116
C0/59FA 29 F0 03    AND #$03F0
C0/59FD 4A          LSR A                   A:0020 X:0000 Y:0000 P:envmxdIzc
C0/59FE 4A          LSR A                   A:0010 X:0000 Y:0000 P:envmxdIzc
C0/59FF AA          TAX                     A:0008 X:0000 Y:0000 P:envmxdIzc
C0/5A00 BF 84 2D DC LDA $DC2D84,x
C0/5A04 18          CLC                     A:2640 X:0008 Y:0000 P:envmxdIzc
C0/5A05 69 24 2E    ADC #$2E24              A:2640 X:0008 Y:0000 P:envmxdIzc
C0/5A08 85 23       STA $23    [$00:0B23]   A:5464 X:0008 Y:0000 P:envmxdIzc
C0/5A0A A9 DC 00    LDA #$00DC              A:5464 X:0008 Y:0000 P:envmxdIzc
C0/5A0D 7F 86 2D DC ADC $DC2D86,x
C0/5A11 29 FF 00    AND #$00FF              A:00DC X:0008 Y:0000 P:envmxdIzc
C0/5A14 E2 20       SEP #$20       (8-bit accumulator)                A:00DC X:0008 Y:0000 P:envmxdIzc
C0/5A16 85 25       STA $25    [$00:0B25]   A:00DC X:0008 Y:0000 P:envMxdIzc
C0/5A18 C2 20       REP #$20       (16-bit accumulator)                A:00DC X:0008 Y:0000 P:envMxdIzc
C0/5A1A A5 06       LDA $06    [$00:0B06]   A:00DC X:0008 Y:0000 P:envmxdIzc
C0/5A1C 38          SEC                     A:0000 X:0008 Y:0000 P:envmxdIZc
C0/5A1D E5 23       SBC $23    [$00:0B23]   A:0000 X:0008 Y:0000 P:envmxdIZC
C0/5A1F C9 00 20    CMP #$2000              A:AB9C X:0008 Y:0000 P:eNvmxdIzc
C0/5A22 90 0B       BCC $0B    [$5A2F]      A:AB9C X:0008 Y:0000 P:eNvmxdIzC
C0/5A24 A9 00 20    LDA #$2000              A:AB9C X:0008 Y:0000 P:eNvmxdIzC
C0/5A27 85 2C       STA $2C    [$00:0B2C]   A:2000 X:0008 Y:0000 P:envmxdIzC
C0/5A29 A5 06       LDA $06    [$00:0B06]   A:2000 X:0008 Y:0000 P:envmxdIzC
C0/5A2B 85 0D       STA $0D    [$00:0B0D]   A:0000 X:0008 Y:0000 P:envmxdIZC
C0/5A2D 80 0A       BRA $0A    [$5A39]      A:0000 X:0008 Y:0000 P:envmxdIZC
C0/5A39 A5 06       LDA $06    [$00:0B06]   A:0000 X:0008 Y:0000 P:envmxdIZC
C0/5A3B E2 20       SEP #$20       (8-bit accumulator)                A:0000 X:0008 Y:0000 P:envmxdIZC
C0/5A3D A2 00 20    LDX #$2000              A:0000 X:0008 Y:0000 P:envMxdIZC
C0/5A40 86 2E       STX $2E    [$00:0B2E]   A:0000 X:2000 Y:0000 P:envMxdIzC
C0/5A42 20 BC 4C    JSR $4CBC
C0/5A45 C2 20       REP #$20       (16-bit accumulator)                A:0001 X:2000 Y:0000 P:envMxdIzC
C0/5A47 A5 2C       LDA $2C    [$00:0B2C]   A:0001 X:2000 Y:0000 P:envmxdIzC
C0/5A49 4A          LSR A                   A:2000 X:2000 Y:0000 P:envmxdIzC
C0/5A4A 18          CLC                     A:1000 X:2000 Y:0000 P:envmxdIzc
C0/5A4B 69 00 20    ADC #$2000              A:1000 X:2000 Y:0000 P:envmxdIzc
C0/5A4E 85 2E       STA $2E    [$00:0B2E]   A:3000 X:2000 Y:0000 P:envmxdIzc
C0/5A50 A5 06       LDA $06    [$00:0B06]   A:3000 X:2000 Y:0000 P:envmxdIzc
C0/5A52 E2 20       SEP #$20       (8-bit accumulator)                A:0000 X:2000 Y:0000 P:envmxdIZc
C0/5A54 A6 0D       LDX $0D    [$00:0B0D]   A:0000 X:2000 Y:0000 P:envMxdIZc
C0/5A56 F0 0B       BEQ $0B    [$5A63]      A:0000 X:0000 Y:0000 P:envMxdIZc
C0/5A63 C2 20       REP #$20       (16-bit accumulator)                A:0000 X:0000 Y:0000 P:envMxdIZc
C0/5A65 AD 16 11    LDA $1116  [$00:1116]   A:0000 X:0000 Y:0000 P:envmxdIZc
C0/5A68 29 00 FC    AND #$FC00              A:3020 X:0000 Y:0000 P:envmxdIzc
C0/5A6B 4A          LSR A                   A:3000 X:0000 Y:0000 P:envmxdIzc
C0/5A6C EB          XBA                     A:1800 X:0000 Y:0000 P:envmxdIzc
C0/5A6D AA          TAX                     A:0018 X:0000 Y:0000 P:envmxdIzc
C0/5A6E BF 00 00 DC LDA $DC0000,x
C0/5A72 18          CLC                     A:2090 X:0018 Y:0000 P:envmxdIzc
C0/5A73 69 24 00    ADC #$0024              A:2090 X:0018 Y:0000 P:envmxdIzc
C0/5A76 85 23       STA $23    [$00:0B23]   A:20B4 X:0018 Y:0000 P:envmxdIzc
C0/5A78 A5 06       LDA $06    [$00:0B06]   A:20B4 X:0018 Y:0000 P:envmxdIzc
C0/5A7A E2 20       SEP #$20       (8-bit accumulator)                A:0000 X:0018 Y:0000 P:envmxdIZc
C0/5A7C A9 DC       LDA #$DC                A:0000 X:0018 Y:0000 P:envMxdIZc
C0/5A7E 85 25       STA $25    [$00:0B25]   A:00DC X:0018 Y:0000 P:eNvMxdIzc
C0/5A80 A2 00 40    LDX #$4000              A:00DC X:0018 Y:0000 P:eNvMxdIzc
C0/5A83 86 2E       STX $2E    [$00:0B2E]   A:00DC X:4000 Y:0000 P:envMxdIzc
C0/5A85 A2 00 10    LDX #$1000              A:00DC X:4000 Y:0000 P:envMxdIzc
C0/5A88 86 2C       STX $2C    [$00:0B2C]   A:00DC X:1000 Y:0000 P:envMxdIzc
C0/5A8A 20 BC 4C    JSR $4CBC
C0/5A8D 20 1E 1D    JSR $1D1E
C0/5A90 20 14 1E    JSR $1E14
C0/5A93 A2 00 3D    LDX #$3D00              A:0000 X:0004 Y:0000 P:envMxdIZc
C0/5A96 86 2E       STX $2E    [$00:0B2E]   A:0000 X:3D00 Y:0000 P:envMxdIzc
C0/5A98 A2 00 06    LDX #$0600              A:0000 X:3D00 Y:0000 P:envMxdIzc
C0/5A9B 86 2C       STX $2C    [$00:0B2C]   A:0000 X:0600 Y:0000 P:envMxdIzc
C0/5A9D A2 80 D3    LDX #$D380              A:0000 X:0600 Y:0000 P:envMxdIzc
C0/5AA0 86 23       STX $23    [$00:0B23]   A:0000 X:D380 Y:0000 P:eNvMxdIzc
C0/5AA2 A9 C0       LDA #$C0                A:0000 X:D380 Y:0000 P:eNvMxdIzc
C0/5AA4 85 25       STA $25    [$00:0B25]   A:00C0 X:D380 Y:0000 P:eNvMxdIzc
C0/5AA6 20 BC 4C    JSR $4CBC
C0/5AA9 20 7C 25    JSR $257C
C0/5AAC A6 06       LDX $06    [$00:0B06]   A:0010 X:0180 Y:0000 P:envMxdIZC
C0/5AAE BD 00 05    LDA $0500,x
C0/5AB1 29 40       AND #$40                A:0000 X:0000 Y:0000 P:envMxdIZC
C0/5AB3 D0 07       BNE $07    [$5ABC]      A:0000 X:0000 Y:0000 P:envMxdIZC
C0/5AB5 BD 20 05    LDA $0520,x
C0/5AB8 29 01       AND #$01                A:0000 X:0000 Y:0000 P:envMxdIZC
C0/5ABA D0 1E       BNE $1E    [$5ADA]      A:0000 X:0000 Y:0000 P:envMxdIZC
C0/5ABC C2 20       REP #$20       (16-bit accumulator)                A:0000 X:0000 Y:0000 P:envMxdIZC
C0/5ABE 8A          TXA                     A:0000 X:0000 Y:0000 P:envmxdIZC
C0/5ABF 18          CLC                     A:0000 X:0000 Y:0000 P:envmxdIZC
C0/5AC0 69 50 00    ADC #$0050              A:0000 X:0000 Y:0000 P:envmxdIZc
C0/5AC3 AA          TAX                     A:0050 X:0000 Y:0000 P:envmxdIzc
C0/5AC4 A5 06       LDA $06    [$00:0B06]   A:0050 X:0050 Y:0000 P:envmxdIzc
C0/5AC6 E2 20       SEP #$20       (8-bit accumulator)                A:0000 X:0050 Y:0000 P:envmxdIZc
C0/5AC8 E0 40 01    CPX #$0140              A:0000 X:0050 Y:0000 P:envMxdIZc
C0/5ACB D0 E1       BNE $E1    [$5AAE]      A:0000 X:0050 Y:0000 P:eNvMxdIzc
C0/5ACD 9C 6D 0B    STZ $0B6D  [$00:0B6D]   A:0000 X:0140 Y:0000 P:envMxdIZC
C0/5AD0 A2 20 00    LDX #$0020              A:0000 X:0140 Y:0000 P:envMxdIZC
C0/5AD3 86 2E       STX $2E    [$00:0B2E]   A:0000 X:0020 Y:0000 P:envMxdIzC
C0/5AD5 86 2C       STX $2C    [$00:0B2C]   A:0000 X:0020 Y:0000 P:envMxdIzC
C0/5AD7 20 13 4D    JSR $4D13
C0/5ADA 60          RTS

C0/5ADB A5 A4       LDA $A4    [$00:0BA4]   A:0000 X:00D0 Y:001A P:envMxdIZC
C0/5ADD D0 16       BNE $16    [$5AF5]      A:0000 X:00D0 Y:001A P:envMxdIZC
C0/5ADF A2 00 64    LDX #$6400              A:0000 X:00D0 Y:001A P:envMxdIZC
C0/5AE2 86 2E       STX $2E    [$00:0B2E]   A:0000 X:6400 Y:001A P:envMxdIzC
C0/5AE4 A2 00 02    LDX #$0200              A:0000 X:6400 Y:001A P:envMxdIzC
C0/5AE7 86 2C       STX $2C    [$00:0B2C]   A:0000 X:0200 Y:001A P:envMxdIzC
C0/5AE9 A2 00 FE    LDX #$FE00              A:0000 X:0200 Y:001A P:envMxdIzC
C0/5AEC 86 23       STX $23    [$00:0B23]   A:0000 X:FE00 Y:001A P:eNvMxdIzC
C0/5AEE A9 CD       LDA #$CD                A:0000 X:FE00 Y:001A P:eNvMxdIzC
C0/5AF0 85 25       STA $25    [$00:0B25]   A:00CD X:FE00 Y:001A P:eNvMxdIzC
C0/5AF2 20 BC 4C    JSR $4CBC
C0/5AF5 60          RTS

C0/5AF6 AD D4 0A    LDA $0AD4  [$00:0AD4]   A:007F X:6A18 Y:001F P:envMxdIzC
C0/5AF9 8D 1B 21    STA $211B  [$00:211B]   A:0007 X:6A18 Y:001F P:envMxdIzC
C0/5AFC AD D5 0A    LDA $0AD5  [$00:0AD5]   A:0007 X:6A18 Y:001F P:envMxdIzC
C0/5AFF 8D 1B 21    STA $211B  [$00:211B]   A:0000 X:6A18 Y:001F P:envMxdIZC
C0/5B02 A9 1A       LDA #$1A                A:0000 X:6A18 Y:001F P:envMxdIZC
C0/5B04 8D 1C 21    STA $211C  [$00:211C]   A:001A X:6A18 Y:001F P:envMxdIzC
C0/5B07 8D 1C 21    STA $211C  [$00:211C]   A:001A X:6A18 Y:001F P:envMxdIzC
C0/5B0A AE 34 21    LDX $2134  [$00:2134]   A:001A X:6A18 Y:001F P:envMxdIzC
C0/5B0D A4 06       LDY $06    [$00:0B06]   A:001A X:00B6 Y:001F P:envMxdIzC
C0/5B0F BF 00 9C CE LDA $CE9C00,x[$CE:9CB6] A:001A X:00B6 Y:0000 P:envMxdIZC
C0/5B13 99 0C 11    STA $110C,y[$00:110C]   A:0007 X:00B6 Y:0000 P:envMxdIzC
C0/5B16 E8          INX                     A:0007 X:00B6 Y:0000 P:envMxdIzC
C0/5B17 C8          INY                     A:0007 X:00B7 Y:0000 P:envMxdIzC
C0/5B18 C0 1A 00    CPY #$001A              A:0007 X:00B7 Y:0001 P:envMxdIzC
C0/5B1B D0 F2       BNE $F2    [$5B0F]      A:0007 X:00B7 Y:0001 P:eNvMxdIzc
C0/5B1D C2 20       REP #$20       (16-bit accumulator)                A:0011 X:00D0 Y:001A P:envMxdIZC
C0/5B1F AD 0C 11    LDA $110C  [$00:110C]   A:0011 X:00D0 Y:001A P:envmxdIZC
C0/5B22 29 FF 0F    AND #$0FFF              A:0007 X:00D0 Y:001A P:envmxdIzC
C0/5B25 8D D6 0A    STA $0AD6  [$00:0AD6]   A:0007 X:00D0 Y:001A P:envmxdIzC
C0/5B28 A5 06       LDA $06    [$00:0B06]   A:0007 X:00D0 Y:001A P:envmxdIzC
C0/5B2A E2 20       SEP #$20       (8-bit accumulator)                A:0000 X:00D0 Y:001A P:envmxdIZC
C0/5B2C 60          RTS

C0/5B2D A9 09       LDA #$09                A:0000 X:0002 Y:0000 P:envMxdIzC
C0/5B2F 8D 05 21    STA $2105  [$00:2105]   A:0009 X:0002 Y:0000 P:envMxdIzC
C0/5B32 A9 49       LDA #$49                A:0009 X:0002 Y:0000 P:envMxdIzC
C0/5B34 8D 07 21    STA $2107  [$00:2107]   A:0049 X:0002 Y:0000 P:envMxdIzC
C0/5B37 AE D6 0A    LDX $0AD6  [$00:0AD6]   A:0049 X:0002 Y:0000 P:envMxdIzC
C0/5B3A E0 DD 00    CPX #$00DD              A:0049 X:0007 Y:0000 P:envMxdIzC
C0/5B3D F0 0C       BEQ $0C    [$5B4B]      A:0049 X:0007 Y:0000 P:eNvMxdIzc
C0/5B3F A9 51       LDA #$51                A:0049 X:0007 Y:0000 P:eNvMxdIzc
C0/5B41 8D 08 21    STA $2108  [$00:2108]   A:0051 X:0007 Y:0000 P:envMxdIzc
C0/5B44 A9 59       LDA #$59                A:0051 X:0007 Y:0000 P:envMxdIzc
C0/5B46 8D 09 21    STA $2109  [$00:2109]   A:0059 X:0007 Y:0000 P:envMxdIzc
C0/5B49 80 0A       BRA $0A    [$5B55]      A:0059 X:0007 Y:0000 P:envMxdIzc
C0/5B55 AE D4 0A    LDX $0AD4  [$00:0AD4]   A:0059 X:0007 Y:0000 P:envMxdIzc
C0/5B58 E0 BE 00    CPX #$00BE              A:0059 X:0007 Y:0000 P:envMxdIzc
C0/5B5B D0 05       BNE $05    [$5B62]      A:0059 X:0007 Y:0000 P:eNvMxdIzc
C0/5B62 AD 10 11    LDA $1110  [$00:1110]   A:0059 X:0007 Y:0000 P:eNvMxdIzc
C0/5B65 29 3F       AND #$3F                A:0000 X:0007 Y:0000 P:envMxdIZc
C0/5B67 85 08       STA $08    [$00:0B08]   A:0000 X:0007 Y:0000 P:envMxdIZc
C0/5B69 0A          ASL A                   A:0000 X:0007 Y:0000 P:envMxdIZc
C0/5B6A 18          CLC                     A:0000 X:0007 Y:0000 P:envMxdIZc
C0/5B6B 65 08       ADC $08    [$00:0B08]   A:0000 X:0007 Y:0000 P:envMxdIZc
C0/5B6D AA          TAX                     A:0000 X:0007 Y:0000 P:envMxdIZc
C0/5B6E BF B8 5B C0 LDA $C05BB8,x[$C0:5BB8] A:0000 X:0000 Y:0000 P:envMxdIZc
C0/5B72 85 48       STA $48    [$00:0B48]   A:0000 X:0000 Y:0000 P:envMxdIZc
C0/5B74 A5 44       LDA $44    [$00:0B44]   A:0000 X:0000 Y:0000 P:envMxdIZc
C0/5B76 D0 04       BNE $04    [$5B7C]      A:0000 X:0000 Y:0000 P:envMxdIZc
C0/5B78 A5 48       LDA $48    [$00:0B48]   A:0000 X:0000 Y:0000 P:envMxdIZc
C0/5B7A 85 47       STA $47    [$00:0B47]   A:0000 X:0000 Y:0000 P:envMxdIZc
C0/5B7C BF BA 5B C0 LDA $C05BBA,x[$C0:5BBA] A:0000 X:0000 Y:0000 P:envMxdIZc
C0/5B80 85 4A       STA $4A    [$00:0B4A]   A:0000 X:0000 Y:0000 P:envMxdIZc
C0/5B82 8D 2D 21    STA $212D  [$00:212D]   A:0000 X:0000 Y:0000 P:envMxdIZc
C0/5B85 BF B9 5B C0 LDA $C05BB9,x[$C0:5BB9] A:0000 X:0000 Y:0000 P:envMxdIZc
C0/5B89 29 01       AND #$01                A:0017 X:0000 Y:0000 P:envMxdIzc
C0/5B8B F0 04       BEQ $04    [$5B91]      A:0001 X:0000 Y:0000 P:envMxdIzc
C0/5B8D A9 BF       LDA #$BF                A:0001 X:0000 Y:0000 P:envMxdIzc
C0/5B8F 80 02       BRA $02    [$5B93]      A:00BF X:0000 Y:0000 P:eNvMxdIzc
C0/5B93 8D 23 21    STA $2123  [$00:2123]   A:00BF X:0000 Y:0000 P:eNvMxdIzc
C0/5B96 BF B9 5B C0 LDA $C05BB9,x[$C0:5BB9] A:00BF X:0000 Y:0000 P:eNvMxdIzc
C0/5B9A 09 01       ORA #$01                A:0017 X:0000 Y:0000 P:envMxdIzc
C0/5B9C 8D 2C 21    STA $212C  [$00:212C]   A:0017 X:0000 Y:0000 P:envMxdIzc
C0/5B9F A5 44       LDA $44    [$00:0B44]   A:0017 X:0000 Y:0000 P:envMxdIzc
C0/5BA1 D0 04       BNE $5BA7
C0/5BA3 A5 4A       LDA $4A
C0/5BA5 85 49       STA $49
C0/5BA7 60          RTS

C0/5BF8 AD D6 0A    LDA $0AD6
C0/5BFB C9 03       CMP #$03
C0/5BFD B0 2D       BCS $5C2C
C0/5BFF A5 6F       LDA $6F
C0/5C01 4A          LSR A
C0/5C02 0A          ASL A
C0/5C03 0A          ASL A
C0/5C04 0A          ASL A
C0/5C05 0A          ASL A
C0/5C06 AA          TAX
C0/5C07 AD D6 0A    LDA $0AD6
C0/5C0A 29 01       AND #$01
C0/5C0C 0A          ASL A
C0/5C0D 18          CLC
C0/5C0E 69 0E       ADC #$0E
C0/5C10 85 23       STA $23
C0/5C12 64 24       STZ $24
C0/5C14 A4 06       LDY $06
C0/5C16 BF 2D 5C C0 LDA $C05C2D,x
C0/5C1A 99 40 0C    STA $0C40,y
C0/5C1D BF 2E 5C C0 LDA $C05C2E,x
C0/5C21 99 41 0C    STA $0C41,y
C0/5C24 E8          INX
C0/5C25 E8          INX
C0/5C26 C8          INY
C0/5C27 C8          INY
C0/5C28 C4 23       CPY $23
C0/5C2A D0 EA       BNE $5C16
C0/5C2C 60          RTS

C0/5CBD C2 20       REP #$20       (16-bit accumulator)
C0/5CBF AD D4 0A    LDA $0AD4
C0/5CC2 AA          TAX
C0/5CC3 BF 00 30 D1 LDA $D13000,x
C0/5CC7 29 FF 00    AND #$00FF
C0/5CCA 0A          ASL A
C0/5CCB 0A          ASL A
C0/5CCC 85 23       STA $23
C0/5CCE BF 01 30 D1 LDA $D13001,x
C0/5CD2 29 FF 00    AND #$00FF
C0/5CD5 0A          ASL A
C0/5CD6 0A          ASL A
C0/5CD7 85 26       STA $26
C0/5CD9 A5 06       LDA $06
C0/5CDB E2 20       SEP #$20       (8-bit accumulator)
C0/5CDD A6 23       LDX $23
C0/5CDF E4 26       CPX $26
C0/5CE1 F0 4C       BEQ $5D2F
C0/5CE3 C2 20       REP #$20       (16-bit accumulator)
C0/5CE5 8A          TXA
C0/5CE6 4A          LSR A
C0/5CE7 4A          LSR A
C0/5CE8 E2 20       SEP #$20       (8-bit accumulator)
C0/5CEA EB          XBA
C0/5CEB A9 00       LDA #$00
C0/5CED EB          XBA
C0/5CEE 8D A1 16    STA $16A1
C0/5CF1 20 16 CA    JSR $CA16
C0/5CF4 C9 00       CMP #$00
C0/5CF6 F0 2D       BEQ $5D25
C0/5D25 A6 23       LDX $23
C0/5D27 E8          INX
C0/5D28 E8          INX
C0/5D29 E8          INX
C0/5D2A E8          INX
C0/5D2B 86 23       STX $23
C0/5D2D 80 AE       BRA $5CDD
C0/5D2F 60          RTS

C0/5D30 20 87 5D    JSR $5D87
C0/5D33 A9 7F       LDA #$7F                A:0000 X:0347 Y:0058 P:envMxdIZC
C0/5D35 48          PHA                     A:007F X:0347 Y:0058 P:envMxdIzC
C0/5D36 AB          PLB                     A:007F X:0347 Y:0058 P:envMxdIzC
C0/5D37 A2 FE 00    LDX #$00FE              A:007F X:0347 Y:0058 P:envMxdIzC
C0/5D3A A0 00 01    LDY #$0100              A:007F X:00FE Y:0058 P:envMxdIzC
C0/5D3D C2 20       REP #$20       (16-bit accumulator)                A:007F X:00FE Y:0100 P:envMxdIzC
C0/5D3F BD 6C 6B    LDA $6B6C,x[$7F:6C6A]   A:007F X:00FE Y:0100 P:envmxdIzC
C0/5D42 99 6C 6B    STA $6B6C,y[$7F:6C6C]   A:00FF X:00FE Y:0100 P:envmxdIzC
C0/5D45 C8          INY                     A:00FF X:00FE Y:0100 P:envmxdIzC
C0/5D46 C8          INY                     A:00FF X:00FE Y:0101 P:envmxdIzC
C0/5D47 CA          DEX                     A:00FF X:00FE Y:0102 P:envmxdIzC
C0/5D48 CA          DEX                     A:00FF X:00FD Y:0102 P:envmxdIzC
C0/5D49 10 F4       BPL $F4    [$5D3F]      A:00FF X:00FC Y:0102 P:envmxdIzC
C0/5D4B A5 06       LDA $06    [$00:0B06]   A:00FF X:FFFE Y:0200 P:eNvmxdIzC
C0/5D4D E2 20       SEP #$20       (8-bit accumulator)                A:0000 X:FFFE Y:0200 P:envmxdIZC
C0/5D4F A9 00       LDA #$00                A:0000 X:FFFE Y:0200 P:envMxdIZC
C0/5D51 48          PHA                     A:0000 X:FFFE Y:0200 P:envMxdIZC
C0/5D52 AB          PLB                     A:0000 X:FFFE Y:0200 P:envMxdIZC
C0/5D53 60          RTS

C0/5D87 AD 9A 16    LDA $169A
C0/5D8A 29 7F       AND #$7F
C0/5D8C D0 01       BNE $5D8F
C0/5D8E 60          RTS

C0/5E2B A9 80       LDA #$80                A:0001 X:0220 Y:0640 P:envMxdIzc
C0/5E2D 8D 15 21    STA $2115  [$00:2115]   A:0080 X:0220 Y:0640 P:eNvMxdIzc
C0/5E30 A9 01       LDA #$01                A:0080 X:0220 Y:0640 P:eNvMxdIzc
C0/5E32 8D 00 43    STA $4300  [$00:4300]   A:0001 X:0220 Y:0640 P:envMxdIzc
C0/5E35 A9 18       LDA #$18                A:0001 X:0220 Y:0640 P:envMxdIzc
C0/5E37 8D 01 43    STA $4301  [$00:4301]   A:0018 X:0220 Y:0640 P:envMxdIzc
C0/5E3A A9 7F       LDA #$7F                A:0018 X:0220 Y:0640 P:envMxdIzc
C0/5E3C 8D 04 43    STA $4304  [$00:4304]   A:007F X:0220 Y:0640 P:envMxdIzc
C0/5E3F C2 20       REP #$20       (16-bit accumulator)                A:007F X:0220 Y:0640 P:envMxdIzc
C0/5E41 A9 22 76    LDA #$7622              A:007F X:0220 Y:0640 P:envmxdIzc
C0/5E44 8D 02 43    STA $4302  [$00:4302]   A:7622 X:0220 Y:0640 P:envmxdIzc
C0/5E47 A9 00 10    LDA #$1000              A:7622 X:0220 Y:0640 P:envmxdIzc
C0/5E4A 8D 05 43    STA $4305  [$00:4305]   A:1000 X:0220 Y:0640 P:envmxdIzc
C0/5E4D A5 73       LDA $73    [$00:0B73]   A:1000 X:0220 Y:0640 P:envmxdIzc
C0/5E4F 4A          LSR A                   A:0000 X:0220 Y:0640 P:envmxdIZc
C0/5E50 18          CLC                     A:0000 X:0220 Y:0640 P:envmxdIZc
C0/5E51 69 00 48    ADC #$4800              A:0000 X:0220 Y:0640 P:envmxdIZc
C0/5E54 8D 16 21    STA $2116  [$00:2116]   A:4800 X:0220 Y:0640 P:envmxdIzc
C0/5E57 A5 06       LDA $06    [$00:0B06]   A:4800 X:0220 Y:0640 P:envmxdIzc
C0/5E59 E2 20       SEP #$20       (8-bit accumulator)                A:0000 X:0220 Y:0640 P:envmxdIZc
C0/5E5B A9 01       LDA #$01                A:0000 X:0220 Y:0640 P:envMxdIZc
C0/5E5D 8D 0B 42    STA $420B  [$00:420B]   A:0001 X:0220 Y:0640 P:envMxdIzc
C0/5E60 60          RTS

C0/5E8A A5 53       LDA $53    [$00:0B53]   A:0000 X:0000 Y:0000 P:envMxdIZC
C0/5E8C D0 08       BNE $08    [$5E96]      A:0000 X:0000 Y:0000 P:envMxdIZC
C0/5E8E A6 61       LDX $61    [$00:0B61]   A:0000 X:0000 Y:0000 P:envMxdIZC
C0/5E90 86 69       STX $69    [$00:0B69]   A:0000 X:0000 Y:0000 P:envMxdIZC
C0/5E92 A6 63       LDX $63    [$00:0B63]   A:0000 X:0000 Y:0000 P:envMxdIZC
C0/5E94 86 6B       STX $6B    [$00:0B6B]   A:0000 X:0000 Y:0000 P:envMxdIZC
C0/5E96 A4 06       LDY $06    [$00:0B06]   A:0000 X:0000 Y:0000 P:envMxdIZC
C0/5E98 A5 3F       LDA $3F    [$00:0B3F]   A:0000 X:0000 Y:0000 P:envMxdIZC
C0/5E9A 4A          LSR A                   A:0000 X:0000 Y:0000 P:envMxdIZC
C0/5E9B 4A          LSR A                   A:0000 X:0000 Y:0000 P:envMxdIZc
C0/5E9C 85 17       STA $17    [$00:0B17]   A:0000 X:0000 Y:0000 P:envMxdIZc
C0/5E9E 98          TYA                     A:0000 X:0000 Y:0000 P:envMxdIZc
C0/5E9F 18          CLC                     A:0000 X:0000 Y:0000 P:envMxdIZc
C0/5EA0 65 6B       ADC $6B    [$00:0B6B]   A:0000 X:0000 Y:0000 P:envMxdIZc
C0/5EA2 18          CLC                     A:0000 X:0000 Y:0000 P:envMxdIZc
C0/5EA3 65 17       ADC $17    [$00:0B17]   A:0000 X:0000 Y:0000 P:envMxdIZc
C0/5EA5 29 1E       AND #$1E                A:0000 X:0000 Y:0000 P:envMxdIZc
C0/5EA7 AA          TAX                     A:0000 X:0000 Y:0000 P:envMxdIZc
C0/5EA8 C2 20       REP #$20       (16-bit accumulator)
C0/5EAA A5 69       LDA $69
C0/5EAC 4A          LSR A
C0/5EAD 18          CLC
C0/5EAE 7F C3 5E C0 ADC $C05EC3,x
C0/5EB2 BB          TYX
C0/5EB3 9F E2 6D 7F STA $7F6DE2,x
C0/5EB7 A5 06       LDA $06
C0/5EB9 E2 20       SEP #$20       (8-bit accumulator)
C0/5EBB C8          INY
C0/5EBC C8          INY
C0/5EBD C0 20 00    CPY #$0020
C0/5EC0 D0 D6       BNE $5E98
C0/5EC2 60          RTS

C0/5EE5 A6 06       LDX $06
C0/5EE7 A9 90       LDA #$90
C0/5EE9 9F 8C 6D 7F STA $7F6D8C,x
C0/5EED A9 E2       LDA #$E2
C0/5EEF 9F 8D 6D 7F STA $7F6D8D,x
C0/5EF3 A9 6D       LDA #$6D
C0/5EF5 9F 8E 6D 7F STA $7F6D8E,x
C0/5EF9 E8          INX
C0/5EFA E8          INX
C0/5EFB E8          INX
C0/5EFC E0 2A 00    CPX #$002A
C0/5EFF D0 E6       BNE $5EE7
C0/5F01 A9 00       LDA #$00
C0/5F03 9F 8C 6D 7F STA $7F6D8C,x
C0/5F07 9C 0C 42    STZ $420C
C0/5F0A A9 42       LDA #$42
C0/5F0C 8D 30 43    STA $4330
C0/5F0F 8D 50 43    STA $4350
C0/5F12 A2 8C 6D    LDX #$6D8C
C0/5F15 8E 32 43    STX $4332
C0/5F18 8E 52 43    STX $4352
C0/5F1B A9 7F       LDA #$7F
C0/5F1D 8D 34 43    STA $4334
C0/5F20 8D 54 43    STA $4354
C0/5F23 8D 37 43    STA $4337
C0/5F26 8D 57 43    STA $4357
C0/5F29 A5 53       LDA $53
C0/5F2B D0 06       BNE $5F33
C0/5F2D A9 0D       LDA #$0D
C0/5F2F 8D 31 43    STA $4331
C0/5F32 60          RTS
C0/5F33 A9 0F       LDA #$0F
C0/5F35 8D 31 43    STA $4331
C0/5F38 A9 11       LDA #$11
C0/5F3A 8D 51 43    STA $4351
C0/5F3D 60          RTS

C0/5F3E A4 06       LDY $06    [$00:0B06]   A:0000 X:001E Y:0020 P:envMxdIZC
C0/5F40 A5 3F       LDA $3F    [$00:0B3F]   A:0000 X:001E Y:0000 P:envMxdIZC
C0/5F42 4A          LSR A                   A:0000 X:001E Y:0000 P:envMxdIZC
C0/5F43 4A          LSR A                   A:0000 X:001E Y:0000 P:envMxdIZc
C0/5F44 85 17       STA $17    [$00:0B17]   A:0000 X:001E Y:0000 P:envMxdIZc
C0/5F46 98          TYA                     A:0000 X:001E Y:0000 P:envMxdIZc
C0/5F47 18          CLC                     A:0000 X:001E Y:0000 P:envMxdIZc
C0/5F48 65 6B       ADC $6B    [$00:0B6B]   A:0000 X:001E Y:0000 P:envMxdIZc
C0/5F4A 18          CLC                     A:0000 X:001E Y:0000 P:envMxdIZc
C0/5F4B 65 17       ADC $17    [$00:0B17]   A:0000 X:001E Y:0000 P:envMxdIZc
C0/5F4D 29 1E       AND #$1E                A:0000 X:001E Y:0000 P:envMxdIZc
C0/5F4F AA          TAX                     A:0000 X:001E Y:0000 P:envMxdIZc
C0/5F50 C2 20       REP #$20       (16-bit accumulator)                A:0000 X:0000 Y:0000 P:envMxdIZc
C0/5F52 A5 6B       LDA $6B    [$00:0B6B]   A:0000 X:0000 Y:0000 P:envmxdIZc
C0/5F54 4A          LSR A                   A:0000 X:0000 Y:0000 P:envmxdIZc
C0/5F55 18          CLC                     A:0000 X:0000 Y:0000 P:envmxdIZc
C0/5F56 7F 6B 5F C0 ADC $C05F6B,x[$C0:5F6B] A:0000 X:0000 Y:0000 P:envmxdIZc
C0/5F5A BB          TYX                     A:0000 X:0000 Y:0000 P:envmxdIZc
C0/5F5B 9F 02 6E 7F STA $7F6E02,x[$7F:6E02] A:0000 X:0000 Y:0000 P:envmxdIZc
C0/5F5F A5 06       LDA $06    [$00:0B06]   A:0000 X:0000 Y:0000 P:envmxdIZc
C0/5F61 E2 20       SEP #$20       (8-bit accumulator)                A:0000 X:0000 Y:0000 P:envmxdIZc
C0/5F63 C8          INY                     A:0000 X:0000 Y:0000 P:envMxdIZc
C0/5F64 C8          INY                     A:0000 X:0000 Y:0001 P:envMxdIzc
C0/5F65 C0 20 00    CPY #$0020              A:0000 X:0000 Y:0002 P:envMxdIzc
C0/5F68 D0 D6       BNE $5F40
C0/5F6A 60          RTS

C0/5F8D A6 06       LDX $06    [$00:0B06]   A:0011 X:6D8C Y:001F P:enVMxdIzC
C0/5F8F A9 90       LDA #$90                A:0011 X:0000 Y:001F P:enVMxdIZC
C0/5F91 9F B7 6D 7F STA $7F6DB7,x[$7F:6DB7] A:0090 X:0000 Y:001F P:eNVMxdIzC
C0/5F95 A9 02       LDA #$02                A:0090 X:0000 Y:001F P:eNVMxdIzC
C0/5F97 9F B8 6D 7F STA $7F6DB8,x[$7F:6DB8] A:0002 X:0000 Y:001F P:enVMxdIzC
C0/5F9B A9 6E       LDA #$6E                A:0002 X:0000 Y:001F P:enVMxdIzC
C0/5F9D 9F B9 6D 7F STA $7F6DB9,x
C0/5FA1 E8          INX                     A:006E X:0000 Y:001F P:enVMxdIzC
C0/5FA2 E8          INX                     A:006E X:0001 Y:001F P:enVMxdIzC
C0/5FA3 E8          INX                     A:006E X:0002 Y:001F P:enVMxdIzC
C0/5FA4 E0 2A 00    CPX #$002A
C0/5FA7 D0 E6       BNE $E6
C0/5FA9 A9 00       LDA #$00
C0/5FAB 9F B7 6D 7F STA $7F6DB7,x
C0/5FAF 9C 0C 42    STZ $420C
C0/5FB2 A9 42       LDA #$42
C0/5FB4 8D 40 43    STA $4340
C0/5FB7 8D 60 43    STA $4360
C0/5FBA A2 B7 6D    LDX #$6DB7
C0/5FBD 8E 42 43    STX $4342
C0/5FC0 8E 62 43    STX $4362
C0/5FC3 A9 7F       LDA #$7F
C0/5FC5 8D 44 43    STA $4344
C0/5FC8 8D 64 43    STA $4364
C0/5FCB 8D 47 43    STA $4347
C0/5FCE 8D 67 43    STA $4367
C0/5FD1 A5 53       LDA $53
C0/5FD3 D0 06       BNE $5FDB
C0/5FD5 A9 0E       LDA #$0E
C0/5FD7 8D 41 43    STA $4341
C0/5FDA 60          RTS
C0/5FDB A9 10       LDA #$10
C0/5FDD 8D 41 43    STA $4341
C0/5FE0 A9 12       LDA #$12
C0/5FE2 8D 61 43    STA $4361
C0/5FE5 60          RTS

C0/6081 AD 9E 16    LDA $169E
C0/6084 D0 03       BNE $6089
C0/6086 20 71 4A    JSR $4A71
C0/6089 64 42       STZ $42
C0/608B 20 41 4E    JSR $4E41
C0/608E AD 9E 16    LDA $169E
C0/6091 F0 0E       BEQ $60A1
C0/60A1 E6 42       INC $42
C0/60A3 A5 45       LDA $45
C0/60A5 D0 E4       BNE $608B
C0/60A7 60          RTS

C0/6100 20 68 4A    JSR $4A68
C0/6103 64 42       STZ $42
C0/6105 A9 81       LDA #$81
C0/6107 8D 00 42    STA $4200
C0/610A A9 00       LDA #$00
C0/610C 8D 00 21    STA $2100
C0/610F 58          CLI
C0/6110 20 41 4E    JSR $4E41
C0/6113 AD 9E 16    LDA $169E
C0/6116 C9 02       CMP #$02
C0/6118 D0 0A       BNE $6124
C0/6124 A5 45       LDA $45
C0/6126 C9 F0       CMP #$F0
C0/6128 D0 E6       BNE $6110
C0/612A 60          RTS

C0/612B A2 3C 00    LDX #$003C
C0/612E 86 23       STX $23
C0/6130 A6 06       LDX $06
C0/6132 80 08       BRA $613C
C0/613C A5 6F       LDA $6F
C0/613E C9 08       CMP #$08
C0/6140 90 56       BCC $6198

C0/6198 60          RTS

C0/61D7 A9 00       LDA #$00
C0/61D9 8D 05 21    STA $2105
C0/61DC A6 06       LDX $06
C0/61DE 86 26       STX $26
C0/61E0 64 08       STZ $08
C0/61E2 A5 08       LDA $08
C0/61E4 4A          LSR A
C0/61E5 85 09       STA $09
C0/61E7 A9 40       LDA #$40
C0/61E9 38          SEC
C0/61EA E5 09       SBC $09
C0/61EC AA          TAX
C0/61ED 86 23       STX $23
C0/61EF A5 08       LDA $08
C0/61F1 C2 20       REP #$20       (16-bit accumulator)
C0/61F3 EB          XBA
C0/61F4 4A          LSR A
C0/61F5 4A          LSR A
C0/61F6 85 26       STA $26
C0/61F8 A5 06       LDA $06
C0/61FA E2 20       SEP #$20       (8-bit accumulator)
C0/61FC A0 00 01    LDY #$0100
C0/61FF A6 23       LDX $23
C0/6201 BF E0 FB CD LDA $CDFBE0,x
C0/6205 E8          INX
C0/6206 86 23       STX $23
C0/6208 8D 1B 21    STA $211B
C0/620B 9C 1B 21    STZ $211B
C0/620E A5 08       LDA $08
C0/6210 8D 1C 21    STA $211C
C0/6213 8D 1C 21    STA $211C
C0/6216 AD D6 0A    LDA $0AD6
C0/6219 C9 03       CMP #$03
C0/621B B0 17       BCS $6234
C0/621D C2 20       REP #$20       (16-bit accumulator)
C0/621F AD 34 21    LDA $2134
C0/6222 4A          LSR A                   A:0000 X:0041 Y:0100 P:envmxdIZc
C0/6223 4A          LSR A                   A:0000 X:0041 Y:0100 P:envmxdIZc
C0/6224 4A          LSR A                   A:0000 X:0041 Y:0100 P:envmxdIZc
C0/6225 4A          LSR A                   A:0000 X:0041 Y:0100 P:envmxdIZc
C0/6226 4A          LSR A                   A:0000 X:0041 Y:0100 P:envmxdIZc
C0/6227 18          CLC                     A:0000 X:0041 Y:0100 P:envmxdIZc
C0/6228 69 00 01    ADC #$0100              A:0000 X:0041 Y:0100 P:envmxdIZc
C0/622B A6 26       LDX $26    [$00:0B26]   A:0100 X:0041 Y:0100 P:envmxdIzc
C0/622D 9F 00 40 7F STA $7F4000,x
C0/6231 4C 49 62    JMP $6249  [$00:6249]   A:0100 X:0000 Y:0100 P:envmxdIZc
C0/6249 A5 06       LDA $06    [$00:0B06]   A:0100 X:0000 Y:0100 P:envmxdIZc
C0/624B E2 20       SEP #$20       (8-bit accumulator)                A:0000 X:0000 Y:0100 P:envmxdIZc
C0/624D E8          INX                     A:0000 X:0000 Y:0100 P:envMxdIZc
C0/624E E8          INX                     A:0000 X:0001 Y:0100 P:envMxdIzc
C0/624F 86 26       STX $26    [$00:0B26]   A:0000 X:0002 Y:0100 P:envMxdIzc
C0/6251 88          DEY                     A:0000 X:0002 Y:0100 P:envMxdIzc
C0/6252 D0 AB       BNE $AB    [$61FF]      A:0000 X:0002 Y:00FF P:envMxdIzc
C0/6254 A5 08       LDA $08    [$00:0B08]   A:0000 X:0200 Y:0000 P:envMxdIZc
C0/6256 18          CLC                     A:0000 X:0200 Y:0000 P:envMxdIZc
C0/6257 69 08       ADC #$08                A:0000 X:0200 Y:0000 P:envMxdIZc
C0/6259 85 08       STA $08    [$00:0B08]   A:0008 X:0200 Y:0000 P:envMxdIzc
C0/625B C9 80       CMP #$80                A:0008 X:0200 Y:0000 P:envMxdIzc
C0/625D D0 83       BNE $61E2
C0/625F A2 08 00    LDX #$0008              A:0080 X:2000 Y:0000 P:enVMxdIZC
C0/6262 86 26       STX $26    [$00:0B26]   A:0080 X:0008 Y:0000 P:enVMxdIzC
C0/6264 A6 06       LDX $06    [$00:0B06]   A:0080 X:0008 Y:0000 P:enVMxdIzC
C0/6266 86 23       STX $23    [$00:0B23]   A:0080 X:0000 Y:0000 P:enVMxdIZC
C0/6268 DA          PHX                     A:0080 X:0000 Y:0000 P:enVMxdIZC
C0/6269 A6 23       LDX $23    [$00:0B23]   A:0080 X:0000 Y:0000 P:enVMxdIZC
C0/626B BF 40 D2 C0 LDA $C0D240,x
C0/626F E8          INX                     A:0040 X:0000 Y:0000 P:enVMxdIzC
C0/6270 86 23       STX $23    [$00:0B23]   A:0040 X:0001 Y:0000 P:enVMxdIzC
C0/6272 FA          PLX                     A:0040 X:0001 Y:0000 P:enVMxdIzC
C0/6273 8D 1B 21    STA $211B  [$00:211B]   A:0040 X:0000 Y:0000 P:enVMxdIZC
C0/6276 9C 1B 21    STZ $211B  [$00:211B]   A:0040 X:0000 Y:0000 P:enVMxdIZC
C0/6279 A5 26       LDA $26    [$00:0B26]   A:0040 X:0000 Y:0000 P:enVMxdIZC
C0/627B 8D 1C 21    STA $211C  [$00:211C]   A:0008 X:0000 Y:0000 P:enVMxdIzC
C0/627E 8D 1C 21    STA $211C  [$00:211C]   A:0008 X:0000 Y:0000 P:enVMxdIzC
C0/6281 C2 20       REP #$20       (16-bit accumulator)                A:0008 X:0000 Y:0000 P:enVMxdIzC
C0/6283 AD 34 21    LDA $2134  [$00:2134]   A:0008 X:0000 Y:0000 P:enVmxdIzC
C0/6286 EB          XBA                     A:0200 X:0000 Y:0000 P:enVmxdIzC
C0/6287 29 FF 00    AND #$00FF              A:0002 X:0000 Y:0000 P:enVmxdIzC
C0/628A E2 20       SEP #$20       (8-bit accumulator)                A:0002 X:0000 Y:0000 P:enVmxdIzC
C0/628C 18          CLC                     A:0002 X:0000 Y:0000 P:enVMxdIzC
C0/628D 69 E0       ADC #$E0                A:0002 X:0000 Y:0000 P:enVMxdIzc
C0/628F 9F 00 62 7F STA $7F6200,x
C0/6293 E8          INX                     A:00E2 X:0000 Y:0000 P:eNvMxdIzc
C0/6294 8A          TXA                     A:00E2 X:0001 Y:0000 P:envMxdIzc
C0/6295 D0 D1       BNE $6268
C0/6297 A0 00 00    LDY #$0000
C0/629A 84 23       STY $23    [$00:0B23]   A:0000 X:0100 Y:0000 P:envMxdIZc
C0/629C A5 26       LDA $26    [$00:0B26]   A:0000 X:0100 Y:0000 P:envMxdIZc
C0/629E 18          CLC                     A:0008 X:0100 Y:0000 P:envMxdIzc
C0/629F 69 08       ADC #$08                A:0008 X:0100 Y:0000 P:envMxdIzc
C0/62A1 85 26       STA $26    [$00:0B26]   A:0010 X:0100 Y:0000 P:envMxdIzc
C0/62A3 C2 20       REP #$20       (16-bit accumulator)                A:0010 X:0100 Y:0000 P:envMxdIzc
C0/62A5 A5 26       LDA $26    [$00:0B26]   A:0010 X:0100 Y:0000 P:envmxdIzc
C0/62A7 38          SEC                     A:0010 X:0100 Y:0000 P:envmxdIzc
C0/62A8 E9 08 00    SBC #$0008
C0/62AB 0A          ASL A                   A:0008 X:0100 Y:0000 P:envmxdIzC
C0/62AC 0A          ASL A                   A:0010 X:0100 Y:0000 P:envmxdIzc
C0/62AD 0A          ASL A                   A:0020 X:0100 Y:0000 P:envmxdIzc
C0/62AE 0A          ASL A                   A:0040 X:0100 Y:0000 P:envmxdIzc
C0/62AF 0A          ASL A                   A:0080 X:0100 Y:0000 P:envmxdIzc
C0/62B0 AA          TAX                     A:0100 X:0100 Y:0000 P:envmxdIzc
C0/62B1 A5 06       LDA $06
C0/62B3 E2 20       SEP #$20       (8-bit accumulator)
C0/62B5 A5 26       LDA $26
C0/62B7 C9 48       CMP #$48
C0/62B9 D0 AD       BNE $6268
C0/62BB 60          RTS

C0/62BC A6 06       LDX $06
C0/62BE A9 90       LDA #$90
C0/62C0 9F 18 6A 7F STA $7F6A18,x
C0/62C4 A9 49       LDA #$49
C0/62C6 9F 19 6A 7F STA $7F6A19,x
C0/62CA A9 6A       LDA #$6A
C0/62CC 9F 1A 6A 7F STA $7F6A1A,x
C0/62D0 E8          INX
C0/62D1 E8          INX
C0/62D2 E8          INX
C0/62D3 E0 2A 00    CPX #$002A
C0/62D6 D0 E6       BNE $62BE
C0/62D8 A9 00       LDA #$00
C0/62DA 8F 42 6A 7F STA $7F6A42
C0/62DE A6 06       LDX $06
C0/62E0 A9 00       LDA #$00
C0/62E2 9F 49 6A 7F STA $7F6A49,x
C0/62E6 E8          INX
C0/62E7 E0 10 00    CPX #$0010
C0/62EA D0 F6       BNE $62E2
C0/62EC 9C 0C 42    STZ $420C
C0/62EF A9 40       LDA #$40
C0/62F1 8D 70 43    STA $4370
C0/62F4 A9 00       LDA #$00
C0/62F6 A9 06       LDA #$06
C0/62F8 8D 71 43    STA $4371
C0/62FB A2 18 6A    LDX #$6A18
C0/62FE 8E 72 43    STX $4372
C0/6301 A9 7F       LDA #$7F
C0/6303 8D 74 43    STA $4374
C0/6306 8D 77 43    STA $4377
C0/6309 60          RTS

C0/630A 9C 1C 21    STZ $211C  [$00:211C]   A:0007 X:0800 Y:0000 P:envMxdIzC
C0/630D 9C 1C 21    STZ $211C  [$00:211C]   A:0007 X:0800 Y:0000 P:envMxdIzC
C0/6310 9C 1D 21    STZ $211D  [$00:211D]   A:0007 X:0800 Y:0000 P:envMxdIzC
C0/6313 9C 1D 21    STZ $211D  [$00:211D]   A:0007 X:0800 Y:0000 P:envMxdIzC
C0/6316 A9 F0       LDA #$F0                A:0007 X:0800 Y:0000 P:envMxdIzC
C0/6318 8F 00 6A 7F STA $7F6A00[$7F:6A00]   A:00F0 X:0800 Y:0000 P:eNvMxdIzC
C0/631C 8F 03 6A 7F STA $7F6A03[$7F:6A03]   A:00F0 X:0800 Y:0000 P:eNvMxdIzC
C0/6320 A9 00       LDA #$00                A:00F0 X:0800 Y:0000 P:eNvMxdIzC
C0/6322 8F 06 6A 7F STA $7F6A06[$7F:6A06]   A:0000 X:0800 Y:0000 P:envMxdIZC
C0/6326 9C 0C 42    STZ $420C  [$00:420C]   A:0000 X:0800 Y:0000 P:envMxdIZC
C0/6329 A9 42       LDA #$42                A:0000 X:0800 Y:0000 P:envMxdIZC
C0/632B 8D 50 43    STA $4350  [$00:4350]   A:0042 X:0800 Y:0000 P:envMxdIzC
C0/632E 8D 60 43    STA $4360  [$00:4360]   A:0042 X:0800 Y:0000 P:envMxdIzC
C0/6331 A9 1B       LDA #$1B                A:0042 X:0800 Y:0000 P:envMxdIzC
C0/6333 8D 51 43    STA $4351  [$00:4351]   A:001B X:0800 Y:0000 P:envMxdIzC
C0/6336 A9 1E       LDA #$1E                A:001B X:0800 Y:0000 P:envMxdIzC
C0/6338 8D 61 43    STA $4361  [$00:4361]   A:001E X:0800 Y:0000 P:envMxdIzC
C0/633B A2 00 6A    LDX #$6A00              A:001E X:0800 Y:0000 P:envMxdIzC
C0/633E 8E 52 43    STX $4352  [$00:4352]   A:001E X:6A00 Y:0000 P:envMxdIzC
C0/6341 8E 62 43    STX $4362  [$00:4362]   A:001E X:6A00 Y:0000 P:envMxdIzC
C0/6344 A9 7F       LDA #$7F                A:001E X:6A00 Y:0000 P:envMxdIzC
C0/6346 8D 54 43    STA $4354  [$00:4354]   A:007F X:6A00 Y:0000 P:envMxdIzC
C0/6349 8D 64 43    STA $4364  [$00:4364]   A:007F X:6A00 Y:0000 P:envMxdIzC
C0/634C 8D 57 43    STA $4357  [$00:4357]   A:007F X:6A00 Y:0000 P:envMxdIzC
C0/634F 8D 67 43    STA $4367  [$00:4367]   A:007F X:6A00 Y:0000 P:envMxdIzC
C0/6352 A9 FF       LDA #$FF                A:007F X:6A00 Y:0000 P:envMxdIzC
C0/6354 8F 0A 6A 7F STA $7F6A0A[$7F:6A0A]   A:00FF X:6A00 Y:0000 P:eNvMxdIzC
C0/6358 8F 0D 6A 7F STA $7F6A0D[$7F:6A0D]   A:00FF X:6A00 Y:0000 P:eNvMxdIzC
C0/635C A9 00       LDA #$00                A:00FF X:6A00 Y:0000 P:eNvMxdIzC
C0/635E 8F 10 6A 7F STA $7F6A10[$7F:6A10]   A:0000 X:6A00 Y:0000 P:envMxdIZC
C0/6362 9C 0C 42    STZ $420C  [$00:420C]   A:0000 X:6A00 Y:0000 P:envMxdIZC
C0/6365 A9 40       LDA #$40                A:0000 X:6A00 Y:0000 P:envMxdIZC
C0/6367 8D 20 43    STA $4320  [$00:4320]   A:0040 X:6A00 Y:0000 P:envMxdIzC
C0/636A A9 32       LDA #$32                A:0040 X:6A00 Y:0000 P:envMxdIzC
C0/636C 8D 21 43    STA $4321  [$00:4321]   A:0032 X:6A00 Y:0000 P:envMxdIzC
C0/636F A2 07 6A    LDX #$6A07              A:0032 X:6A00 Y:0000 P:envMxdIzC
C0/6372 8E 22 43    STX $4322  [$00:4322]   A:0032 X:6A07 Y:0000 P:envMxdIzC
C0/6375 A9 7F       LDA #$7F                A:0032 X:6A07 Y:0000 P:envMxdIzC
C0/6377 8D 24 43    STA $4324  [$00:4324]   A:007F X:6A07 Y:0000 P:envMxdIzC
C0/637A 8D 27 43    STA $4327  [$00:4327]   A:007F X:6A07 Y:0000 P:envMxdIzC
C0/637D 60          RTS

C0/637E A5 6F       LDA $6F    [$00:0B6F]   A:0000 X:0220 Y:000F P:envMxdIZc
C0/6380 0A          ASL A                   A:0000 X:0220 Y:000F P:envMxdIZc
C0/6381 18          CLC                     A:0000 X:0220 Y:000F P:envMxdIZc
C0/6382 69 40       ADC #$40                A:0000 X:0220 Y:000F P:envMxdIZc
C0/6384 8F 02 6A 7F STA $7F6A02[$7F:6A02]   A:0040 X:0220 Y:000F P:envMxdIzc
C0/6388 8F 05 6A 7F STA $7F6A05[$7F:6A05]   A:0040 X:0220 Y:000F P:envMxdIzc
C0/638C A9 00       LDA #$00                A:0040 X:0220 Y:000F P:envMxdIzc
C0/638E 8F 01 6A 7F STA $7F6A01[$7F:6A01]   A:0000 X:0220 Y:000F P:envMxdIZc
C0/6392 A9 E0       LDA #$E0                A:0000 X:0220 Y:000F P:envMxdIZc
C0/6394 8F 04 6A 7F STA $7F6A04[$7F:6A04]   A:00E0 X:0220 Y:000F P:eNvMxdIzc
C0/6398 A5 6F       LDA $6F    [$00:0B6F]   A:00E0 X:0220 Y:000F P:eNvMxdIzc
C0/639A 38          SEC                     A:0000 X:0220 Y:000F P:envMxdIZc
C0/639B E9 08       SBC #$08                A:0000 X:0220 Y:000F P:envMxdIZC
C0/639D F0 2E       BEQ $2E    [$63CD]      A:00F8 X:0220 Y:000F P:eNvMxdIzc
C0/639F 90 2C       BCC $2C    [$63CD]      A:00F8 X:0220 Y:000F P:eNvMxdIzc
C0/63CD A5 5E       LDA $5E    [$00:0B5E]   A:00F8 X:0220 Y:000F P:eNvMxdIzc
C0/63CF 29 FB       AND #$FB                A:0000 X:0220 Y:000F P:envMxdIZc
C0/63D1 85 5E       STA $5E    [$00:0B5E]   A:0000 X:0220 Y:000F P:envMxdIZc
C0/63D3 60          RTS

C0/63D4 AD 20 11    LDA $1120  [$00:1120]   A:0000 X:0000 Y:0100 P:envMxdIZC
C0/63D7 29 03       AND #$03                A:0000 X:0000 Y:0100 P:envMxdIZC
C0/63D9 AA          TAX                     A:0000 X:0000 Y:0100 P:envMxdIZC
C0/63DA BF 61 64 C0 LDA $C06461,x
C0/63DE A8          TAY                     A:0001 X:0000 Y:0100 P:envMxdIzC
C0/63DF AD D8 0A    LDA $0AD8  [$00:0AD8]   A:0001 X:0000 Y:0001 P:envMxdIzC
C0/63E2 C0 00 00    CPY #$0000              A:0020 X:0000 Y:0001 P:envMxdIzC
C0/63E5 F0 04       BEQ $04    [$63EB]      A:0020 X:0000 Y:0001 P:envMxdIzC
C0/63E7 0A          ASL A                   A:0020 X:0000 Y:0001 P:envMxdIzC
C0/63E8 88          DEY                     A:0040 X:0000 Y:0001 P:envMxdIzc
C0/63E9 80 F7       BRA $F7    [$63E2]      A:0040 X:0000 Y:0000 P:envMxdIZc
C0/63EB 4A          LSR A                   A:0040 X:0000 Y:0000 P:envMxdIZC
C0/63EC 38          SEC                     A:0020 X:0000 Y:0000 P:envMxdIzc
C0/63ED ED 1F 11    SBC $111F  [$00:111F]   A:0020 X:0000 Y:0000 P:envMxdIzC
C0/63F0 29 3F       AND #$3F                A:0020 X:0000 Y:0000 P:envMxdIzC
C0/63F2 85 77       STA $77    [$00:0B77]   A:0020 X:0000 Y:0000 P:envMxdIzC
C0/63F4 AD 20 11    LDA $1120  [$00:1120]   A:0020 X:0000 Y:0000 P:envMxdIzC
C0/63F7 4A          LSR A                   A:0000 X:0000 Y:0000 P:envMxdIZC
C0/63F8 4A          LSR A                   A:0000 X:0000 Y:0000 P:envMxdIZc
C0/63F9 29 03       AND #$03                A:0000 X:0000 Y:0000 P:envMxdIZc
C0/63FB AA          TAX                     A:0000 X:0000 Y:0000 P:envMxdIZc
C0/63FC BF 61 64 C0 LDA $C06461,x
C0/6400 A8          TAY                     A:0001 X:0000 Y:0000 P:envMxdIzc
C0/6401 AD D9 0A    LDA $0AD9  [$00:0AD9]   A:0001 X:0000 Y:0001 P:envMxdIzc
C0/6404 C0 00 00    CPY #$0000              A:000B X:0000 Y:0001 P:envMxdIzc
C0/6407 F0 04       BEQ $04    [$640D]      A:000B X:0000 Y:0001 P:envMxdIzC
C0/6409 0A          ASL A                   A:000B X:0000 Y:0001 P:envMxdIzC
C0/640A 88          DEY                     A:0016 X:0000 Y:0001 P:envMxdIzc
C0/640B 80 F7       BRA $F7    [$6404]      A:0016 X:0000 Y:0000 P:envMxdIZc
C0/640D 4A          LSR A                   A:0016 X:0000 Y:0000 P:envMxdIZC
C0/640E 38          SEC                     A:000B X:0000 Y:0000 P:envMxdIzc
C0/640F ED 1E 11    SBC $111E  [$00:111E]   A:000B X:0000 Y:0000 P:envMxdIzC
C0/6412 29 3F       AND #$3F                A:000B X:0000 Y:0000 P:envMxdIzC
C0/6414 85 78       STA $78    [$00:0B78]   A:000B X:0000 Y:0000 P:envMxdIzC
C0/6416 AD 20 11    LDA $1120  [$00:1120]   A:000B X:0000 Y:0000 P:envMxdIzC
C0/6419 4A          LSR A                   A:0000 X:0000 Y:0000 P:envMxdIZC
C0/641A 4A          LSR A                   A:0000 X:0000 Y:0000 P:envMxdIZc
C0/641B 4A          LSR A                   A:0000 X:0000 Y:0000 P:envMxdIZc
C0/641C 4A          LSR A                   A:0000 X:0000 Y:0000 P:envMxdIZc
C0/641D 29 03       AND #$03                A:0000 X:0000 Y:0000 P:envMxdIZc
C0/641F AA          TAX                     A:0000 X:0000 Y:0000 P:envMxdIZc
C0/6420 BF 61 64 C0 LDA $C06461,x
C0/6424 A8          TAY                     A:0001 X:0000 Y:0000 P:envMxdIzc
C0/6425 AD D8 0A    LDA $0AD8  [$00:0AD8]   A:0001 X:0000 Y:0001 P:envMxdIzc
C0/6428 C0 00 00    CPY #$0000              A:0020 X:0000 Y:0001 P:envMxdIzc
C0/642B F0 04       BEQ $04    [$6431]      A:0020 X:0000 Y:0001 P:envMxdIzC
C0/642D 0A          ASL A                   A:0020 X:0000 Y:0001 P:envMxdIzC
C0/642E 88          DEY                     A:0040 X:0000 Y:0001 P:envMxdIzc
C0/642F 80 F7       BRA $F7    [$6428]      A:0040 X:0000 Y:0000 P:envMxdIZc
C0/6431 4A          LSR A                   A:0040 X:0000 Y:0000 P:envMxdIZC
C0/6432 38          SEC                     A:0020 X:0000 Y:0000 P:envMxdIzc
C0/6433 ED 1D 11    SBC $111D  [$00:111D]   A:0020 X:0000 Y:0000 P:envMxdIzC
C0/6436 29 3F       AND #$3F                A:00F0 X:0000 Y:0000 P:eNvMxdIzc
C0/6438 85 79       STA $79    [$00:0B79]   A:0030 X:0000 Y:0000 P:envMxdIzc
C0/643A AD 20 11    LDA $1120  [$00:1120]   A:0030 X:0000 Y:0000 P:envMxdIzc
C0/643D 4A          LSR A                   A:0000 X:0000 Y:0000 P:envMxdIZc
C0/643E 4A          LSR A                   A:0000 X:0000 Y:0000 P:envMxdIZc
C0/643F 4A          LSR A                   A:0000 X:0000 Y:0000 P:envMxdIZc
C0/6440 4A          LSR A                   A:0000 X:0000 Y:0000 P:envMxdIZc
C0/6441 4A          LSR A                   A:0000 X:0000 Y:0000 P:envMxdIZc
C0/6442 4A          LSR A                   A:0000 X:0000 Y:0000 P:envMxdIZc
C0/6443 29 03       AND #$03                A:0000 X:0000 Y:0000 P:envMxdIZc
C0/6445 AA          TAX                     A:0000 X:0000 Y:0000 P:envMxdIZc
C0/6446 BF 61 64 C0 LDA $C06461,x[$C0:6461] A:0000 X:0000 Y:0000 P:envMxdIZc
C0/644A A8          TAY
C0/644B AD D9 0A    LDA $0AD9
C0/644E C0 00 00    CPY #$0000
C0/6451 F0 04       BEQ $6457
C0/6453 0A          ASL A
C0/6454 88          DEY
C0/6455 80 F7       BRA $644E
C0/6457 4A          LSR A
C0/6458 38          SEC
C0/6459 ED 1C 11    SBC $111C
C0/645C 29 3F       AND #$3F
C0/645E 85 7A       STA $7A
C0/6460 60          RTS

C0/6465 9C 15 21    STZ $2115
C0/6468 20 E9 6D    JSR $6DE9
C0/646B 9C 00 43    STZ $4300  [$00:4300]   A:0018 X:0087 Y:0080 P:enVMxdIzC
C0/646E A6 7F       LDX $7F    [$00:0B7F]   A:0018 X:0087 Y:0080 P:enVMxdIzC
C0/6470 8E 16 21    STX $2116  [$00:2116]   A:0018 X:2F20 Y:0080 P:enVMxdIzC
C0/6473 A2 F3 16    LDX #$16F3              A:0018 X:2F20 Y:0080 P:enVMxdIzC
C0/6476 8E 02 43    STX $4302  [$00:4302]   A:0018 X:16F3 Y:0080 P:enVMxdIzC
C0/6479 A6 7B       LDX $7B    [$00:0B7B]   A:0018 X:16F3 Y:0080 P:enVMxdIzC
C0/647B 8E 05 43    STX $4305  [$00:4305]   A:0018 X:0060 Y:0080 P:enVMxdIzC
C0/647E A9 01       LDA #$01                A:0018 X:0060 Y:0080 P:enVMxdIzC
C0/6480 8D 0B 42    STA $420B  [$00:420B]   A:0001 X:0060 Y:0080 P:enVMxdIzC
C0/6483 A6 81       LDX $81    [$00:0B81]   A:0001 X:0060 Y:0080 P:enVMxdIzC
C0/6485 8E 16 21    STX $2116  [$00:2116]   A:0001 X:2F00 Y:0080 P:enVMxdIzC
C0/6488 A6 7D       LDX $7D    [$00:0B7D]   A:0001 X:2F00 Y:0080 P:enVMxdIzC
C0/648A F0 08       BEQ $6494
C0/648C 8E 05 43    STX $4305  [$00:4305]   A:0001 X:0020 Y:0080 P:enVMxdIzC
C0/648F A9 01       LDA #$01                A:0001 X:0020 Y:0080 P:enVMxdIzC
C0/6491 8D 0B 42    STA $420B  [$00:420B]   A:0001 X:0020 Y:0080 P:enVMxdIzC
C0/6494 A6 83       LDX $83    [$00:0B83]   A:0001 X:0020 Y:0080 P:enVMxdIzC
C0/6496 8E 16 21    STX $2116
C0/6499 A2 73 17    LDX #$1773
C0/649C 8E 02 43    STX $4302
C0/649F A6 7B       LDX $7B    [$00:0B7B]   A:0001 X:1773 Y:0080 P:enVMxdIzC
C0/64A1 8E 05 43    STX $4305
C0/64A4 A9 01       LDA #$01                A:0001 X:0060 Y:0080 P:enVMxdIzC
C0/64A6 8D 0B 42    STA $420B
C0/64A9 A6 85       LDX $85    [$00:0B85]   A:0001 X:0060 Y:0080 P:enVMxdIzC
C0/64AB 8E 16 21    STX $2116
C0/64AE A6 7D       LDX $7D
C0/64B0 F0 08       BEQ $64BA
C0/64B2 8E 05 43    STX $4305
C0/64B5 A9 01       LDA #$01
C0/64B7 8D 0B 42    STA $420B
C0/64BA 60          RTS

C0/64BB A9 03       LDA #$03
C0/64BD 8D 15 21    STA $2115
C0/64C0 20 E9 6D    JSR $6DE9
C0/64C3 9C 00 43    STZ $4300
C0/64C6 A6 7F       LDX $7F
C0/64C8 8E 16 21    STX $2116
C0/64CB A2 F3 16    LDX #$16F3
C0/64CE 8E 02 43    STX $4302
C0/64D1 A6 7B       LDX $7B
C0/64D3 8E 05 43    STX $4305
C0/64D6 A9 01       LDA #$01
C0/64D8 8D 0B 42    STA $420B
C0/64DB A6 81       LDX $81
C0/64DD 8E 16 21    STX $2116
C0/64E0 A6 7D       LDX $7D
C0/64E2 F0 08       BEQ $64EC
C0/64E4 8E 05 43    STX $4305
C0/64E7 A9 01       LDA #$01
C0/64E9 8D 0B 42    STA $420B
C0/64EC A6 83       LDX $83
C0/64EE 8E 16 21    STX $2116
C0/64F1 A2 73 17    LDX #$1773
C0/64F4 8E 02 43    STX $4302
C0/64F7 A6 7B       LDX $7B
C0/64F9 8E 05 43    STX $4305
C0/64FC A9 01       LDA #$01
C0/64FE 8D 0B 42    STA $420B
C0/6501 A6 85       LDX $85
C0/6503 8E 16 21    STX $2116
C0/6506 A6 7D       LDX $7D
C0/6508 F0 08       BEQ $6512
C0/650A 8E 05 43    STX $4305
C0/650D A9 01       LDA #$01
C0/650F 8D 0B 42    STA $420B
C0/6512 60          RTS

C0/6513 A5 BA       LDA $BA
C0/6515 D0 01       BNE $6518

C0/6518 29 01       AND #$01
C0/651A F0 04       BEQ $6520
C0/651C 5C A3 65 C0 JMP $C065A3    (no long jump needed here)

C0/6520 A5 BA       LDA $BA
C0/6522 29 02       AND #$02
C0/6524 F0 09       BEQ $652F
C0/6526 A5 75       LDA $75
C0/6528 18          CLC
C0/6529 69 21       ADC #$21
C0/652B 85 23       STA $23
C0/652D 80 07       BRA $6536
C0/652F A5 75       LDA $75
C0/6531 38          SEC
C0/6532 E9 1F       SBC #$1F
C0/6534 85 23       STA $23
C0/6536 A5 76       LDA $76
C0/6538 38          SEC
C0/6539 E9 1F       SBC #$1F
C0/653B 29 3F       AND #$3F
C0/653D 85 24       STA $24
C0/653F A6 23       LDX $23
C0/6541 86 26       STX $26
C0/6543 A0 00 00    LDY #$0000
C0/6546 A6 23       LDX $23
C0/6548 BF 00 00 7F LDA $7F0000,x
C0/654C AA          TAX
C0/654D BF 22 6E 7F LDA $7F6E22,x
C0/6551 99 F3 16    STA $16F3,y
C0/6554 BF A2 6F 7F LDA $7F6FA2,x
C0/6558 99 F4 16    STA $16F4,y
C0/655B BF E2 6E 7F LDA $7F6EE2,x
C0/655F 99 73 17    STA $1773,y
C0/6562 BF 62 70 7F LDA $7F7062,x
C0/6566 99 74 17    STA $1774,y
C0/6569 A5 24       LDA $24
C0/656B 1A          INC A
C0/656C 29 3F       AND #$3F
C0/656E 85 24       STA $24
C0/6570 C8          INY                     A:0038 X:0087 Y:0000 P:enVMxdizC
C0/6571 C8          INY                     A:0038 X:0087 Y:0001 P:enVMxdizC
C0/6572 C0 80 00    CPY #$0080              A:0038 X:0087 Y:0002 P:enVMxdizC
C0/6575 D0 CF       BNE $6546
C0/6577 64 7E       STZ $7E    [$00:0B7E]   A:0037 X:0087 Y:0080 P:enVMxdiZC
C0/6579 64 7C       STZ $7C    [$00:0B7C]   A:0037 X:0087 Y:0080 P:enVMxdiZC
C0/657B 64 82       STZ $82    [$00:0B82]   A:0037 X:0087 Y:0080 P:enVMxdiZC
C0/657D 64 86       STZ $86    [$00:0B86]   A:0037 X:0087 Y:0080 P:enVMxdiZC
C0/657F A5 26       LDA $26    [$00:0B26]   A:0037 X:0087 Y:0080 P:enVMxdiZC
C0/6581 0A          ASL A                   A:00BD X:0087 Y:0080 P:eNVMxdizC
C0/6582 29 7F       AND #$7F                A:007A X:0087 Y:0080 P:enVMxdizC
C0/6584 85 7F       STA $7F    [$00:0B7F]   A:007A X:0087 Y:0080 P:enVMxdizC
C0/6586 85 81       STA $81    [$00:0B81]   A:007A X:0087 Y:0080 P:enVMxdizC
C0/6588 1A          INC A                   A:007A X:0087 Y:0080 P:enVMxdizC
C0/6589 85 83       STA $83    [$00:0B83]   A:007B X:0087 Y:0080 P:enVMxdizC
C0/658B 85 85       STA $85    [$00:0B85]   A:007B X:0087 Y:0080 P:enVMxdizC
C0/658D A5 76       LDA $76    [$00:0B76]   A:007B X:0087 Y:0080 P:enVMxdizC
C0/658F 38          SEC                     A:0096 X:0087 Y:0080 P:eNVMxdizC
C0/6590 E9 1F       SBC #$1F                A:0096 X:0087 Y:0080 P:eNVMxdizC
C0/6592 29 3F       AND #$3F                A:0077 X:0087 Y:0080 P:enVMxdizC
C0/6594 85 80       STA $80    [$00:0B80]   A:0037 X:0087 Y:0080 P:enVMxdizC
C0/6596 85 84       STA $84    [$00:0B84]   A:0037 X:0087 Y:0080 P:enVMxdizC
C0/6598 0A          ASL A                   A:0037 X:0087 Y:0080 P:enVMxdizC
C0/6599 85 7D       STA $7D    [$00:0B7D]   A:006E X:0087 Y:0080 P:enVMxdizc
C0/659B A9 80       LDA #$80                A:006E X:0087 Y:0080 P:enVMxdizc
C0/659D 38          SEC                     A:0080 X:0087 Y:0080 P:eNVMxdizc
C0/659E E5 7D       SBC $7D    [$00:0B7D]   A:0080 X:0087 Y:0080 P:eNVMxdizC
C0/65A0 85 7B       STA $7B    [$00:0B7B]   A:0012 X:0087 Y:0080 P:enVMxdizC
C0/65A2 60          RTS

C0/65A3 A5 BA       LDA $BA
C0/65A5 29 02       AND #$02
C0/65A7 D0 0D       BNE $65B6
C0/65A9 A5 76       LDA $76
C0/65AB 38          SEC
C0/65AC E9 1F       SBC #$1F
C0/65AE 85 08       STA $08
C0/65B0 29 3F       AND #$3F
C0/65B2 85 24       STA $24
C0/65B4 80 0B       BRA $65C1
C0/65B6 A5 76       LDA $76
C0/65B8 18          CLC
C0/65B9 69 20       ADC #$20
C0/65BB 85 08       STA $08
C0/65BD 29 3F       AND #$3F
C0/65BF 85 24       STA $24
C0/65C1 A5 75       LDA $75
C0/65C3 38          SEC
C0/65C4 E9 1F       SBC #$1F
C0/65C6 85 23       STA $23
C0/65C8 A6 23       LDX $23
C0/65CA 86 26       STX $26
C0/65CC A0 00 00    LDY #$0000
C0/65CF A6 23       LDX $23
C0/65D1 BF 00 00 7F LDA $7F0000,x
C0/65D5 AA          TAX
C0/65D6 BF 22 6E 7F LDA $7F6E22,x
C0/65DA 99 F3 16    STA $16F3,y
C0/65DD BF E2 6E 7F LDA $7F6EE2,x
C0/65E1 99 F4 16    STA $16F4,y
C0/65E4 BF A2 6F 7F LDA $7F6FA2,x
C0/65E8 99 73 17    STA $1773,y
C0/65EB BF 62 70 7F LDA $7F7062,x
C0/65EF 99 74 17    STA $1774,y
C0/65F2 C8          INY                     A:001C X:0026 Y:0000 P:envMxdIzC
C0/65F3 C8          INY                     A:001C X:0026 Y:0001 P:envMxdIzC
C0/65F4 E6 23       INC $23    [$00:0B23]   A:001C X:0026 Y:0002 P:envMxdIzC
C0/65F6 C0 80 00    CPY #$0080              A:001C X:0026 Y:0002 P:eNvMxdIzC
C0/65F9 D0 D4       BNE $D4    [$65CF]      A:001C X:0026 Y:0002 P:eNvMxdIzc
C0/65FB 64 7D       STZ $7D    [$00:0B7D]   A:0073 X:0087 Y:0080 P:envMxdIZC
C0/65FD 64 7E       STZ $7E    [$00:0B7E]   A:0073 X:0087 Y:0080 P:envMxdIZC
C0/65FF A9 80       LDA #$80                A:0073 X:0087 Y:0080 P:envMxdIZC
C0/6601 85 7B       STA $7B    [$00:0B7B]   A:0080 X:0087 Y:0080 P:eNvMxdIzC
C0/6603 64 7C       STZ $7C    [$00:0B7C]   A:0080 X:0087 Y:0080 P:eNvMxdIzC
C0/6605 64 81       STZ $81    [$00:0B81]   A:0080 X:0087 Y:0080 P:eNvMxdIzC
C0/6607 A9 80       LDA #$80                A:0080 X:0087 Y:0080 P:eNvMxdIzC
C0/6609 85 85       STA $85    [$00:0B85]   A:0080 X:0087 Y:0080 P:eNvMxdIzC
C0/660B A5 08       LDA $08    [$00:0B08]   A:0080 X:0087 Y:0080 P:eNvMxdIzC
C0/660D 29 3F       AND #$3F                A:006F X:0087 Y:0080 P:envMxdIzC
C0/660F 85 80       STA $80    [$00:0B80]   A:002F X:0087 Y:0080 P:envMxdIzC
C0/6611 85 82       STA $82    [$00:0B82]   A:002F X:0087 Y:0080 P:envMxdIzC
C0/6613 85 84       STA $84    [$00:0B84]   A:002F X:0087 Y:0080 P:envMxdIzC
C0/6615 85 86       STA $86    [$00:0B86]   A:002F X:0087 Y:0080 P:envMxdIzC
C0/6617 A5 75       LDA $75    [$00:0B75]   A:002F X:0087 Y:0080 P:envMxdIzC
C0/6619 38          SEC                     A:00AF X:0087 Y:0080 P:eNvMxdIzC
C0/661A E9 1F       SBC #$1F                A:00AF X:0087 Y:0080 P:eNvMxdIzC
C0/661C 29 3F       AND #$3F                A:0090 X:0087 Y:0080 P:eNvMxdIzC
C0/661E 0A          ASL A                   A:0010 X:0087 Y:0080 P:envMxdIzC
C0/661F 85 7F       STA $7F    [$00:0B7F]   A:0020 X:0087 Y:0080 P:envMxdIzc
C0/6621 18          CLC                     A:0020 X:0087 Y:0080 P:envMxdIzc
C0/6622 69 80       ADC #$80                A:0020 X:0087 Y:0080 P:envMxdIzc
C0/6624 85 83       STA $83    [$00:0B83]   A:00A0 X:0087 Y:0080 P:eNvMxdIzc
C0/6626 A5 7F       LDA $7F    [$00:0B7F]   A:00A0 X:0087 Y:0080 P:eNvMxdIzc
C0/6628 85 7D       STA $7D    [$00:0B7D]   A:0020 X:0087 Y:0080 P:envMxdIzc
C0/662A A9 80       LDA #$80                A:0020 X:0087 Y:0080 P:envMxdIzc
C0/662C 38          SEC                     A:0080 X:0087 Y:0080 P:eNvMxdIzc
C0/662D E5 7D       SBC $7D    [$00:0B7D]   A:0080 X:0087 Y:0080 P:eNvMxdIzC
C0/662F 85 7B       STA $7B    [$00:0B7B]   A:0060 X:0087 Y:0080 P:enVMxdIzC
C0/6631 60          RTS

C0/69A1 A9 C7       LDA #$C7
C0/69A3 85 25       STA $25
C0/69A5 A5 BA       LDA $BA
C0/69A7 29 02       AND #$02
C0/69A9 D0 07       BNE $69B2
C0/69AB A5 76       LDA $76
C0/69AD 38          SEC
C0/69AE E9 1F       SBC #$1F
C0/69B0 80 05       BRA $69B7
C0/69B2 A5 76       LDA $76
C0/69B4 18          CLC
C0/69B5 69 20       ADC #$20
C0/69B7 85 0F       STA $0F
C0/69B9 C2 20       REP #$20       (16-bit accumulator)
C0/69BB 85 23       STA $23
C0/69BD 06 23       ASL $23
C0/69BF EB          XBA
C0/69C0 29 00 3F    AND #$3F00
C0/69C3 85 26       STA $26
C0/69C5 AD D6 0A    LDA $0AD6
C0/69C8 EB          XBA                     A:0000 X:0800 Y:F8C0 P:enVmxdIZc
C0/69C9 0A          ASL A                   A:0000 X:0800 Y:F8C0 P:enVmxdIZc
C0/69CA 18          CLC                     A:0000 X:0800 Y:F8C0 P:enVmxdIZc
C0/69CB 65 23       ADC $23    [$00:0B23]   A:0000 X:0800 Y:F8C0 P:enVmxdIZc
C0/69CD AA          TAX                     A:00DE X:0800 Y:F8C0 P:envmxdIzc
C0/69CE BF 00 E0 CF LDA $CFE000,x
C0/69D2 85 23       STA $23    [$00:0B23]   A:2589 X:00DE Y:F8C0 P:envmxdIzc
C0/69D4 E0 00 08    CPX #$0800              A:2589 X:00DE Y:F8C0 P:envmxdIzc
C0/69D7 90 0B       BCC $0B    [$69E4]      A:2589 X:00DE Y:F8C0 P:eNvmxdIzc
C0/69E4 A5 06       LDA $06    [$00:0B06]   A:2589 X:00DE Y:F8C0 P:eNvmxdIzc
C0/69E6 E2 20       SEP #$20       (8-bit accumulator)                A:0000 X:00DE Y:F8C0 P:envmxdIZc
C0/69E8 A6 06       LDX $06    [$00:0B06]   A:0000 X:00DE Y:F8C0 P:envMxdIZc
C0/69EA 9B          TXY                     A:0000 X:0000 Y:F8C0 P:envMxdIZc
C0/69EB B7 23       LDA [$23],y[$C7:2589]   A:0000 X:0000 Y:0000 P:envMxdIZc
C0/69ED 9F 22 76 7F STA $7F7622,x
C0/69F1 C8          INY                     A:00D0 X:0000 Y:0000 P:eNvMxdIzc
C0/69F2 E8          INX                     A:00D0 X:0000 Y:0001 P:envMxdIzc
C0/69F3 E0 00 01    CPX #$0100              A:00D0 X:0001 Y:0001 P:envMxdIzc
C0/69F6 D0 F3       BNE $F3    [$69EB]      A:00D0 X:0001 Y:0001 P:eNvMxdIzc
C0/69F8 A6 06       LDX $06    [$00:0B06]   A:0017 X:0100 Y:0100 P:envMxdIZC
C0/69FA 86 23       STX $23    [$00:0B23]   A:0017 X:0000 Y:0100 P:envMxdIZC
C0/69FC A4 26       LDY $26    [$00:0B26]   A:0017 X:0000 Y:0100 P:envMxdIZC
C0/69FE A6 23       LDX $23    [$00:0B23]   A:0017 X:0000 Y:2F00 P:envMxdIzC
C0/6A00 BF 22 76 7F LDA $7F7622,x
C0/6A04 C9 C0       CMP #$C0                A:00D0 X:0000 Y:2F00 P:eNvMxdIzC
C0/6A06 B0 2E       BCS $2E    [$6A36]      A:00D0 X:0000 Y:2F00 P:envMxdIzC
C0/6A36 38          SEC                     A:00D0 X:0000 Y:2F00 P:envMxdIzC
C0/6A37 E9 C0       SBC #$C0                A:00D0 X:0000 Y:2F00 P:envMxdIzC
C0/6A39 85 09       STA $09    [$00:0B09]   A:0010 X:0000 Y:2F00 P:envMxdIzC
C0/6A3B BF 23 76 7F LDA $7F7623,x[$7F:7623] A:0010 X:0000 Y:2F00 P:envMxdIzC
C0/6A3F E8          INX                     A:0087 X:0000 Y:2F00 P:eNvMxdIzC
C0/6A40 E8          INX                     A:0087 X:0001 Y:2F00 P:envMxdIzC
C0/6A41 86 23       STX $23    [$00:0B23]   A:0087 X:0002 Y:2F00 P:envMxdIzC
C0/6A43 BB          TYX                     A:0087 X:0002 Y:2F00 P:envMxdIzC
C0/6A44 9F 00 00 7F STA $7F0000,x
C0/6A48 E8          INX                     A:0087 X:2F00 Y:2F00 P:envMxdIzC
C0/6A49 C6 09       DEC $09    [$00:0B09]   A:0087 X:2F01 Y:2F00 P:envMxdIzC
C0/6A4B 10 F7       BPL $F7    [$6A44]      A:0087 X:2F01 Y:2F00 P:envMxdIzC
C0/6A4D 9B          TXY                     A:0087 X:2F11 Y:2F00 P:eNvMxdIzC
C0/6A4E 98          TYA                     A:0087 X:2F11 Y:2F11 P:envMxdIzC
C0/6A4F D0 AD       BNE $AD    [$69FE]      A:0011 X:2F11 Y:2F11 P:envMxdIzC
C0/6A08 C9 0C       CMP #$0C                A:0070 X:0002 Y:2F11 P:eNvMxdIzc
C0/6A0A F0 13       BEQ $13    [$6A1F]      A:0070 X:0002 Y:2F11 P:envMxdIzC
C0/6A0C C9 1C       CMP #$1C                A:0070 X:0002 Y:2F11 P:envMxdIzC
C0/6A0E F0 0F       BEQ $0F    [$6A1F]      A:0070 X:0002 Y:2F11 P:envMxdIzC
C0/6A10 C9 2C       CMP #$2C                A:0070 X:0002 Y:2F11 P:envMxdIzC
C0/6A12 F0 0B       BEQ $0B    [$6A1F]      A:0070 X:0002 Y:2F11 P:envMxdIzC
C0/6A14 E8          INX                     A:0070 X:0002 Y:2F11 P:envMxdIzC
C0/6A15 86 23       STX $23    [$00:0B23]   A:0070 X:0003 Y:2F11 P:envMxdIzC
C0/6A17 BB          TYX                     A:0070 X:0003 Y:2F11 P:envMxdIzC
C0/6A18 9F 00 00 7F STA $7F0000,x
C0/6A1C C8          INY                     A:0070 X:2F11 Y:2F11 P:envMxdIzC
C0/6A1D 80 2F       BRA $2F    [$6A4E]      A:0070 X:2F11 Y:2F12 P:envMxdIzC
C0/6A1F E8          INX                     A:001C X:000B Y:2F1C P:envMxdIZC
C0/6A20 86 23       STX $23    [$00:0B23]   A:001C X:000C Y:2F1C P:envMxdIzC
C0/6A22 BB          TYX                     A:001C X:000C Y:2F1C P:envMxdIzC
C0/6A23 9F 00 00 7F STA $7F0000,x[$7F:2F1C] A:001C X:2F1C Y:2F1C P:envMxdIzC
C0/6A27 1A          INC A                   A:001C X:2F1C Y:2F1C P:envMxdIzC
C0/6A28 9F 01 00 7F STA $7F0001,x
C0/6A2C 1A          INC A                   A:001D X:2F1C Y:2F1C P:envMxdIzC
C0/6A2D 9F 02 00 7F STA $7F0002,x
C0/6A31 C8          INY                     A:001E X:2F1C Y:2F1C P:envMxdIzC
C0/6A32 C8          INY                     A:001E X:2F1C Y:2F1D P:envMxdIzC
C0/6A33 C8          INY                     A:001E X:2F1C Y:2F1E P:envMxdIzC
C0/6A34 80 18       BRA $6A4E
C0/6A51 C2 20       REP #$20       (16-bit accumulator)                A:0000 X:3000 Y:3000 P:envMxdIZC
C0/6A53 AD D6 0A    LDA $0AD6  [$00:0AD6]   A:0000 X:3000 Y:3000 P:envmxdIZC
C0/6A56 0A          ASL A                   A:0000 X:3000 Y:3000 P:envmxdIZC
C0/6A57 AA          TAX                     A:0000 X:3000 Y:3000 P:envmxdIZc
C0/6A58 BF BF 6A C0 LDA $C06ABF,x
C0/6A5C 85 0D       STA $0D    [$00:0B0D]   A:73DA X:0000 Y:3000 P:envmxdIzc
C0/6A5E BF BD 6A C0 LDA $C06ABD,x
C0/6A62 AA          TAX                     A:726C X:0000 Y:3000 P:envmxdIzc
C0/6A63 A5 06       LDA $06    [$00:0B06]   A:726C X:726C Y:3000 P:envmxdIzc
C0/6A65 E2 20       SEP #$20       (8-bit accumulator)                A:0000 X:726C Y:3000 P:envmxdIZc
C0/6A67 E4 0D       CPX $0D    [$00:0B0D]   A:0000 X:726C Y:3000 P:envMxdIZc
C0/6A69 F0 51       BEQ $6ABC
C0/6A6B BF 00 00 C0 LDA $C00000,x
C0/6A6F C5 0F       CMP $0F
C0/6A71 F0 08       BEQ $6A7B
C0/6A73 E8          INX
C0/6A74 E8          INX
C0/6A75 E8          INX
C0/6A76 E8          INX
C0/6A77 E8          INX
C0/6A78 E8          INX
C0/6A79 80 EC       BRA $6A67
C0/6A7B BF 03 00 C0 LDA $C00003,x
C0/6A7F 18          CLC
C0/6A80 69 D0       ADC #$D0
C0/6A82 20 3C CA    JSR $CA3C
C0/6A85 C9 00       CMP #$00
C0/6A87 F0 EA       BEQ $6A73
C0/6A89 DA          PHX                     A:0001 X:726C Y:001C P:envMxdIzC
C0/6A8A BF 02 00 C0 LDA $C00002,x
C0/6A8E 85 2C       STA $2C    [$00:0B2C]   A:0001 X:726C Y:001C P:envMxdIzC
C0/6A90 BF 01 00 C0 LDA $C00001,x
C0/6A94 C2 20       REP #$20       (16-bit accumulator)                A:00AF X:726C Y:001C P:eNvMxdIzC
C0/6A96 18          CLC
C0/6A97 65 26       ADC $26
C0/6A99 A8          TAY
C0/6A9A BF 04 00 C0 LDA $C00004,x
C0/6A9E AA          TAX
C0/6A9F A5 06       LDA $06
C0/6AA1 E2 20       SEP #$20       (8-bit accumulator)
C0/6AA3 A9 7F       LDA #$7F
C0/6AA5 48          PHA
C0/6AA6 AB          PLB
C0/6AA7 BF 00 00 C0 LDA $C00000,x
C0/6AAB 99 00 00    STA $0000,y
C0/6AAE E8          INX
C0/6AAF C8          INY
C0/6AB0 C6 2C       DEC $2C
C0/6AB2 D0 F3       BNE $6AA7
C0/6AB4 A9 00       LDA #$00
C0/6AB6 48          PHA
C0/6AB7 AB          PLB
C0/6AB8 FA          PLX
C0/6AB9 4C 73 6A    JMP $6A73
C0/6ABC 60          RTS

C0/6ACA 86 71       STX $71    [$00:0B71]   A:0000 X:0000 Y:0009 P:envMxdIzc
C0/6ACC A9 CB       LDA #$CB                A:0000 X:0000 Y:0009 P:envMxdIzc
C0/6ACE 85 25       STA $25    [$00:0B25]   A:00CB X:0000 Y:0009 P:eNvMxdIzc
C0/6AD0 C2 20       REP #$20       (16-bit accumulator)                A:00CB X:0000 Y:0009 P:eNvMxdIzc
C0/6AD2 A6 06       LDX $06    [$00:0B06]   A:00CB X:0000 Y:0009 P:eNvmxdIzc
C0/6AD4 C0 00 00    CPY #$0000              A:00CB X:0000 Y:0009 P:envmxdIZc
C0/6AD7 F0 1A       BEQ $1A    [$6AF3]      A:00CB X:0000 Y:0009 P:envmxdIzC
C0/6AD9 E8          INX                     A:00CB X:0000 Y:0009 P:envmxdIzC
C0/6ADA E8          INX                     A:00CB X:0001 Y:0009 P:envmxdIzC
C0/6ADB 88          DEY                     A:00CB X:0002 Y:0009 P:envmxdIzC
C0/6ADC F0 15       BEQ $15    [$6AF3]      A:00CB X:0002 Y:0008 P:envmxdIzC
C0/6ADE E8          INX                     A:00CB X:0002 Y:0008 P:envmxdIzC
C0/6ADF E8          INX                     A:00CB X:0003 Y:0008 P:envmxdIzC
C0/6AE0 BF 00 00 CB LDA $CB0000,x[$CB:0004] A:00CB X:0004 Y:0008 P:envmxdIzC
C0/6AE4 CA          DEX                     A:0946 X:0004 Y:0008 P:envmxdIzC
C0/6AE5 CA          DEX                     A:0946 X:0003 Y:0008 P:envmxdIzC
C0/6AE6 DF 00 00 CB CMP $CB0000,x[$CB:0002] A:0946 X:0002 Y:0008 P:envmxdIzC
C0/6AEA B0 02       BCS $6AEE
C0/6AEC E6 25       INC $25
C0/6AEE E8          INX                     A:0946 X:0002 Y:0008 P:envmxdIzC
C0/6AEF E8          INX                     A:0946 X:0003 Y:0008 P:envmxdIzC
C0/6AF0 88          DEY                     A:0946 X:0004 Y:0008 P:envmxdIzC
C0/6AF1 D0 EB       BNE $EB    [$6ADE]      A:0946 X:0004 Y:0007 P:envmxdIzC
C0/6AF3 BF 00 00 CB LDA $CB0000,x[$CB:0012] A:15D9 X:0012 Y:0000 P:envmxdIZC
C0/6AF7 8D F0 04    STA $04F0  [$00:04F0]   A:15D9 X:0012 Y:0000 P:envmxdIzC
C0/6AFA 85 23       STA $23    [$00:0B23]   A:15D9 X:0012 Y:0000 P:envmxdIzC
C0/6AFC AD 71 0B    LDA $0B71  [$00:0B71]   A:15D9 X:0012 Y:0000 P:envmxdIzC
C0/6AFF 8D F3 04    STA $04F3  [$00:04F3]   A:0000 X:0012 Y:0000 P:envmxdIZC
C0/6B02 A5 06       LDA $06    [$00:0B06]   A:0000 X:0012 Y:0000 P:envmxdIZC
C0/6B04 E2 20       SEP #$20       (8-bit accumulator)                A:0000 X:0012 Y:0000 P:envmxdIZC
C0/6B06 A5 25       LDA $25    [$00:0B25]   A:0000 X:0012 Y:0000 P:envMxdIZC
C0/6B08 8D F2 04    STA $04F2  [$00:04F2]   A:00CB X:0012 Y:0000 P:eNvMxdIzC
C0/6B0B A9 7F       LDA #$7F                A:00CB X:0012 Y:0000 P:eNvMxdIzC
C0/6B0D 8D F5 04    STA $04F5  [$00:04F5]   A:007F X:0012 Y:0000 P:envMxdIzC
C0/6B10 A4 06       LDY $06    [$00:0B06]   A:007F X:0012 Y:0000 P:envMxdIzC
C0/6B12 B7 23       LDA [$23],y[$CB:15D9]   A:007F X:0012 Y:0000 P:envMxdIZC
C0/6B14 D0 05       BNE $0B1B
C0/6B16 22 02 00 C3 JSL $C30002
C0/6B1A 60          RTS

C0/6B21 A0 00 10    LDY #$1000              A:0001 X:2000 Y:FFFF P:envMxdIzC
C0/6B24 9F 00 00 7F STA $7F0000,x[$7F:2000] A:0001 X:2000 Y:1000 P:envMxdIzC
C0/6B28 E8          INX                     A:0001 X:2000 Y:1000 P:envMxdIzC
C0/6B29 88          DEY                     A:0001 X:2001 Y:1000 P:envMxdIzC
C0/6B2A D0 F8       BNE $6B24
C0/6B2C 60          RTS

C0/6B2D 48          PHA
C0/6B2E AB          PLB
C0/6B2F A6 06       LDX $06
C0/6B31 B9 00 00    LDA $0000,y
C0/6B34 9F 22 6E 7F STA $7F6E22,x
C0/6B38 C8          INY
C0/6B39 E8          INX
C0/6B3A E0 00 08    CPX #$0800
C0/6B3D D0 F2       BNE $6B31
C0/6B3F A5 06       LDA $06
C0/6B41 48          PHA
C0/6B42 AB          PLB
C0/6B43 60          RTS

C0/6B44 AD 11 11    LDA $1111  [$00:1111]   A:0004 X:044F Y:003C P:envMxdIZC
C0/6B47 0A          ASL A                   A:0000 X:044F Y:003C P:envMxdIZC
C0/6B48 AA          TAX                     A:0000 X:044F Y:003C P:envMxdIZc
C0/6B49 C2 20       REP #$20       (16-bit accumulator)                A:0000 X:0000 Y:003C P:envMxdIZc
C0/6B4B BF 40 C5 CF LDA $CFC540,x[$CF:C540] A:0000 X:0000 Y:003C P:envmxdIZc
C0/6B4F 18          CLC                     A:002E X:0000 Y:003C P:envmxdIzc
C0/6B50 69 40 C5    ADC #$C540              A:002E X:0000 Y:003C P:envmxdIzc
C0/6B53 8D F0 04    STA $04F0  [$00:04F0]   A:C56E X:0000 Y:003C P:eNvmxdIzc
C0/6B56 A5 06       LDA $06    [$00:0B06]   A:C56E X:0000 Y:003C P:eNvmxdIzc
C0/6B58 E2 20       SEP #$20       (8-bit accumulator)                A:0000 X:0000 Y:003C P:envmxdIZc
C0/6B5A A9 CF       LDA #$CF                A:0000 X:0000 Y:003C P:envMxdIZc
C0/6B5C 8D F2 04    STA $04F2  [$00:04F2]   A:00CF X:0000 Y:003C P:eNvMxdIzc
C0/6B5F A2 86 11    LDX #$1186              A:00CF X:0000 Y:003C P:eNvMxdIzc
C0/6B62 8E F3 04    STX $04F3  [$00:04F3]   A:00CF X:1186 Y:003C P:envMxdIzc
C0/6B65 A9 00       LDA #$00                A:00CF X:1186 Y:003C P:envMxdIzc
C0/6B67 8D F5 04    STA $04F5  [$00:04F5]   A:0000 X:1186 Y:003C P:envMxdIZc
C0/6B6A 22 02 00 C3 JSL $C30002
C0/6B6E AD 14 11    LDA $1114  [$00:1114]   A:0000 X:0007 Y:01FF P:envMxdIZc
C0/6B71 0A          ASL A                   A:0017 X:0007 Y:01FF P:envMxdIzc
C0/6B72 AA          TAX                     A:002E X:0007 Y:01FF P:envMxdIzc
C0/6B73 C2 20       REP #$20       (16-bit accumulator)                A:002E X:002E Y:01FF P:envMxdIzc
C0/6B75 BF 00 00 CF LDA $CF0000,x[$CF:002E] A:002E X:002E Y:01FF P:envmxdIzc
C0/6B79 18          CLC                     A:A483 X:002E Y:01FF P:eNvmxdIzc
C0/6B7A 69 00 00    ADC #$0000              A:A483 X:002E Y:01FF P:eNvmxdIzc
C0/6B7D 8D F0 04    STA $04F0  [$00:04F0]   A:A483 X:002E Y:01FF P:eNvmxdIzc
C0/6B80 A5 06       LDA $06    [$00:0B06]   A:A483 X:002E Y:01FF P:eNvmxdIzc
C0/6B82 E2 20       SEP #$20       (8-bit accumulator)                A:0000 X:002E Y:01FF P:envmxdIZc
C0/6B84 A9 CF       LDA #$CF                A:0000 X:002E Y:01FF P:envMxdIZc
C0/6B86 8D F2 04    STA $04F2  [$00:04F2]   A:00CF X:002E Y:01FF P:eNvMxdIzc
C0/6B89 A2 22 6E    LDX #$6E22              A:00CF X:002E Y:01FF P:eNvMxdIzc
C0/6B8C 8E F3 04    STX $04F3  [$00:04F3]   A:00CF X:6E22 Y:01FF P:envMxdIzc
C0/6B8F A9 7F       LDA #$7F                A:00CF X:6E22 Y:01FF P:envMxdIzc
C0/6B91 8D F5 04    STA $04F5  [$00:04F5]   A:007F X:6E22 Y:01FF P:envMxdIzc
C0/6B94 22 02 00 C3 JSL $C30002
C0/6B98 60          RTS

C0/6BAC C2 20       REP #$20       (16-bit accumulator)
C0/6BAE AD D9 0A    LDA $0AD9
C0/6BB1 29 FF 00    AND #$00FF
C0/6BB4 38          SEC
C0/6BB5 E9 07 00    SBC #$0007
C0/6BB8 0A          ASL A
C0/6BB9 0A          ASL A
C0/6BBA 0A          ASL A
C0/6BBB 0A          ASL A
C0/6BBC 0A          ASL A
C0/6BBD 29 FF 0F    AND #$0FFF
C0/6BC0 85 63       STA $63
C0/6BC2 AD D8 0A    LDA $0AD8
C0/6BC5 29 FF 00    AND #$00FF
C0/6BC8 38          SEC
C0/6BC9 E9 07 00    SBC #$0007
C0/6BCC 0A          ASL A
C0/6BCD 0A          ASL A
C0/6BCE 0A          ASL A
C0/6BCF 0A          ASL A
C0/6BD0 0A          ASL A
C0/6BD1 29 FF 0F    AND #$0FFF
C0/6BD4 85 61       STA $61
C0/6BD6 A5 06       LDA $06
C0/6BD8 E2 20       SEP #$20       (8-bit accumulator)
C0/6BDA 60          RTS

C0/6BDB C2 20       REP #$20       (16-bit accumulator)                A:0010 X:03DD Y:07FF P:envMxdIzc
C0/6BDD AD D9 0A    LDA $0AD9  [$00:0AD9]   A:0010 X:03DD Y:07FF P:envmxdIzc
C0/6BE0 29 FF 00    AND #$00FF              A:020B X:03DD Y:07FF P:envmxdIzc
C0/6BE3 38          SEC                     A:000B X:03DD Y:07FF P:envmxdIzc
C0/6BE4 E9 07 00    SBC #$0007              A:000B X:03DD Y:07FF P:envmxdIzC
C0/6BE7 0A          ASL A                   A:0004 X:03DD Y:07FF P:envmxdIzC
C0/6BE8 0A          ASL A                   A:0008 X:03DD Y:07FF P:envmxdIzc
C0/6BE9 0A          ASL A                   A:0010 X:03DD Y:07FF P:envmxdIzc
C0/6BEA 0A          ASL A                   A:0020 X:03DD Y:07FF P:envmxdIzc
C0/6BEB 0A          ASL A                   A:0040 X:03DD Y:07FF P:envmxdIzc
C0/6BEC 29 FF 0F    AND #$0FFF              A:0080 X:03DD Y:07FF P:envmxdIzc
C0/6BEF 85 63       STA $63    [$00:0B63]   A:0080 X:03DD Y:07FF P:envmxdIzc
C0/6BF1 AD D8 0A    LDA $0AD8  [$00:0AD8]   A:0080 X:03DD Y:07FF P:envmxdIzc
C0/6BF4 29 FF 00    AND #$00FF              A:0B20 X:03DD Y:07FF P:envmxdIzc
C0/6BF7 38          SEC                     A:0020 X:03DD Y:07FF P:envmxdIzc
C0/6BF8 E9 07 00    SBC #$0007              A:0020 X:03DD Y:07FF P:envmxdIzC
C0/6BFB 0A          ASL A                   A:0019 X:03DD Y:07FF P:envmxdIzC
C0/6BFC 0A          ASL A                   A:0032 X:03DD Y:07FF P:envmxdIzc
C0/6BFD 0A          ASL A                   A:0064 X:03DD Y:07FF P:envmxdIzc
C0/6BFE 0A          ASL A                   A:00C8 X:03DD Y:07FF P:envmxdIzc
C0/6BFF 0A          ASL A                   A:0190 X:03DD Y:07FF P:envmxdIzc
C0/6C00 29 FF 0F    AND #$0FFF              A:0320 X:03DD Y:07FF P:envmxdIzc
C0/6C03 85 61       STA $61    [$00:0B61]   A:0320 X:03DD Y:07FF P:envmxdIzc
C0/6C05 A5 78       LDA $78    [$00:0B78]   A:0320 X:03DD Y:07FF P:envmxdIzc
C0/6C07 29 FF 00    AND #$00FF              A:300B X:03DD Y:07FF P:envmxdIzc
C0/6C0A 38          SEC                     A:000B X:03DD Y:07FF P:envmxdIzc
C0/6C0B E9 07 00    SBC #$0007              A:000B X:03DD Y:07FF P:envmxdIzC
C0/6C0E 0A          ASL A                   A:0004 X:03DD Y:07FF P:envmxdIzC
C0/6C0F 0A          ASL A                   A:0008 X:03DD Y:07FF P:envmxdIzc
C0/6C10 0A          ASL A                   A:0010 X:03DD Y:07FF P:envmxdIzc
C0/6C11 0A          ASL A                   A:0020 X:03DD Y:07FF P:envmxdIzc
C0/6C12 0A          ASL A                   A:0040 X:03DD Y:07FF P:envmxdIzc
C0/6C13 85 67       STA $67    [$00:0B67]   A:0080 X:03DD Y:07FF P:envmxdIzc
C0/6C15 A5 77       LDA $77    [$00:0B77]   A:0080 X:03DD Y:07FF P:envmxdIzc
C0/6C17 29 FF 00    AND #$00FF              A:0B20 X:03DD Y:07FF P:envmxdIzc
C0/6C1A 38          SEC                     A:0020 X:03DD Y:07FF P:envmxdIzc
C0/6C1B E9 07 00    SBC #$0007              A:0020 X:03DD Y:07FF P:envmxdIzC
C0/6C1E 0A          ASL A                   A:0019 X:03DD Y:07FF P:envmxdIzC
C0/6C1F 0A          ASL A                   A:0032 X:03DD Y:07FF P:envmxdIzc
C0/6C20 0A          ASL A                   A:0064 X:03DD Y:07FF P:envmxdIzc
C0/6C21 0A          ASL A                   A:00C8 X:03DD Y:07FF P:envmxdIzc
C0/6C22 0A          ASL A                   A:0190 X:03DD Y:07FF P:envmxdIzc
C0/6C23 85 65       STA $65    [$00:0B65]   A:0320 X:03DD Y:07FF P:envmxdIzc
C0/6C25 A5 7A       LDA $7A    [$00:0B7A]   A:0320 X:03DD Y:07FF P:envmxdIzc
C0/6C27 29 FF 00    AND #$00FF              A:0015 X:03DD Y:07FF P:envmxdIzc
C0/6C2A 38          SEC                     A:0015 X:03DD Y:07FF P:envmxdIzc
C0/6C2B E9 07 00    SBC #$0007              A:0015 X:03DD Y:07FF P:envmxdIzC
C0/6C2E 0A          ASL A                   A:000E X:03DD Y:07FF P:envmxdIzC
C0/6C2F 0A          ASL A                   A:001C X:03DD Y:07FF P:envmxdIzc
C0/6C30 0A          ASL A                   A:0038 X:03DD Y:07FF P:envmxdIzc
C0/6C31 0A          ASL A                   A:0070 X:03DD Y:07FF P:envmxdIzc
C0/6C32 0A          ASL A                   A:00E0 X:03DD Y:07FF P:envmxdIzc
C0/6C33 85 6B       STA $6B    [$00:0B6B]   A:01C0 X:03DD Y:07FF P:envmxdIzc
C0/6C35 A5 79       LDA $79    [$00:0B79]   A:01C0 X:03DD Y:07FF P:envmxdIzc
C0/6C37 29 FF 00    AND #$00FF              A:1530 X:03DD Y:07FF P:envmxdIzc
C0/6C3A 38          SEC                     A:0030 X:03DD Y:07FF P:envmxdIzc
C0/6C3B E9 07 00    SBC #$0007              A:0030 X:03DD Y:07FF P:envmxdIzC
C0/6C3E 0A          ASL A                   A:0029 X:03DD Y:07FF P:envmxdIzC
C0/6C3F 0A          ASL A                   A:0052 X:03DD Y:07FF P:envmxdIzc
C0/6C40 0A          ASL A                   A:00A4 X:03DD Y:07FF P:envmxdIzc
C0/6C41 0A          ASL A                   A:0148 X:03DD Y:07FF P:envmxdIzc
C0/6C42 0A          ASL A                   A:0290 X:03DD Y:07FF P:envmxdIzc
C0/6C43 85 69       STA $69    [$00:0B69]   A:0520 X:03DD Y:07FF P:envmxdIzc
C0/6C45 A5 06       LDA $06    [$00:0B06]   A:0520 X:03DD Y:07FF P:envmxdIzc
C0/6C47 E2 20       SEP #$20       (8-bit accumulator)                A:0000 X:03DD Y:07FF P:envmxdIZc
C0/6C49 60          RTS

C0/6C4A 20 AC 6B    JSR $6BAC
C0/6C4D AD D9 0A    LDA $0AD9
C0/6C50 85 76       STA $76
C0/6C52 AD D8 0A    LDA $0AD8
C0/6C55 85 75       STA $75
C0/6C57 A9 40       LDA #$40
C0/6C59 48          PHA
C0/6C5A 20 A1 69    JSR $69A1
C0/6C5D 20 13 65    JSR $6513
C0/6C60 20 65 64    JSR $6465
C0/6C63 E6 76       INC $76
C0/6C65 68          PLA
C0/6C66 3A          DEC A
C0/6C67 D0 F0       BNE $6C59
C0/6C69 60          RTS

C0/6C6A AE D4 0A    LDX $0AD4
C0/6C6D E0 BE 00    CPX #$00BE
C0/6C70 D0 2A       BNE $6C9C

C0/6C9C 60          RTS

C0/6D0C A9 10       LDA #$10
C0/6D0E 85 09       STA $09
C0/6D10 20 DB 6B    JSR $6BDB
C0/6D13 AD D9 0A    LDA $0AD9
C0/6D16 85 0A       STA $0A
C0/6D18 A5 78       LDA $78
C0/6D1A 85 0B       STA $0B
C0/6D1C A5 7A       LDA $7A
C0/6D1E 85 0C       STA $0C
C0/6D20 AD D8 0A    LDA $0AD8
C0/6D23 85 75       STA $75
C0/6D25 A5 0A       LDA $0A
C0/6D27 85 76       STA $76
C0/6D29 A9 01       LDA #$01
C0/6D2B A6 06       LDX $06
C0/6D2D 86 71       STX $71
C0/6D2F 20 7D 70    JSR $707D
C0/6D32 20 7A 6E    JSR $6E7A
C0/6D35 AD 21 11    LDA $1121
C0/6D38 29 40       AND #$40
C0/6D3A D0 17       BNE $6D53
C0/6D3C A5 77       LDA $77
C0/6D3E 85 75       STA $75
C0/6D40 A5 0B       LDA $0B
C0/6D42 85 76       STA $76
C0/6D44 A9 01       LDA #$01
C0/6D46 A2 00 10    LDX #$1000
C0/6D49 86 71       STX $71
C0/6D4B 20 7D 70    JSR $707D
C0/6D4E 20 7A 6E    JSR $6E7A
C0/6D51 80 36       BRA $6D89
C0/6D89 AD 21 11    LDA $1121
C0/6D8C 30 17       BMI $6DA5
C0/6D8E A5 79       LDA $79
C0/6D90 85 75       STA $75
C0/6D92 A5 0C       LDA $0C
C0/6D94 85 76       STA $76
C0/6D96 A9 01       LDA #$01
C0/6D98 A2 00 20    LDX #$2000
C0/6D9B 86 71       STX $71
C0/6D9D 20 7D 70    JSR $707D
C0/6DA0 20 7A 6E    JSR $6E7A
C0/6DA3 80 36       BRA $6DDB
C0/6DA5 A9 07       LDA #$07
C0/6DA7 85 75       STA $75
C0/6DA9 A5 0C       LDA $0C
C0/6DAB 38          SEC
C0/6DAC E5 7A       SBC $7A
C0/6DAE 18          CLC
C0/6DAF 69 08       ADC #$08
C0/6DB1 85 76       STA $76
C0/6DB3 A9 01       LDA #$01
C0/6DB5 A2 00 20    LDX #$2000
C0/6DB8 86 71       STX $71
C0/6DBA 20 7D 70    JSR $707D
C0/6DBD 20 7A 6E    JSR $6E7A
C0/6DC0 A9 17       LDA #$17
C0/6DC2 85 75       STA $75
C0/6DC4 A5 0C       LDA $0C
C0/6DC6 38          SEC
C0/6DC7 E5 7A       SBC $7A
C0/6DC9 18          CLC
C0/6DCA 69 08       ADC #$08
C0/6DCC 85 76       STA $76
C0/6DCE A9 01       LDA #$01
C0/6DD0 A2 00 20    LDX #$2000
C0/6DD3 86 71       STX $71
C0/6DD5 20 7D 70    JSR $707D
C0/6DD8 20 7A 6E    JSR $6E7A
C0/6DDB E6 0A       INC $0A
C0/6DDD E6 0B       INC $0B
C0/6DDF E6 0C       INC $0C
C0/6DE1 C6 09       DEC $09
C0/6DE3 F0 03       BEQ $0DE8
C0/6DE5 4C 20 6D    JMP $6D20
C0/6DE8 60          RTS

C0/6DE9 9C 0B 42    STZ $420B
C0/6DEC A9 18       LDA #$18
C0/6DEE 8D 01 43    STA $4301
C0/6DF1 9C 04 43    STZ $4304
C0/6DF4 60          RTS

C0/6DF5 C2 20       REP #$20       (16-bit accumulator)
C0/6DF7 A5 71       LDA $71
C0/6DF9 EB          XBA
C0/6DFA 4A          LSR A
C0/6DFB 85 17       STA $17
C0/6DFD 4A          LSR A
C0/6DFE 18          CLC
C0/6DFF 65 17       ADC $17
C0/6E01 A8          TAY
C0/6E02 A5 06       LDA $06
C0/6E04 E2 20       SEP #$20       (8-bit accumulator)
C0/6E06 A9 81       LDA #$81
C0/6E08 8D 15 21    STA $2115
C0/6E0B 20 E9 6D    JSR $6DE9
C0/6E0E A9 01       LDA #$01
C0/6E10 8D 00 43    STA $4300
C0/6E13 C2 20       REP #$20       (16-bit accumulator)
C0/6E15 A5 71       LDA $71
C0/6E17 EB          XBA
C0/6E18 0A          ASL A
C0/6E19 0A          ASL A
C0/6E1A 0A          ASL A
C0/6E1B 18          CLC
C0/6E1C 69 F3 16    ADC #$16F3
C0/6E1F 8D 02 43    STA $4302
C0/6E22 A5 06       LDA $06
C0/6E24 E2 20       SEP #$20       (8-bit accumulator)
C0/6E26 B6 7F       LDX $7F,y
C0/6E28 8E 16 21    STX $2116
C0/6E2B B6 7B       LDX $7B,y
C0/6E2D 8E 05 43    STX $4305
C0/6E30 A9 01       LDA #$01
C0/6E32 8D 0B 42    STA $420B
C0/6E35 B6 81       LDX $81,y
C0/6E37 8E 16 21    STX $2116
C0/6E3A B6 7D       LDX $7D,y
C0/6E3C F0 08       BEQ $6E46
C0/6E3E 8E 05 43    STX $4305
C0/6E41 A9 01       LDA #$01
C0/6E43 8D 0B 42    STA $420B
C0/6E46 C2 20       REP #$20       (16-bit accumulator)
C0/6E48 A5 71       LDA $71
C0/6E4A EB          XBA
C0/6E4B 0A          ASL A
C0/6E4C 0A          ASL A
C0/6E4D 0A          ASL A
C0/6E4E 18          CLC
C0/6E4F 69 33 17    ADC #$1733
C0/6E52 8D 02 43    STA $4302
C0/6E55 A5 06       LDA $06
C0/6E57 E2 20       SEP #$20       (8-bit accumulator)
C0/6E59 B6 83       LDX $83,y
C0/6E5B 8E 16 21    STX $2116
C0/6E5E B6 7B       LDX $7B,y
C0/6E60 8E 05 43    STX $4305
C0/6E63 A9 01       LDA #$01
C0/6E65 8D 0B 42    STA $420B
C0/6E68 B6 85       LDX $85,y
C0/6E6A 8E 16 21    STX $2116
C0/6E6D B6 7D       LDX $7D,y
C0/6E6F F0 08       BEQ $6E79
C0/6E71 8E 05 43    STX $4305
C0/6E74 A9 01       LDA #$01
C0/6E76 8D 0B 42    STA $420B
C0/6E79 60          RTS

C0/6E7A C2 20       REP #$20       (16-bit accumulator)                A:0000 X:0000 Y:0040 P:envMxdIZc
C0/6E7C A5 71       LDA $71    [$00:0B71]   A:0000 X:0000 Y:0040 P:envmxdIZc
C0/6E7E EB          XBA                     A:0000 X:0000 Y:0040 P:envmxdIZc
C0/6E7F 4A          LSR A                   A:0000 X:0000 Y:0040 P:envmxdIZc
C0/6E80 85 17       STA $17    [$00:0B17]   A:0000 X:0000 Y:0040 P:envmxdIZc
C0/6E82 4A          LSR A                   A:0000 X:0000 Y:0040 P:envmxdIZc
C0/6E83 18          CLC                     A:0000 X:0000 Y:0040 P:envmxdIZc
C0/6E84 65 17       ADC $17    [$00:0B17]   A:0000 X:0000 Y:0040 P:envmxdIZc
C0/6E86 A8          TAY                     A:0000 X:0000 Y:0040 P:envmxdIZc
C0/6E87 A5 06       LDA $06    [$00:0B06]   A:0000 X:0000 Y:0000 P:envmxdIZc
C0/6E89 E2 20       SEP #$20       (8-bit accumulator)                A:0000 X:0000 Y:0000 P:envmxdIZc
C0/6E8B A9 80       LDA #$80                A:0000 X:0000 Y:0000 P:envMxdIZc
C0/6E8D 8D 15 21    STA $2115  [$00:2115]   A:0080 X:0000 Y:0000 P:eNvMxdIzc
C0/6E90 20 E9 6D    JSR $6DE9
C0/6E93 A9 01       LDA #$01                A:0018 X:0000 Y:0000 P:envMxdIzc
C0/6E95 8D 00 43    STA $4300  [$00:4300]   A:0001 X:0000 Y:0000 P:envMxdIzc
C0/6E98 B6 7F       LDX $7F,y  [$00:0B7F]   A:0001 X:0000 Y:0000 P:envMxdIzc
C0/6E9A 8E 16 21    STX $2116  [$00:2116]   A:0001 X:4CD2 Y:0000 P:envMxdIzc
C0/6E9D C2 20       REP #$20       (16-bit accumulator)                A:0001 X:4CD2 Y:0000 P:envMxdIzc
C0/6E9F A5 71       LDA $71    [$00:0B71]   A:0001 X:4CD2 Y:0000 P:envmxdIzc
C0/6EA1 EB          XBA                     A:0000 X:4CD2 Y:0000 P:envmxdIZc
C0/6EA2 0A          ASL A                   A:0000 X:4CD2 Y:0000 P:envmxdIZc
C0/6EA3 0A          ASL A                   A:0000 X:4CD2 Y:0000 P:envmxdIZc
C0/6EA4 0A          ASL A                   A:0000 X:4CD2 Y:0000 P:envmxdIZc
C0/6EA5 18          CLC                     A:0000 X:4CD2 Y:0000 P:envmxdIZc
C0/6EA6 69 F3 16    ADC #$16F3
C0/6EA9 8D 02 43    STA $4302
C0/6EAC A5 06       LDA $06
C0/6EAE E2 20       SEP #$20       (8-bit accumulator)
C0/6EB0 B6 7B       LDX $7B,y
C0/6EB2 8E 05 43    STX $4305
C0/6EB5 A9 01       LDA #$01
C0/6EB7 8D 0B 42    STA $420B
C0/6EBA B6 81       LDX $81,y
C0/6EBC 8E 16 21    STX $2116
C0/6EBF 9C 0B 42    STZ $420B
C0/6EC2 B6 7D       LDX $7D,y
C0/6EC4 F0 08       BEQ $6ECE
C0/6EC6 8E 05 43    STX $4305
C0/6EC9 A9 01       LDA #$01
C0/6ECB 8D 0B 42    STA $420B
C0/6ECE B6 83       LDX $83,y
C0/6ED0 8E 16 21    STX $2116
C0/6ED3 9C 0B 42    STZ $420B
C0/6ED6 C2 20       REP #$20       (16-bit accumulator)
C0/6ED8 A5 71       LDA $71
C0/6EDA EB          XBA
C0/6EDB 0A          ASL A
C0/6EDC 0A          ASL A
C0/6EDD 0A          ASL A
C0/6EDE 18          CLC
C0/6EDF 69 33 17    ADC #$1733
C0/6EE2 8D 02 43    STA $4302
C0/6EE5 A5 06       LDA $06
C0/6EE7 E2 20       SEP #$20       (8-bit accumulator)
C0/6EE9 B6 7B       LDX $7B,y
C0/6EEB 8E 05 43    STX $4305
C0/6EEE A9 01       LDA #$01
C0/6EF0 8D 0B 42    STA $420B
C0/6EF3 B6 85       LDX $85,y
C0/6EF5 8E 16 21    STX $2116
C0/6EF8 9C 0B 42    STZ $420B
C0/6EFB B6 7D       LDX $7D,y
C0/6EFD F0 08       BEQ $6F07
C0/6EFF 8E 05 43    STX $4305
C0/6F02 A9 01       LDA #$01
C0/6F04 8D 0B 42    STA $420B
C0/6F07 60          RTS

C0/6F08 A5 76       LDA $76    [$00:0B76]   A:0000 X:0002 Y:0006 P:envMxdiZc
C0/6F0A 29 3F       AND #$3F                A:0010 X:0002 Y:0006 P:envMxdizc
C0/6F0C EB          XBA                     A:0010 X:0002 Y:0006 P:envMxdizc
C0/6F0D C2 20       REP #$20       (16-bit accumulator)                A:1000 X:0002 Y:0006 P:envMxdiZc
C0/6F0F 4A          LSR A                   A:1000 X:0002 Y:0006 P:envmxdiZc
C0/6F10 4A          LSR A                   A:0800 X:0002 Y:0006 P:envmxdizc
C0/6F11 05 73       ORA $73    [$00:0B73]   A:0400 X:0002 Y:0006 P:envmxdizc
C0/6F13 85 0D       STA $0D    [$00:0B0D]   A:0400 X:0002 Y:0006 P:envmxdizc
C0/6F15 A5 75       LDA $75    [$00:0B75]   A:0400 X:0002 Y:0006 P:envmxdizc
C0/6F17 29 3F 00    AND #$003F              A:101D X:0002 Y:0006 P:envmxdizc
C0/6F1A 05 0D       ORA $0D    [$00:0B0D]   A:001D X:0002 Y:0006 P:envmxdizc
C0/6F1C AA          TAX                     A:041D X:0002 Y:0006 P:envmxdizc
C0/6F1D A5 06       LDA $06    [$00:0B06]   A:041D X:041D Y:0006 P:envmxdizc
C0/6F1F E2 20       SEP #$20       (8-bit accumulator)                A:0000 X:041D Y:0006 P:envmxdiZc
C0/6F21 A4 06       LDY $06    [$00:0B06]   A:0000 X:041D Y:0006 P:envMxdiZc
C0/6F23 A5 2D       LDA $2D    [$00:0B2D]   A:0000 X:041D Y:0000 P:envMxdiZc
C0/6F25 85 15       STA $15    [$00:0B15]   A:0002 X:041D Y:0000 P:envMxdizc
C0/6F27 A5 2C       LDA $2C    [$00:0B2C]   A:0002 X:041D Y:0000 P:envMxdizc
C0/6F29 85 13       STA $13    [$00:0B13]   A:0001 X:041D Y:0000 P:envMxdizc
C0/6F2B DA          PHX                     A:0001 X:041D Y:0000 P:envMxdizc
C0/6F2C B9 B3 16    LDA $16B3,y[$00:16B3]   A:0001 X:041D Y:0000 P:envMxdizc
C0/6F2F 9F 00 00 7F STA $7F0000,x[$7F:041D] A:0004 X:041D Y:0000 P:envMxdizc
C0/6F33 C8          INY                     A:0004 X:041D Y:0000 P:envMxdizc
C0/6F34 E8          INX                     A:0004 X:041D Y:0001 P:envMxdizc
C0/6F35 C6 13       DEC $13    [$00:0B13]   A:0004 X:041E Y:0001 P:envMxdizc
C0/6F37 D0 F3       BNE $6F2C
C0/6F39 C2 20       REP #$20       (16-bit accumulator)
C0/6F3B 68          PLA
C0/6F3C 18          CLC
C0/6F3D 69 40 00    ADC #$0040
C0/6F40 AA          TAX
C0/6F41 A5 06       LDA $06
C0/6F43 E2 20       SEP #$20       (8-bit accumulator)
C0/6F45 C6 15       DEC $15
C0/6F47 D0 DE       BNE $6F27
C0/6F49 A4 73       LDY $73
C0/6F4B D0 0C       BNE $6F59
C0/6F4D AD D8 0A    LDA $0AD8  [$00:0AD8]   A:0000 X:049D Y:0000 P:envMxdiZc
C0/6F50 85 75       STA $75    [$00:0B75]   A:0020 X:049D Y:0000 P:envMxdizc
C0/6F52 AD D9 0A    LDA $0AD9  [$00:0AD9]   A:0020 X:049D Y:0000 P:envMxdizc
C0/6F55 85 76       STA $76    [$00:0B76]   A:0015 X:049D Y:0000 P:envMxdizc
C0/6F57 80 17       BRA $6F70
C0/6F59 C0 00 10    CPY #$1000
C0/6F5C D0 0A       BNE $6F68
C0/6F68 A5 79       LDA $79    [$00:0B79]   A:0000 X:2040 Y:2000 P:envMxdizC
C0/6F6A 85 75       STA $75    [$00:0B75]   A:0001 X:2040 Y:2000 P:envMxdizC
C0/6F6C A5 7A       LDA $7A    [$00:0B7A]   A:0001 X:2040 Y:2000 P:envMxdizC
C0/6F6E 85 76       STA $76
C0/6F70 A5 76       LDA $76    [$00:0B76]   A:0015 X:049D Y:0000 P:envMxdizc
C0/6F72 38          SEC                     A:0015 X:049D Y:0000 P:envMxdizc
C0/6F73 E9 08       SBC #$08                A:0015 X:049D Y:0000 P:envMxdizC
C0/6F75 29 3F       AND #$3F                A:000D X:049D Y:0000 P:envMxdizC
C0/6F77 EB          XBA                     A:000D X:049D Y:0000 P:envMxdizC
C0/6F78 C2 20       REP #$20       (16-bit accumulator)                A:0D00 X:049D Y:0000 P:envMxdiZC
C0/6F7A 4A          LSR A                   A:0D00 X:049D Y:0000 P:envmxdiZC
C0/6F7B 4A          LSR A                   A:0680 X:049D Y:0000 P:envmxdizc
C0/6F7C 05 73       ORA $73    [$00:0B73]   A:0340 X:049D Y:0000 P:envmxdizc
C0/6F7E 85 23       STA $23    [$00:0B23]   A:0340 X:049D Y:0000 P:envmxdizc
C0/6F80 A5 06       LDA $06    [$00:0B06]   A:0340 X:049D Y:0000 P:envmxdizc
C0/6F82 E2 20       SEP #$20       (8-bit accumulator)                A:0000 X:049D Y:0000 P:envmxdiZc
C0/6F84 A5 75       LDA $75    [$00:0B75]   A:0000 X:049D Y:0000 P:envMxdiZc
C0/6F86 38          SEC                     A:0020 X:049D Y:0000 P:envMxdizc
C0/6F87 E9 07       SBC #$07                A:0020 X:049D Y:0000 P:envMxdizC
C0/6F89 29 3F       AND #$3F                A:0019 X:049D Y:0000 P:envMxdizC
C0/6F8B 05 23       ORA $23    [$00:0B23]   A:0019 X:049D Y:0000 P:envMxdizC
C0/6F8D 85 23       STA $23    [$00:0B23]   A:0059 X:049D Y:0000 P:envMxdizC
C0/6F8F A5 76       LDA $76    [$00:0B76]   A:0059 X:049D Y:0000 P:envMxdizC
C0/6F91 38          SEC                     A:0015 X:049D Y:0000 P:envMxdizC
C0/6F92 E9 08       SBC #$08                A:0015 X:049D Y:0000 P:envMxdizC
C0/6F94 29 0F       AND #$0F                A:000D X:049D Y:0000 P:envMxdizC
C0/6F96 EB          XBA                     A:000D X:049D Y:0000 P:envMxdizC
C0/6F97 C2 20       REP #$20       (16-bit accumulator)                A:0D00 X:049D Y:0000 P:envMxdiZC
C0/6F99 4A          LSR A                   A:0D00 X:049D Y:0000 P:envmxdiZC
C0/6F9A 85 26       STA $26    [$00:0B26]   A:0680 X:049D Y:0000 P:envmxdizc
C0/6F9C A5 06       LDA $06    [$00:0B06]   A:0680 X:049D Y:0000 P:envmxdizc
C0/6F9E E2 20       SEP #$20       (8-bit accumulator)                A:0000 X:049D Y:0000 P:envmxdiZc
C0/6FA0 A5 75       LDA $75    [$00:0B75]   A:0000 X:049D Y:0000 P:envMxdiZc
C0/6FA2 38          SEC                     A:0020 X:049D Y:0000 P:envMxdizc
C0/6FA3 E9 07       SBC #$07                A:0020 X:049D Y:0000 P:envMxdizC
C0/6FA5 85 0D       STA $0D    [$00:0B0D]   A:0019 X:049D Y:0000 P:envMxdizC
C0/6FA7 64 0E       STZ $0E    [$00:0B0E]   A:0019 X:049D Y:0000 P:envMxdizC
C0/6FA9 29 10       AND #$10                A:0019 X:049D Y:0000 P:envMxdizC
C0/6FAB D0 05       BNE $6FB2
C0/6FAD A0 00 00    LDY #$0000
C0/6FB0 80 03       BRA $6FB5
C0/6FB2 A0 00 08    LDY #$0800              A:0010 X:049D Y:0000 P:envMxdizC
C0/6FB5 A5 0D       LDA $0D    [$00:0B0D]   A:0010 X:049D Y:0800 P:envMxdizC
C0/6FB7 29 0F       AND #$0F                A:0019 X:049D Y:0800 P:envMxdizC
C0/6FB9 0A          ASL A                   A:0009 X:049D Y:0800 P:envMxdizC
C0/6FBA 0A          ASL A                   A:0012 X:049D Y:0800 P:envMxdizc
C0/6FBB 85 0D       STA $0D    [$00:0B0D]   A:0024 X:049D Y:0800 P:envMxdizc
C0/6FBD C2 20       REP #$20       (16-bit accumulator)                A:0024 X:049D Y:0800 P:envMxdizc
C0/6FBF 98          TYA                     A:0024 X:049D Y:0800 P:envmxdizc
C0/6FC0 18          CLC                     A:0800 X:049D Y:0800 P:envmxdizc
C0/6FC1 65 0D       ADC $0D    [$00:0B0D]   A:0800 X:049D Y:0800 P:envmxdizc
C0/6FC3 18          CLC                     A:0824 X:049D Y:0800 P:envmxdizc
C0/6FC4 65 26       ADC $26    [$00:0B26]   A:0824 X:049D Y:0800 P:envmxdizc
C0/6FC6 85 26       STA $26    [$00:0B26]   A:0EA4 X:049D Y:0800 P:envmxdizc
C0/6FC8 29 80 0F    AND #$0F80              A:0EA4 X:049D Y:0800 P:envmxdizc
C0/6FCB 49 00 08    EOR #$0800              A:0E80 X:049D Y:0800 P:envmxdizc
C0/6FCE 85 29       STA $29    [$00:0B29]   A:0680 X:049D Y:0800 P:envmxdizc
C0/6FD0 A5 06       LDA $06    [$00:0B06]   A:0680 X:049D Y:0800 P:envmxdizc
C0/6FD2 E2 20       SEP #$20       (8-bit accumulator)                A:0000 X:049D Y:0800 P:envmxdiZc
C0/6FD4 A9 7F       LDA #$7F                A:0000 X:049D Y:0800 P:envMxdiZc
C0/6FD6 48          PHA                     A:007F X:049D Y:0800 P:envMxdizc
C0/6FD7 AB          PLB                     A:007F X:049D Y:0800 P:envMxdizc
C0/6FD8 C2 20       REP #$20       (16-bit accumulator)                A:007F X:049D Y:0800 P:envMxdizc
C0/6FDA A9 10 00    LDA #$0010              A:007F X:049D Y:0800 P:envmxdizc
C0/6FDD 85 11       STA $11    [$00:0B11]   A:0010 X:049D Y:0800 P:envmxdizc
C0/6FDF A6 23       LDX $23    [$00:0B23]   A:0010 X:049D Y:0800 P:envmxdizc
C0/6FE1 86 0D       STX $0D    [$00:0B0D]   A:0010 X:0359 Y:0800 P:envmxdizc
C0/6FE3 A4 26       LDY $26    [$00:0B26]   A:0010 X:0359 Y:0800 P:envmxdizc
C0/6FE5 20 3E 70    JSR $703E
C0/6FE8 A4 29       LDY $29    [$00:0B29]   A:0000 X:0002 Y:0EC0 P:envmxdiZc
C0/6FEA 20 3E 70    JSR $703E
C0/6FED A5 23       LDA $23    [$00:0B23]   A:0000 X:0002 Y:06C0 P:envmxdiZc
C0/6FEF 18          CLC                     A:0359 X:0002 Y:06C0 P:envmxdizc
C0/6FF0 69 40 00    ADC #$0040              A:0359 X:0002 Y:06C0 P:envmxdizc
C0/6FF3 29 FF 0F    AND #$0FFF              A:0399 X:0002 Y:06C0 P:envmxdizc
C0/6FF6 05 73       ORA $73    [$00:0B73]   A:0399 X:0002 Y:06C0 P:envmxdizc
C0/6FF8 85 23       STA $23    [$00:0B23]   A:0399 X:0002 Y:06C0 P:envmxdizc
C0/6FFA A5 26       LDA $26    [$00:0B26]   A:0399 X:0002 Y:06C0 P:envmxdizc
C0/6FFC 18          CLC                     A:0EA4 X:0002 Y:06C0 P:envmxdizc
C0/6FFD 69 80 00    ADC #$0080              A:0EA4 X:0002 Y:06C0 P:envmxdizc
C0/7000 85 26       STA $26    [$00:0B26]   A:0F24 X:0002 Y:06C0 P:envmxdizc
C0/7002 29 FF 07    AND #$07FF              A:0F24 X:0002 Y:06C0 P:envmxdizc
C0/7005 C9 80 00    CMP #$0080              A:0724 X:0002 Y:06C0 P:envmxdizc
C0/7008 B0 08       BCS $08    [$7012]      A:0724 X:0002 Y:06C0 P:envmxdizC
C0/700A A5 26       LDA $26    [$00:0B26]   A:0024 X:0002 Y:07C0 P:eNvmxdizc
C0/700C 38          SEC                     A:1024 X:0002 Y:07C0 P:envmxdizc
C0/700D E9 00 08    SBC #$0800              A:1024 X:0002 Y:07C0 P:envmxdizC
C0/7010 85 26       STA $26
C0/7012 A5 29       LDA $29    [$00:0B29]   A:0724 X:0002 Y:06C0 P:envmxdizC
C0/7014 18          CLC                     A:0680 X:0002 Y:06C0 P:envmxdizC
C0/7015 69 80 00    ADC #$0080              A:0680 X:0002 Y:06C0 P:envmxdizc
C0/7018 85 29       STA $29    [$00:0B29]   A:0700 X:0002 Y:06C0 P:envmxdizc
C0/701A 29 FF 07    AND #$07FF              A:0700 X:0002 Y:06C0 P:envmxdizc
C0/701D C9 80 00    CMP #$0080              A:0700 X:0002 Y:06C0 P:envmxdizc
C0/7020 B0 08       BCS $08    [$702A]      A:0700 X:0002 Y:06C0 P:envmxdizC
C0/7022 A5 29       LDA $29    [$00:0B29]   A:0000 X:0002 Y:07C0 P:eNvmxdizc
C0/7024 38          SEC                     A:0800 X:0002 Y:07C0 P:envmxdizc
C0/7025 E9 00 08    SBC #$0800              A:0800 X:0002 Y:07C0 P:envmxdizC
C0/7028 85 29       STA $29
C0/702A C6 11       DEC $11    [$00:0B11]   A:0700 X:0002 Y:06C0 P:envmxdizC
C0/702C D0 B1       BNE $B1    [$6FDF]
C0/702E A5 06       LDA $06    [$00:0B06]   A:0680 X:0002 Y:0640 P:envmxdiZC
C0/7030 E2 20       SEP #$20       (8-bit accumulator)                A:0000 X:0002 Y:0640 P:envmxdiZC
C0/7032 48          PHA                     A:0000 X:0002 Y:0640 P:envMxdiZC
C0/7033 AB          PLB                     A:0000 X:0002 Y:0640 P:envMxdiZC
C0/7034 E6 A0       INC $A0    [$00:0BA0]   A:0000 X:0002 Y:0640 P:envMxdiZC
C0/7036 20 41 4E    JSR $4E41
C0/7039 A5 A0       LDA $A0
C0/703B D0 F9       BNE $7036
C0/703D 60          RTS

C0/703E A6 0D       LDX $0D    [$00:0B0D]   A:0010 X:0359 Y:0EA4 P:envmxdizc
C0/7040 BD 00 00    LDA $0000,x[$7F:0359]   A:0010 X:0359 Y:0EA4 P:envmxdizc
C0/7043 29 FF 00    AND #$00FF              A:0101 X:0359 Y:0EA4 P:envmxdizc
C0/7046 0A          ASL A                   A:0001 X:0359 Y:0EA4 P:envmxdizc
C0/7047 AA          TAX                     A:0002 X:0359 Y:0EA4 P:envmxdizc
C0/7048 BD 22 6E    LDA $6E22,x[$7F:6E24]   A:0002 X:0002 Y:0EA4 P:envmxdizc
C0/704B 99 22 76    STA $7622,y[$7F:84C6]   A:0000 X:0002 Y:0EA4 P:envmxdiZc
C0/704E BD 22 70    LDA $7022,x[$7F:7024]   A:0000 X:0002 Y:0EA4 P:envmxdiZc
C0/7051 99 24 76    STA $7624,y[$7F:84C8]   A:0000 X:0002 Y:0EA4 P:envmxdiZc
C0/7054 BD 22 72    LDA $7222,x[$7F:7224]   A:0000 X:0002 Y:0EA4 P:envmxdiZc
C0/7057 99 62 76    STA $7662,y[$7F:8506]   A:0000 X:0002 Y:0EA4 P:envmxdiZc
C0/705A BD 22 74    LDA $7422,x[$7F:7424]   A:0000 X:0002 Y:0EA4 P:envmxdiZc
C0/705D 99 64 76    STA $7664,y[$7F:8508]   A:0000 X:0002 Y:0EA4 P:envmxdiZc
C0/7060 A5 0D       LDA $0D    [$00:0B0D]   A:0000 X:0002 Y:0EA4 P:envmxdiZc
C0/7062 1A          INC A                   A:0359 X:0002 Y:0EA4 P:envmxdizc
C0/7063 29 3F 00    AND #$003F              A:035A X:0002 Y:0EA4 P:envmxdizc
C0/7066 85 0F       STA $0F    [$00:0B0F]   A:001A X:0002 Y:0EA4 P:envmxdizc
C0/7068 A5 0D       LDA $0D    [$00:0B0D]   A:001A X:0002 Y:0EA4 P:envmxdizc
C0/706A 29 C0 FF    AND #$FFC0              A:0359 X:0002 Y:0EA4 P:envmxdizc
C0/706D 05 0F       ORA $0F    [$00:0B0F]   A:0340 X:0002 Y:0EA4 P:envmxdizc
C0/706F 85 0D       STA $0D    [$00:0B0D]   A:035A X:0002 Y:0EA4 P:envmxdizc
C0/7071 98          TYA                     A:035A X:0002 Y:0EA4 P:envmxdizc
C0/7072 18          CLC                     A:0EA4 X:0002 Y:0EA4 P:envmxdizc
C0/7073 69 04 00    ADC #$0004              A:0EA4 X:0002 Y:0EA4 P:envmxdizc
C0/7076 A8          TAY                     A:0EA8 X:0002 Y:0EA4 P:envmxdizc
C0/7077 29 3F 00    AND #$003F              A:0EA8 X:0002 Y:0EA8 P:envmxdizc
C0/707A D0 C2       BNE $C2    [$703E]      A:0028 X:0002 Y:0EA8 P:envmxdizc
C0/707C 60          RTS

C0/707D 85 70       STA $70    [$00:0B70]   A:0001 X:0000 Y:07FF P:envMxdIZc
C0/707F 29 01       AND #$01                A:0001 X:0000 Y:07FF P:envMxdIZc
C0/7081 F0 03       BEQ $03    [$7086]      A:0001 X:0000 Y:07FF P:envMxdIzc
C0/7083 4C 4B 71    JMP $714B  [$00:714B]   A:0001 X:0000 Y:07FF P:envMxdIzc

C0/7086 A5 76       LDA $76    [$00:0B76]   A:0000 X:0000 Y:0010 P:envMxdiZc
C0/7088 38          SEC                     A:001A X:0000 Y:0010 P:envMxdizc
C0/7089 E9 07       SBC #$07                A:001A X:0000 Y:0010 P:envMxdizC
C0/708B 29 3F       AND #$3F                A:0013 X:0000 Y:0010 P:envMxdizC
C0/708D 85 24       STA $24    [$00:0B24]   A:0013 X:0000 Y:0010 P:envMxdizC
C0/708F 64 23       STZ $23    [$00:0B23]   A:0013 X:0000 Y:0010 P:envMxdizC
C0/7091 C2 20       REP #$20       (16-bit accumulator)                A:0013 X:0000 Y:0010 P:envMxdizC
C0/7093 A5 23       LDA $23    [$00:0B23]   A:0013 X:0000 Y:0010 P:envmxdizC
C0/7095 4A          LSR A                   A:1300 X:0000 Y:0010 P:envmxdizC
C0/7096 4A          LSR A                   A:0980 X:0000 Y:0010 P:envmxdizc
C0/7097 18          CLC                     A:04C0 X:0000 Y:0010 P:envmxdizc
C0/7098 65 71       ADC $71    [$00:0B71]   A:04C0 X:0000 Y:0010 P:envmxdizc
C0/709A 85 23       STA $23    [$00:0B23]   A:04C0 X:0000 Y:0010 P:envmxdizc
C0/709C A5 06       LDA $06
C0/709E E2 20       SEP #$20       (8-bit accumulator)
C0/70A0 A5 70       LDA $70
C0/70A2 29 02       AND #$02
C0/70A4 F0 08       BEQ $70AE
C0/70A6 A5 75       LDA $75
C0/70A8 18          CLC
C0/70A9 69 09       ADC #$09
C0/70AB 4C B3 70    JMP $70B3

C0/70AE A5 75       LDA $75
C0/70B0 38          SEC
C0/70B1 E9 08       SBC #$08

C0/70B3 29 3F       AND #$3F
C0/70B5 18          CLC
C0/70B6 65 23       ADC $23
C0/70B8 18          CLC
C0/70B9 85 23       STA $23
C0/70BB A6 23       LDX $23
C0/70BD 86 26       STX $26
C0/70BF 20 21 72    JSR $7221
C0/70C2 A6 23       LDX $23
C0/70C4 BF 00 00 7F LDA $7F0000,x
C0/70C8 C2 20       REP #$20       (16-bit accumulator)
C0/70CA 0A          ASL A
C0/70CB AA          TAX
C0/70CC BF 22 6E 7F LDA $7F6E22,x
C0/70D0 99 F3 16    STA $16F3,y
C0/70D3 BF 22 72 7F LDA $7F7222,x
C0/70D7 99 F5 16    STA $16F5,y
C0/70DA BF 22 70 7F LDA $7F7022,x
C0/70DE 99 33 17    STA $1733,y
C0/70E1 BF 22 74 7F LDA $7F7422,x
C0/70E5 99 35 17    STA $1735,y
C0/70E8 A5 23       LDA $23
C0/70EA 18          CLC
C0/70EB 69 40 00    ADC #$0040
C0/70EE 29 FF 0F    AND #$0FFF
C0/70F1 85 23       STA $23
C0/70F3 A5 26       LDA $26
C0/70F5 29 00 F0    AND #$F000
C0/70F8 18          CLC
C0/70F9 65 23       ADC $23
C0/70FB 85 23       STA $23
C0/70FD C8          INY
C0/70FE C8          INY
C0/70FF C8          INY
C0/7100 C8          INY
C0/7101 98          TYA
C0/7102 29 3F 00    AND #$003F
C0/7105 E2 20       SEP #$20       (8-bit accumulator)
C0/7107 D0 B9       BNE $70C2
C0/7109 20 2F 72    JSR $722F
C0/710C 20 41 72    JSR $7241
C0/710F C2 20       REP #$20       (16-bit accumulator)
C0/7111 A5 71       LDA $71
C0/7113 4A          LSR A
C0/7114 18          CLC
C0/7115 69 00 48    ADC #$4800
C0/7118 18          CLC
C0/7119 65 26       ADC $26
C0/711B 95 7F       STA $7F,x
C0/711D 29 C0 03    AND #$03C0
C0/7120 4A          LSR A
C0/7121 4A          LSR A
C0/7122 4A          LSR A
C0/7123 4A          LSR A
C0/7124 95 7D       STA $7D,x
C0/7126 A9 40 00    LDA #$0040
C0/7129 38          SEC
C0/712A F5 7D       SBC $7D,x
C0/712C 95 7B       STA $7B,x
C0/712E A5 06       LDA $06
C0/7130 E2 20       SEP #$20       (8-bit accumulator)
C0/7132 B5 80       LDA $80,x
C0/7134 95 84       STA $84,x
C0/7136 29 FC       AND #$FC
C0/7138 95 82       STA $82,x
C0/713A 95 86       STA $86,x
C0/713C B5 7F       LDA $7F,x
C0/713E 29 1F       AND #$1F
C0/7140 95 81       STA $81,x
C0/7142 1A          INC A
C0/7143 95 85       STA $85,x
C0/7145 B5 7F       LDA $7F,x
C0/7147 1A          INC A
C0/7148 95 83       STA $83,x
C0/714A 60          RTS

C0/714B A5 70       LDA $70
C0/714D 29 02       AND #$02
C0/714F D0 08       BNE $7159
C0/7151 A5 76       LDA $76
C0/7153 38          SEC
C0/7154 E9 08       SBC #$08
C0/7156 4C 5E 71    JMP $715E      (no BRA?)

C0/7159 A5 76       LDA $76    [$00:0B76]   A:0002 X:0000 Y:0010 P:envMxdizc
C0/715B 18          CLC                     A:000B X:0000 Y:0010 P:envMxdizc
C0/715C 69 08       ADC #$08
C0/715E 29 3F       AND #$3F                A:0003 X:0000 Y:07FF P:envMxdIzC
C0/7160 85 24       STA $24    [$00:0B24]   A:0003 X:0000 Y:07FF P:envMxdIzC
C0/7162 64 23       STZ $23    [$00:0B23]   A:0003 X:0000 Y:07FF P:envMxdIzC
C0/7164 C2 20       REP #$20       (16-bit accumulator)                A:0003 X:0000 Y:07FF P:envMxdIzC
C0/7166 A5 23       LDA $23    [$00:0B23]   A:0003 X:0000 Y:07FF P:envmxdIzC
C0/7168 4A          LSR A                   A:0300 X:0000 Y:07FF P:envmxdIzC
C0/7169 4A          LSR A                   A:0180 X:0000 Y:07FF P:envmxdIzc
C0/716A 18          CLC                     A:00C0 X:0000 Y:07FF P:envmxdIzc
C0/716B 65 71       ADC $71    [$00:0B71]   A:00C0 X:0000 Y:07FF P:envmxdIzc
C0/716D 85 23       STA $23    [$00:0B23]   A:00C0 X:0000 Y:07FF P:envmxdIzc
C0/716F A5 06       LDA $06    [$00:0B06]   A:00C0 X:0000 Y:07FF P:envmxdIzc
C0/7171 E2 20       SEP #$20       (8-bit accumulator)                A:0000 X:0000 Y:07FF P:envmxdIZc
C0/7173 A5 75       LDA $75    [$00:0B75]   A:0000 X:0000 Y:07FF P:envMxdIZc
C0/7175 38          SEC                     A:0020 X:0000 Y:07FF P:envMxdIzc
C0/7176 E9 07       SBC #$07                A:0020 X:0000 Y:07FF P:envMxdIzC
C0/7178 29 3F       AND #$3F                A:0019 X:0000 Y:07FF P:envMxdIzC
C0/717A 18          CLC                     A:0019 X:0000 Y:07FF P:envMxdIzC
C0/717B 65 23       ADC $23    [$00:0B23]   A:0019 X:0000 Y:07FF P:envMxdIzc
C0/717D 85 23       STA $23    [$00:0B23]   A:00D9 X:0000 Y:07FF P:eNvMxdIzc
C0/717F A6 23       LDX $23    [$00:0B23]   A:00D9 X:0000 Y:07FF P:eNvMxdIzc
C0/7181 86 26       STX $26    [$00:0B26]   A:00D9 X:00D9 Y:07FF P:envMxdIzc
C0/7183 20 21 72    JSR $7221
C0/7186 A6 23       LDX $23    [$00:0B23]   A:0000 X:00D9 Y:0000 P:envMxdIZc
C0/7188 BF 00 00 7F LDA $7F0000,x[$7F:00D9] A:0000 X:00D9 Y:0000 P:envMxdIzc
C0/718C C2 20       REP #$20       (16-bit accumulator)                A:0001 X:00D9 Y:0000 P:envMxdIzc
C0/718E 0A          ASL A                   A:0001 X:00D9 Y:0000 P:envmxdIzc
C0/718F AA          TAX                     A:0002 X:00D9 Y:0000 P:envmxdIzc
C0/7190 BF 22 6E 7F LDA $7F6E22,x[$7F:6E24] A:0002 X:0002 Y:0000 P:envmxdIzc
C0/7194 99 F3 16    STA $16F3,y[$00:16F3]   A:0000 X:0002 Y:0000 P:envmxdIZc
C0/7197 BF 22 70 7F LDA $7F7022,x[$7F:7024] A:0000 X:0002 Y:0000 P:envmxdIZc
C0/719B 99 F5 16    STA $16F5,y[$00:16F5]   A:0000 X:0002 Y:0000 P:envmxdIZc
C0/719E BF 22 72 7F LDA $7F7222,x[$7F:7224] A:0000 X:0002 Y:0000 P:envmxdIZc
C0/71A2 99 33 17    STA $1733,y[$00:1733]   A:0000 X:0002 Y:0000 P:envmxdIZc
C0/71A5 BF 22 74 7F LDA $7F7422,x[$7F:7424] A:0000 X:0002 Y:0000 P:envmxdIZc
C0/71A9 99 35 17    STA $1735,y[$00:1735]   A:0000 X:0002 Y:0000 P:envmxdIZc
C0/71AC A5 06       LDA $06    [$00:0B06]   A:0000 X:0002 Y:0000 P:envmxdIZc
C0/71AE E2 20       SEP #$20       (8-bit accumulator)                A:0000 X:0002 Y:0000 P:envmxdIZc
C0/71B0 A5 23       LDA $23    [$00:0B23]   A:0000 X:0002 Y:0000 P:envMxdIZc
C0/71B2 1A          INC A                   A:00D9 X:0002 Y:0000 P:eNvMxdIzc
C0/71B3 29 3F       AND #$3F                A:00DA X:0002 Y:0000 P:eNvMxdIzc
C0/71B5 85 29       STA $29    [$00:0B29]   A:001A X:0002 Y:0000 P:envMxdIzc
C0/71B7 A5 23       LDA $23    [$00:0B23]   A:001A X:0002 Y:0000 P:envMxdIzc
C0/71B9 29 C0       AND #$C0                A:00D9 X:0002 Y:0000 P:eNvMxdIzc
C0/71BB 05 29       ORA $29    [$00:0B29]   A:00C0 X:0002 Y:0000 P:eNvMxdIzc
C0/71BD 85 23       STA $23    [$00:0B23]   A:00DA X:0002 Y:0000 P:eNvMxdIzc
C0/71BF C8          INY                     A:00DA X:0002 Y:0000 P:eNvMxdIzc
C0/71C0 C8          INY                     A:00DA X:0002 Y:0001 P:envMxdIzc
C0/71C1 C8          INY                     A:00DA X:0002 Y:0002 P:envMxdIzc
C0/71C2 C8          INY                     A:00DA X:0002 Y:0003 P:envMxdIzc
C0/71C3 98          TYA                     A:00DA X:0002 Y:0004 P:envMxdIzc
C0/71C4 29 3F       AND #$3F                A:0004 X:0002 Y:0004 P:envMxdIzc
C0/71C6 D0 BE       BNE $BE    [$7186]      A:0004 X:0002 Y:0004 P:envMxdIzc
C0/71C8 20 2F 72    JSR $722F
C0/71CB 20 41 72    JSR $7241
C0/71CE A5 27       LDA $27    [$00:0B27]   A:0000 X:0000 Y:0040 P:envMxdIZc
C0/71D0 95 80       STA $80,x  [$00:0B80]   A:0004 X:0000 Y:0040 P:envMxdIzc
C0/71D2 A5 26       LDA $26    [$00:0B26]   A:0004 X:0000 Y:0040 P:envMxdIzc
C0/71D4 95 7F       STA $7F,x  [$00:0B7F]   A:00D2 X:0000 Y:0040 P:eNvMxdIzc
C0/71D6 B5 7F       LDA $7F,x  [$00:0B7F]   A:00D2 X:0000 Y:0040 P:eNvMxdIzc
C0/71D8 29 1F       AND #$1F                A:00D2 X:0000 Y:0040 P:eNvMxdIzc
C0/71DA 0A          ASL A                   A:0012 X:0000 Y:0040 P:envMxdIzc
C0/71DB 95 7D       STA $7D,x  [$00:0B7D]   A:0024 X:0000 Y:0040 P:envMxdIzc
C0/71DD 74 7E       STZ $7E,x  [$00:0B7E]   A:0024 X:0000 Y:0040 P:envMxdIzc
C0/71DF A9 40       LDA #$40                A:0024 X:0000 Y:0040 P:envMxdIzc
C0/71E1 38          SEC                     A:0040 X:0000 Y:0040 P:envMxdIzc
C0/71E2 F5 7D       SBC $7D,x  [$00:0B7D]   A:0040 X:0000 Y:0040 P:envMxdIzC
C0/71E4 95 7B       STA $7B,x  [$00:0B7B]   A:001C X:0000 Y:0040 P:envMxdIzC
C0/71E6 74 7C       STZ $7C,x  [$00:0B7C]   A:001C X:0000 Y:0040 P:envMxdIzC
C0/71E8 B5 7F       LDA $7F,x  [$00:0B7F]   A:001C X:0000 Y:0040 P:envMxdIzC
C0/71EA 29 E0       AND #$E0                A:00D2 X:0000 Y:0040 P:eNvMxdIzC
C0/71EC 95 81       STA $81,x  [$00:0B81]   A:00C0 X:0000 Y:0040 P:eNvMxdIzC
C0/71EE B5 80       LDA $80,x  [$00:0B80]   A:00C0 X:0000 Y:0040 P:eNvMxdIzC
C0/71F0 18          CLC                     A:0004 X:0000 Y:0040 P:envMxdIzC
C0/71F1 69 04       ADC #$04                A:0004 X:0000 Y:0040 P:envMxdIzc
C0/71F3 29 07       AND #$07                A:0008 X:0000 Y:0040 P:envMxdIzc
C0/71F5 95 82       STA $82,x  [$00:0B82]   A:0000 X:0000 Y:0040 P:envMxdIZc
C0/71F7 C2 20       REP #$20       (16-bit accumulator)                A:0000 X:0000 Y:0040 P:envMxdIZc
C0/71F9 A5 71       LDA $71    [$00:0B71]   A:0000 X:0000 Y:0040 P:envmxdIZc
C0/71FB 4A          LSR A                   A:0000 X:0000 Y:0040 P:envmxdIZc
C0/71FC 18          CLC                     A:0000 X:0000 Y:0040 P:envmxdIZc
C0/71FD 69 00 48    ADC #$4800              A:0000 X:0000 Y:0040 P:envmxdIZc
C0/7200 48          PHA                     A:4800 X:0000 Y:0040 P:envmxdIzc
C0/7201 18          CLC                     A:4800 X:0000 Y:0040 P:envmxdIzc
C0/7202 75 7F       ADC $7F,x  [$00:0B7F]   A:4800 X:0000 Y:0040 P:envmxdIzc
C0/7204 95 7F       STA $7F,x  [$00:0B7F]   A:4CD2 X:0000 Y:0040 P:envmxdIzc
C0/7206 68          PLA                     A:4CD2 X:0000 Y:0040 P:envmxdIzc
C0/7207 18          CLC                     A:4800 X:0000 Y:0040 P:envmxdIzc
C0/7208 75 81       ADC $81,x  [$00:0B81]   A:4800 X:0000 Y:0040 P:envmxdIzc
C0/720A 95 81       STA $81,x  [$00:0B81]   A:48C0 X:0000 Y:0040 P:envmxdIzc
C0/720C B5 7F       LDA $7F,x  [$00:0B7F]   A:48C0 X:0000 Y:0040 P:envmxdIzc
C0/720E 18          CLC                     A:4CD2 X:0000 Y:0040 P:envmxdIzc
C0/720F 69 20 00    ADC #$0020              A:4CD2 X:0000 Y:0040 P:envmxdIzc
C0/7212 95 83       STA $83,x  [$00:0B83]   A:4CF2 X:0000 Y:0040 P:envmxdIzc
C0/7214 B5 81       LDA $81,x  [$00:0B81]   A:4CF2 X:0000 Y:0040 P:envmxdIzc
C0/7216 18          CLC                     A:48C0 X:0000 Y:0040 P:envmxdIzc
C0/7217 69 20 00    ADC #$0020              A:48C0 X:0000 Y:0040 P:envmxdIzc
C0/721A 95 85       STA $85,x  [$00:0B85]   A:48E0 X:0000 Y:0040 P:envmxdIzc
C0/721C A5 06       LDA $06    [$00:0B06]   A:48E0 X:0000 Y:0040 P:envmxdIzc
C0/721E E2 20       SEP #$20       (8-bit accumulator)                A:0000 X:0000 Y:0040 P:envmxdIZc
C0/7220 60          RTS

C0/7221 C2 20       REP #$20       (16-bit accumulator)                A:00D9 X:00D9 Y:07FF P:envMxdIzc
C0/7223 A5 71       LDA $71    [$00:0B71]   A:00D9 X:00D9 Y:07FF P:envmxdIzc
C0/7225 EB          XBA                     A:0000 X:00D9 Y:07FF P:envmxdIZc
C0/7226 0A          ASL A                   A:0000 X:00D9 Y:07FF P:envmxdIZc
C0/7227 0A          ASL A                   A:0000 X:00D9 Y:07FF P:envmxdIZc
C0/7228 0A          ASL A                   A:0000 X:00D9 Y:07FF P:envmxdIZc
C0/7229 A8          TAY                     A:0000 X:00D9 Y:07FF P:envmxdIZc
C0/722A A5 06       LDA $06    [$00:0B06]   A:0000 X:00D9 Y:0000 P:envmxdIZc
C0/722C E2 20       SEP #$20       (8-bit accumulator)                A:0000 X:00D9 Y:0000 P:envmxdIZc
C0/722E 60          RTS

C0/722F C2 20       REP #$20       (16-bit accumulator)                A:0000 X:0002 Y:0040 P:envMxdIZc
C0/7231 A5 71       LDA $71    [$00:0B71]   A:0000 X:0002 Y:0040 P:envmxdIZc
C0/7233 EB          XBA                     A:0000 X:0002 Y:0040 P:envmxdIZc
C0/7234 4A          LSR A                   A:0000 X:0002 Y:0040 P:envmxdIZc
C0/7235 85 0D       STA $0D    [$00:0B0D]   A:0000 X:0002 Y:0040 P:envmxdIZc
C0/7237 4A          LSR A                   A:0000 X:0002 Y:0040 P:envmxdIZc
C0/7238 18          CLC                     A:0000 X:0002 Y:0040 P:envmxdIZc
C0/7239 65 0D       ADC $0D    [$00:0B0D]   A:0000 X:0002 Y:0040 P:envmxdIZc
C0/723B AA          TAX                     A:0000 X:0002 Y:0040 P:envmxdIZc
C0/723C A5 06       LDA $06    [$00:0B06]   A:0000 X:0000 Y:0040 P:envmxdIZc
C0/723E E2 20       SEP #$20       (8-bit accumulator)                A:0000 X:0000 Y:0040 P:envmxdIZc
C0/7240 60          RTS

C0/7241 C2 20       REP #$20       (16-bit accumulator)                A:0000 X:0000 Y:0040 P:envMxdIZc
C0/7243 A5 26       LDA $26    [$00:0B26]   A:0000 X:0000 Y:0040 P:envmxdIZc
C0/7245 29 C0 03    AND #$03C0              A:00D9 X:0000 Y:0040 P:envmxdIzc
C0/7248 85 29       STA $29    [$00:0B29]   A:00C0 X:0000 Y:0040 P:envmxdIzc
C0/724A A5 26       LDA $26    [$00:0B26]   A:00C0 X:0000 Y:0040 P:envmxdIzc
C0/724C 29 10 00    AND #$0010              A:00D9 X:0000 Y:0040 P:envmxdIzc
C0/724F F0 08       BEQ $08    [$7259]      A:0010 X:0000 Y:0040 P:envmxdIzc
C0/7251 A5 29       LDA $29    [$00:0B29]   A:0010 X:0000 Y:0040 P:envmxdIzc
C0/7253 18          CLC                     A:00C0 X:0000 Y:0040 P:envmxdIzc
C0/7254 69 00 04    ADC #$0400              A:00C0 X:0000 Y:0040 P:envmxdIzc
C0/7257 85 29       STA $29    [$00:0B29]   A:04C0 X:0000 Y:0040 P:envmxdIzc
C0/7259 A5 26       LDA $26    [$00:0B26]   A:04C0 X:0000 Y:0040 P:envmxdIzc
C0/725B 29 0F 00    AND #$000F              A:00D9 X:0000 Y:0040 P:envmxdIzc
C0/725E 0A          ASL A                   A:0009 X:0000 Y:0040 P:envmxdIzc
C0/725F 18          CLC                     A:0012 X:0000 Y:0040 P:envmxdIzc
C0/7260 65 29       ADC $29    [$00:0B29]   A:0012 X:0000 Y:0040 P:envmxdIzc
C0/7262 29 FF 07    AND #$07FF              A:04D2 X:0000 Y:0040 P:envmxdIzc
C0/7265 85 26       STA $26    [$00:0B26]   A:04D2 X:0000 Y:0040 P:envmxdIzc
C0/7267 A5 06       LDA $06    [$00:0B06]   A:04D2 X:0000 Y:0040 P:envmxdIzc
C0/7269 E2 20       SEP #$20       (8-bit accumulator)                A:0000 X:0000 Y:0040 P:envmxdIZc
C0/726B 60          RTS

C0/83AE 20 01 84    JSR $8401
C0/83B1 20 54 8F    JSR $8F54
C0/83B4 A6 B1       LDX $B1
C0/83B6 22 60 2D E0 JSL $E02D60
C0/83BA F0 3E       BEQ $83FA
C0/83BC 20 27 84    JSR $8427
C0/83BF A4 06       LDY $06
C0/83C1 84 AB       STY $AB
C0/83C3 20 3B 8D    JSR $8D3B
C0/83C6 20 41 4E    JSR $4E41
C0/83C9 20 7C 23    JSR $237C
C0/83CC 20 B3 39    JSR $39B3
C0/83CF 20 42 28    JSR $2842
C0/83D2 A4 AB       LDY $AB
C0/83D4 C0 F0 00    CPY #$00F0
C0/83D7 D0 EA       BNE $83C3
C0/83D9 A5 B8       LDA $B8
C0/83DB D0 09       BNE $83E6
C0/83DD 20 AD 4A    JSR $4AAD
C0/83E0 20 C1 4A    JSR $4AC1
C0/83E3 20 AD 4A    JSR $4AAD
C0/83E6 64 B8       STZ $B8
C0/83E8 E6 A5       INC $A5
C0/83EA 20 41 4E    JSR $4E41
C0/83ED 20 7C 23    JSR $237C
C0/83F0 20 B3 39    JSR $39B3
C0/83F3 20 42 28    JSR $2842
C0/83F6 A5 B3       LDA $B3
C0/83F8 F0 B7       BEQ $83B1
C0/83FA 20 A8 94    JSR $94A8
C0/83FD 20 41 4E    JSR $4E41
C0/8400 60          RTS

C0/8401 64 B3       STZ $B3
C0/8403 C2 20       REP #$20       (16-bit accumulator)
C0/8405 A5 AF       LDA $AF
C0/8407 29 FF 7F    AND #$7FFF
C0/840A 22 40 2D E0 JSL $E02D40
C0/840E EA          NOP
C0/840F EA          NOP
C0/8410 EA          NOP
C0/8411 EA          NOP
C0/8412 A5 06       LDA $06
C0/8414 E2 20       SEP #$20       (8-bit accumulator)
C0/8416 A5 B0       LDA $B0
C0/8418 30 05       BMI $841F
C0/841A A9 01       LDA #$01
C0/841C 4C 21 84    JMP $8421

C0/841F A9 08       LDA #$08
C0/8421 85 B4       STA $B4
C0/8423 20 40 94    JSR $9440
C0/8426 60          RTS

C0/8427 A6 06       LDX $06
C0/8429 86 AB       STX $AB
C0/842B A6 B1       LDX $B1
C0/842D 22 60 2D E0 JSL $E02D60
C0/8431 C9 FF       CMP #$FF
C0/8433 F0 1C       BEQ $8451
C0/8435 C9 CD       CMP #$CD
C0/8437 90 03       BCC $843C
C0/843C C9 20       CMP #$20
C0/843E B0 11       BCS $8451
C0/8440 C2 20       REP #$20       (16-bit accumulator)                A:0017 X:0432 Y:0013 P:eNvMxdizc
C0/8442 0A          ASL A                   A:0017 X:0432 Y:0013 P:eNvmxdizc
C0/8443 AA          TAX                     A:002E X:0432 Y:0013 P:envmxdizc
C0/8444 BF 13 8B C0 LDA $C08B13,x[$C0:8B41] A:002E X:002E Y:0013 P:envmxdizc
C0/8448 85 23       STA $23    [$00:0B23]   A:8477 X:002E Y:0013 P:eNvmxdizc
C0/844A A5 06       LDA $06    [$00:0B06]   A:8477 X:002E Y:0013 P:eNvmxdizc
C0/844C E2 20       SEP #$20       (8-bit accumulator)                A:0000 X:002E Y:0013 P:envmxdiZc
C0/844E 6C 23 0B    JMP ($0B23)[$C0:8477]   A:0000 X:002E Y:0013 P:envMxdiZc
C0/8451 A4 AB       LDY $AB    [$00:0BAB]   A:006B X:041F Y:003C P:envMxdizC
C0/8453 99 00 1B    STA $1B00,y[$00:1B00]   A:006B X:041F Y:0000 P:envMxdiZC
C0/8456 C8          INY                     A:006B X:041F Y:0000 P:envMxdiZC
C0/8457 84 AB       STY $AB    [$00:0BAB]   A:006B X:041F Y:0001 P:envMxdizC
C0/8459 A4 B1       LDY $B1    [$00:0BB1]   A:006B X:041F Y:0001 P:envMxdizC
C0/845B C8          INY                     A:006B X:041F Y:041F P:envMxdizC
C0/845C 84 B1       STY $B1    [$00:0BB1]   A:006B X:041F Y:0420 P:envMxdizC
C0/845E A4 AB       LDY $AB    [$00:0BAB]   A:006B X:041F Y:0420 P:envMxdizC
C0/8460 C0 F0 00    CPY #$00F0              A:006B X:041F Y:0001 P:envMxdizC
C0/8463 D0 C6       BNE $842B
C0/8465 60          RTS

C0/8466 A6 B1       LDX $B1    [$00:0BB1]   A:0000 X:001E Y:0015 P:envMxdiZc
C0/8468 A4 AB       LDY $AB    [$00:0BAB]   A:0000 X:0434 Y:0015 P:envMxdizc
C0/846A 22 60 2D E0 JSL $E02D60
C0/846E 99 00 1B    STA $1B00,y[$00:1B15]   A:000F X:0434 Y:0015 P:envMxdizc
C0/8471 C8          INY                     A:000F X:0434 Y:0015 P:envMxdizc
C0/8472 84 AB       STY $AB    [$00:0BAB]   A:000F X:0434 Y:0016 P:envMxdizc
C0/8474 4C 59 84    JMP $8459

C0/8477 A6 B1       LDX $B1    [$00:0BB1]   A:0000 X:002E Y:0013 P:envMxdiZc
C0/8479 A4 AB       LDY $AB    [$00:0BAB]   A:0000 X:0432 Y:0013 P:envMxdizc
C0/847B 22 60 2D E0 JSL $E02D60
C0/847F 99 00 1B    STA $1B00,y[$00:1B13]   A:0017 X:0432 Y:0013 P:envMxdizc
C0/8482 E8          INX                     A:0017 X:0432 Y:0013 P:envMxdizc
C0/8483 C8          INY                     A:0017 X:0433 Y:0013 P:envMxdizc
C0/8484 22 60 2D E0 JSL $E02D60
C0/8488 99 00 1B    STA $1B00,y[$00:1B14]   A:0002 X:0433 Y:0014 P:envMxdizc
C0/848B 86 B1       STX $B1    [$00:0BB1]   A:0002 X:0433 Y:0014 P:envMxdizc
C0/848D C8          INY                     A:0002 X:0433 Y:0014 P:envMxdizc
C0/848E 84 AB       STY $AB    [$00:0BAB]   A:0002 X:0433 Y:0015 P:envMxdizc
C0/8490 4C 59 84    JMP $8459

C0/8493 A4 AB       LDY $AB    [$00:0BAB]   A:0000 X:0000 Y:0016 P:envMxdiZc
C0/8495 A9 FF       LDA #$FF                A:0000 X:0000 Y:0016 P:envMxdizc
C0/8497 99 00 1B    STA $1B00,y[$00:1B16]   A:00FF X:0000 Y:0016 P:eNvMxdizc
C0/849A C8          INY                     A:00FF X:0000 Y:0016 P:eNvMxdizc
C0/849B C0 F0 00    CPY #$00F0              A:00FF X:0000 Y:0017 P:envMxdizc
C0/849E F0 05       BEQ $84A5
C0/84A0 A9 00       LDA #$00                A:00FF X:0000 Y:0017 P:eNvMxdizc
C0/84A2 99 00 1B    STA $1B00,y[$00:1B17]   A:0000 X:0000 Y:0017 P:envMxdiZc
C0/84A5 A0 F0 00    LDY #$00F0              A:0000 X:0000 Y:0017 P:envMxdiZc
C0/84A8 84 AB       STY $AB    [$00:0BAB]   A:0000 X:0000 Y:00F0 P:envMxdizc
C0/84AA E6 B3       INC $B3
C0/84AC 4C 59 84    JMP $8459

C0/84AF C2 20       REP #$20       (16-bit accumulator)
C0/84B1 A5 AB       LDA $AB
C0/84B3 22 E6 2E E0 JSL $E02EE6
C0/84B7 EA          NOP                     A:003C X:0002 Y:0023 P:envmxdizc
C0/84B8 EA          NOP                     A:003C X:0002 Y:0023 P:envmxdizc
C0/84B9 EA          NOP                     A:003C X:0002 Y:0023 P:envmxdizc
C0/84BA 85 23       STA $23    [$00:0B23]   A:003C X:0002 Y:0023 P:envmxdizc
C0/84BC A5 06       LDA $06    [$00:0B06]   A:003C X:0002 Y:0023 P:envmxdizc
C0/84BE E2 20       SEP #$20       (8-bit accumulator)                A:0000 X:0002 Y:0023 P:envmxdiZc
C0/84C0 A4 AB       LDY $AB    [$00:0BAB]   A:0000 X:0002 Y:0023 P:envMxdiZc
C0/84C2 C4 23       CPY $23    [$00:0B23]   A:0000 X:0002 Y:0023 P:envMxdizc
C0/84C4 F0 1E       BEQ $1E    [$84E4]      A:0000 X:0002 Y:0023 P:eNvMxdizc
C0/84C6 A9 FF       LDA #$FF                A:0000 X:0002 Y:0023 P:eNvMxdizc
C0/84C8 99 00 1B    STA $1B00,y[$00:1B23]   A:00FF X:0002 Y:0023 P:eNvMxdizc
C0/84CB C8          INY                     A:00FF X:0002 Y:0023 P:eNvMxdizc
C0/84CC C4 23       CPY $23    [$00:0B23]   A:00FF X:0002 Y:0024 P:envMxdizc
C0/84CE F0 14       BEQ $14    [$84E4]      A:00FF X:0002 Y:0024 P:eNvMxdizc
C0/84D0 A9 01       LDA #$01                A:00FF X:0002 Y:0024 P:eNvMxdizc
C0/84D2 99 00 1B    STA $1B00,y[$00:1B24]   A:0001 X:0002 Y:0024 P:envMxdizc
C0/84D5 C8          INY                     A:0001 X:0002 Y:0024 P:envMxdizc
C0/84D6 C4 23       CPY $23    [$00:0B23]   A:0001 X:0002 Y:0025 P:envMxdizc
C0/84D8 F0 0A       BEQ $0A    [$84E4]      A:0001 X:0002 Y:0025 P:eNvMxdizc
C0/84DA A9 FF       LDA #$FF                A:0001 X:0002 Y:0025 P:eNvMxdizc
C0/84DC 99 00 1B    STA $1B00,y[$00:1B25]   A:00FF X:0002 Y:0025 P:eNvMxdizc
C0/84DF C8          INY                     A:00FF X:0002 Y:0025 P:eNvMxdizc
C0/84E0 C4 23       CPY $23    [$00:0B23]   A:00FF X:0002 Y:0026 P:envMxdizc
C0/84E2 D0 F8       BNE $F8    [$84DC]      A:00FF X:0002 Y:0026 P:eNvMxdizc
C0/84E4 84 AB       STY $AB    [$00:0BAB]   A:00FF X:0002 Y:003C P:envMxdiZC
C0/84E6 4C 59 84    JMP $8459

C0/8B53 A9 80       LDA #$80                A:007F X:6ABB Y:0018 P:envMxdIzC
C0/8B55 8D 15 21    STA $2115  [$00:2115]   A:0080 X:6ABB Y:0018 P:eNvMxdIzC
C0/8B58 A2 00 30    LDX #$3000              A:0080 X:6ABB Y:0018 P:eNvMxdIzC
C0/8B5B 8E 16 21    STX $2116  [$00:2116]   A:0080 X:3000 Y:0018 P:envMxdIzC
C0/8B5E C2 20       REP #$20       (16-bit accumulator)                A:0080 X:3000 Y:0018 P:envMxdIzC
C0/8B60 A2 00 00    LDX #$0000              A:0080 X:3000 Y:0018 P:envmxdIzC
C0/8B63 A9 FF 00    LDA #$00FF              A:0080 X:0000 Y:0018 P:envmxdIZC
C0/8B66 8D 18 21    STA $2118  [$00:2118]   A:00FF X:0000 Y:0018 P:envmxdIzC
C0/8B69 8D 18 21    STA $2118  [$00:2118]   A:00FF X:0000 Y:0018 P:envmxdIzC
C0/8B6C 8D 18 21    STA $2118  [$00:2118]   A:00FF X:0000 Y:0018 P:envmxdIzC
C0/8B6F 8D 18 21    STA $2118  [$00:2118]   A:00FF X:0000 Y:0018 P:envmxdIzC
C0/8B72 8D 18 21    STA $2118  [$00:2118]   A:00FF X:0000 Y:0018 P:envmxdIzC
C0/8B75 8D 18 21    STA $2118  [$00:2118]   A:00FF X:0000 Y:0018 P:envmxdIzC
C0/8B78 8D 18 21    STA $2118  [$00:2118]   A:00FF X:0000 Y:0018 P:envmxdIzC
C0/8B7B 8D 18 21    STA $2118  [$00:2118]   A:00FF X:0000 Y:0018 P:envmxdIzC
C0/8B7E A9 00 00    LDA #$0000              A:00FF X:0000 Y:0018 P:envmxdIzC
C0/8B81 8D 18 21    STA $2118  [$00:2118]   A:0000 X:0000 Y:0018 P:envmxdIZC
C0/8B84 8D 18 21    STA $2118  [$00:2118]   A:0000 X:0000 Y:0018 P:envmxdIZC
C0/8B87 8D 18 21    STA $2118  [$00:2118]   A:0000 X:0000 Y:0018 P:envmxdIZC
C0/8B8A 8D 18 21    STA $2118  [$00:2118]   A:0000 X:0000 Y:0018 P:envmxdIZC
C0/8B8D 8D 18 21    STA $2118  [$00:2118]   A:0000 X:0000 Y:0018 P:envmxdIZC
C0/8B90 8D 18 21    STA $2118  [$00:2118]   A:0000 X:0000 Y:0018 P:envmxdIZC
C0/8B93 8D 18 21    STA $2118  [$00:2118]   A:0000 X:0000 Y:0018 P:envmxdIZC
C0/8B96 8D 18 21    STA $2118  [$00:2118]   A:0000 X:0000 Y:0018 P:envmxdIZC
C0/8B99 E8          INX
C0/8B9A E0 D0 00    CPX #$00D0
C0/8B9D D0 C4       BNE $8B63
C0/8B9F A5 06       LDA $06
C0/8BA1 E2 20       SEP #$20       (8-bit accumulator)
C0/8BA3 60          RTS

C0/8BA4 A9 80       LDA #$80                A:0001 X:0220 Y:00F0 P:envMxdIzc
C0/8BA6 8D 15 21    STA $2115  [$00:2115]   A:0080 X:0220 Y:00F0 P:eNvMxdIzc
C0/8BA9 9C 0B 42    STZ $420B  [$00:420B]   A:0080 X:0220 Y:00F0 P:eNvMxdIzc
C0/8BAC A9 08       LDA #$08                A:0080 X:0220 Y:00F0 P:eNvMxdIzc
C0/8BAE 8D 00 43    STA $4300  [$00:4300]   A:0008 X:0220 Y:00F0 P:envMxdIzc
C0/8BB1 A9 19       LDA #$19                A:0008 X:0220 Y:00F0 P:envMxdIzc
C0/8BB3 8D 01 43    STA $4301  [$00:4301]   A:0019 X:0220 Y:00F0 P:envMxdIzc
C0/8BB6 A2 00 30    LDX #$3000              A:0019 X:0220 Y:00F0 P:envMxdIzc
C0/8BB9 8E 16 21    STX $2116  [$00:2116]   A:0019 X:3000 Y:00F0 P:envMxdIzc
C0/8BBC 64 6D       STZ $6D    [$00:0B6D]   A:0019 X:3000 Y:00F0 P:envMxdIzc
C0/8BBE A2 6D 0B    LDX #$0B6D              A:0019 X:3000 Y:00F0 P:envMxdIzc
C0/8BC1 8E 02 43    STX $4302  [$00:4302]   A:0019 X:0B6D Y:00F0 P:envMxdIzc
C0/8BC4 9C 04 43    STZ $4304  [$00:4304]   A:0019 X:0B6D Y:00F0 P:envMxdIzc
C0/8BC7 A2 00 0D    LDX #$0D00              A:0019 X:0B6D Y:00F0 P:envMxdIzc
C0/8BCA 8E 05 43    STX $4305  [$00:4305]   A:0019 X:0D00 Y:00F0 P:envMxdIzc
C0/8BCD A9 01       LDA #$01                A:0019 X:0D00 Y:00F0 P:envMxdIzc
C0/8BCF 8D 0B 42    STA $420B  [$00:420B]   A:0001 X:0D00 Y:00F0 P:envMxdIzc
C0/8BD2 60          RTS

C0/8BD3 A6 06       LDX $06
C0/8BD5 BF 8A 6A 7F LDA $7F6A8A,x
C0/8BD9 9F 59 6A 7F STA $7F6A59,x
C0/8BDD E8          INX
C0/8BDE E0 31 00    CPX #$0031
C0/8BE1 D0 F2       BNE $8BD5
C0/8BE3 60          RTS

C0/8BE4 A5 B4       LDA $B4    [$00:0BB4]   A:0001 X:0024 Y:0000 P:envMxdIzc
C0/8BE6 0A          ASL A                   A:0001 X:0024 Y:0000 P:envMxdIzc
C0/8BE7 18          CLC                     A:0002 X:0024 Y:0000 P:envMxdIzc
C0/8BE8 65 B4       ADC $B4    [$00:0BB4]   A:0002 X:0024 Y:0000 P:envMxdIzc
C0/8BEA AA          TAX                     A:0003 X:0024 Y:0000 P:envMxdIzc
C0/8BEB A5 B5       LDA $B5    [$00:0BB5]   A:0003 X:0003 Y:0000 P:envMxdIzc
C0/8BED F0 1B       BEQ $1B    [$8C0A]      A:0001 X:0003 Y:0000 P:envMxdIzc
C0/8BEF A8          TAY                     A:0001 X:0003 Y:0000 P:envMxdIzc
C0/8BF0 C2 20       REP #$20       (16-bit accumulator)                A:0001 X:0003 Y:0001 P:envMxdIzc
C0/8BF2 A9 EC 6A    LDA #$6AEC              A:0001 X:0003 Y:0001 P:envmxdIzc
C0/8BF5 9F 8B 6A 7F STA $7F6A8B,x[$7F:6A8E] A:6AEC X:0003 Y:0001 P:envmxdIzc
C0/8BF9 A9 6C 6D    LDA #$6D6C              A:6AEC X:0003 Y:0001 P:envmxdIzc
C0/8BFC 9F BC 6A 7F STA $7F6ABC,x[$7F:6ABF] A:6D6C X:0003 Y:0001 P:envmxdIzc
C0/8C00 E8          INX                     A:6D6C X:0003 Y:0001 P:envmxdIzc
C0/8C01 E8          INX                     A:6D6C X:0004 Y:0001 P:envmxdIzc
C0/8C02 E8          INX                     A:6D6C X:0005 Y:0001 P:envmxdIzc
C0/8C03 88          DEY                     A:6D6C X:0006 Y:0001 P:envmxdIzc
C0/8C04 D0 EC       BNE $EC    [$8BF2]      A:6D6C X:0006 Y:0000 P:envmxdIZc
C0/8C06 A5 06       LDA $06    [$00:0B06]   A:6D6C X:0006 Y:0000 P:envmxdIZc
C0/8C08 E2 20       SEP #$20       (8-bit accumulator)                A:0000 X:0006 Y:0000 P:envmxdIZc
C0/8C0A A9 05       LDA #$05                A:0000 X:0006 Y:0000 P:envMxdIZc
C0/8C0C 38          SEC                     A:0005 X:0006 Y:0000 P:envMxdIzc
C0/8C0D E5 B5       SBC $B5    [$00:0BB5]   A:0005 X:0006 Y:0000 P:envMxdIzC
C0/8C0F F0 1C       BEQ $1C    [$8C2D]      A:0004 X:0006 Y:0000 P:envMxdIzC
C0/8C11 A8          TAY                     A:0004 X:0006 Y:0000 P:envMxdIzC
C0/8C12 C2 20       REP #$20       (16-bit accumulator)                A:0004 X:0006 Y:0004 P:envMxdIzC
C0/8C14 BF 5A 6A 7F LDA $7F6A5A,x[$7F:6A60] A:0004 X:0006 Y:0004 P:envmxdIzC
C0/8C18 9F 8B 6A 7F STA $7F6A8B,x[$7F:6A91] A:6BCC X:0006 Y:0004 P:envmxdIzC
C0/8C1C A9 7C 6D    LDA #$6D7C              A:6BCC X:0006 Y:0004 P:envmxdIzC
C0/8C1F 9F BC 6A 7F STA $7F6ABC,x[$7F:6AC2] A:6D7C X:0006 Y:0004 P:envmxdIzC
C0/8C23 E8          INX                     A:6D7C X:0006 Y:0004 P:envmxdIzC
C0/8C24 E8          INX                     A:6D7C X:0007 Y:0004 P:envmxdIzC
C0/8C25 E8          INX                     A:6D7C X:0008 Y:0004 P:envmxdIzC
C0/8C26 88          DEY                     A:6D7C X:0009 Y:0004 P:envmxdIzC
C0/8C27 D0 EB       BNE $EB    [$8C14]      A:6D7C X:0009 Y:0003 P:envmxdIzC
C0/8C29 A5 06       LDA $06    [$00:0B06]   A:6D7C X:0012 Y:0000 P:envmxdIZC
C0/8C2B E2 20       SEP #$20       (8-bit accumulator)                A:0000 X:0012 Y:0000 P:envmxdIZC
C0/8C2D 60          RTS

C0/8C2E A9 41       LDA #$41                A:0060 X:0020 Y:0018 P:envMxdIZC
C0/8C30 8D 10 43    STA $4310  [$00:4310]   A:0041 X:0020 Y:0018 P:envMxdIzC
C0/8C33 A9 28       LDA #$28                A:0041 X:0020 Y:0018 P:envMxdIzC
C0/8C35 8D 11 43    STA $4311  [$00:4311]   A:0028 X:0020 Y:0018 P:envMxdIzC
C0/8C38 A2 8A 6A    LDX #$6A8A              A:0028 X:0020 Y:0018 P:envMxdIzC
C0/8C3B 8E 12 43    STX $4312  [$00:4312]   A:0028 X:6A8A Y:0018 P:envMxdIzC
C0/8C3E A9 7F       LDA #$7F                A:0028 X:6A8A Y:0018 P:envMxdIzC
C0/8C40 8D 14 43    STA $4314  [$00:4314]   A:007F X:6A8A Y:0018 P:envMxdIzC
C0/8C43 8D 17 43    STA $4317  [$00:4317]   A:007F X:6A8A Y:0018 P:envMxdIzC
C0/8C46 A2 8C 6B    LDX #$6B8C              A:007F X:6A8A Y:0018 P:envMxdIzC
C0/8C49 86 23       STX $23    [$00:0B23]   A:007F X:6B8C Y:0018 P:envMxdIzC
C0/8C4B A6 06       LDX $06    [$00:0B06]   A:007F X:6B8C Y:0018 P:envMxdIzC
C0/8C4D A9 90       LDA #$90                A:007F X:0000 Y:0018 P:envMxdIZC
C0/8C4F 9F 8A 6A 7F STA $7F6A8A,x[$7F:6A8A] A:0090 X:0000 Y:0018 P:eNvMxdIzC
C0/8C53 C2 20       REP #$20       (16-bit accumulator)                A:0090 X:0000 Y:0018 P:eNvMxdIzC
C0/8C55 A5 23       LDA $23    [$00:0B23]   A:0090 X:0000 Y:0018 P:eNvmxdIzC
C0/8C57 9F 8B 6A 7F STA $7F6A8B,x[$7F:6A8B] A:6B8C X:0000 Y:0018 P:envmxdIzC
C0/8C5B 18          CLC                     A:6B8C X:0000 Y:0018 P:envmxdIzC
C0/8C5C 69 20 00    ADC #$0020              A:6B8C X:0000 Y:0018 P:envmxdIzc
C0/8C5F 85 23       STA $23    [$00:0B23]   A:6BAC X:0000 Y:0018 P:envmxdIzc
C0/8C61 A5 06       LDA $06    [$00:0B06]   A:6BAC X:0000 Y:0018 P:envmxdIzc
C0/8C63 E2 20       SEP #$20       (8-bit accumulator)                A:0000 X:0000 Y:0018 P:envmxdIZc
C0/8C65 E8          INX                     A:0000 X:0000 Y:0018 P:envMxdIZc
C0/8C66 E8          INX                     A:0000 X:0001 Y:0018 P:envMxdIzc
C0/8C67 E8          INX                     A:0000 X:0002 Y:0018 P:envMxdIzc
C0/8C68 E0 2A 00    CPX #$002A              A:0000 X:0003 Y:0018 P:envMxdIzc
C0/8C6B D0 E0       BNE $E0    [$8C4D]      A:0000 X:0003 Y:0018 P:eNvMxdIzc
C0/8C6D A9 8F       LDA #$8F                A:0000 X:002A Y:0018 P:envMxdIZC
C0/8C6F 8F 8A 6A 7F STA $7F6A8A[$7F:6A8A]   A:008F X:002A Y:0018 P:eNvMxdIzC
C0/8C73 A5 55       LDA $55    [$00:0B55]   A:008F X:002A Y:0018 P:eNvMxdIzC
C0/8C75 D0 03       BNE $8C7A
C0/8C77 20 7B 8C    JSR $8C7B
C0/8C7A 60          RTS

C0/8C7B C2 20       REP #$20       (16-bit accumulator)                A:0000 X:002A Y:0018 P:envMxdIZC
C0/8C7D A6 06       LDX $06    [$00:0B06]   A:0000 X:002A Y:0018 P:envmxdIZC
C0/8C7F A9 FF 00    LDA #$00FF              A:0000 X:0000 Y:0018 P:envmxdIZC
C0/8C82 9F 6C 6B 7F STA $7F6B6C,x[$7F:6B6C] A:00FF X:0000 Y:0018 P:envmxdIzC
C0/8C86 E8          INX                     A:00FF X:0000 Y:0018 P:envmxdIzC
C0/8C87 E8          INX                     A:00FF X:0001 Y:0018 P:envmxdIzC
C0/8C88 E0 00 02    CPX #$0200              A:00FF X:0002 Y:0018 P:envmxdIzC
C0/8C8B D0 F5       BNE $F5    [$8C82]      A:00FF X:0002 Y:0018 P:eNvmxdIzc
C0/8C8D A5 06       LDA $06    [$00:0B06]   A:00FF X:0200 Y:0018 P:envmxdIZC
C0/8C8F E2 20       SEP #$20       (8-bit accumulator)                A:0000 X:0200 Y:0018 P:envmxdIZC
C0/8C91 60          RTS

C0/8C92 A6 06       LDX $06    [$00:0B06]   A:0001 X:0007 Y:0018 P:eNvMxdIzc
C0/8C94 A9 90       LDA #$90                A:0001 X:0000 Y:0018 P:envMxdIZc
C0/8C96 9F 8A 6A 7F STA $7F6A8A,x[$7F:6A8A] A:0090 X:0000 Y:0018 P:eNvMxdIzc
C0/8C9A A9 0C       LDA #$0C                A:0090 X:0000 Y:0018 P:eNvMxdIzc
C0/8C9C 9F 8B 6A 7F STA $7F6A8B,x[$7F:6A8B] A:000C X:0000 Y:0018 P:envMxdIzc
C0/8CA0 A9 6B       LDA #$6B                A:000C X:0000 Y:0018 P:envMxdIzc
C0/8CA2 9F 8C 6A 7F STA $7F6A8C,x[$7F:6A8C] A:006B X:0000 Y:0018 P:envMxdIzc
C0/8CA6 A9 90       LDA #$90                A:006B X:0000 Y:0018 P:envMxdIzc
C0/8CA8 9F BB 6A 7F STA $7F6ABB,x[$7F:6ABB] A:0090 X:0000 Y:0018 P:eNvMxdIzc
C0/8CAC A9 7C       LDA #$7C                A:0090 X:0000 Y:0018 P:eNvMxdIzc
C0/8CAE 9F BC 6A 7F STA $7F6ABC,x[$7F:6ABC] A:007C X:0000 Y:0018 P:envMxdIzc
C0/8CB2 A9 6D       LDA #$6D                A:007C X:0000 Y:0018 P:envMxdIzc
C0/8CB4 9F BD 6A 7F STA $7F6ABD,x[$7F:6ABD] A:006D X:0000 Y:0018 P:envMxdIzc
C0/8CB8 E8          INX                     A:006D X:0000 Y:0018 P:envMxdIzc
C0/8CB9 E8          INX                     A:006D X:0001 Y:0018 P:envMxdIzc
C0/8CBA E8          INX                     A:006D X:0002 Y:0018 P:envMxdIzc
C0/8CBB E0 2D 00    CPX #$002D              A:006D X:0003 Y:0018 P:envMxdIzc
C0/8CBE D0 D4       BNE $D4    [$8C94]      A:006D X:0003 Y:0018 P:eNvMxdIzc
C0/8CC0 A9 80       LDA #$80                A:006D X:002D Y:0018 P:envMxdIZC
C0/8CC2 9F 8A 6A 7F STA $7F6A8A,x[$7F:6AB7] A:0080 X:002D Y:0018 P:eNvMxdIzC
C0/8CC6 9F BB 6A 7F STA $7F6ABB,x[$7F:6AE8] A:0080 X:002D Y:0018 P:eNvMxdIzC
C0/8CCA A9 8F       LDA #$8F                A:0080 X:002D Y:0018 P:eNvMxdIzC
C0/8CCC 8F 8A 6A 7F STA $7F6A8A[$7F:6A8A]   A:008F X:002D Y:0018 P:eNvMxdIzC
C0/8CD0 8F BB 6A 7F STA $7F6ABB[$7F:6ABB]   A:008F X:002D Y:0018 P:eNvMxdIzC
C0/8CD4 A6 06       LDX $06    [$00:0B06]   A:008F X:002D Y:0018 P:eNvMxdIzC
C0/8CD6 A9 FF       LDA #$FF                A:008F X:0000 Y:0018 P:envMxdIZC
C0/8CD8 9F 0C 6B 7F STA $7F6B0C,x[$7F:6B0C] A:00FF X:0000 Y:0018 P:eNvMxdIzC
C0/8CDC A9 00       LDA #$00                A:00FF X:0000 Y:0018 P:eNvMxdIzC
C0/8CDE 9F 0D 6B 7F STA $7F6B0D,x[$7F:6B0D] A:0000 X:0000 Y:0018 P:envMxdIZC
C0/8CE2 A9 10       LDA #$10                A:0000 X:0000 Y:0018 P:envMxdIZC
C0/8CE4 9F EC 6A 7F STA $7F6AEC,x[$7F:6AEC] A:0010 X:0000 Y:0018 P:envMxdIzC
C0/8CE8 A9 EF       LDA #$EF                A:0010 X:0000 Y:0018 P:envMxdIzC
C0/8CEA 9F ED 6A 7F STA $7F6AED,x[$7F:6AED] A:00EF X:0000 Y:0018 P:eNvMxdIzC
C0/8CEE A9 90       LDA #$90                A:00EF X:0000 Y:0018 P:eNvMxdIzC
C0/8CF0 9F 2C 6B 7F STA $7F6B2C,x[$7F:6B2C] A:0090 X:0000 Y:0018 P:eNvMxdIzC
C0/8CF4 A9 F0       LDA #$F0                A:0090 X:0000 Y:0018 P:eNvMxdIzC
C0/8CF6 9F 2D 6B 7F STA $7F6B2D,x[$7F:6B2D] A:00F0 X:0000 Y:0018 P:eNvMxdIzC
C0/8CFA A9 10       LDA #$10                A:00F0 X:0000 Y:0018 P:eNvMxdIzC
C0/8CFC 9F 4C 6B 7F STA $7F6B4C,x[$7F:6B4C] A:0010 X:0000 Y:0018 P:envMxdIzC
C0/8D00 A9 60       LDA #$60                A:0010 X:0000 Y:0018 P:envMxdIzC
C0/8D02 9F 4D 6B 7F STA $7F6B4D,x[$7F:6B4D] A:0060 X:0000 Y:0018 P:envMxdIzC
C0/8D06 E8          INX                     A:0060 X:0000 Y:0018 P:envMxdIzC
C0/8D07 E8          INX                     A:0060 X:0001 Y:0018 P:envMxdIzC
C0/8D08 E0 20 00    CPX #$0020              A:0060 X:0002 Y:0018 P:envMxdIzC
C0/8D0B D0 C9       BNE $8CD6
C0/8D0D 60          RTS

C0/8D0E A6 06       LDX $06    [$00:0B06]   A:0000 X:0200 Y:0018 P:envMxdIZC
C0/8D10 A9 BB       LDA #$BB                A:0000 X:0000 Y:0018 P:envMxdIZC
C0/8D12 9F 6C 6D 7F STA $7F6D6C,x[$7F:6D6C] A:00BB X:0000 Y:0018 P:eNvMxdIzC
C0/8D16 A9 33       LDA #$33                A:00BB X:0000 Y:0018 P:eNvMxdIzC
C0/8D18 9F 7C 6D 7F STA $7F6D7C,x[$7F:6D7C] A:0033 X:0000 Y:0018 P:envMxdIzC
C0/8D1C E8          INX                     A:0033 X:0000 Y:0018 P:envMxdIzC
C0/8D1D E0 10 00    CPX #$0010              A:0033 X:0001 Y:0018 P:envMxdIzC
C0/8D20 D0 EE       BNE $EE    [$8D10]      A:0033 X:0001 Y:0018 P:eNvMxdIzc
C0/8D22 A9 40       LDA #$40                A:0033 X:0010 Y:0018 P:envMxdIZC
C0/8D24 8D 20 43    STA $4320  [$00:4320]   A:0040 X:0010 Y:0018 P:envMxdIzC
C0/8D27 A9 25       LDA #$25                A:0040 X:0010 Y:0018 P:envMxdIzC
C0/8D29 8D 21 43    STA $4321  [$00:4321]   A:0025 X:0010 Y:0018 P:envMxdIzC
C0/8D2C A2 BB 6A    LDX #$6ABB              A:0025 X:0010 Y:0018 P:envMxdIzC
C0/8D2F 8E 22 43    STX $4322  [$00:4322]   A:0025 X:6ABB Y:0018 P:envMxdIzC
C0/8D32 A9 7F       LDA #$7F                A:0025 X:6ABB Y:0018 P:envMxdIzC
C0/8D34 8D 24 43    STA $4324  [$00:4324]   A:007F X:6ABB Y:0018 P:envMxdIzC
C0/8D37 8D 27 43    STA $4327  [$00:4327]   A:007F X:6ABB Y:0018 P:envMxdIzC
C0/8D3A 60          RTS

C0/8D3B 20 08 8E    JSR $8E08
C0/8D3E A4 AB       LDY $AB    [$00:0BAB]   A:0000 X:0018 Y:0000 P:envMxdiZC
C0/8D40 B9 00 1C    LDA $1C00,y[$00:1C00]   A:0000 X:0018 Y:0000 P:envMxdiZC
C0/8D43 F0 03       BEQ $03    [$8D48]      A:0000 X:0018 Y:0000 P:envMxdiZC
C0/8D48 B9 00 1B    LDA $1B00,y[$00:1B00]   A:0000 X:0018 Y:0000 P:envMxdiZC
C0/8D4B C9 0C       CMP #$0C                A:006B X:0018 Y:0000 P:envMxdizC
C0/8D4D D0 05       BNE $05    [$8D54]      A:006B X:0018 Y:0000 P:envMxdizC
C0/8D54 C9 17       CMP #$17                A:006B X:0018 Y:0000 P:envMxdizC
C0/8D56 D0 2B       BNE $2B    [$8D83]      A:006B X:0018 Y:0000 P:envMxdizC
C0/8D58 C8          INY                     A:0017 X:0000 Y:0013 P:envMxdiZC
C0/8D59 B9 00 1B    LDA $1B00,y[$00:1B14]   A:0017 X:0000 Y:0014 P:envMxdizC
C0/8D5C C2 20       REP #$20       (16-bit accumulator)                A:0002 X:0000 Y:0014 P:envMxdizC
C0/8D5E 0A          ASL A                   A:0002 X:0000 Y:0014 P:envmxdizC
C0/8D5F 0A          ASL A                   A:0004 X:0000 Y:0014 P:envmxdizc
C0/8D60 0A          ASL A                   A:0008 X:0000 Y:0014 P:envmxdizc
C0/8D61 0A          ASL A                   A:0010 X:0000 Y:0014 P:envmxdizc
C0/8D62 0A          ASL A                   A:0020 X:0000 Y:0014 P:envmxdizc
C0/8D63 0A          ASL A                   A:0040 X:0000 Y:0014 P:envmxdizc
C0/8D64 AA          TAX                     A:0080 X:0000 Y:0014 P:envmxdizc
C0/8D65 A5 06       LDA $06    [$00:0B06]   A:0080 X:0080 Y:0014 P:envmxdizc
C0/8D67 E2 20       SEP #$20       (8-bit accumulator)                A:0000 X:0080 Y:0014 P:envmxdiZc
C0/8D69 22 09 2F E0 JSL $E02F09
C0/8D6D EA          NOP
C0/8D6E 20 41 4E    JSR $4E41
C0/8D71 20 7C 23    JSR $237C
C0/8D74 20 B3 39    JSR $39B3
C0/8D77 20 42 28    JSR $2842
C0/8D7A A6 AD       LDX $AD
C0/8D7C CA          DEX
C0/8D7D 86 AD       STX $AD
C0/8D7F D0 ED       BNE $8D6E

C0/8D83 C9 0F       CMP #$0F
C0/8D85 D0 07       BNE $8D8E

C0/8D8E 5C 7A 2E E0 JMP $E02E7A

C0/8D92 22 06 2E E0 JSL $E02E06
C0/8D96 4C 07 8E    JMP $8E07

C0/8D99 C9 01       CMP #$01
C0/8D9B D0 44       BNE $44
C0/8D9D A5 A8       LDA $A8
C0/8D9F F0 19       BEQ $8DBA
C0/8DA1 E6 A7       INC $A7
C0/8DA3 20 41 4E    JSR $4E41
C0/8DA6 20 7C 23    JSR $237C
C0/8DA9 20 B3 39    JSR $39B3
C0/8DAC 20 42 28    JSR $2842

C0/8DE1 B9 00 1C    LDA $1C00,y
C0/8DE4 EB          XBA
C0/8DE5 B9 00 1B    LDA $1B00,y
C0/8DE8 C8          INY
C0/8DE9 84 AB       STY $AB
C0/8DEB 20 01 8F    JSR $8F01
C0/8DEE A5 A8       LDA $A8
C0/8DF0 20 D3 8E    JSR $8ED3
C0/8DF3 A5 A8       LDA $A8
C0/8DF5 22 E0 2D E0 JSL $E02DE0
C0/8DF9 EA          NOP
C0/8DFA C9 10       CMP #$10
C0/8DFC B0 03       BCS $8E01
C0/8DFE 4C 3E 8D    JMP $8D3E
C0/8DAF A5 A8       LDA $A8
C0/8DB1 18          CLC
C0/8DB2 69 10       ADC #$10
C0/8DB4 85 A8       STA $A8
C0/8DB6 C9 10       CMP #$10
C0/8DB8 90 E3       BCC $8D9D
C0/8DBA 64 A8       STZ $A8
C0/8DBC A4 AB       LDY $AB
C0/8DBE 5C 10 2E E0 JMP $E02E10

C0/8DCD AA          TAX
C0/8DCE BF 1B 8E C0 LDA $C08E1B,x
C0/8DD2 8D A9 0B    STA $0BA9
C0/8DD5 BF 1C 8E C0 LDA $C08E1C,x
C0/8DD9 8D AA 0B    STA $0BAA
C0/8DDC 80 29       BRA $8E07

C0/8E01 29 0F       AND #$0F
C0/8E03 85 A8       STA $A8
C0/8E05 E6 A7       INC $A7
C0/8E07 60          RTS

C0/8E08 A2 00 00    LDX #$0000              A:0000 X:0000 Y:0000 P:envMxdiZC
C0/8E0B BD BB 19    LDA $19BB,x[$00:19BB]   A:0000 X:0000 Y:0000 P:envMxdiZC
C0/8E0E 9D A3 19    STA $19A3,x[$00:19A3]   A:0000 X:0000 Y:0000 P:envMxdiZC
C0/8E11 9E BB 19    STZ $19BB,x[$00:19BB]   A:0000 X:0000 Y:0000 P:envMxdiZC
C0/8E14 E8          INX                     A:0000 X:0000 Y:0000 P:envMxdiZC
C0/8E15 E0 18 00    CPX #$0018              A:0000 X:0001 Y:0000 P:envMxdizC
C0/8E18 D0 F1       BNE $F1    [$8E0B]      A:0000 X:0001 Y:0000 P:eNvMxdizc
C0/8E1A 60          RTS

C0/8E23 64 A7       STZ $A7    [$00:0BA7]   A:0001 X:0220 Y:0018 P:envMxdIzc
C0/8E25 A9 80       LDA #$80                A:0001 X:0220 Y:0018 P:envMxdIzc
C0/8E27 8D 15 21    STA $2115  [$00:2115]   A:0080 X:0220 Y:0018 P:eNvMxdIzc
C0/8E2A 9C 0B 42    STZ $420B  [$00:420B]   A:0080 X:0220 Y:0018 P:eNvMxdIzc
C0/8E2D A9 00       LDA #$00                A:0080 X:0220 Y:0018 P:eNvMxdIzc
C0/8E2F 8D 00 43    STA $4300  [$00:4300]   A:0000 X:0220 Y:0018 P:envMxdIZc
C0/8E32 A9 19       LDA #$19                A:0000 X:0220 Y:0018 P:envMxdIZc
C0/8E34 8D 01 43    STA $4301  [$00:4301]   A:0019 X:0220 Y:0018 P:envMxdIzc
C0/8E37 A9 00       LDA #$00                A:0019 X:0220 Y:0018 P:envMxdIzc
C0/8E39 8D 04 43    STA $4304  [$00:4304]   A:0000 X:0220 Y:0018 P:envMxdIZc
C0/8E3C C2 20       REP #$20       (16-bit accumulator)                A:0000 X:0220 Y:0018 P:envMxdIZc
C0/8E3E A5 A9       LDA $A9    [$00:0BA9]   A:0000 X:0220 Y:0018 P:envmxdIZc
C0/8E40 18          CLC                     A:3000 X:0220 Y:0018 P:envmxdIzc
C0/8E41 69 02 00    ADC #$0002              A:3000 X:0220 Y:0018 P:envmxdIzc
C0/8E44 85 A9       STA $A9    [$00:0BA9]   A:3002 X:0220 Y:0018 P:envmxdIzc
C0/8E46 8D 16 21    STA $2116  [$00:2116]   A:3002 X:0220 Y:0018 P:envmxdIzc
C0/8E49 A5 06       LDA $06    [$00:0B06]   A:3002 X:0220 Y:0018 P:envmxdIzc
C0/8E4B E2 20       SEP #$20       (8-bit accumulator)                A:0000 X:0220 Y:0018 P:envmxdIZc
C0/8E4D A2 A3 19    LDX #$19A3              A:0000 X:0220 Y:0018 P:envMxdIZc
C0/8E50 8E 02 43    STX $4302  [$00:4302]   A:0000 X:19A3 Y:0018 P:envMxdIzc
C0/8E53 A2 06 00    LDX #$0006              A:0000 X:19A3 Y:0018 P:envMxdIzc
C0/8E56 8E 05 43    STX $4305  [$00:4305]   A:0000 X:0006 Y:0018 P:envMxdIzc
C0/8E59 A9 01       LDA #$01                A:0000 X:0006 Y:0018 P:envMxdIzc
C0/8E5B 8D 0B 42    STA $420B  [$00:420B]   A:0001 X:0006 Y:0018 P:envMxdIzc
C0/8E5E C2 20       REP #$20       (16-bit accumulator)                A:0001 X:0006 Y:0018 P:envMxdIzc
C0/8E60 A5 A9       LDA $A9    [$00:0BA9]   A:0001 X:0006 Y:0018 P:envmxdIzc
C0/8E62 18          CLC                     A:3002 X:0006 Y:0018 P:envmxdIzc
C0/8E63 69 0E 00    ADC #$000E              A:3002 X:0006 Y:0018 P:envmxdIzc
C0/8E66 85 A9       STA $A9    [$00:0BA9]   A:3010 X:0006 Y:0018 P:envmxdIzc
C0/8E68 8D 16 21    STA $2116  [$00:2116]   A:3010 X:0006 Y:0018 P:envmxdIzc
C0/8E6B A5 06       LDA $06    [$00:0B06]   A:3010 X:0006 Y:0018 P:envmxdIzc
C0/8E6D E2 20       SEP #$20       (8-bit accumulator)                A:0000 X:0006 Y:0018 P:envmxdIZc
C0/8E6F A2 A9 19    LDX #$19A9              A:0000 X:0006 Y:0018 P:envMxdIZc
C0/8E72 8E 02 43    STX $4302  [$00:4302]   A:0000 X:19A9 Y:0018 P:envMxdIzc
C0/8E75 A2 06 00    LDX #$0006              A:0000 X:19A9 Y:0018 P:envMxdIzc
C0/8E78 8E 05 43    STX $4305  [$00:4305]   A:0000 X:0006 Y:0018 P:envMxdIzc
C0/8E7B A9 01       LDA #$01                A:0000 X:0006 Y:0018 P:envMxdIzc
C0/8E7D 8D 0B 42    STA $420B  [$00:420B]   A:0001 X:0006 Y:0018 P:envMxdIzc
C0/8E80 C2 20       REP #$20       (16-bit accumulator)                A:0001 X:0006 Y:0018 P:envMxdIzc
C0/8E82 A5 A9       LDA $A9    [$00:0BA9]   A:0001 X:0006 Y:0018 P:envmxdIzc
C0/8E84 18          CLC                     A:3010 X:0006 Y:0018 P:envmxdIzc
C0/8E85 69 12 00    ADC #$0012              A:3010 X:0006 Y:0018 P:envmxdIzc
C0/8E88 85 A9       STA $A9    [$00:0BA9]   A:3022 X:0006 Y:0018 P:envmxdIzc
C0/8E8A 8D 16 21    STA $2116  [$00:2116]   A:3022 X:0006 Y:0018 P:envmxdIzc
C0/8E8D A5 06       LDA $06    [$00:0B06]   A:3022 X:0006 Y:0018 P:envmxdIzc
C0/8E8F E2 20       SEP #$20       (8-bit accumulator)                A:0000 X:0006 Y:0018 P:envmxdIZc
C0/8E91 A2 AF 19    LDX #$19AF              A:0000 X:0006 Y:0018 P:envMxdIZc
C0/8E94 8E 02 43    STX $4302  [$00:4302]   A:0000 X:19AF Y:0018 P:envMxdIzc
C0/8E97 A2 06 00    LDX #$0006              A:0000 X:19AF Y:0018 P:envMxdIzc
C0/8E9A 8E 05 43    STX $4305  [$00:4305]   A:0000 X:0006 Y:0018 P:envMxdIzc
C0/8E9D A9 01       LDA #$01                A:0000 X:0006 Y:0018 P:envMxdIzc
C0/8E9F 8D 0B 42    STA $420B  [$00:420B]   A:0001 X:0006 Y:0018 P:envMxdIzc
C0/8EA2 C2 20       REP #$20       (16-bit accumulator)                A:0001 X:0006 Y:0018 P:envMxdIzc
C0/8EA4 A5 A9       LDA $A9    [$00:0BA9]   A:0001 X:0006 Y:0018 P:envmxdIzc
C0/8EA6 18          CLC                     A:3022 X:0006 Y:0018 P:envmxdIzc
C0/8EA7 69 0E 00    ADC #$000E              A:3022 X:0006 Y:0018 P:envmxdIzc
C0/8EAA 85 A9       STA $A9    [$00:0BA9]   A:3030 X:0006 Y:0018 P:envmxdIzc
C0/8EAC 8D 16 21    STA $2116  [$00:2116]   A:3030 X:0006 Y:0018 P:envmxdIzc
C0/8EAF A5 06       LDA $06    [$00:0B06]   A:3030 X:0006 Y:0018 P:envmxdIzc
C0/8EB1 E2 20       SEP #$20       (8-bit accumulator)                A:0000 X:0006 Y:0018 P:envmxdIZc
C0/8EB3 A2 B5 19    LDX #$19B5              A:0000 X:0006 Y:0018 P:envMxdIZc
C0/8EB6 8E 02 43    STX $4302  [$00:4302]   A:0000 X:19B5 Y:0018 P:envMxdIzc
C0/8EB9 A2 06 00    LDX #$0006              A:0000 X:19B5 Y:0018 P:envMxdIzc
C0/8EBC 8E 05 43    STX $4305  [$00:4305]   A:0000 X:0006 Y:0018 P:envMxdIzc
C0/8EBF A9 01       LDA #$01                A:0000 X:0006 Y:0018 P:envMxdIzc
C0/8EC1 8D 0B 42    STA $420B  [$00:420B]   A:0001 X:0006 Y:0018 P:envMxdIzc
C0/8EC4 C2 20       REP #$20       (16-bit accumulator)                A:0001 X:0006 Y:0018 P:envMxdIzc
C0/8EC6 A5 A9       LDA $A9    [$00:0BA9]   A:0001 X:0006 Y:0018 P:envmxdIzc
C0/8EC8 18          CLC                     A:3030 X:0006 Y:0018 P:envmxdIzc
C0/8EC9 69 10 00    ADC #$0010              A:3030 X:0006 Y:0018 P:envmxdIzc
C0/8ECC 85 A9       STA $A9    [$00:0BA9]   A:3040 X:0006 Y:0018 P:envmxdIzc
C0/8ECE A5 06       LDA $06    [$00:0B06]   A:3040 X:0006 Y:0018 P:envmxdIzc
C0/8ED0 E2 20       SEP #$20       (8-bit accumulator)                A:0000 X:0006 Y:0018 P:envmxdIZc
C0/8ED2 60          RTS

C0/8ED3 C9 00       CMP #$00
C0/8ED5 F0 1A       BEQ $8EF1
C0/8ED7 48          PHA                     A:0006 X:0BE8 Y:0018 P:envMxdizC
C0/8ED8 A2 00 00    LDX #$0000              A:0006 X:0BE8 Y:0018 P:envMxdizC
C0/8EDB 5E 73 19    LSR $1973,x[$00:1973]   A:0006 X:0000 Y:0018 P:envMxdiZC
C0/8EDE 7E 7F 19    ROR $197F,x[$00:197F]   A:0006 X:0000 Y:0018 P:envMxdiZc
C0/8EE1 7E 8B 19    ROR $198B,x[$00:198B]   A:0006 X:0000 Y:0018 P:envMxdiZc
C0/8EE4 7E 97 19    ROR $1997,x[$00:1997]   A:0006 X:0000 Y:0018 P:envMxdiZc
C0/8EE7 E8          INX                     A:0006 X:0000 Y:0018 P:envMxdiZc
C0/8EE8 E0 0C 00    CPX #$000C              A:0006 X:0001 Y:0018 P:envMxdizc
C0/8EEB D0 EE       BNE $EE    [$8EDB]      A:0006 X:0001 Y:0018 P:eNvMxdizc
C0/8EED 68          PLA                     A:0006 X:000C Y:0018 P:envMxdiZC
C0/8EEE 3A          DEC A                   A:0006 X:000C Y:0018 P:envMxdizC
C0/8EEF D0 E6       BNE $8ED7
C0/8EF1 A2 30 00    LDX #$0030
C0/8EF4 BD A2 19    LDA $19A2,x
C0/8EF7 1D 72 19    ORA $1972,x
C0/8EFA 9D A2 19    STA $19A2,x
C0/8EFD CA          DEX
C0/8EFE D0 F4       BNE $8EF4
C0/8F00 60          RTS

C0/8F01 C2 20       REP #$20       (16-bit accumulator)
C0/8F03 C9 00 01    CMP #$0100
C0/8F06 B0 24       BCS $8F2C
C0/8F08 0A          ASL A
C0/8F09 0A          ASL A
C0/8F0A 0A          ASL A
C0/8F0B 85 0D       STA $0D
C0/8F0D 0A          ASL A
C0/8F0E 18          CLC
C0/8F0F 65 0D       ADC $0D
C0/8F11 AA          TAX
C0/8F12 A5 06       LDA $06
C0/8F14 E2 20       SEP #$20       (8-bit accumulator)
C0/8F16 A4 06       LDY $06
C0/8F18 BF 00 E8 C3 LDA $C3E800,x
C0/8F1C 99 73 19    STA $1973,y
C0/8F1F A9 00       LDA #$00
C0/8F21 99 8B 19    STA $198B,y
C0/8F24 E8          INX
C0/8F25 C8          INY
C0/8F26 C0 18 00    CPY #$0018
C0/8F29 D0 ED       BNE $8F18
C0/8F2B 60          RTS

C0/8F54 64 A8       STZ $A8
C0/8F56 A2 00 30    LDX #$3000
C0/8F59 86 A9       STX $A9
C0/8F5B A2 00 00    LDX #$0000
C0/8F5E 9E A3 19    STZ $19A3,x
C0/8F61 E8          INX
C0/8F62 E0 30 00    CPX #$0030
C0/8F65 D0 F7       BNE $8F5E
C0/8F67 A6 06       LDX $06
C0/8F69 A9 FF       LDA #$FF
C0/8F6B 9D 00 1B    STA $1B00,x
C0/8F6E 9E 00 1C    STZ $1C00,x
C0/8F71 E8          INX
C0/8F72 E0 00 01    CPX #$0100
C0/8F75 D0 F2       BNE $8F69
C0/8F77 60          RTS

C0/8F78 AD 97 16    LDA $1697
C0/8F7B 10 5F       BPL $8FDC

C0/8FDC 60          RTS

C0/9267 AD 53 0B    LDA $0B53
C0/926A F0 1F       BEQ $928B
C0/926C AD A0 16    LDA $16A0
C0/926F F0 0D       BEQ $927E
C0/9271 A9 01       LDA #$01
C0/9273 85 B4       STA $B4
C0/9275 20 3D 93    JSR $933D
C0/9278 20 C1 4A    JSR $4AC1
C0/927B 20 19 94    JSR $9419
C0/927E 9C A0 16    STZ $16A0
C0/9281 E6 A5       INC $A5
C0/9283 20 41 4E    JSR $4E41
C0/9286 A9 01       LDA #$01
C0/9288 8D B8 10    STA $10B8
C0/928B 60          RTS

C0/928C 20 54 8F    JSR $8F54
C0/928F A5 57       LDA $57
C0/9291 F0 0A       BEQ $929D
C0/9293 AD A0 16    LDA $16A0
C0/9296 F0 0A       BEQ $92A2
C0/9298 AD 0E 11    LDA $110E
C0/929B 80 06       BRA $92A3

C0/92A2 60          RTS

C0/92A3 C2 20       REP #$20       (16-bit accumulator)
C0/92A5 0A          ASL A
C0/92A6 AA          TAX
C0/92A7 BF 02 70 D0 LDA $D07002,x
C0/92AB 38          SEC
C0/92AC FF 00 70 D0 SBC $D07000,x
C0/92B0 85 2C       STA $2C
C0/92B2 22 8E 2E E0 JSL $E02E8E
C0/92B6 AA          TAX
C0/92B7 A5 06       LDA $06
C0/92B9 E2 20       SEP #$20       (8-bit accumulator)
C0/92BB A4 06       LDY $06
C0/92BD BF 00 00 E7 LDA $E70000,x
C0/92C1 C9 1E       CMP #$1E
C0/92C3 D0 07       BNE $07
C0/92CC C9 1F       CMP #$1F
C0/92CE D0 12       BNE $9eE2
C0/92E2 99 00 1B    STA $1B00,y
C0/92E5 C8          INY
C0/92E6 E8          INX
C0/92E7 C6 2C       DEC $2C
C0/92E9 D0 D2       BNE $92BD
C0/92EB 22 AD 2E E0 JSL $E02EAD
C0/92EF EA          NOP
C0/92F0 EA          NOP
C0/92F1 EA          NOP
C0/92F2 EA          NOP
C0/92F3 EA          NOP
C0/92F4 EA          NOP
C0/92F5 EA          NOP
C0/92F6 EA          NOP
C0/92F7 EA          NOP
C0/92F8 A9 68       LDA #$68
C0/92FA 38          SEC
C0/92FB E5 AB       SBC $AB
C0/92FD EA          NOP
C0/92FE 8D 04 42    STA $4204
C0/9301 9C 05 42    STZ $4205
C0/9304 A9 10       LDA #$10
C0/9306 8D 06 42    STA $4206
C0/9309 EA          NOP
C0/930A EA          NOP
C0/930B EA          NOP
C0/930C EA          NOP
C0/930D EA          NOP
C0/930E EA          NOP
C0/930F EA          NOP
C0/9310 EA          NOP
C0/9311 AD 16 42    LDA $4216
C0/9314 85 A8       STA $A8
C0/9316 C2 20       REP #$20       (16-bit accumulator)
C0/9318 AD 14 42    LDA $4214
C0/931B 0A          ASL A
C0/931C 0A          ASL A
C0/931D 0A          ASL A
C0/931E 0A          ASL A
C0/931F 0A          ASL A
C0/9320 0A          ASL A
C0/9321 18          CLC
C0/9322 69 00 30    ADC #$3000
C0/9325 85 A9       STA $A9
C0/9327 A5 06       LDA $06
C0/9329 E2 20       SEP #$20       (8-bit accumulator)
C0/932B A9 10       LDA #$10
C0/932D A4 06       LDY $06
C0/932F 84 AB       STY $AB
C0/9331 48          PHA
C0/9332 20 3B 8D    JSR $8D3B
C0/9335 20 23 8E    JSR $8E23
C0/9338 68          PLA
C0/9339 3A          DEC A
C0/933A D0 F5       BNE $9331
C0/933C 60          RTS

C0/933D 20 D3 8B    JSR $8BD3
C0/9340 A5 B4       LDA $B4
C0/9342 38          SEC
C0/9343 6D D9 0A    ADC $0AD9
C0/9346 85 76       STA $76
C0/9348 AD D8 0A    LDA $0AD8
C0/934B 85 75       STA $75
C0/934D A9 00       LDA #$00
C0/934F 85 B5       STA $B5
C0/9351 20 41 4E    JSR $4E41
C0/9354 A9 01       LDA #$01
C0/9356 A6 06       LDX $06
C0/9358 86 71       STX $71
C0/935A 20 7D 70    JSR $707D
C0/935D A5 B5       LDA $B5
C0/935F C2 20       REP #$20       (16-bit accumulator)
C0/9361 EB          XBA
C0/9362 4A          LSR A
C0/9363 4A          LSR A
C0/9364 AA          TAX
C0/9365 A5 06       LDA $06
C0/9367 E2 20       SEP #$20       (8-bit accumulator)
C0/9369 A0 04 00    LDY #$0004
C0/936C BF 99 93 C0 LDA $C09399,x
C0/9370 99 F3 16    STA $16F3,y
C0/9373 A9 23       LDA #$23
C0/9375 99 F4 16    STA $16F4,y
C0/9378 BF B9 93 C0 LDA $C093B9,x
C0/937C 99 33 17    STA $1733,y
C0/937F A9 23       LDA #$23
C0/9381 99 34 17    STA $1734,y
C0/9384 E8          INX
C0/9385 C8          INY
C0/9386 C8          INY
C0/9387 C0 3C 00    CPY #$003C
C0/938A D0 E0       BNE $936C
C0/938C E6 A6       INC $A6
C0/938E E6 76       INC $76
C0/9390 E6 B5       INC $B5
C0/9392 A5 B5       LDA $B5
C0/9394 C9 02       CMP #$02
C0/9396 D0 B9       BNE $9351
C0/9398 60          RTS

C0/9419 A5 B4       LDA $B4
C0/941B 38          SEC
C0/941C 6D D9 0A    ADC $0AD9
C0/941F 18          CLC
C0/9420 69 01       ADC #$01
C0/9422 85 76       STA $76
C0/9424 AD D8 0A    LDA $0AD8
C0/9427 85 75       STA $75
C0/9429 20 41 4E    JSR $4E41
C0/942C A9 01       LDA #$01
C0/942E A6 06       LDX $06
C0/9430 86 71       STX $71
C0/9432 20 7D 70    JSR $707D
C0/9435 E6 A6       INC $A6
C0/9437 C6 76       DEC $76
C0/9439 C6 B5       DEC $B5
C0/943B A5 B5       LDA $B5
C0/943D D0 EA       BNE $9429
C0/943F 60          RTS

C0/9440 20 D3 8B    JSR $8BD3
C0/9443 A5 B4       LDA $B4
C0/9445 38          SEC
C0/9446 6D D9 0A    ADC $0AD9
C0/9449 85 76       STA $76
C0/944B AD D8 0A    LDA $0AD8
C0/944E 85 75       STA $75
C0/9450 A9 00       LDA #$00
C0/9452 85 B5       STA $B5
C0/9454 20 41 4E    JSR $4E41
C0/9457 20 7C 23    JSR $237C
C0/945A 20 B3 39    JSR $39B3
C0/945D 20 42 28    JSR $2842
C0/9460 A9 01       LDA #$01
C0/9462 A6 06       LDX $06
C0/9464 86 71       STX $71
C0/9466 20 7D 70    JSR $707D
C0/9469 A5 B5       LDA $B5
C0/946B C2 20       REP #$20       (16-bit accumulator)
C0/946D EB          XBA
C0/946E 4A          LSR A
C0/946F 4A          LSR A
C0/9470 AA          TAX
C0/9471 A5 06       LDA $06
C0/9473 E2 20       SEP #$20       (8-bit accumulator)
C0/9475 A0 04 00    LDY #$0004
C0/9478 BF D8 94 C0 LDA $C094D8,x
C0/947C 99 F3 16    STA $16F3,y
C0/947F A9 23       LDA #$23
C0/9481 99 F4 16    STA $16F4,y
C0/9484 BF F8 94 C0 LDA $C094F8,x
C0/9488 99 33 17    STA $1733,y
C0/948B A9 23       LDA #$23
C0/948D 99 34 17    STA $1734,y
C0/9490 E8          INX
C0/9491 C8          INY
C0/9492 C8          INY
C0/9493 C0 3C 00    CPY #$003C
C0/9496 D0 E0       BNE $9478
C0/9498 E6 A6       INC $A6
C0/949A E6 76       INC $76
C0/949C E6 B5       INC $B5
C0/949E A5 B5       LDA $B5
C0/94A0 C9 05       CMP #$05
C0/94A2 D0 B0       BNE $9454
C0/94A4 20 41 4E    JSR $4E41
C0/94A7 60          RTS

C0/94A8 A5 B4       LDA $B4
C0/94AA 38          SEC
C0/94AB 6D D9 0A    ADC $0AD9
C0/94AE 18          CLC
C0/94AF 69 04       ADC #$04
C0/94B1 85 76       STA $76
C0/94B3 AD D8 0A    LDA $0AD8
C0/94B6 85 75       STA $75
C0/94B8 20 41 4E    JSR $4E41
C0/94BB 20 7C 23    JSR $237C
C0/94BE 20 B3 39    JSR $39B3
C0/94C1 20 42 28    JSR $2842
C0/94C4 A9 01       LDA #$01
C0/94C6 A6 06       LDX $06
C0/94C8 86 71       STX $71
C0/94CA 20 7D 70    JSR $707D
C0/94CD E6 A6       INC $A6
C0/94CF C6 76       DEC $76
C0/94D1 C6 B5       DEC $B5
C0/94D3 A5 B5       LDA $B5
C0/94D5 D0 E1       BNE $94B8
C0/94D7 60          RTS

C0/9618 A9 80       LDA #$80
C0/961A 8D 15 21    STA $2115
C0/961D A0 80 18    LDY #$1880
C0/9620 8C 16 21    STY $2116
C0/9623 AD 3A 21    LDA $213A
C0/9626 A6 06       LDX $06
C0/9628 AD 3A 21    LDA $213A
C0/962B 9F 22 86 7F STA $7F8622,x
C0/962F E8          INX
C0/9630 E0 80 00    CPX #$0080
C0/9633 D0 F3       BNE $9628
C0/9635 A0 80 1C    LDY #$1C80
C0/9638 8C 16 21    STY $2116
C0/963B AD 3A 21    LDA $213A
C0/963E AD 3A 21    LDA $213A
C0/9641 9F 22 86 7F STA $7F8622,x
C0/9645 E8          INX
C0/9646 E0 00 01    CPX #$0100
C0/9649 D0 F3       BNE $963E
C0/964B 60          RTS

C0/964C A5 3E       LDA $3E    [$00:0B3E]   A:0001 X:21C0 Y:000F P:envMxdIzc
C0/964E 29 0F       AND #$0F                A:0000 X:21C0 Y:000F P:envMxdIZc
C0/9650 AA          TAX                     A:0000 X:21C0 Y:000F P:envMxdIZc
C0/9651 BD F4 96    LDA $96F4,x[$00:96F4]   A:0000 X:0000 Y:000F P:envMxdIZc
C0/9654 09 07       ORA #$07                A:0000 X:0000 Y:000F P:envMxdIZc
C0/9656 AA          TAX                     A:0007 X:0000 Y:000F P:envMxdIzc
C0/9657 BF 22 86 7F LDA $7F8622,x[$7F:8629] A:0007 X:0007 Y:000F P:envMxdIzc
C0/965B 85 17       STA $17    [$00:0B17]   A:009A X:0007 Y:000F P:eNvMxdIzc
C0/965D A0 07 00    LDY #$0007              A:009A X:0007 Y:000F P:eNvMxdIzc
C0/9660 BF 21 86 7F LDA $7F8621,x[$7F:8628] A:009A X:0007 Y:0007 P:envMxdIzc
C0/9664 9F 22 86 7F STA $7F8622,x[$7F:8629] A:00C9 X:0007 Y:0007 P:eNvMxdIzc
C0/9668 CA          DEX                     A:00C9 X:0007 Y:0007 P:eNvMxdIzc
C0/9669 88          DEY                     A:00C9 X:0006 Y:0007 P:envMxdIzc
C0/966A D0 F4       BNE $F4    [$9660]      A:00C9 X:0006 Y:0006 P:envMxdIzc
C0/966C 8A          TXA                     A:00D0 X:0000 Y:0000 P:envMxdIZc
C0/966D 29 F8       AND #$F8                A:0000 X:0000 Y:0000 P:envMxdIZc
C0/966F 18          CLC                     A:0000 X:0000 Y:0000 P:envMxdIZc
C0/9670 69 47       ADC #$47                A:0000 X:0000 Y:0000 P:envMxdIZc
C0/9672 AA          TAX                     A:0047 X:0000 Y:0000 P:envMxdIzc
C0/9673 BF 22 86 7F LDA $7F8622,x[$7F:8669] A:0047 X:0047 Y:0000 P:envMxdIzc
C0/9677 9F DB 85 7F STA $7F85DB,x[$7F:8622] A:0020 X:0047 Y:0000 P:envMxdIzc
C0/967B A0 07 00    LDY #$0007              A:0020 X:0047 Y:0000 P:envMxdIzc
C0/967E BF 21 86 7F LDA $7F8621,x[$7F:8668] A:0020 X:0047 Y:0007 P:envMxdIzc
C0/9682 9F 22 86 7F STA $7F8622,x[$7F:8669] A:0096 X:0047 Y:0007 P:eNvMxdIzc
C0/9686 CA          DEX                     A:0096 X:0047 Y:0007 P:eNvMxdIzc
C0/9687 88          DEY                     A:0096 X:0046 Y:0007 P:envMxdIzc
C0/9688 D0 F4       BNE $F4    [$967E]      A:0096 X:0046 Y:0006 P:envMxdIzc
C0/968A 8A          TXA                     A:0094 X:0040 Y:0000 P:envMxdIZc
C0/968B 29 F8       AND #$F8                A:0040 X:0040 Y:0000 P:envMxdIzc
C0/968D AA          TAX                     A:0040 X:0040 Y:0000 P:envMxdIzc
C0/968E A5 17       LDA $17    [$00:0B17]   A:0040 X:0040 Y:0000 P:envMxdIzc
C0/9690 9F 22 86 7F STA $7F8622,x[$7F:8662] A:009A X:0040 Y:0000 P:eNvMxdIzc
C0/9694 60          RTS

C0/9695 AD D6 0A    LDA $0AD6  [$00:0AD6]   A:0000 X:0220 Y:000F P:envMxdIZc
C0/9698 C9 03       CMP #$03                A:0000 X:0220 Y:000F P:envMxdIZc
C0/969A B0 57       BCS $57    [$96F3]      A:0000 X:0220 Y:000F P:eNvMxdIzc
C0/969C A9 80       LDA #$80                A:0000 X:0220 Y:000F P:eNvMxdIzc
C0/969E 8D 15 21    STA $2115  [$00:2115]   A:0080 X:0220 Y:000F P:eNvMxdIzc
C0/96A1 9C 0B 42    STZ $420B  [$00:420B]   A:0080 X:0220 Y:000F P:eNvMxdIzc
C0/96A4 A9 00       LDA #$00                A:0080 X:0220 Y:000F P:eNvMxdIzc
C0/96A6 8D 00 43    STA $4300  [$00:4300]   A:0000 X:0220 Y:000F P:envMxdIZc
C0/96A9 A9 19       LDA #$19                A:0000 X:0220 Y:000F P:envMxdIZc
C0/96AB 8D 01 43    STA $4301  [$00:4301]   A:0019 X:0220 Y:000F P:envMxdIzc
C0/96AE A9 7F       LDA #$7F                A:0019 X:0220 Y:000F P:envMxdIzc
C0/96B0 8D 04 43    STA $4304  [$00:4304]   A:007F X:0220 Y:000F P:envMxdIzc
C0/96B3 A2 80 00    LDX #$0080              A:007F X:0220 Y:000F P:envMxdIzc
C0/96B6 8E 05 43    STX $4305  [$00:4305]   A:007F X:0080 Y:000F P:envMxdIzc
C0/96B9 A2 22 86    LDX #$8622              A:007F X:0080 Y:000F P:envMxdIzc
C0/96BC 8E 02 43    STX $4302  [$00:4302]   A:007F X:8622 Y:000F P:eNvMxdIzc
C0/96BF A2 80 18    LDX #$1880              A:007F X:8622 Y:000F P:eNvMxdIzc
C0/96C2 8E 16 21    STX $2116  [$00:2116]   A:007F X:1880 Y:000F P:envMxdIzc
C0/96C5 A9 01       LDA #$01                A:007F X:1880 Y:000F P:envMxdIzc
C0/96C7 8D 0B 42    STA $420B  [$00:420B]   A:0001 X:1880 Y:000F P:envMxdIzc
C0/96CA 9C 0B 42    STZ $420B  [$00:420B]   A:0001 X:1880 Y:000F P:envMxdIzc
C0/96CD A9 00       LDA #$00                A:0001 X:1880 Y:000F P:envMxdIzc
C0/96CF 8D 00 43    STA $4300  [$00:4300]   A:0000 X:1880 Y:000F P:envMxdIZc
C0/96D2 A9 19       LDA #$19                A:0000 X:1880 Y:000F P:envMxdIZc
C0/96D4 8D 01 43    STA $4301  [$00:4301]   A:0019 X:1880 Y:000F P:envMxdIzc
C0/96D7 A9 7F       LDA #$7F                A:0019 X:1880 Y:000F P:envMxdIzc
C0/96D9 8D 04 43    STA $4304  [$00:4304]   A:007F X:1880 Y:000F P:envMxdIzc
C0/96DC A2 80 00    LDX #$0080              A:007F X:1880 Y:000F P:envMxdIzc
C0/96DF 8E 05 43    STX $4305  [$00:4305]   A:007F X:0080 Y:000F P:envMxdIzc
C0/96E2 A2 A2 86    LDX #$86A2              A:007F X:0080 Y:000F P:envMxdIzc
C0/96E5 8E 02 43    STX $4302  [$00:4302]   A:007F X:86A2 Y:000F P:eNvMxdIzc
C0/96E8 A2 80 1C    LDX #$1C80              A:007F X:86A2 Y:000F P:eNvMxdIzc
C0/96EB 8E 16 21    STX $2116  [$00:2116]   A:007F X:1C80 Y:000F P:envMxdIzc
C0/96EE A9 01       LDA #$01                A:007F X:1C80 Y:000F P:envMxdIzc
C0/96F0 8D 0B 42    STA $420B  [$00:420B]   A:0001 X:1C80 Y:000F P:envMxdIzc
C0/96F3 60          RTS

C0/9704 A9 80       LDA #$80
C0/9706 8D 15 21    STA $2115
C0/9709 A0 C0 21    LDY #$21C0
C0/970C 8C 16 21    STY $2116
C0/970F AD 3A 21    LDA $213A
C0/9712 A6 06       LDX $06
C0/9714 AD 3A 21    LDA $213A
C0/9717 9F 22 87 7F STA $7F8722,x
C0/971B E8          INX
C0/971C E0 80 00    CPX #$0080
C0/971F D0 F3       BNE $9714
C0/9721 60          RTS

C0/9722 A5 3E       LDA $3E
C0/9724 29 0E       AND #$0E
C0/9726 4A          LSR A
C0/9727 AA          TAX
C0/9728 BF 57 97 C0 LDA $C09757,x
C0/972C 29 07       AND #$07
C0/972E 09 70       ORA #$70
C0/9730 AA          TAX
C0/9731 BF 2A 87 7F LDA $7F872A,x
C0/9735 85 17       STA $17
C0/9737 BF 22 87 7F LDA $7F8722,x
C0/973B 9F 2A 87 7F STA $7F872A,x
C0/973F 8A          TXA
C0/9740 38          SEC
C0/9741 E9 08       SBC #$08
C0/9743 AA          TAX
C0/9744 29 F8       AND #$F8
C0/9746 D0 EF       BNE $9737
C0/9748 BF 22 87 7F LDA $7F8722,x
C0/974C 9F 2A 87 7F STA $7F872A,x
C0/9750 A5 17       LDA $17
C0/9752 9F 22 87 7F STA $7F8722,x
C0/9756 60          RTS

C0/975F AD D6 0A    LDA $0AD6  [$00:0AD6]   A:0001 X:1C80 Y:000F P:envMxdIzc
C0/9762 C9 03       CMP #$03                A:0000 X:1C80 Y:000F P:envMxdIZc
C0/9764 B0 32       BCS $32    [$9798]      A:0000 X:1C80 Y:000F P:eNvMxdIzc
C0/9766 29 01       AND #$01                A:0000 X:1C80 Y:000F P:eNvMxdIzc
C0/9768 D0 2E       BNE $2E    [$9798]      A:0000 X:1C80 Y:000F P:envMxdIZc
C0/976A A9 80       LDA #$80                A:0000 X:1C80 Y:000F P:envMxdIZc
C0/976C 8D 15 21    STA $2115  [$00:2115]   A:0080 X:1C80 Y:000F P:eNvMxdIzc
C0/976F 9C 0B 42    STZ $420B  [$00:420B]   A:0080 X:1C80 Y:000F P:eNvMxdIzc
C0/9772 A9 00       LDA #$00                A:0080 X:1C80 Y:000F P:eNvMxdIzc
C0/9774 8D 00 43    STA $4300  [$00:4300]   A:0000 X:1C80 Y:000F P:envMxdIZc
C0/9777 A9 19       LDA #$19                A:0000 X:1C80 Y:000F P:envMxdIZc
C0/9779 8D 01 43    STA $4301  [$00:4301]   A:0019 X:1C80 Y:000F P:envMxdIzc
C0/977C A9 7F       LDA #$7F                A:0019 X:1C80 Y:000F P:envMxdIzc
C0/977E 8D 04 43    STA $4304  [$00:4304]   A:007F X:1C80 Y:000F P:envMxdIzc
C0/9781 A2 80 00    LDX #$0080              A:007F X:1C80 Y:000F P:envMxdIzc
C0/9784 8E 05 43    STX $4305  [$00:4305]   A:007F X:0080 Y:000F P:envMxdIzc
C0/9787 A2 22 87    LDX #$8722              A:007F X:0080 Y:000F P:envMxdIzc
C0/978A 8E 02 43    STX $4302  [$00:4302]   A:007F X:8722 Y:000F P:eNvMxdIzc
C0/978D A2 C0 21    LDX #$21C0              A:007F X:8722 Y:000F P:eNvMxdIzc
C0/9790 8E 16 21    STX $2116  [$00:2116]   A:007F X:21C0 Y:000F P:envMxdIzc
C0/9793 A9 01       LDA #$01                A:007F X:21C0 Y:000F P:envMxdIzc
C0/9795 8D 0B 42    STA $420B  [$00:420B]   A:0001 X:21C0 Y:000F P:envMxdIzc
C0/9798 60          RTS

C0/9799 AD 23 11    LDA $1123
C0/979C F0 43       BEQ $97E1
C0/979E A4 06       LDY $06
C0/97A0 B9 5A 16    LDA $165A,y
C0/97A3 30 30       BMI $97D5
C0/97A5 29 F0       AND #$F0
C0/97A7 4A          LSR A
C0/97A8 4A          LSR A
C0/97A9 4A          LSR A
C0/97AA 4A          LSR A
C0/97AB D0 0D       BNE $97BA
C0/97AD 20 E2 98    JSR $98E2
C0/97B0 C9 00       CMP #$00
C0/97B2 D0 21       BNE $97D5
C0/97B4 20 E2 97    JSR $97E2
C0/97B7 4C D5 97    JMP $97D5
C0/97BA 3A          DEC A
C0/97BB D0 0D       BNE $97CA
C0/97BD 20 E2 98    JSR $98E2
C0/97C0 C9 00       CMP #$00
C0/97C2 D0 11       BNE $97D5
C0/97C4 20 0D 98    JSR $980D
C0/97C7 4C D5 97    JMP $97D5

C0/97D5 98          TYA
C0/97D6 18          CLC
C0/97D7 69 08       ADC #$08
C0/97D9 A8          TAY
C0/97DA C9 20       CMP #$20
C0/97DC F0 03       BEQ $97E1
C0/97DE 4C A0 97    JMP $97A0
C0/97E1 60          RTS

C0/97E2 B9 5C 16    LDA $165C,y
C0/97E5 C2 20       REP #$20       (16-bit accumulator)
C0/97E7 0A          ASL A
C0/97E8 AA          TAX
C0/97E9 BD 00 0C    LDA $0C00,x
C0/97EC 85 17       STA $17
C0/97EE B9 5B 16    LDA $165B,y
C0/97F1 29 FF 00    AND #$00FF
C0/97F4 0A          ASL A
C0/97F5 85 19       STA $19
C0/97F7 BD FE 0B    LDA $0BFE,x
C0/97FA 9D 00 0C    STA $0C00,x
C0/97FD CA          DEX
C0/97FE CA          DEX
C0/97FF E4 19       CPX $19
C0/9801 D0 F4       BNE $97F7
C0/9803 A5 17       LDA $17
C0/9805 9D 00 0C    STA $0C00,x
C0/9808 A5 06       LDA $06
C0/980A E2 20       SEP #$20       (8-bit accumulator)
C0/980C 60          RTS

C0/980D B9 5B 16    LDA $165B,y
C0/9810 C2 20       REP #$20       (16-bit accumulator)
C0/9812 0A          ASL A
C0/9813 AA          TAX
C0/9814 BD 00 0C    LDA $0C00,x
C0/9817 85 17       STA $17
C0/9819 B9 5C 16    LDA $165C,y
C0/981C 29 FF 00    AND #$00FF
C0/981F 0A          ASL A
C0/9820 85 19       STA $19
C0/9822 BD 02 0C    LDA $0C02,x
C0/9825 9D 00 0C    STA $0C00,x
C0/9828 E8          INX
C0/9829 E8          INX
C0/982A E4 19       CPX $19
C0/982C D0 F4       BNE $9822
C0/982E A5 17       LDA $17
C0/9830 9D 00 0C    STA $0C00,x
C0/9833 A5 06       LDA $06
C0/9835 E2 20       SEP #$20       (8-bit accumulator)
C0/9837 60          RTS

C0/98E2 B9 57 16    LDA $1657,y
C0/98E5 1A          INC A
C0/98E6 99 57 16    STA $1657,y
C0/98E9 D9 58 16    CMP $1658,y
C0/98EC D0 1C       BNE $990A
C0/98EE A9 00       LDA #$00
C0/98F0 99 57 16    STA $1657,y
C0/98F3 B9 59 16    LDA $1659,y
C0/98F6 1A          INC A
C0/98F7 99 59 16    STA $1659,y
C0/98FA B9 5A 16    LDA $165A,y
C0/98FD 29 0F       AND #$0F
C0/98FF D9 59 16    CMP $1659,y
C0/9902 D0 06       BNE $990A
C0/9904 A9 00       LDA #$00
C0/9906 99 59 16    STA $1659,y
C0/9909 60          RTS
C0/990A A9 01       LDA #$01
C0/990C 60          RTS

C0/990D AD 23 11    LDA $1123
C0/9910 D0 01       BNE $9913
C0/9912 60          RTS

C0/9913 3A          DEC A
C0/9914 8D 02 42    STA $4202
C0/9917 A9 18       LDA #$18
C0/9919 8D 03 42    STA $4203
C0/991C EA          NOP
C0/991D EA          NOP
C0/991E EA          NOP
C0/991F EA          NOP
C0/9920 AE 16 42    LDX $4216  [$00:4216]   A:0018 X:6DB7 Y:0000 P:envMxdIzC
C0/9923 A4 06       LDY $06    [$00:0B06]   A:0018 X:00F0 Y:0000 P:envMxdIzC
C0/9925 BF 40 FA CD LDA $CDFA40,x[$CD:FB30] A:0018 X:00F0 Y:0000 P:envMxdIZC
C0/9929 99 5A 16    STA $165A,y[$00:165A]   A:0001 X:00F0 Y:0000 P:envMxdIzC
C0/992C BF 41 FA CD LDA $CDFA41,x[$CD:FB31] A:0001 X:00F0 Y:0000 P:envMxdIzC
C0/9930 99 58 16    STA $1658,y[$00:1658]   A:0005 X:00F0 Y:0000 P:envMxdIzC
C0/9933 BF 42 FA CD LDA $CDFA42,x[$CD:FB32] A:0005 X:00F0 Y:0000 P:envMxdIzC
C0/9937 99 5B 16    STA $165B,y[$00:165B]   A:0071 X:00F0 Y:0000 P:envMxdIzC
C0/993A BF 43 FA CD LDA $CDFA43,x[$CD:FB33] A:0071 X:00F0 Y:0000 P:envMxdIzC
C0/993E 99 5C 16    STA $165C,y[$00:165C]   A:007C X:00F0 Y:0000 P:envMxdIzC
C0/9941 BF 44 FA CD LDA $CDFA44,x[$CD:FB34] A:007C X:00F0 Y:0000 P:envMxdIzC
C0/9945 99 5D 16    STA $165D,y[$00:165D]   A:0000 X:00F0 Y:0000 P:envMxdIZC
C0/9948 BF 45 FA CD LDA $CDFA45,x[$CD:FB35] A:0000 X:00F0 Y:0000 P:envMxdIZC
C0/994C 99 5E 16    STA $165E,y[$00:165E]   A:0000 X:00F0 Y:0000 P:envMxdIZC
C0/994F A9 00       LDA #$00                A:0000 X:00F0 Y:0000 P:envMxdIZC
C0/9951 99 57 16    STA $1657,y[$00:1657]   A:0000 X:00F0 Y:0000 P:envMxdIZC
C0/9954 99 59 16    STA $1659,y[$00:1659]   A:0000 X:00F0 Y:0000 P:envMxdIZC
C0/9957 C2 20       REP #$20       (16-bit accumulator)                A:0000 X:00F0 Y:0000 P:envMxdIZC
C0/9959 8A          TXA                     A:0000 X:00F0 Y:0000 P:envmxdIZC
C0/995A 18          CLC                     A:00F0 X:00F0 Y:0000 P:envmxdIzC
C0/995B 69 06 00    ADC #$0006              A:00F0 X:00F0 Y:0000 P:envmxdIzc
C0/995E AA          TAX                     A:00F6 X:00F0 Y:0000 P:envmxdIzc
C0/995F A5 06       LDA $06    [$00:0B06]   A:00F6 X:00F6 Y:0000 P:envmxdIzc
C0/9961 E2 20       SEP #$20       (8-bit accumulator)                A:0000 X:00F6 Y:0000 P:envmxdIZc
C0/9963 98          TYA                     A:0000 X:00F6 Y:0000 P:envMxdIZc
C0/9964 18          CLC                     A:0000 X:00F6 Y:0000 P:envMxdIZc
C0/9965 69 08       ADC #$08                A:0000 X:00F6 Y:0000 P:envMxdIZc
C0/9967 A8          TAY                     A:0008 X:00F6 Y:0000 P:envMxdIzc
C0/9968 C9 20       CMP #$20                A:0008 X:00F6 Y:0008 P:envMxdIzc
C0/996A D0 B9       BNE $9925
C0/996C 60          RTS

C0/996D AD 10 11    LDA $1110  [$00:1110]   A:0000 X:0220 Y:0110 P:envMxdIZc
C0/9970 10 01       BPL $01    [$9973]      A:0000 X:0220 Y:0110 P:envMxdIZc
C0/9973 A9 80       LDA #$80                A:0000 X:0220 Y:0110 P:envMxdIZc
C0/9975 8D 15 21    STA $2115  [$00:2115]   A:0080 X:0220 Y:0110 P:eNvMxdIzc
C0/9978 A9 01       LDA #$01                A:0080 X:0220 Y:0110 P:eNvMxdIzc
C0/997A 8D 00 43    STA $4300  [$00:4300]   A:0001 X:0220 Y:0110 P:envMxdIzc
C0/997D A9 18       LDA #$18                A:0001 X:0220 Y:0110 P:envMxdIzc
C0/997F 8D 01 43    STA $4301  [$00:4301]   A:0018 X:0220 Y:0110 P:envMxdIzc
C0/9982 A4 06       LDY $06    [$00:0B06]   A:0018 X:0220 Y:0110 P:envMxdIzc
C0/9984 A2 00 2E    LDX #$2E00              A:0018 X:0220 Y:0000 P:envMxdIZc
C0/9987 B9 17 14    LDA $1417,y
C0/998A 30 04       BMI $9990
C0/998C A9 DF       LDA #$DF                A:0009 X:2E00 Y:0000 P:envMxdIzc
C0/998E 80 02       BRA $9992
C0/9990 A9 7F       LDA #$7F
C0/9992 8D 04 43    STA $4304  [$00:4304]   A:00DF X:2E00 Y:0000 P:eNvMxdIzc
C0/9995 C2 20       REP #$20       (16-bit accumulator)                A:00DF X:2E00 Y:0000 P:eNvMxdIzc
C0/9997 B9 1B 14    LDA $141B,y
C0/999A 8D 02 43    STA $4302  [$00:4302]   A:0080 X:2E00 Y:0000 P:envmxdIzc
C0/999D A9 80 00    LDA #$0080              A:0080 X:2E00 Y:0000 P:envmxdIzc
C0/99A0 8D 05 43    STA $4305  [$00:4305]   A:0080 X:2E00 Y:0000 P:envmxdIzc
C0/99A3 8E 16 21    STX $2116  [$00:2116]   A:0080 X:2E00 Y:0000 P:envmxdIzc
C0/99A6 8A          TXA                     A:0080 X:2E00 Y:0000 P:envmxdIzc
C0/99A7 18          CLC                     A:2E00 X:2E00 Y:0000 P:envmxdIzc
C0/99A8 69 40 00    ADC #$0040              A:2E00 X:2E00 Y:0000 P:envmxdIzc
C0/99AB AA          TAX                     A:2E40 X:2E00 Y:0000 P:envmxdIzc
C0/99AC A5 06       LDA $06    [$00:0B06]   A:2E40 X:2E40 Y:0000 P:envmxdIzc
C0/99AE E2 20       SEP #$20       (8-bit accumulator)                A:0000 X:2E40 Y:0000 P:envmxdIZc
C0/99B0 A9 01       LDA #$01                A:0000 X:2E40 Y:0000 P:envMxdIZc
C0/99B2 8D 0B 42    STA $420B  [$00:420B]   A:0001 X:2E40 Y:0000 P:envMxdIzc
C0/99B5 98          TYA                     A:0001 X:2E40 Y:0000 P:envMxdIzc
C0/99B6 18          CLC                     A:0000 X:2E40 Y:0000 P:envMxdIZc
C0/99B7 69 08       ADC #$08                A:0000 X:2E40 Y:0000 P:envMxdIZc
C0/99B9 A8          TAY                     A:0008 X:2E40 Y:0000 P:envMxdIzc
C0/99BA C0 40 00    CPY #$0040              A:0008 X:2E40 Y:0008 P:envMxdIzc
C0/99BD D0 C8       BNE $9987
C0/99BF A9 DF       LDA #$DF                A:0040 X:3000 Y:0040 P:envMxdIZC
C0/99C1 8D 04 43    STA $4304  [$00:4304]   A:00DF X:3000 Y:0040 P:eNvMxdIzC
C0/99C4 A2 80 47    LDX #$4780              A:00DF X:3000 Y:0040 P:eNvMxdIzC
C0/99C7 B9 17 14    LDA $1417,y[$00:1457]   A:00DF X:4780 Y:0040 P:envMxdIzC
C0/99CA 30 04       BMI $99D0
C0/99CC A9 DF       LDA #$DF                A:0000 X:4780 Y:0040 P:envMxdIZC
C0/99CE 80 02       BRA $99D2
C0/99D0 A9 7F       LDA #$7F
C0/99D2 8D 04 43    STA $4304  [$00:4304]   A:00DF X:4780 Y:0040 P:eNvMxdIzC
C0/99D5 C2 20       REP #$20       (16-bit accumulator)                A:00DF X:4780 Y:0040 P:eNvMxdIzC
C0/99D7 B9 1B 14    LDA $141B,y[$00:145B]   A:00DF X:4780 Y:0040 P:eNvmxdIzC
C0/99DA 8D 02 43    STA $4302  [$00:4302]   A:0040 X:4780 Y:0040 P:envmxdIzC
C0/99DD A9 40 00    LDA #$0040              A:0040 X:4780 Y:0040 P:envmxdIzC
C0/99E0 8D 05 43    STA $4305  [$00:4305]   A:0040 X:4780 Y:0040 P:envmxdIzC
C0/99E3 8E 16 21    STX $2116  [$00:2116]   A:0040 X:4780 Y:0040 P:envmxdIzC
C0/99E6 8A          TXA                     A:0040 X:4780 Y:0040 P:envmxdIzC
C0/99E7 18          CLC                     A:4780 X:4780 Y:0040 P:envmxdIzC
C0/99E8 69 20 00    ADC #$0020              A:4780 X:4780 Y:0040 P:envmxdIzc
C0/99EB AA          TAX                     A:47A0 X:4780 Y:0040 P:envmxdIzc
C0/99EC A5 06       LDA $06    [$00:0B06]   A:47A0 X:47A0 Y:0040 P:envmxdIzc
C0/99EE E2 20       SEP #$20       (8-bit accumulator)                A:0000 X:47A0 Y:0040 P:envmxdIZc
C0/99F0 A9 01       LDA #$01                A:0000 X:47A0 Y:0040 P:envMxdIZc
C0/99F2 8D 0B 42    STA $420B  [$00:420B]   A:0001 X:47A0 Y:0040 P:envMxdIzc
C0/99F5 98          TYA                     A:0001 X:47A0 Y:0040 P:envMxdIzc
C0/99F6 18          CLC                     A:0040 X:47A0 Y:0040 P:envMxdIzc
C0/99F7 69 08       ADC #$08                A:0040 X:47A0 Y:0040 P:envMxdIzc
C0/99F9 A8          TAY                     A:0048 X:47A0 Y:0040 P:envMxdIzc
C0/99FA C0 60 00    CPY #$0060              A:0048 X:47A0 Y:0048 P:envMxdIzc
C0/99FD D0 C8       BNE $99C7
C0/99FF 60          RTS

C0/9A00 A4 06       LDY $06    [$00:0B06]   A:0000 X:001E Y:0020 P:envMxdIZC
C0/9A02 B9 18 14    LDA $1418,y[$00:1418]   A:0000 X:001E Y:0000 P:envMxdIZC
C0/9A05 4A          LSR A                   A:0000 X:001E Y:0000 P:envMxdIZC
C0/9A06 4A          LSR A                   A:0000 X:001E Y:0000 P:envMxdIZc
C0/9A07 4A          LSR A                   A:0000 X:001E Y:0000 P:envMxdIZc
C0/9A08 4A          LSR A                   A:0000 X:001E Y:0000 P:envMxdIZc
C0/9A09 EB          XBA                     A:0000 X:001E Y:0000 P:envMxdIZc
C0/9A0A C2 20       REP #$20       (16-bit accumulator)                A:0000 X:001E Y:0000 P:envMxdIZc
C0/9A0C 4A          LSR A                   A:0000 X:001E Y:0000 P:envmxdIZc
C0/9A0D 18          CLC                     A:0000 X:001E Y:0000 P:envmxdIZc
C0/9A0E 79 19 14    ADC $1419,y[$00:1419]   A:0000 X:001E Y:0000 P:envmxdIZc
C0/9A11 99 1B 14    STA $141B,y[$00:141B]   A:0000 X:001E Y:0000 P:envmxdIZc
C0/9A14 A5 06       LDA $06    [$00:0B06]   A:0000 X:001E Y:0000 P:envmxdIZc
C0/9A16 E2 20       SEP #$20       (8-bit accumulator)                A:0000 X:001E Y:0000 P:envmxdIZc
C0/9A18 B9 17 14    LDA $1417,y[$00:1417]   A:0000 X:001E Y:0000 P:envMxdIZc
C0/9A1B 29 1C       AND #$1C                A:0000 X:001E Y:0000 P:envMxdIZc
C0/9A1D 4A          LSR A                   A:0000 X:001E Y:0000 P:envMxdIZc
C0/9A1E 4A          LSR A                   A:0000 X:001E Y:0000 P:envMxdIZc
C0/9A1F AA          TAX                     A:0000 X:001E Y:0000 P:envMxdIZc
C0/9A20 B9 18 14    LDA $1418,y[$00:1418]   A:0000 X:0000 Y:0000 P:envMxdIZc
C0/9A23 18          CLC                     A:0000 X:0000 Y:0000 P:envMxdIZc
C0/9A24 7F 8E 9A C0 ADC $C09A8E,x[$C0:9A8E] A:0000 X:0000 Y:0000 P:envMxdIZc
C0/9A28 99 18 14    STA $1418,y[$00:1418]   A:0001 X:0000 Y:0000 P:envMxdIzc
C0/9A2B B9 17 14    LDA $1417,y[$00:1417]   A:0001 X:0000 Y:0000 P:envMxdIzc
C0/9A2E 29 03       AND #$03                A:0000 X:0000 Y:0000 P:envMxdIZc
C0/9A30 AA          TAX                     A:0000 X:0000 Y:0000 P:envMxdIZc
C0/9A31 B9 18 14    LDA $1418,y[$00:1418]   A:0000 X:0000 Y:0000 P:envMxdIZc
C0/9A34 3F 8A 9A C0 AND $C09A8A,x[$C0:9A8A] A:0001 X:0000 Y:0000 P:envMxdIzc
C0/9A38 99 18 14    STA $1418,y[$00:1418]   A:0001 X:0000 Y:0000 P:envMxdIzc
C0/9A3B 98          TYA                     A:0001 X:0000 Y:0000 P:envMxdIzc
C0/9A3C 18          CLC                     A:0000 X:0000 Y:0000 P:envMxdIZc
C0/9A3D 69 08       ADC #$08                A:0000 X:0000 Y:0000 P:envMxdIZc
C0/9A3F A8          TAY                     A:0008 X:0000 Y:0000 P:envMxdIzc
C0/9A40 C0 40 00    CPY #$0040              A:0008 X:0000 Y:0008 P:envMxdIzc
C0/9A43 D0 BD       BNE $BD    [$9A02]      A:0008 X:0000 Y:0008 P:eNvMxdIzc
C0/9A45 B9 18 14    LDA $1418,y[$00:1458]   A:0040 X:0000 Y:0040 P:envMxdIZC
C0/9A48 4A          LSR A                   A:0000 X:0000 Y:0040 P:envMxdIZC
C0/9A49 4A          LSR A                   A:0000 X:0000 Y:0040 P:envMxdIZc
C0/9A4A 4A          LSR A                   A:0000 X:0000 Y:0040 P:envMxdIZc
C0/9A4B 4A          LSR A                   A:0000 X:0000 Y:0040 P:envMxdIZc
C0/9A4C EB          XBA                     A:0000 X:0000 Y:0040 P:envMxdIZc
C0/9A4D C2 20       REP #$20       (16-bit accumulator)                A:0000 X:0000 Y:0040 P:envMxdIZc
C0/9A4F 4A          LSR A                   A:0000 X:0000 Y:0040 P:envmxdIZc
C0/9A50 4A          LSR A                   A:0000 X:0000 Y:0040 P:envmxdIZc
C0/9A51 18          CLC                     A:0000 X:0000 Y:0040 P:envmxdIZc
C0/9A52 79 19 14    ADC $1419,y[$00:1459]   A:0000 X:0000 Y:0040 P:envmxdIZc
C0/9A55 99 1B 14    STA $141B,y[$00:145B]   A:0000 X:0000 Y:0040 P:envmxdIZc
C0/9A58 A5 06       LDA $06    [$00:0B06]   A:0000 X:0000 Y:0040 P:envmxdIZc
C0/9A5A E2 20       SEP #$20       (8-bit accumulator)                A:0000 X:0000 Y:0040 P:envmxdIZc
C0/9A5C B9 17 14    LDA $1417,y[$00:1457]   A:0000 X:0000 Y:0040 P:envMxdIZc
C0/9A5F 29 1C       AND #$1C                A:0000 X:0000 Y:0040 P:envMxdIZc
C0/9A61 4A          LSR A                   A:0000 X:0000 Y:0040 P:envMxdIZc
C0/9A62 4A          LSR A                   A:0000 X:0000 Y:0040 P:envMxdIZc
C0/9A63 AA          TAX                     A:0000 X:0000 Y:0040 P:envMxdIZc
C0/9A64 B9 18 14    LDA $1418,y[$00:1458]   A:0000 X:0000 Y:0040 P:envMxdIZc
C0/9A67 18          CLC                     A:0000 X:0000 Y:0040 P:envMxdIZc
C0/9A68 7F 8E 9A C0 ADC $C09A8E,x[$C0:9A8E] A:0000 X:0000 Y:0040 P:envMxdIZc
C0/9A6C 99 18 14    STA $1418,y[$00:1458]   A:0001 X:0000 Y:0040 P:envMxdIzc
C0/9A6F B9 17 14    LDA $1417,y[$00:1457]   A:0001 X:0000 Y:0040 P:envMxdIzc
C0/9A72 29 03       AND #$03                A:0000 X:0000 Y:0040 P:envMxdIZc
C0/9A74 AA          TAX                     A:0000 X:0000 Y:0040 P:envMxdIZc
C0/9A75 B9 18 14    LDA $1418,y[$00:1458]   A:0000 X:0000 Y:0040 P:envMxdIZc
C0/9A78 3F 8A 9A C0 AND $C09A8A,x[$C0:9A8A] A:0001 X:0000 Y:0040 P:envMxdIzc
C0/9A7C 99 18 14    STA $1418,y[$00:1458]   A:0001 X:0000 Y:0040 P:envMxdIzc
C0/9A7F 98          TYA                     A:0001 X:0000 Y:0040 P:envMxdIzc
C0/9A80 18          CLC                     A:0040 X:0000 Y:0040 P:envMxdIzc
C0/9A81 69 08       ADC #$08                A:0040 X:0000 Y:0040 P:envMxdIzc
C0/9A83 A8          TAY                     A:0048 X:0000 Y:0040 P:envMxdIzc
C0/9A84 C0 60 00    CPY #$0060              A:0048 X:0000 Y:0048 P:envMxdIzc
C0/9A87 D0 BC       BNE $BC    [$9A45]      A:0048 X:0000 Y:0048 P:eNvMxdIzc
C0/9A89 60          RTS

C0/9A96 AD 14 11    LDA $1114  [$00:1114]   A:0000 X:00D0 Y:0018 P:envMxdIZC
C0/9A99 8D 02 42    STA $4202  [$00:4202]   A:0017 X:00D0 Y:0018 P:envMxdIzC
C0/9A9C A9 24       LDA #$24                A:0017 X:00D0 Y:0018 P:envMxdIzC
C0/9A9E 8D 03 42    STA $4203  [$00:4203]   A:0024 X:00D0 Y:0018 P:envMxdIzC
C0/9AA1 EA          NOP                     A:0024 X:00D0 Y:0018 P:envMxdIzC
C0/9AA2 EA          NOP                     A:0024 X:00D0 Y:0018 P:envMxdIzC
C0/9AA3 EA          NOP                     A:0024 X:00D0 Y:0018 P:envMxdIzC
C0/9AA4 EA          NOP                     A:0024 X:00D0 Y:0018 P:envMxdIzC
C0/9AA5 AE 16 42    LDX $4216  [$00:4216]   A:0024 X:00D0 Y:0018 P:envMxdIzC
C0/9AA8 86 13       STX $13    [$00:0B13]   A:0024 X:033C Y:0018 P:envMxdIzC
C0/9AAA A6 06       LDX $06    [$00:0B06]   A:0024 X:033C Y:0018 P:envMxdIzC
C0/9AAC 86 15       STX $15    [$00:0B15]   A:0024 X:0000 Y:0018 P:envMxdIZC
C0/9AAE C2 20       REP #$20       (16-bit accumulator)                A:0024 X:0000 Y:0018 P:envMxdIZC
C0/9AB0 A5 15       LDA $15    [$00:0B15]   A:0024 X:0000 Y:0018 P:envmxdIZC
C0/9AB2 0A          ASL A                   A:0000 X:0000 Y:0018 P:envmxdIZC
C0/9AB3 18          CLC                     A:0000 X:0000 Y:0018 P:envmxdIZc
C0/9AB4 65 13       ADC $13    [$00:0B13]   A:0000 X:0000 Y:0018 P:envmxdIZc
C0/9AB6 AA          TAX                     A:033C X:0000 Y:0018 P:envmxdIzc
C0/9AB7 A5 15       LDA $15    [$00:0B15]   A:033C X:033C Y:0018 P:envmxdIzc
C0/9AB9 0A          ASL A                   A:0000 X:033C Y:0018 P:envmxdIZc
C0/9ABA 0A          ASL A                   A:0000 X:033C Y:0018 P:envmxdIZc
C0/9ABB 0A          ASL A                   A:0000 X:033C Y:0018 P:envmxdIZc
C0/9ABC A8          TAY                     A:0000 X:033C Y:0018 P:envmxdIZc
C0/9ABD BF A7 9D C0 LDA $C09DA7,x[$C0:A0E3] A:0000 X:033C Y:0000 P:envmxdIZc
C0/9AC1 99 19 14    STA $1419,y[$00:1419]   A:B200 X:033C Y:0000 P:eNvmxdIzc
C0/9AC4 85 2E       STA $2E    [$00:0B2E]   A:B200 X:033C Y:0000 P:eNvmxdIzc
C0/9AC6 A5 15       LDA $15    [$00:0B15]   A:B200 X:033C Y:0000 P:eNvmxdIzc
C0/9AC8 EB          XBA                     A:0000 X:033C Y:0000 P:envmxdIZc
C0/9AC9 0A          ASL A                   A:0000 X:033C Y:0000 P:envmxdIZc
C0/9ACA 0A          ASL A                   A:0000 X:033C Y:0000 P:envmxdIZc
C0/9ACB 0A          ASL A                   A:0000 X:033C Y:0000 P:envmxdIZc
C0/9ACC 85 23       STA $23    [$00:0B23]   A:0000 X:033C Y:0000 P:envmxdIZc
C0/9ACE A5 15       LDA $15    [$00:0B15]   A:0000 X:033C Y:0000 P:envmxdIZc
C0/9AD0 18          CLC                     A:0000 X:033C Y:0000 P:envmxdIZc
C0/9AD1 65 13       ADC $13    [$00:0B13]   A:0000 X:033C Y:0000 P:envmxdIZc
C0/9AD3 AA          TAX                     A:033C X:033C Y:0000 P:envmxdIzc
C0/9AD4 A5 06       LDA $06    [$00:0B06]   A:033C X:033C Y:0000 P:envmxdIzc
C0/9AD6 E2 20       SEP #$20       (8-bit accumulator)                A:0000 X:033C Y:0000 P:envmxdIZc
C0/9AD8 A9 00       LDA #$00                A:0000 X:033C Y:0000 P:envMxdIZc
C0/9ADA 99 18 14    STA $1418,y[$00:1418]   A:0000 X:033C Y:0000 P:envMxdIZc
C0/9ADD BF 9B 9D C0 LDA $C09D9B,x[$C0:A0D7] A:0000 X:033C Y:0000 P:envMxdIZc
C0/9AE1 99 17 14    STA $1417,y[$00:1417]   A:0009 X:033C Y:0000 P:envMxdIzc
C0/9AE4 10 12       BPL $9AF8
C0/9AE6 C2 20       REP #$20       (16-bit accumulator)
C0/9AE8 A5 23       LDA $23
C0/9AEA 18          CLC
C0/9AEB 69 22 86    ADC #$8622
C0/9AEE 99 19 14    STA $1419,y
C0/9AF1 A5 06       LDA $06
C0/9AF3 E2 20       SEP #$20       (8-bit accumulator)
C0/9AF5 20 01 9B    JSR $9B01
C0/9AF8 E6 15       INC $15
C0/9AFA A5 15       LDA $15
C0/9AFC C9 0C       CMP #$0C
C0/9AFE D0 AE       BNE $9AAE
C0/9B00 60          RTS

C0/9B01 C2 20       REP #$20       (16-bit accumulator)
C0/9B03 A6 2E       LDX $2E
C0/9B05 A4 06       LDY $06
C0/9B07 BF 00 9B DF LDA $DF9B00,x
C0/9B0B 99 00 0F    STA $0F00,y
C0/9B0E E8          INX
C0/9B0F E8          INX
C0/9B10 C8          INY
C0/9B11 C8          INY
C0/9B12 C0 80 00    CPY #$0080
C0/9B15 D0 F0       BNE $9B07
C0/9B17 A5 06       LDA $06
C0/9B19 E2 20       SEP #$20       (8-bit accumulator)
C0/9B1B A5 15       LDA $15
C0/9B1D C9 08       CMP #$08
C0/9B1F B0 19       BCS $9B3A
C0/9B21 A4 06       LDY $06
C0/9B23 20 3D 9C    JSR $9C3D
C0/9B26 C8          INY
C0/9B27 C0 20 00    CPY #$0020
C0/9B2A D0 F7       BNE $9B23
C0/9B2C A0 40 00    LDY #$0040
C0/9B2F 20 3D 9C    JSR $9C3D
C0/9B32 C8          INY
C0/9B33 C0 60 00    CPY #$0060
C0/9B36 D0 F7       BNE $9B2F
C0/9B38 80 17       BRA $9B51
C0/9B3A A4 06       LDY $06
C0/9B3C 20 AC 9C    JSR $9CAC
C0/9B3F C8          INY
C0/9B40 C0 10 00    CPY #$0010
C0/9B43 D0 F7       BNE $9B3C
C0/9B45 A0 20 00    LDY #$0020              A:006B X:5F00 Y:0010 P:envMxdIZC
C0/9B48 20 AC 9C    JSR $9CAC
C0/9B4B C8          INY                     A:00FF X:5F00 Y:0020 P:eNvMxdIzC
C0/9B4C C0 30 00    CPY #$0030              A:00FF X:5F00 Y:0021 P:envMxdIzC
C0/9B4F D0 F7       BNE $9B48
C0/9B51 C2 20       REP #$20       (16-bit accumulator)                A:0072 X:1080 Y:0060 P:envMxdIZC
C0/9B53 A5 23       LDA $23    [$00:0B23]   A:0072 X:1080 Y:0060 P:envmxdIZC
C0/9B55 85 0F       STA $0F    [$00:0B0F]   A:0000 X:1080 Y:0060 P:envmxdIZC
C0/9B57 A5 06       LDA $06    [$00:0B06]   A:0000 X:1080 Y:0060 P:envmxdIZC
C0/9B59 85 0D       STA $0D    [$00:0B0D]   A:0000 X:1080 Y:0060 P:envmxdIZC
C0/9B5B A5 06       LDA $06    [$00:0B06]   A:0000 X:1080 Y:0060 P:envmxdIZC
C0/9B5D 85 11       STA $11    [$00:0B11]   A:0000 X:1080 Y:0060 P:envmxdIZC
C0/9B5F A5 15       LDA $15    [$00:0B15]   A:0000 X:1080 Y:0060 P:envmxdIZC
C0/9B61 C9 08 00    CMP #$0008              A:0000 X:1080 Y:0060 P:envmxdIZC
C0/9B64 B0 4F       BCS $4F    [$9BB5]      A:0000 X:1080 Y:0060 P:eNvmxdIzc
C0/9B66 A6 0D       LDX $0D    [$00:0B0D]   A:0000 X:1080 Y:0060 P:eNvmxdIzc
C0/9B68 BF 2B 9D C0 LDA $C09D2B,x[$C0:9D2B] A:0000 X:0000 Y:0060 P:envmxdIZc
C0/9B6C 18          CLC                     A:0100 X:0000 Y:0060 P:envmxdIzc
C0/9B6D 65 11       ADC $11    [$00:0B11]   A:0100 X:0000 Y:0060 P:envmxdIzc
C0/9B6F 48          PHA                     A:0100 X:0000 Y:0060 P:envmxdIzc
C0/9B70 BF 1B 9D C0 LDA $C09D1B,x[$C0:9D1B] A:0100 X:0000 Y:0060 P:envmxdIzc
C0/9B74 18          CLC                     A:0100 X:0000 Y:0060 P:envmxdIzc
C0/9B75 65 11       ADC $11    [$00:0B11]   A:0100 X:0000 Y:0060 P:envmxdIzc
C0/9B77 A8          TAY                     A:0100 X:0000 Y:0060 P:envmxdIzc
C0/9B78 A6 0F       LDX $0F    [$00:0B0F]   A:0100 X:0000 Y:0100 P:envmxdIzc
C0/9B7A B9 00 0E    LDA $0E00,y[$00:0F00]   A:0100 X:0000 Y:0100 P:envmxdIZc
C0/9B7D 9F 22 86 7F STA $7F8622,x[$7F:8622] A:5F5F X:0000 Y:0100 P:envmxdIzc
C0/9B81 B9 20 0E    LDA $0E20,y[$00:0F20]   A:5F5F X:0000 Y:0100 P:envmxdIzc
C0/9B84 9F 42 86 7F STA $7F8642,x[$7F:8642] A:0B09 X:0000 Y:0100 P:envmxdIzc
C0/9B88 B9 10 0E    LDA $0E10,y[$00:0F10]   A:0B09 X:0000 Y:0100 P:envmxdIzc
C0/9B8B 9F 32 86 7F STA $7F8632,x[$7F:8632] A:A05F X:0000 Y:0100 P:eNvmxdIzc
C0/9B8F B9 30 0E    LDA $0E30,y[$00:0F30]   A:A05F X:0000 Y:0100 P:eNvmxdIzc
C0/9B92 9F 52 86 7F STA $7F8652,x[$7F:8652] A:F40B X:0000 Y:0100 P:eNvmxdIzc
C0/9B96 7A          PLY                     A:F40B X:0000 Y:0100 P:eNvmxdIzc
C0/9B97 B9 40 0E    LDA $0E40,y[$00:0F40]   A:F40B X:0000 Y:0100 P:envmxdIzc
C0/9B9A 9F 62 86 7F STA $7F8662,x[$7F:8662] A:0B09 X:0000 Y:0100 P:envmxdIzc
C0/9B9E B9 60 0E    LDA $0E60,y[$00:0F60]   A:0B09 X:0000 Y:0100 P:envmxdIzc
C0/9BA1 9F 82 86 7F STA $7F8682,x[$7F:8682] A:5F5F X:0000 Y:0100 P:envmxdIzc
C0/9BA5 B9 50 0E    LDA $0E50,y[$00:0F50]   A:5F5F X:0000 Y:0100 P:envmxdIzc
C0/9BA8 9F 72 86 7F STA $7F8672,x[$7F:8672] A:F40B X:0000 Y:0100 P:eNvmxdIzc
C0/9BAC B9 70 0E    LDA $0E70,y[$00:0F70]   A:F40B X:0000 Y:0100 P:eNvmxdIzc
C0/9BAF 9F 92 86 7F STA $7F8692,x[$7F:8692] A:A05F X:0000 Y:0100 P:eNvmxdIzc
C0/9BB3 80 36       BRA $36    [$9BEB]      A:A05F X:0000 Y:0100 P:eNvmxdIzc
C0/9BB5 A5 0D       LDA $0D    [$00:0B0D]   A:0008 X:5F00 Y:0030 P:envmxdIZC
C0/9BB7 0A          ASL A                   A:0000 X:5F00 Y:0030 P:envmxdIZC
C0/9BB8 AA          TAX                     A:0000 X:5F00 Y:0030 P:envmxdIZc
C0/9BB9 BF 2B 9D C0 LDA $C09D2B,x[$C0:9D2B] A:0000 X:0000 Y:0030 P:envmxdIZc
C0/9BBD 18          CLC                     A:0100 X:0000 Y:0030 P:envmxdIzc
C0/9BBE 65 11       ADC $11    [$00:0B11]   A:0100 X:0000 Y:0030 P:envmxdIzc
C0/9BC0 48          PHA                     A:0100 X:0000 Y:0030 P:envmxdIzc
C0/9BC1 BF 1B 9D C0 LDA $C09D1B,x[$C0:9D1B] A:0100 X:0000 Y:0030 P:envmxdIzc
C0/9BC5 18          CLC                     A:0100 X:0000 Y:0030 P:envmxdIzc
C0/9BC6 65 11       ADC $11    [$00:0B11]   A:0100 X:0000 Y:0030 P:envmxdIzc
C0/9BC8 A8          TAY                     A:0100 X:0000 Y:0030 P:envmxdIzc
C0/9BC9 A6 0F       LDX $0F    [$00:0B0F]   A:0100 X:0000 Y:0100 P:envmxdIzc
C0/9BCB B9 00 0E    LDA $0E00,y[$00:0F00]   A:0100 X:4000 Y:0100 P:envmxdIzc
C0/9BCE 9F 22 86 7F STA $7F8622,x[$7F:C622] A:7EFF X:4000 Y:0100 P:envmxdIzc
C0/9BD2 B9 10 0E    LDA $0E10,y[$00:0F10]   A:7EFF X:4000 Y:0100 P:envmxdIzc
C0/9BD5 9F 32 86 7F STA $7F8632,x[$7F:C632] A:EA17 X:4000 Y:0100 P:eNvmxdIzc
C0/9BD9 7A          PLY                     A:EA17 X:4000 Y:0100 P:eNvmxdIzc
C0/9BDA B9 20 0E    LDA $0E20,y[$00:0F20]   A:EA17 X:4000 Y:0100 P:envmxdIzc
C0/9BDD 9F 42 86 7F STA $7F8642,x[$7F:C642] A:0CFF X:4000 Y:0100 P:envmxdIzc
C0/9BE1 B9 30 0E    LDA $0E30,y[$00:0F30]   A:0CFF X:4000 Y:0100 P:envmxdIzc
C0/9BE4 9F 52 86 7F STA $7F8652,x[$7F:C652] A:76F9 X:4000 Y:0100 P:envmxdIzc
C0/9BE8 80 01       BRA $9BEB
C0/9BEB A5 0D       LDA $0D    [$00:0B0D]   A:A05F X:0000 Y:0100 P:eNvmxdIzc
C0/9BED 1A          INC A                   A:0000 X:0000 Y:0100 P:envmxdIZc
C0/9BEE 1A          INC A                   A:0001 X:0000 Y:0100 P:envmxdIzc
C0/9BEF 29 1F 00    AND #$001F              A:0002 X:0000 Y:0100 P:envmxdIzc
C0/9BF2 85 0D       STA $0D    [$00:0B0D]   A:0002 X:0000 Y:0100 P:envmxdIzc
C0/9BF4 E6 0F       INC $0F    [$00:0B0F]   A:0002 X:0000 Y:0100 P:envmxdIzc
C0/9BF6 E6 0F       INC $0F    [$00:0B0F]   A:0002 X:0000 Y:0100 P:envmxdIzc
C0/9BF8 E6 11       INC $11    [$00:0B11]   A:0002 X:0000 Y:0100 P:envmxdIzc
C0/9BFA E6 11       INC $11    [$00:0B11]   A:0002 X:0000 Y:0100 P:envmxdIzc
C0/9BFC A5 11       LDA $11    [$00:0B11]   A:0002 X:0000 Y:0100 P:envmxdIzc
C0/9BFE C9 10 00    CMP #$0010              A:0002 X:0000 Y:0100 P:envmxdIzc
C0/9C01 F0 03       BEQ $03    [$9C06]      A:0002 X:0000 Y:0100 P:eNvmxdIzc
C0/9C03 4C 5F 9B    JMP $9B5F  [$00:9B5F]   A:0002 X:0000 Y:0100 P:eNvmxdIzc
C0/9C06 A5 0D       LDA $0D    [$00:0B0D]   A:0010 X:000E Y:008E P:envmxdIZC
C0/9C08 18          CLC                     A:0010 X:000E Y:008E P:envmxdIzC
C0/9C09 69 12 00    ADC #$0012              A:0010 X:000E Y:008E P:envmxdIzc
C0/9C0C 29 1F 00    AND #$001F              A:0022 X:000E Y:008E P:envmxdIzc
C0/9C0F 85 0D       STA $0D    [$00:0B0D]   A:0002 X:000E Y:008E P:envmxdIzc
C0/9C11 A4 15       LDY $15    [$00:0B15]   A:0002 X:000E Y:008E P:envmxdIzc
C0/9C13 C0 08 00    CPY #$0008              A:0002 X:000E Y:0000 P:envmxdIZc
C0/9C16 B0 10       BCS $10    [$9C28]      A:0002 X:000E Y:0000 P:eNvmxdIzc
C0/9C18 A5 0F       LDA $0F    [$00:0B0F]   A:0002 X:000E Y:0000 P:eNvmxdIzc
C0/9C1A 18          CLC
C0/9C1B 69 70 00    ADC #$0070
C0/9C1E 85 0F       STA $0F
C0/9C20 29 FF 07    AND #$07FF
C0/9C23 F0 13       BEQ $9C38
C0/9C25 4C 5B 9B    JMP $9B5B

C0/9C28 A5 0F       LDA $0F
C0/9C2A 18          CLC
C0/9C2B 69 30 00    ADC #$0030
C0/9C2E 85 0F       STA $0F
C0/9C30 29 FF 03    AND #$03FF
C0/9C33 F0 03       BEQ $03
C0/9C35 4C 5B 9B    JMP $9B5B

C0/9C38 A5 06       LDA $06
C0/9C3A E2 20       SEP #$20       (8-bit accumulator)
C0/9C3C 60          RTS

C0/9C3D AD 10 11    LDA $1110
C0/9C40 29 40       AND #$40
C0/9C42 F0 1F       BEQ $9C63

C0/9C63 B9 20 0F    LDA $0F20,y[$00:0F20]   A:0000 X:1080 Y:0000 P:envMxdIZc
C0/9C66 4A          LSR A                   A:0009 X:1080 Y:0000 P:envMxdIzc
C0/9C67 B9 00 0F    LDA $0F00,y[$00:0F00]   A:0004 X:1080 Y:0000 P:envMxdIzC
C0/9C6A 6A          ROR A                   A:005F X:1080 Y:0000 P:envMxdIzC
C0/9C6B 99 80 0F    STA $0F80,y[$00:0F80]   A:00AF X:1080 Y:0000 P:eNvMxdIzC
C0/9C6E B9 20 0F    LDA $0F20,y[$00:0F20]   A:00AF X:1080 Y:0000 P:eNvMxdIzC
C0/9C71 6A          ROR A                   A:0009 X:1080 Y:0000 P:envMxdIzC
C0/9C72 99 A0 0F    STA $0FA0,y[$00:0FA0]   A:0084 X:1080 Y:0000 P:eNvMxdIzC
C0/9C75 B9 A0 0F    LDA $0FA0,y[$00:0FA0]   A:0084 X:1080 Y:0000 P:eNvMxdIzC
C0/9C78 4A          LSR A                   A:0084 X:1080 Y:0000 P:eNvMxdIzC
C0/9C79 B9 80 0F    LDA $0F80,y[$00:0F80]   A:0042 X:1080 Y:0000 P:envMxdIzc
C0/9C7C 6A          ROR A                   A:00AF X:1080 Y:0000 P:eNvMxdIzc
C0/9C7D 99 00 10    STA $1000,y[$00:1000]   A:0057 X:1080 Y:0000 P:envMxdIzC
C0/9C80 B9 A0 0F    LDA $0FA0,y[$00:0FA0]   A:0057 X:1080 Y:0000 P:envMxdIzC
C0/9C83 6A          ROR A                   A:0084 X:1080 Y:0000 P:eNvMxdIzC
C0/9C84 99 20 10    STA $1020,y[$00:1020]   A:00C2 X:1080 Y:0000 P:eNvMxdIzc
C0/9C87 B9 00 0F    LDA $0F00,y[$00:0F00]   A:00C2 X:1080 Y:0000 P:eNvMxdIzc
C0/9C8A 0A          ASL A                   A:005F X:1080 Y:0000 P:envMxdIzc
C0/9C8B B9 20 0F    LDA $0F20,y[$00:0F20]   A:00BE X:1080 Y:0000 P:eNvMxdIzc
C0/9C8E 2A          ROL A                   A:0009 X:1080 Y:0000 P:envMxdIzc
C0/9C8F 99 A0 0E    STA $0EA0,y[$00:0EA0]   A:0012 X:1080 Y:0000 P:envMxdIzc
C0/9C92 B9 00 0F    LDA $0F00,y[$00:0F00]   A:0012 X:1080 Y:0000 P:envMxdIzc
C0/9C95 2A          ROL A                   A:005F X:1080 Y:0000 P:envMxdIzc
C0/9C96 99 80 0E    STA $0E80,y[$00:0E80]   A:00BE X:1080 Y:0000 P:eNvMxdIzc
C0/9C99 B9 80 0E    LDA $0E80,y[$00:0E80]   A:00BE X:1080 Y:0000 P:eNvMxdIzc
C0/9C9C 0A          ASL A                   A:00BE X:1080 Y:0000 P:eNvMxdIzc
C0/9C9D B9 A0 0E    LDA $0EA0,y[$00:0EA0]   A:007C X:1080 Y:0000 P:envMxdIzC
C0/9CA0 2A          ROL A                   A:0012 X:1080 Y:0000 P:envMxdIzC
C0/9CA1 99 20 0E    STA $0E20,y[$00:0E20]   A:0025 X:1080 Y:0000 P:envMxdIzc
C0/9CA4 B9 80 0E    LDA $0E80,y[$00:0E80]   A:0025 X:1080 Y:0000 P:envMxdIzc
C0/9CA7 2A          ROL A                   A:00BE X:1080 Y:0000 P:eNvMxdIzc
C0/9CA8 99 00 0E    STA $0E00,y[$00:0E00]   A:007C X:1080 Y:0000 P:envMxdIzC
C0/9CAB 60          RTS

C0/9CAC AD 10 11    LDA $1110  [$00:1110]   A:0008 X:5F00 Y:0000 P:envMxdIZC
C0/9CAF 29 40       AND #$40                A:0003 X:5F00 Y:0000 P:envMxdIzC
C0/9CB1 F0 1F       BEQ $1F    [$9CD2]      A:0000 X:5F00 Y:0000 P:envMxdIZC
C0/9CD2 B9 10 0F    LDA $0F10,y[$00:0F10]   A:0000 X:5F00 Y:0000 P:envMxdIZC
C0/9CD5 4A          LSR A                   A:0017 X:5F00 Y:0000 P:envMxdIzC
C0/9CD6 B9 00 0F    LDA $0F00,y[$00:0F00]   A:000B X:5F00 Y:0000 P:envMxdIzC
C0/9CD9 6A          ROR A                   A:00FF X:5F00 Y:0000 P:eNvMxdIzC
C0/9CDA 99 80 0F    STA $0F80,y[$00:0F80]   A:00FF X:5F00 Y:0000 P:eNvMxdIzC
C0/9CDD B9 10 0F    LDA $0F10,y[$00:0F10]   A:00FF X:5F00 Y:0000 P:eNvMxdIzC
C0/9CE0 6A          ROR A                   A:0017 X:5F00 Y:0000 P:envMxdIzC
C0/9CE1 99 90 0F    STA $0F90,y[$00:0F90]   A:008B X:5F00 Y:0000 P:eNvMxdIzC
C0/9CE4 B9 90 0F    LDA $0F90,y[$00:0F90]   A:008B X:5F00 Y:0000 P:eNvMxdIzC
C0/9CE7 4A          LSR A                   A:008B X:5F00 Y:0000 P:eNvMxdIzC
C0/9CE8 B9 80 0F    LDA $0F80,y[$00:0F80]   A:0045 X:5F00 Y:0000 P:envMxdIzC
C0/9CEB 6A          ROR A                   A:00FF X:5F00 Y:0000 P:eNvMxdIzC
C0/9CEC 99 00 10    STA $1000,y[$00:1000]   A:00FF X:5F00 Y:0000 P:eNvMxdIzC
C0/9CEF B9 90 0F    LDA $0F90,y[$00:0F90]   A:00FF X:5F00 Y:0000 P:eNvMxdIzC
C0/9CF2 6A          ROR A                   A:008B X:5F00 Y:0000 P:eNvMxdIzC
C0/9CF3 99 10 10    STA $1010,y[$00:1010]   A:00C5 X:5F00 Y:0000 P:eNvMxdIzC
C0/9CF6 B9 00 0F    LDA $0F00,y[$00:0F00]   A:00C5 X:5F00 Y:0000 P:eNvMxdIzC
C0/9CF9 0A          ASL A                   A:00FF X:5F00 Y:0000 P:eNvMxdIzC
C0/9CFA B9 10 0F    LDA $0F10,y[$00:0F10]   A:00FE X:5F00 Y:0000 P:eNvMxdIzC
C0/9CFD 2A          ROL A                   A:0017 X:5F00 Y:0000 P:envMxdIzC
C0/9CFE 99 90 0E    STA $0E90,y[$00:0E90]   A:002F X:5F00 Y:0000 P:envMxdIzc
C0/9D01 B9 00 0F    LDA $0F00,y[$00:0F00]   A:002F X:5F00 Y:0000 P:envMxdIzc
C0/9D04 2A          ROL A                   A:00FF X:5F00 Y:0000 P:eNvMxdIzc
C0/9D05 99 80 0E    STA $0E80,y[$00:0E80]   A:00FE X:5F00 Y:0000 P:eNvMxdIzC
C0/9D08 B9 80 0E    LDA $0E80,y[$00:0E80]   A:00FE X:5F00 Y:0000 P:eNvMxdIzC
C0/9D0B 0A          ASL A                   A:00FE X:5F00 Y:0000 P:eNvMxdIzC
C0/9D0C B9 90 0E    LDA $0E90,y[$00:0E90]   A:00FC X:5F00 Y:0000 P:eNvMxdIzC
C0/9D0F 2A          ROL A                   A:002F X:5F00 Y:0000 P:envMxdIzC
C0/9D10 99 10 0E    STA $0E10,y[$00:0E10]   A:005F X:5F00 Y:0000 P:envMxdIzc
C0/9D13 B9 80 0E    LDA $0E80,y[$00:0E80]   A:005F X:5F00 Y:0000 P:envMxdIzc
C0/9D16 2A          ROL A                   A:00FE X:5F00 Y:0000 P:eNvMxdIzc
C0/9D17 99 00 0E    STA $0E00,y[$00:0E00]   A:00FC X:5F00 Y:0000 P:eNvMxdIzC
C0/9D1A 60          RTS

C0/A18B AD FB 0A    LDA $0AFB
C0/A18E F0 30       BEQ $A1C0

C0/A1C0 60          RTS

C0/A217 64 D2       STZ $D2    [$00:0BD2]   A:0081 X:0010 Y:001E P:eNvMxdizC
C0/A219 9C AA 16    STZ $16AA  [$00:16AA]   A:0081 X:0010 Y:001E P:eNvMxdizC
C0/A21C C2 20       REP #$20       (16-bit accumulator)                A:0081 X:0010 Y:001E P:eNvMxdizC
C0/A21E A4 06       LDY $06    [$00:0B06]   A:0081 X:0010 Y:001E P:eNvmxdizC
C0/A220 84 D4       STY $D4    [$00:0BD4]   A:0081 X:0010 Y:0000 P:envmxdiZC
C0/A222 A5 CE       LDA $CE    [$00:0BCE]   A:0081 X:0010 Y:0000 P:envmxdiZC
C0/A224 0A          ASL A                   A:0010 X:0010 Y:0000 P:envmxdizC
C0/A225 18          CLC                     A:0020 X:0010 Y:0000 P:envmxdizc
C0/A226 65 CE       ADC $CE    [$00:0BCE]   A:0020 X:0010 Y:0000 P:envmxdizc
C0/A228 AA          TAX                     A:0030 X:0010 Y:0000 P:envmxdizc
C0/A229 BF 20 33 C8 LDA $C83320,x[$C8:3350] A:0030 X:0030 Y:0000 P:envmxdizc
C0/A22D 99 26 11    STA $1126,y[$00:1126]   A:4A39 X:0030 Y:0000 P:envmxdizc
C0/A230 85 D6       STA $D6    [$00:0BD6]   A:4A39 X:0030 Y:0000 P:envmxdizc
C0/A232 BF 22 33 C8 LDA $C83322,x[$C8:3352] A:4A39 X:0030 Y:0000 P:envmxdizc
C0/A236 29 FF 00    AND #$00FF              A:3FC8 X:0030 Y:0000 P:envmxdizc
C0/A239 99 28 11    STA $1128,y[$00:1128]   A:00C8 X:0030 Y:0000 P:envmxdizc
C0/A23C 85 D8       STA $D8    [$00:0BD8]   A:00C8 X:0030 Y:0000 P:envmxdizc
C0/A23E A9 01 00    LDA #$0001              A:00C8 X:0030 Y:0000 P:envmxdizc
C0/A241 99 66 11    STA $1166,y[$00:1166]   A:0001 X:0030 Y:0000 P:envmxdizc
C0/A244 A5 06       LDA $06    [$00:0B06]   A:0001 X:0030 Y:0000 P:envmxdizc
C0/A246 E2 20       SEP #$20       (8-bit accumulator)                A:0000 X:0030 Y:0000 P:envmxdiZc
C0/A248 64 BA       STZ $BA    [$00:0BBA]   A:0000 X:0030 Y:0000 P:envMxdiZc
C0/A24A A6 D4       LDX $D4    [$00:0BD4]   A:0000 X:0030 Y:0000 P:envMxdiZc
C0/A24C A0 05 00    LDY #$0005              A:0000 X:0000 Y:0000 P:envMxdiZc
C0/A24F B7 D6       LDA [$D6],y[$C8:4A3E]   A:0000 X:0000 Y:0005 P:envMxdizc
C0/A251 85 E3       STA $E3    [$00:0BE3]   A:00FF X:0000 Y:0005 P:eNvMxdizc
C0/A253 88          DEY                     A:00FF X:0000 Y:0005 P:eNvMxdizc
C0/A254 B7 D6       LDA [$D6],y[$C8:4A3D]   A:00FF X:0000 Y:0004 P:envMxdizc
C0/A256 85 E2       STA $E2    [$00:0BE2]   A:0032 X:0000 Y:0004 P:envMxdizc
C0/A258 88          DEY                     A:0032 X:0000 Y:0004 P:envMxdizc
C0/A259 B7 D6       LDA [$D6],y[$C8:4A3C]   A:0032 X:0000 Y:0003 P:envMxdizc
C0/A25B 85 E1       STA $E1    [$00:0BE1]   A:00AF X:0000 Y:0003 P:eNvMxdizc
C0/A25D 88          DEY                     A:00AF X:0000 Y:0003 P:eNvMxdizc
C0/A25E B7 D6       LDA [$D6],y[$C8:4A3B]   A:00AF X:0000 Y:0002 P:envMxdizc
C0/A260 85 E0       STA $E0    [$00:0BE0]   A:0000 X:0000 Y:0002 P:envMxdiZc
C0/A262 88          DEY                     A:0000 X:0000 Y:0002 P:envMxdiZc
C0/A263 B7 D6       LDA [$D6],y[$C8:4A3A]   A:0000 X:0000 Y:0001 P:envMxdizc
C0/A265 85 DF       STA $DF    [$00:0BDF]   A:0026 X:0000 Y:0001 P:envMxdizc
C0/A267 88          DEY                     A:0026 X:0000 Y:0001 P:envMxdizc
C0/A268 B7 D6       LDA [$D6],y[$C8:4A39]   A:0026 X:0000 Y:0000 P:envMxdiZc
C0/A26A 85 DE       STA $DE    [$00:0BDE]   A:00CD X:0000 Y:0000 P:eNvMxdizc
C0/A26C C9 C7       CMP #$C7                A:00CD X:0000 Y:0000 P:eNvMxdizc
C0/A26E D0 08       BNE $A278
C0/A270 E6 D2       INC $D2    [$00:0BD2]   A:00C7 X:0004 Y:0000 P:envMxdiZC
C0/A272 20 0A A4    JSR $A40A
C0/A275 4C CB A2    JMP $A2CB

C0/A278 C9 CF       CMP #$CF                A:00CD X:0000 Y:0000 P:envMxdizC
C0/A27A D0 08       BNE $A284    [$A284]      A:00CD X:0000 Y:0000 P:eNvMxdizc
C0/A27C E6 D2       INC $D2    [$00:0BD2]   A:00CF X:0004 Y:0000 P:envMxdiZC
C0/A27E 20 C9 A3    JSR $A3C9  [$C0:A3C9]   A:00CF X:0004 Y:0000 P:envMxdizC
C0/A281 4C CB A2    JMP $A2CB

C0/A284 C9 CE       CMP #$CE                A:00CD X:0000 Y:0000 P:eNvMxdizc
C0/A286 D0 06       BNE $06    [$A28E]      A:00CD X:0000 Y:0000 P:eNvMxdizc
C0/A288 20 C9 A3    JSR $A3C9
C0/A28B 4C CB A2    JMP $A2CB

C0/A28E C9 CD       CMP #$CD                A:00CD X:0000 Y:0000 P:eNvMxdizc
C0/A290 D0 06       BNE $06    [$A298]      A:00CD X:0000 Y:0000 P:envMxdiZC
C0/A292 20 80 A3    JSR $A380
C0/A295 4C CB A2    JMP $A2CB

C0/A298 C9 FF       CMP #$FF                A:00C4 X:0004 Y:0000 P:eNvMxdizc
C0/A29A D0 0A       BNE $0A    [$A2A6]      A:00C4 X:0004 Y:0000 P:eNvMxdizc
C0/A29C A4 D4       LDY $D4    [$00:0BD4]   A:00FF X:0008 Y:0000 P:envMxdiZC
C0/A29E F0 7C       BEQ $7C    [$A31C]      A:00FF X:0008 Y:0008 P:envMxdizC
C0/A2A0 20 65 A3    JSR $A365
C0/A2A3 4C CB A2    JMP $A2CB

C0/A2A6 C9 05       CMP #$05                A:00C4 X:0004 Y:0000 P:eNvMxdizc
C0/A2A8 90 12       BCC $12    [$A2BC]      A:00C4 X:0004 Y:0000 P:eNvMxdizC
C0/A2AA C9 70       CMP #$70                A:00C4 X:0004 Y:0000 P:eNvMxdizC
C0/A2AC 90 1A       BCC $1A    [$A2C8]      A:00C4 X:0004 Y:0000 P:envMxdizC
C0/A2AE C9 80       CMP #$80                A:00C4 X:0004 Y:0000 P:envMxdizC
C0/A2B0 90 07       BCC $07    [$A2B9]      A:00C4 X:0004 Y:0000 P:envMxdizC
C0/A2B2 C9 A0       CMP #$A0                A:00C4 X:0004 Y:0000 P:envMxdizC
C0/A2B4 90 09       BCC $A2BF
C0/A2B6 38          SEC                     A:00C4 X:0004 Y:0000 P:envMxdizC
C0/A2B7 E9 20       SBC #$20                A:00C4 X:0004 Y:0000 P:envMxdizC
C0/A2B9 4C 49 A4    JMP $A449

C0/A2BC 4C 5F A4    JMP $A45F

C0/A2BF A5 DF       LDA $DF
C0/A2C1 C9 05       CMP #$05
C0/A2C3 90 F7       BCC $A2BC
C0/A2C5 4C F9 C7    JMP $C7F9

C0/A2C8 4C 32 C9    JMP $C932

C0/A2CB C2 20       REP #$20       (16-bit accumulator)                A:0000 X:0072 Y:0000 P:envMxdiZc
C0/A2CD A6 D4       LDX $D4    [$00:0BD4]   A:0000 X:0072 Y:0000 P:envmxdiZc
C0/A2CF F0 44       BEQ $44    [$A315]      A:0000 X:0004 Y:0000 P:envmxdizc
C0/A2D1 A5 D6       LDA $D6    [$00:0BD6]   A:0000 X:0004 Y:0000 P:envmxdizc
C0/A2D3 DD 42 11    CMP $1142,x
C0/A2D6 D0 3D       BNE $3D    [$A315]      A:4C80 X:0004 Y:0000 P:envmxdizC
C0/A2D8 A5 D8       LDA $D8    [$00:0BD8]   A:4CA5 X:0008 Y:0050 P:envmxdiZC
C0/A2DA DD 44 11    CMP $1144,x
C0/A2DD D0 36       BNE $36    [$A315]      A:00C8 X:0008 Y:0050 P:envmxdiZC
C0/A2DF BD 62 11    LDA $1162,x
C0/A2E2 3A          DEC A                   A:000A X:0008 Y:0050 P:envmxdizC
C0/A2E3 9D 62 11    STA $1162,x
C0/A2E6 D0 23       BNE $23    [$A30B]      A:0009 X:0008 Y:0050 P:envmxdizC
C0/A2E8 C6 D4       DEC $D4    [$00:0BD4]   A:0000 X:0008 Y:0050 P:envmxdiZC
C0/A2EA C6 D4       DEC $D4    [$00:0BD4]   A:0000 X:0008 Y:0050 P:envmxdizC
C0/A2EC C6 D4       DEC $D4    [$00:0BD4]   A:0000 X:0008 Y:0050 P:envmxdizC
C0/A2EE C6 D4       DEC $D4    [$00:0BD4]   A:0000 X:0008 Y:0050 P:envmxdizC
C0/A2F0 A6 D4       LDX $D4    [$00:0BD4]   A:0000 X:0008 Y:0050 P:envmxdizC
C0/A2F2 BD 46 11    LDA $1146,x
C0/A2F5 85 D6       STA $D6    [$00:0BD6]   A:4CA5 X:0004 Y:0050 P:envmxdizC
C0/A2F7 BD 48 11    LDA $1148,x
C0/A2FA 85 D8       STA $D8    [$00:0BD8]   A:00C8 X:0004 Y:0050 P:envmxdizC
C0/A2FC A5 06       LDA $06    [$00:0B06]   A:00C8 X:0004 Y:0050 P:envmxdizC
C0/A2FE E2 20       SEP #$20       (8-bit accumulator)                A:0000 X:0004 Y:0050 P:envmxdiZC
C0/A300 64 D2       STZ $D2    [$00:0BD2]   A:0000 X:0004 Y:0050 P:envMxdiZC
C0/A302 C2 20       REP #$20       (16-bit accumulator)                A:0000 X:0004 Y:0050 P:envMxdiZC
C0/A304 E0 00 00    CPX #$0000              A:0000 X:0004 Y:0050 P:envmxdiZC
C0/A307 F0 0C       BEQ $A315
C0/A309 80 C0       BRA $A2CB
C0/A30B BD 22 11    LDA $1122,x
C0/A30E 85 D6       STA $D6    [$00:0BD6]   A:4CA4 X:0008 Y:0050 P:envmxdizC
C0/A310 BD 24 11    LDA $1124,x
C0/A313 85 D8       STA $D8
C0/A315 A5 06       LDA $06
C0/A317 E2 20       SEP #$20       (8-bit accumulator)
C0/A319 4C 48 A2    JMP $A248

C0/A31C A5 53       LDA $53
C0/A31E F0 38       BEQ $A358
C0/A320 A5 E6       LDA $E6
C0/A322 F0 34       BEQ $A358
C0/A324 A4 06       LDY $06
C0/A326 64 E5       STZ $E5
C0/A328 B9 85 14    LDA $1485,y
C0/A32B 4A          LSR A
C0/A32C 90 16       BCC $A344
C0/A344 C2 20       REP #$20       (16-bit accumulator)
C0/A346 98          TYA
C0/A347 18          CLC
C0/A348 69 14 00    ADC #$0014
C0/A34B A8          TAY
C0/A34C A5 06       LDA $06    [$00:0B06]   A:0014 X:0000 Y:0014 P:envmxdizc
C0/A34E E2 20       SEP #$20       (8-bit accumulator)                A:0000 X:0000 Y:0014 P:envmxdiZc
C0/A350 E6 E5       INC $E5    [$00:0BE5]   A:0000 X:0000 Y:0014 P:envMxdiZc
C0/A352 A5 E5       LDA $E5    [$00:0BE5]   A:0000 X:0000 Y:0014 P:envMxdizc
C0/A354 C5 E6       CMP $E6    [$00:0BE6]   A:0001 X:0000 Y:0014 P:envMxdizc
C0/A356 D0 D0       BNE $D0    [$A328]      A:0001 X:0000 Y:0014 P:eNvMxdizc
C0/A32E B9 7B 14    LDA $147B,y
C0/A331 30 04       BMI $04    [$A337]      A:0000 X:0000 Y:0078 P:envMxdiZC
C0/A333 29 7F       AND #$7F                A:0000 X:0000 Y:0078 P:envMxdiZC
C0/A335 D0 0D       BNE $0D    [$A344]      A:0000 X:0000 Y:0078 P:envMxdiZC
C0/A337 B9 78 14    LDA $1478,y
C0/A33A 85 75       STA $75    [$00:0B75]   A:002E X:0000 Y:0078 P:envMxdizC
C0/A33C B9 7A 14    LDA $147A,y
C0/A33F 85 76       STA $76    [$00:0B76]   A:000C X:0000 Y:0078 P:envMxdizC
C0/A341 20 E0 3C    JSR $3CE0
C0/A358 AD DB 0A    LDA $0ADB
C0/A35B 1A          INC A
C0/A35C 85 BF       STA $BF
C0/A35E A9 01       LDA #$01
C0/A360 85 58       STA $58
C0/A362 85 A1       STA $A1
C0/A364 60          RTS

C0/A365 C2 20       REP #$20       (16-bit accumulator)
C0/A367 C6 D4       DEC $D4
C0/A369 C6 D4       DEC $D4
C0/A36B C6 D4       DEC $D4
C0/A36D C6 D4       DEC $D4
C0/A36F A6 D4       LDX $D4
C0/A371 BD 46 11    LDA $1146,x
C0/A374 85 D6       STA $D6
C0/A376 BD 48 11    LDA $1148,x
C0/A379 85 D8       STA $D8
C0/A37B A5 06       LDA $06
C0/A37D E2 20       SEP #$20       (8-bit accumulator)
C0/A37F 60          RTS

C0/A380 C2 20       REP #$20       (16-bit accumulator)                A:00CD X:0000 Y:0000 P:envMxdiZC
C0/A382 A4 D4       LDY $D4    [$00:0BD4]   A:00CD X:0000 Y:0000 P:envmxdiZC
C0/A384 A9 01 00    LDA #$0001              A:00CD X:0000 Y:0000 P:envmxdiZC
C0/A387 99 66 11    STA $1166,y[$00:1166]   A:0001 X:0000 Y:0000 P:envmxdizC
C0/A38A A5 D6       LDA $D6    [$00:0BD6]   A:0001 X:0000 Y:0000 P:envmxdizC
C0/A38C 18          CLC                     A:4A39 X:0000 Y:0000 P:envmxdizC
C0/A38D 69 03 00    ADC #$0003              A:4A39 X:0000 Y:0000 P:envmxdizc
C0/A390 99 46 11    STA $1146,y[$00:1146]   A:4A3C X:0000 Y:0000 P:envmxdizc
C0/A393 A5 06       LDA $06    [$00:0B06]   A:4A3C X:0000 Y:0000 P:envmxdizc
C0/A395 65 D8       ADC $D8    [$00:0BD8]   A:0000 X:0000 Y:0000 P:envmxdiZc
C0/A397 99 48 11    STA $1148,y[$00:1148]   A:00C8 X:0000 Y:0000 P:envmxdizc
C0/A39A A5 DF       LDA $DF    [$00:0BDF]   A:00C8 X:0000 Y:0000 P:envmxdizc
C0/A39C 0A          ASL A                   A:0026 X:0000 Y:0000 P:envmxdizc
C0/A39D 18          CLC                     A:004C X:0000 Y:0000 P:envmxdizc
C0/A39E 65 DF       ADC $DF    [$00:0BDF]   A:004C X:0000 Y:0000 P:envmxdizc
C0/A3A0 AA          TAX                     A:0072 X:0000 Y:0000 P:envmxdizc
C0/A3A1 BF 20 33 C8 LDA $C83320,x[$C8:3392] A:0072 X:0072 Y:0000 P:envmxdizc
C0/A3A5 99 26 11    STA $1126,y[$00:1126]   A:4C80 X:0072 Y:0000 P:envmxdizc
C0/A3A8 85 D6       STA $D6    [$00:0BD6]   A:4C80 X:0072 Y:0000 P:envmxdizc
C0/A3AA BF 22 33 C8 LDA $C83322,x[$C8:3394] A:4C80 X:0072 Y:0000 P:envmxdizc
C0/A3AE 29 FF 00    AND #$00FF              A:D5C8 X:0072 Y:0000 P:eNvmxdizc
C0/A3B1 99 28 11    STA $1128,y[$00:1128]   A:00C8 X:0072 Y:0000 P:envmxdizc
C0/A3B4 85 D8       STA $D8    [$00:0BD8]   A:00C8 X:0072 Y:0000 P:envmxdizc
C0/A3B6 A9 01 00    LDA #$0001              A:00C8 X:0072 Y:0000 P:envmxdizc
C0/A3B9 99 66 11    STA $1166,y[$00:1166]   A:0001 X:0072 Y:0000 P:envmxdizc
C0/A3BC E6 D4       INC $D4    [$00:0BD4]   A:0001 X:0072 Y:0000 P:envmxdizc
C0/A3BE E6 D4       INC $D4    [$00:0BD4]   A:0001 X:0072 Y:0000 P:envmxdizc
C0/A3C0 E6 D4       INC $D4    [$00:0BD4]   A:0001 X:0072 Y:0000 P:envmxdizc
C0/A3C2 E6 D4       INC $D4    [$00:0BD4]   A:0001 X:0072 Y:0000 P:envmxdizc
C0/A3C4 A5 06       LDA $06    [$00:0B06]   A:0001 X:0072 Y:0000 P:envmxdizc
C0/A3C6 E2 20       SEP #$20       (8-bit accumulator)                A:0000 X:0072 Y:0000 P:envmxdiZc
C0/A3C8 60          RTS

C0/A3C9 C2 20       REP #$20       (16-bit accumulator)                A:00CE X:0004 Y:0000 P:envMxdiZC
C0/A3CB A6 D4       LDX $D4    [$00:0BD4]   A:00CE X:0004 Y:0000 P:envmxdiZC
C0/A3CD A5 DF       LDA $DF    [$00:0BDF]   A:00CE X:0004 Y:0000 P:envmxdizC
C0/A3CF 29 FF 00    AND #$00FF              A:010A X:0004 Y:0000 P:envmxdizC
C0/A3D2 9D 66 11    STA $1166,x[$00:116A]   A:000A X:0004 Y:0000 P:envmxdizC
C0/A3D5 A5 D6       LDA $D6    [$00:0BD6]   A:000A X:0004 Y:0000 P:envmxdizC
C0/A3D7 18          CLC                     A:4CA1 X:0004 Y:0000 P:envmxdizC
C0/A3D8 69 03 00    ADC #$0003              A:4CA1 X:0004 Y:0000 P:envmxdizc
C0/A3DB 85 D6       STA $D6    [$00:0BD6]   A:4CA4 X:0004 Y:0000 P:envmxdizc
C0/A3DD 9D 26 11    STA $1126,x[$00:112A]   A:4CA4 X:0004 Y:0000 P:envmxdizc
C0/A3E0 A5 06       LDA $06    [$00:0B06]   A:4CA4 X:0004 Y:0000 P:envmxdizc
C0/A3E2 65 D8       ADC $D8    [$00:0BD8]   A:0000 X:0004 Y:0000 P:envmxdiZc
C0/A3E4 85 D8       STA $D8    [$00:0BD8]   A:00C8 X:0004 Y:0000 P:envmxdizc
C0/A3E6 9D 28 11    STA $1128,x[$00:112C]   A:00C8 X:0004 Y:0000 P:envmxdizc
C0/A3E9 A5 E0       LDA $E0    [$00:0BE0]   A:00C8 X:0004 Y:0000 P:envmxdizc
C0/A3EB 29 FF 00    AND #$00FF              A:0301 X:0004 Y:0000 P:envmxdizc
C0/A3EE 18          CLC                     A:0001 X:0004 Y:0000 P:envmxdizc
C0/A3EF 7D 26 11    ADC $1126,x[$00:112A]   A:0001 X:0004 Y:0000 P:envmxdizc
C0/A3F2 9D 46 11    STA $1146,x[$00:114A]   A:4CA5 X:0004 Y:0000 P:envmxdizc
C0/A3F5 A5 06       LDA $06    [$00:0B06]   A:4CA5 X:0004 Y:0000 P:envmxdizc
C0/A3F7 7D 28 11    ADC $1128,x[$00:112C]   A:0000 X:0004 Y:0000 P:envmxdiZc
C0/A3FA 9D 48 11    STA $1148,x[$00:114C]   A:00C8 X:0004 Y:0000 P:envmxdizc
C0/A3FD E6 D4       INC $D4    [$00:0BD4]   A:00C8 X:0004 Y:0000 P:envmxdizc
C0/A3FF E6 D4       INC $D4    [$00:0BD4]   A:00C8 X:0004 Y:0000 P:envmxdizc
C0/A401 E6 D4       INC $D4    [$00:0BD4]   A:00C8 X:0004 Y:0000 P:envmxdizc
C0/A403 E6 D4       INC $D4    [$00:0BD4]   A:00C8 X:0004 Y:0000 P:envmxdizc
C0/A405 A5 06       LDA $06    [$00:0B06]   A:00C8 X:0004 Y:0000 P:envmxdizc
C0/A407 E2 20       SEP #$20       (8-bit accumulator)
C0/A409 60          RTS

C0/A40A C2 20       REP #$20       (16-bit accumulator)
C0/A40C A6 D4       LDX $D4    [$00:0BD4]   A:00C7 X:0004 Y:0000 P:envmxdizC
C0/A40E A9 01 00    LDA #$0001              A:00C7 X:0004 Y:0000 P:envmxdizC
C0/A411 9D 66 11    STA $1166,x[$00:116A]   A:0001 X:0004 Y:0000 P:envmxdizC
C0/A414 A5 D6       LDA $D6    [$00:0BD6]   A:0001 X:0004 Y:0000 P:envmxdizC
C0/A416 18          CLC                     A:4D4A X:0004 Y:0000 P:envmxdizC
C0/A417 69 02 00    ADC #$0002              A:4D4A X:0004 Y:0000 P:envmxdizc
C0/A41A 85 D6       STA $D6    [$00:0BD6]   A:4D4C X:0004 Y:0000 P:envmxdizc
C0/A41C 9D 26 11    STA $1126,x[$00:112A]   A:4D4C X:0004 Y:0000 P:envmxdizc
C0/A41F A5 06       LDA $06    [$00:0B06]   A:4D4C X:0004 Y:0000 P:envmxdizc
C0/A421 65 D8       ADC $D8    [$00:0BD8]   A:0000 X:0004 Y:0000 P:envmxdiZc
C0/A423 85 D8       STA $D8    [$00:0BD8]   A:00C8 X:0004 Y:0000 P:envmxdizc
C0/A425 9D 28 11    STA $1128,x[$00:112C]   A:00C8 X:0004 Y:0000 P:envmxdizc
C0/A428 A5 DF       LDA $DF    [$00:0BDF]   A:00C8 X:0004 Y:0000 P:envmxdizc
C0/A42A 29 FF 00    AND #$00FF              A:8006 X:0004 Y:0000 P:eNvmxdizc
C0/A42D 18          CLC                     A:0006 X:0004 Y:0000 P:envmxdizc
C0/A42E 7D 26 11    ADC $1126,x[$00:112A]   A:0006 X:0004 Y:0000 P:envmxdizc
C0/A431 9D 46 11    STA $1146,x[$00:114A]   A:4D52 X:0004 Y:0000 P:envmxdizc
C0/A434 A5 06       LDA $06    [$00:0B06]   A:4D52 X:0004 Y:0000 P:envmxdizc
C0/A436 7D 28 11    ADC $1128,x[$00:112C]   A:0000 X:0004 Y:0000 P:envmxdiZc
C0/A439 9D 48 11    STA $1148,x[$00:114C]   A:00C8 X:0004 Y:0000 P:envmxdizc
C0/A43C E6 D4       INC $D4    [$00:0BD4]   A:00C8 X:0004 Y:0000 P:envmxdizc
C0/A43E E6 D4       INC $D4    [$00:0BD4]   A:00C8 X:0004 Y:0000 P:envmxdizc
C0/A440 E6 D4       INC $D4    [$00:0BD4]   A:00C8 X:0004 Y:0000 P:envmxdizc
C0/A442 E6 D4       INC $D4    [$00:0BD4]   A:00C8 X:0004 Y:0000 P:envmxdizc
C0/A444 A5 06       LDA $06    [$00:0B06]   A:00C8 X:0004 Y:0000 P:envmxdizc
C0/A446 E2 20       SEP #$20       (8-bit accumulator)
C0/A448 60          RTS

C0/A449 38          SEC
C0/A44A E9 70       SBC #$70
C0/A44C C2 20       REP #$20       (16-bit accumulator)
C0/A44E 0A          ASL A
C0/A44F AA          TAX
C0/A450 BF 08 A5 C0 LDA $C0A508,x
C0/A454 85 23       STA $23
C0/A456 A5 06       LDA $06
C0/A458 E2 20       SEP #$20       (8-bit accumulator)
C0/A45A A5 DF       LDA $DF
C0/A45C 6C 23 0B    JMP ($0B23)

C0/A45F A4 06       LDY $06
C0/A461 B7 D6       LDA [$D6],y
C0/A463 C9 80       CMP #$80
C0/A465 B0 05       BCS $A46C
C0/A467 20 8A C9    JSR $C98A
C0/A46A 80 03       BRA $A46F
C0/A46C 20 C8 C7    JSR $C7C8
C0/A46F A9 01       LDA #$01
C0/A471 20 60 A6    JSR $A660
C0/A474 A5 D2       LDA $D2
C0/A476 F0 10       BEQ $A488
C0/A478 A4 D4       LDY $D4
C0/A47A BE 42 11    LDX $1142,y
C0/A47D E4 D6       CPX $D6
C0/A47F D0 DE       BNE $A45F
C0/A481 B9 44 11    LDA $1144,y
C0/A484 C5 D8       CMP $D8
C0/A486 D0 D7       BNE $A45F
C0/A488 A5 53       LDA $53
C0/A48A D0 1D       BNE $A4A9
C0/A48C 20 33 17    JSR $1733
C0/A48F 20 8C 0F    JSR $0F8C
C0/A492 20 1D 1A    JSR $1A1D
C0/A495 20 95 4C    JSR $4C95
C0/A498 20 37 21    JSR $2137
C0/A49B 20 C5 1E    JSR $1EC5
C0/A49E 20 64 1E    JSR $1E64
C0/A4A1 20 0A 42    JSR $420A
C0/A4A4 20 2B 61    JSR $612B
C0/A4A7 80 1B       BRA $A4C4
C0/A4A9 20 E8 17    JSR $17E8
C0/A4AC 20 C2 11    JSR $11C2
C0/A4AF 20 E4 1A    JSR $1AE4
C0/A4B2 20 AC 3B    JSR $3BAC
C0/A4B5 20 95 4C    JSR $4C95
C0/A4B8 20 7C 23    JSR $237C
C0/A4BB 20 B3 39    JSR $39B3
C0/A4BE 20 42 28    JSR $2842
C0/A4C1 20 0A 42    JSR $420A
C0/A4C4 20 41 4E    JSR $4E41
C0/A4C7 A5 BE       LDA $BE
C0/A4C9 29 7F       AND #$7F
C0/A4CB D0 BB       BNE $A488
C0/A4CD A5 61       LDA $61
C0/A4CF 29 1F       AND #$1F
C0/A4D1 D0 B5       BNE $A488
C0/A4D3 A5 63       LDA $63
C0/A4D5 29 1F       AND #$1F
C0/A4D7 D0 AF       BNE $A488
C0/A4D9 64 BA       STZ $BA
C0/A4DB 64 3B       STZ $3B
C0/A4DD 64 3C       STZ $3C
C0/A4DF A5 E6       LDA $E6
C0/A4E1 F0 22       BEQ $A505
C0/A4E3 64 09       STZ $09
C0/A4E5 A4 06       LDY $06
C0/A4E7 B9 88 14    LDA $1488,y
C0/A4EA D0 9C       BNE $A488
C0/A4EC B9 86 14    LDA $1486,y
C0/A4EF D0 97       BNE $A488
C0/A4F1 C2 20       REP #$20       (16-bit accumulator)
C0/A4F3 98          TYA
C0/A4F4 18          CLC
C0/A4F5 69 14 00    ADC #$0014
C0/A4F8 A8          TAY
C0/A4F9 A5 06       LDA $06
C0/A4FB E2 20       SEP #$20       (8-bit accumulator)
C0/A4FD E6 09       INC $09
C0/A4FF A5 09       LDA $09
C0/A501 C5 E6       CMP $E6
C0/A503 D0 E2       BNE $A4E7
C0/A505 4C CB A2    JMP $A2CB

Data:

C0/A508:	CEBC                (from C0/A450)
C0/A50A:	CEBC

C0/A628 A9 01       LDA #$01
C0/A62A 20 60 A6    JSR $A660
C0/A62D 4C CB A2    JMP $A2CB

C0/A630 A9 02       LDA #$02
C0/A632 20 60 A6    JSR $A660
C0/A635 4C CB A2    JMP $A2CB

C0/A638 A9 03       LDA #$03
C0/A63A 20 60 A6    JSR $A660
C0/A63D 4C CB A2    JMP $A2CB

C0/A640 A9 04       LDA #$04
C0/A642 20 60 A6    JSR $A660
C0/A645 4C CB A2    JMP $A2CB

C0/A660 C2 20       REP #$20       (16-bit accumulator)
C0/A662 18          CLC
C0/A663 65 D6       ADC $D6
C0/A665 85 D6       STA $D6
C0/A667 A5 06       LDA $06
C0/A669 65 D8       ADC $D8
C0/A66B 85 D8       STA $D8
C0/A66D A5 06       LDA $06
C0/A66F E2 20       SEP #$20       (8-bit accumulator)
C0/A671 60          RTS

C0/A672 A5 DF       LDA $DF
C0/A674 C2 20       REP #$20       (16-bit accumulator)
C0/A676 0A          ASL A
C0/A677 AA          TAX
C0/A678 BF E8 A5 C0 LDA $C0A5E8,x
C0/A67C 85 23       STA $23
C0/A67E A5 06       LDA $06
C0/A680 E2 20       SEP #$20       (8-bit accumulator)
C0/A682 6C 23 0B    JMP ($0B23)

C0/B0A7 64 3D       STZ $3D
C0/B0A9 A2 20 00    LDX #$0020
C0/B0AC 8E 53 1A    STX $1A53
C0/B0AF A9 01       LDA #$01
C0/B0B1 8D 55 1A    STA $1A55
C0/B0B4 20 41 4E    JSR $4E41
C0/B0B7 A5 3D       LDA $3D
C0/B0B9 4A          LSR A
C0/B0BA 4A          LSR A
C0/B0BB 4A          LSR A
C0/B0BC AA          TAX
C0/B0BD BF FB B0 C0 LDA $C0B0FB,x
C0/B0C1 8D AF 16    STA $16AF
C0/B0C4 A9 34       LDA #$34
C0/B0C6 8D B0 16    STA $16B0
C0/B0C9 A0 80 02    LDY #$0280
C0/B0CC 84 23       STY $23
C0/B0CE A0 58 03    LDY #$0358
C0/B0D1 84 26       STY $26
C0/B0D3 A0 74 00    LDY #$0074
C0/B0D6 84 13       STY $13
C0/B0D8 84 15       STY $15
C0/B0DA A6 06       LDX $06
C0/B0DC 8E B1 16    STX $16B1
C0/B0DF 20 48 4F    JSR $4F48
C0/B0E2 C2 20       REP #$20       (16-bit accumulator)
C0/B0E4 AD 53 1A    LDA $1A53
C0/B0E7 18          CLC
C0/B0E8 69 10 00    ADC #$0010
C0/B0EB 8D 53 1A    STA $1A53
C0/B0EE A5 06       LDA $06
C0/B0F0 E2 20       SEP #$20       (8-bit accumulator)
C0/B0F2 E6 3D       INC $3D
C0/B0F4 A5 3D       LDA $3D
C0/B0F6 10 BC       BPL $B0B4
C0/B0F8 4C 30 A6    JMP $A630

C0/BAA8 20 AE BA    JSR $BAAE
C0/BAAB 4C 38 A6    JMP $A638

C0/BAAE A5 DF       LDA $DF
C0/BAB0 C2 20       REP #$20       (16-bit accumulator)
C0/BAB2 0A          ASL A
C0/BAB3 0A          ASL A
C0/BAB4 0A          ASL A
C0/BAB5 0A          ASL A
C0/BAB6 0A          ASL A
C0/BAB7 A8          TAY
C0/BAB8 A5 E0       LDA $E0
C0/BABA 29 FF 00    AND #$00FF
C0/BABD 0A          ASL A
C0/BABE 0A          ASL A
C0/BABF 0A          ASL A
C0/BAC0 0A          ASL A
C0/BAC1 0A          ASL A
C0/BAC2 AA          TAX
C0/BAC3 A5 06       LDA $06
C0/BAC5 E2 20       SEP #$20       (8-bit accumulator)
C0/BAC7 A9 20       LDA #$20
C0/BAC9 85 09       STA $09
C0/BACB BF 00 FE DF LDA $DFFE00,x
C0/BACF 99 00 0C    STA $0C00,y
C0/BAD2 E8          INX
C0/BAD3 C8          INY
C0/BAD4 C6 09       DEC $09
C0/BAD6 D0 F3       BNE $BACB
C0/BAD8 60          RTS

C0/BAD9 A5 DF       LDA $DF
C0/BADB 20 C8 44    JSR $44C8
C0/BADE 4C 30 A6    JMP $A630

C0/BCB4 A5 DF       LDA $DF
C0/BCB6 8D 00 1D    STA $1D00
C0/BCB9 A5 E0       LDA $E0
C0/BCBB 8D 01 1D    STA $1D01
C0/BCBE A9 01       LDA #$01
C0/BCC0 85 5C       STA $5C
C0/BCC2 22 04 00 C4 JSL $C40004
C0/BCC6 20 41 4E    JSR $4E41
C0/BCC9 64 5C       STZ $5C
C0/BCCB 4C 38 A6    JMP $A638

C0/BCCE A5 DE       LDA $DE
C0/BCD0 38          SEC
C0/BCD1 E9 70       SBC #$70
C0/BCD3 AA          TAX
C0/BCD4 BF EF BC C0 LDA $C0BCEF,x
C0/BCD8 AA          TAX
C0/BCD9 DA          PHX
C0/BCDA A0 0F 00    LDY #$000F
C0/BCDD 5A          PHY
C0/BCDE 20 DE C6    JSR $C6DE
C0/BCE1 20 41 4E    JSR $4E41
C0/BCE4 7A          PLY
C0/BCE5 88          DEY
C0/BCE6 D0 F5       BNE $BCDD
C0/BCE8 FA          PLX
C0/BCE9 CA          DEX
C0/BCEA D0 ED       BNE $BCD9
C0/BCEC 4C 28 A6    JMP $A628

C0/BD8D A5 DF       LDA $DF
C0/BD8F 29 7F       AND #$7F
C0/BD91 20 E6 BD    JSR $BDE6

C0/BDE6 A6 06       LDX $06
C0/BDE8 8E A8 16    STX $16A8
C0/BDEB C2 20       REP #$20       (16-bit accumulator)
C0/BDED 0A          ASL A
C0/BDEE 0A          ASL A
C0/BDEF AA          TAX
C0/BDF0 A5 06       LDA $06
C0/BDF2 E2 20       SEP #$20       (8-bit accumulator)
C0/BDF4 20 52 CC    JSR $CC52
C0/BDF7 C9 C0       CMP #$C0
C0/BDF9 90 02       BCC $BDFD
C0/BDFD C2 20       REP #$20       (16-bit accumulator)
C0/BDFF BF 00 78 D0 LDA $D07800,x
C0/BE03 8D F0 04    STA $04F0
C0/BE06 A5 06       LDA $06
C0/BE08 E2 20       SEP #$20       (8-bit accumulator)
C0/BE0A A5 E0       LDA $E0
C0/BE0C C9 FF       CMP #$FF
C0/BE0E D0 03       BNE $BE13
C0/BE10 AD 24 11    LDA $1124
C0/BE13 8D F2 04    STA $04F2
C0/BE16 E6 55       INC $55
C0/BE18 A9 6F       LDA #$6F
C0/BE1A 20 3C 46    JSR $463C
C0/BE1D 20 DD CC    JSR $CCDD
C0/BE20 9C 0B 42    STZ $420B
C0/BE23 9C 0C 42    STZ $420C
C0/BE26 A9 00       LDA #$00
C0/BE28 8D 00 42    STA $4200
C0/BE2B A9 80       LDA #$80
C0/BE2D 8D 00 21    STA $2100
C0/BE30 78          SEI
C0/BE31 22 00 00 C2 JSL $C20000

C0/BEE9 A5 DF       LDA $DF
C0/BEEB C2 20       REP #$20       (16-bit accumulator)
C0/BEED AA          TAX
C0/BEEE 4A          LSR A
C0/BEEF 4A          LSR A
C0/BEF0 4A          LSR A
C0/BEF1 A8          TAY
C0/BEF2 A5 06       LDA $06
C0/BEF4 E2 20       SEP #$20       (8-bit accumulator)
C0/BEF6 8A          TXA
C0/BEF7 29 07       AND #$07
C0/BEF9 AA          TAX
C0/BEFA B9 40 08    LDA $0840,y
C0/BEFD 1F 59 CA C0 ORA $C0CA59,x
C0/BF01 99 40 08    STA $0840,y
C0/BF04 4C 30 A6    JMP $A630

C0/BF07 20 3F BF    JSR $BF3F
C0/BF0A 20 FE 0E    JSR $0EFE
C0/BF0D 4C 30 A6    JMP $A630

C0/BF3F A5 DF       LDA $DF
C0/BF41 30 15       BMI $BF58
C0/BF43 29 7F       AND #$7F
C0/BF45 C2 20       REP #$20       (16-bit accumulator)
C0/BF47 0A          ASL A
C0/BF48 85 37       STA $37
C0/BF4A 0A          ASL A
C0/BF4B 0A          ASL A
C0/BF4C 18          CLC
C0/BF4D 65 37       ADC $37
C0/BF4F 85 37       STA $37
C0/BF51 A5 06       LDA $06
C0/BF53 E2 20       SEP #$20       (8-bit accumulator)
C0/BF55 64 39       STZ $39
C0/BF57 60          RTS

C0/BF92 A5 DF       LDA $DF
C0/BF94 20 DD BF    JSR $BFDD
C0/BF97 C0 00 01    CPY #$0100
C0/BF9A F0 0D       BEQ $BFA9
C0/BF9C B9 40 07    LDA $0740,y
C0/BF9F C9 63       CMP #$63
C0/BFA1 F0 1A       BEQ $BFBD
C0/BFA3 1A          INC A
C0/BFA4 99 40 07    STA $0740,y
C0/BFA7 80 14       BRA $BFBD
C0/BFA9 A4 06       LDY $06
C0/BFAB B9 40 06    LDA $0640,y
C0/BFAE F0 03       BEQ $BFB3
C0/BFB3 A5 DF       LDA $DF
C0/BFB5 99 40 06    STA $0640,y
C0/BFB8 A9 01       LDA #$01
C0/BFBA 99 40 07    STA $0740,y
C0/BFBD 4C 30 A6    JMP $A630

C0/BFDD 8D A2 16    STA $16A2
C0/BFE0 A4 06       LDY $06
C0/BFE2 B9 40 06    LDA $0640,y
C0/BFE5 CD A2 16    CMP $16A2
C0/BFE8 F0 06       BEQ $BFF0
C0/BFEA C8          INY
C0/BFEB C0 00 01    CPY #$0100
C0/BFEE D0 F2       BNE $BFE2
C0/BFF0 60          RTS

C0/C212 A5 DF       LDA $DF
C0/C214 8D 01 1D    STA $1D01
C0/C217 A9 01       LDA #$01
C0/C219 8D 00 1D    STA $1D00
C0/C21C A9 08       LDA #$08
C0/C21E 8D 02 1D    STA $1D02
C0/C221 A9 0F       LDA #$0F
C0/C223 8D 03 1D    STA $1D03
C0/C226 A9 01       LDA #$01
C0/C228 85 5C       STA $5C
C0/C22A 22 04 00 C4 JSL $C40004
C0/C22E 20 41 4E    JSR $4E41
C0/C231 64 5C       STZ $5C
C0/C233 4C 30 A6    JMP $A630

C0/C25A A5 DF       LDA $DF
C0/C25C 20 3C 46    JSR $463C
C0/C25F 22 04 00 C4 JSL $C40004
C0/C263 4C 30 A6    JMP $A630

C0/C27C 9C FA 0A    STZ $0AFA
C0/C27F 4C 28 A6    JMP $A628

C0/C282 A9 FF       LDA #$FF
C0/C284 8D FA 0A    STA $0AFA
C0/C287 4C 28 A6    JMP $A628

C0/C28A A9 01       LDA #$01
C0/C28C 8D FA 0A    STA $0AFA
C0/C28F 4C 28 A6    JMP $A628

C0/C3D3 20 81 60    JSR $6081
C0/C3D6 20 3F C4    JSR $C43F
C0/C3D9 AE D6 0A    LDX $0AD6
C0/C3DC E0 05 00    CPX #$0005
C0/C3DF B0 05       BCS $C3E6
C0/C3E6 20 4C 57    JSR $574C
C0/C3E9 20 00 61    JSR $6100
C0/C3EC 20 67 92    JSR $9267
C0/C3EF A9 06       LDA #$06
C0/C3F1 20 60 A6    JSR $A660
C0/C3F4 4C CB A2    JMP $A2CB

C0/C3F7 20 3F C4    JSR $C43F
C0/C3FA AE D6 0A    LDX $0AD6
C0/C3FD E0 05 00    CPX #$0005
C0/C400 B0 05       BCS $C407
C0/C402 20 28 55    JSR $5528
C0/C405 80 03       BRA $C40A
C0/C407 20 4C 57    JSR $574C
C0/C40A 20 FA 4C    JSR $4CFA
C0/C40D 20 41 4E    JSR $4E41
C0/C410 A9 06       LDA #$06
C0/C412 20 60 A6    JSR $A660
C0/C415 4C CB A2    JMP $A2CB

C0/C43F 20 E8 4C    JSR $4CE8
C0/C442 9C A0 16    STZ $16A0
C0/C445 AE D6 0A    LDX $0AD6
C0/C448 E0 05 00    CPX #$0005
C0/C44B B0 0F       BCS $0F
C0/C44D A5 E0       LDA $E0
C0/C44F 29 40       AND #$40
C0/C451 F0 09       BEQ $C45C
C0/C453 8E F5 0A    STX $0AF5
C0/C456 AE D8 0A    LDX $0AD8
C0/C459 8E F7 0A    STX $0AF7
C0/C4C1 EE A0 16    INC $16A0
C0/C45C 9C 9E 16    STZ $169E
C0/C45F A5 E2       LDA $E2
C0/C461 8D 89 10    STA $1089
C0/C464 A5 E3       LDA $E3
C0/C466 4A          LSR A
C0/C467 4A          LSR A
C0/C468 4A          LSR A
C0/C469 4A          LSR A
C0/C46A 4A          LSR A
C0/C46B 8D DC 0A    STA $0ADC
C0/C46E F0 2E       BEQ $C49E
C0/C49E C2 20       REP #$20       (16-bit accumulator)
C0/C4A0 A5 DF       LDA $DF
C0/C4A2 29 FF 03    AND #$03FF
C0/C4A5 8D D4 0A    STA $0AD4
C0/C4A8 8D D6 0A    STA $0AD6
C0/C4AB A8          TAY
C0/C4AC A5 06       LDA $06
C0/C4AE E2 20       SEP #$20       (8-bit accumulator)
C0/C4B0 C0 05 00    CPY #$0005
C0/C4B3 B0 08       BCS $C4BD
C0/C4B5 A5 E1       LDA $E1
C0/C4B7 8D 88 10    STA $1088
C0/C4BA 4C DF C4    JMP $C4DF
C0/C4BD A5 E0       LDA $E0
C0/C4BF 10 03       BPL $C4C4
C0/C4C4 A5 E1       LDA $E1
C0/C4C6 4A          LSR A
C0/C4C7 4A          LSR A
C0/C4C8 4A          LSR A
C0/C4C9 4A          LSR A
C0/C4CA 4A          LSR A
C0/C4CB 4A          LSR A
C0/C4CC 48          PHA
C0/C4CD 85 B9       STA $B9
C0/C4CF 0A          ASL A
C0/C4D0 85 BB       STA $BB
C0/C4D2 68          PLA                     A:0004 X:0000 Y:0007 P:enVMxdIzc
C0/C4D3 1A          INC A                   A:0002 X:0000 Y:0007 P:enVMxdIzc
C0/C4D4 85 BA       STA $BA    [$00:0BBA]   A:0003 X:0000 Y:0007 P:enVMxdIzc
C0/C4D6 85 BF       STA $BF    [$00:0BBF]   A:0003 X:0000 Y:0007 P:enVMxdIzc
C0/C4D8 A5 E1       LDA $E1    [$00:0BE1]   A:0003 X:0000 Y:0007 P:enVMxdIzc
C0/C4DA 29 3F       AND #$3F                A:00A0 X:0000 Y:0007 P:eNVMxdIzc
C0/C4DC 8D 88 10    STA $1088  [$00:1088]   A:0020 X:0000 Y:0007 P:enVMxdIzc
C0/C4DF 60          RTS

C0/C504 A5 DF       LDA $DF    [$00:0BDF]   A:001D X:00C6 Y:0000 P:enVMxdizc
C0/C506 29 C0       AND #$C0                A:001D X:00C6 Y:0000 P:enVMxdizc
C0/C508 4A          LSR A                   A:0000 X:00C6 Y:0000 P:enVMxdiZc
C0/C509 4A          LSR A                   A:0000 X:00C6 Y:0000 P:enVMxdiZc
C0/C50A C2 20       REP #$20       (16-bit accumulator)                A:0000 X:00C6 Y:0000 P:enVMxdiZc
C0/C50C EB          XBA                     A:0000 X:00C6 Y:0000 P:enVmxdiZc
C0/C50D 85 73       STA $73    [$00:0B73]   A:0000 X:00C6 Y:0000 P:enVmxdiZc
C0/C50F A5 06       LDA $06    [$00:0B06]   A:0000 X:00C6 Y:0000 P:enVmxdiZc
C0/C511 E2 20       SEP #$20       (8-bit accumulator)                A:0000 X:00C6 Y:0000 P:enVmxdiZc
C0/C513 A5 DF       LDA $DF    [$00:0BDF]   A:0000 X:00C6 Y:0000 P:enVMxdiZc
C0/C515 29 3F       AND #$3F                A:001D X:00C6 Y:0000 P:enVMxdizc
C0/C517 85 75       STA $75    [$00:0B75]   A:001D X:00C6 Y:0000 P:enVMxdizc
C0/C519 A5 E0       LDA $E0    [$00:0BE0]   A:001D X:00C6 Y:0000 P:enVMxdizc
C0/C51B 85 76       STA $76    [$00:0B76]   A:0010 X:00C6 Y:0000 P:enVMxdizc
C0/C51D A5 E1       LDA $E1    [$00:0BE1]   A:0010 X:00C6 Y:0000 P:enVMxdizc
C0/C51F 29 0F       AND #$0F                A:0010 X:00C6 Y:0000 P:enVMxdizc
C0/C521 1A          INC A                   A:0000 X:00C6 Y:0000 P:enVMxdiZc
C0/C522 85 2C       STA $2C    [$00:0B2C]   A:0001 X:00C6 Y:0000 P:enVMxdizc
C0/C524 8D 02 42    STA $4202  [$00:4202]   A:0001 X:00C6 Y:0000 P:enVMxdizc
C0/C527 A5 E1       LDA $E1    [$00:0BE1]   A:0001 X:00C6 Y:0000 P:enVMxdizc
C0/C529 4A          LSR A                   A:0010 X:00C6 Y:0000 P:enVMxdizc
C0/C52A 4A          LSR A                   A:0008 X:00C6 Y:0000 P:enVMxdizc
C0/C52B 4A          LSR A                   A:0004 X:00C6 Y:0000 P:enVMxdizc
C0/C52C 4A          LSR A                   A:0002 X:00C6 Y:0000 P:enVMxdizc
C0/C52D 1A          INC A                   A:0001 X:00C6 Y:0000 P:enVMxdizc
C0/C52E 85 2D       STA $2D    [$00:0B2D]   A:0002 X:00C6 Y:0000 P:enVMxdizc
C0/C530 8D 03 42    STA $4203  [$00:4203]   A:0002 X:00C6 Y:0000 P:enVMxdizc
C0/C533 EA          NOP                     A:0002 X:00C6 Y:0000 P:enVMxdizc
C0/C534 EA          NOP                     A:0002 X:00C6 Y:0000 P:enVMxdizc
C0/C535 EA          NOP                     A:0002 X:00C6 Y:0000 P:enVMxdizc
C0/C536 EA          NOP                     A:0002 X:00C6 Y:0000 P:enVMxdizc
C0/C537 C2 20       REP #$20       (16-bit accumulator)                A:0002 X:00C6 Y:0000 P:enVMxdizc
C0/C539 AD 16 42    LDA $4216  [$00:4216]   A:0002 X:00C6 Y:0000 P:enVmxdizc
C0/C53C 85 0D       STA $0D    [$00:0B0D]   A:0002 X:00C6 Y:0000 P:enVmxdizc
C0/C53E A5 06       LDA $06    [$00:0B06]   A:0002 X:00C6 Y:0000 P:enVmxdizc
C0/C540 E2 20       SEP #$20       (8-bit accumulator)                A:0000 X:00C6 Y:0000 P:enVmxdiZc
C0/C542 A0 04 00    LDY #$0004              A:0000 X:00C6 Y:0000 P:enVMxdiZc
C0/C545 A6 06       LDX $06    [$00:0B06]   A:0000 X:00C6 Y:0004 P:enVMxdizc
C0/C547 B7 D6       LDA [$D6],y[$C8:4CAB]   A:0000 X:0000 Y:0004 P:enVMxdiZc
C0/C549 9D B3 16    STA $16B3,x[$00:16B3]   A:0004 X:0000 Y:0004 P:enVMxdizc
C0/C54C C8          INY                     A:0004 X:0000 Y:0004 P:enVMxdizc
C0/C54D E8          INX                     A:0004 X:0000 Y:0005 P:enVMxdizc
C0/C54E E4 0D       CPX $0D    [$00:0B0D]   A:0004 X:0001 Y:0005 P:enVMxdizc
C0/C550 D0 F5       BNE $F5    [$C547]      A:0004 X:0001 Y:0005 P:eNVMxdizc
C0/C552 C2 20       REP #$20       (16-bit accumulator)                A:0014 X:0002 Y:0006 P:enVMxdiZC
C0/C554 A5 0D       LDA $0D    [$00:0B0D]   A:0014 X:0002 Y:0006 P:enVmxdiZC
C0/C556 18          CLC                     A:0002 X:0002 Y:0006 P:enVmxdizC
C0/C557 69 04 00    ADC #$0004              A:0002 X:0002 Y:0006 P:enVmxdizc
C0/C55A 18          CLC                     A:0006 X:0002 Y:0006 P:envmxdizc
C0/C55B 65 D6       ADC $D6    [$00:0BD6]   A:0006 X:0002 Y:0006 P:envmxdizc
C0/C55D 85 D6       STA $D6    [$00:0BD6]   A:4CAD X:0002 Y:0006 P:envmxdizc
C0/C55F A5 06       LDA $06    [$00:0B06]   A:4CAD X:0002 Y:0006 P:envmxdizc
C0/C561 65 D8       ADC $D8    [$00:0BD8]   A:0000 X:0002 Y:0006 P:envmxdiZc
C0/C563 85 D8       STA $D8    [$00:0BD8]   A:00C8 X:0002 Y:0006 P:envmxdizc
C0/C565 A5 06       LDA $06    [$00:0B06]   A:00C8 X:0002 Y:0006 P:envmxdizc
C0/C567 E2 20       SEP #$20       (8-bit accumulator)                A:0000 X:0002 Y:0006 P:envmxdiZc
C0/C569 20 08 6F    JSR $6F08
C0/C56C 4C CB A2    JMP $A2CB
C0/C5C4 A5 DF       LDA $DF    [$00:0BDF]   A:0081 X:0086 Y:0000 P:eNVMxdizc
C0/C5C6 20 E4 C5    JSR $C5E4
C0/C5C9 A5 E0       LDA $E0    [$00:0BE0]   A:0000 X:0086 Y:0014 P:enVMxdizc
C0/C5CB 29 C0       AND #$C0                A:0080 X:0086 Y:0014 P:eNVMxdizc
C0/C5CD 4A          LSR A                   A:0080 X:0086 Y:0014 P:eNVMxdizc
C0/C5CE 4A          LSR A                   A:0040 X:0086 Y:0014 P:enVMxdizc
C0/C5CF 4A          LSR A                   A:0020 X:0086 Y:0014 P:enVMxdizc
C0/C5D0 4A          LSR A                   A:0010 X:0086 Y:0014 P:enVMxdizc
C0/C5D1 4A          LSR A                   A:0008 X:0086 Y:0014 P:enVMxdizc
C0/C5D2 99 7C 14    STA $147C,y[$00:1490]   A:0004 X:0086 Y:0014 P:enVMxdizc
C0/C5D5 A5 E0       LDA $E0    [$00:0BE0]   A:0004 X:0086 Y:0014 P:enVMxdizc
C0/C5D7 29 3F       AND #$3F                A:0080 X:0086 Y:0014 P:eNVMxdizc
C0/C5D9 99 78 14    STA $1478,y[$00:148C]   A:0000 X:0086 Y:0014 P:enVMxdiZc
C0/C5DC A5 E1       LDA $E1    [$00:0BE1]   A:0000 X:0086 Y:0014 P:enVMxdiZc
C0/C5DE 99 7A 14    STA $147A,y[$00:148E]   A:0000 X:0086 Y:0014 P:enVMxdiZc
C0/C5E1 4C 40 A6    JMP $A640

C0/C5E4 29 7F       AND #$7F
C0/C5E6 85 E5       STA $E5
C0/C5E8 8D 02 42    STA $4202
C0/C5EB A9 14       LDA #$14
C0/C5ED 8D 03 42    STA $4203
C0/C5F0 EA          NOP
C0/C5F1 EA          NOP
C0/C5F2 EA          NOP
C0/C5F3 EA          NOP
C0/C5F4 AC 16 42    LDY $4216
C0/C5F7 20 F8 3C    JSR $3CF8

C0/C5FA 60          RTS

C0/C64B 64 46       STZ $46
C0/C64D 64 44       STZ $44
C0/C64F A5 48       LDA $48
C0/C651 85 47       STA $47
C0/C653 A5 4A       LDA $4A
C0/C655 85 49       STA $49
C0/C657 4C 28 A6    JMP $A628

C0/C65A A5 46       LDA $46
C0/C65C D0 0A       BNE $C668
C0/C668 A9 07       LDA #$07
C0/C66A 85 47       STA $47
C0/C66C A5 DF       LDA $DF
C0/C66E 29 E0       AND #$E0
C0/C670 85 4C       STA $4C
C0/C672 A9 F8       LDA #$F8
C0/C674 85 46       STA $46
C0/C676 A9 08       LDA #$08
C0/C678 85 44       STA $44
C0/C67A 4C 30 A6    JMP $A630

C0/C681 A5 DF       LDA $DF
C0/C683 20 D7 49    JSR $49D7
C0/C686 4C 30 A6    JMP $A630

C0/C692 A5 46       LDA $46
C0/C694 D0 08       BNE $C69E
C0/C696 A5 DF       LDA $DF
C0/C698 20 E9 49    JSR $49E9
C0/C69B 4C 30 A6    JMP $A630

C0/C6A7 64 43       STZ $43
C0/C6A9 4C 28 A6    JMP $A628

C0/C6AC A5 DF       LDA $DF    [$00:0BDF]   A:0001 X:0066 Y:0000 P:enVMxdizc
C0/C6AE 85 43       STA $43    [$00:0B43]   A:0001 X:0066 Y:0000 P:enVMxdizc
C0/C6B0 A9 10       LDA #$10                A:0001 X:0066 Y:0000 P:enVMxdizc
C0/C6B2 85 45       STA $45    [$00:0B45]   A:0010 X:0066 Y:0000 P:enVMxdizc
C0/C6B4 4C 30 A6    JMP $A630

C0/C6B7 A5 DF       LDA $DF    [$00:0BDF]   A:000C X:0068 Y:0000 P:enVMxdizc
C0/C6B9 09 80       ORA #$80                A:000C X:0068 Y:0000 P:enVMxdizc
C0/C6BB 85 43       STA $43    [$00:0B43]   A:008C X:0068 Y:0000 P:eNVMxdizc
C0/C6BD A9 F0       LDA #$F0                A:008C X:0068 Y:0000 P:eNVMxdizc
C0/C6BF 85 45       STA $45    [$00:0B45]   A:00F0 X:0068 Y:0000 P:eNVMxdizc
C0/C6C1 4C 30 A6    JMP $A630  [$00:A630]   A:00F0 X:0068 Y:0000 P:eNVMxdizc

C0/C67D A5 46       LDA $46
C0/C67F D0 08       BNE $C689
C0/C689 A5 44       LDA $44
C0/C68B 29 7F       AND #$7F
C0/C68D 85 44       STA $44
C0/C68F 4C 30 A6    JMP $A630

C0/C6C4 A5 DF       LDA $DF
C0/C6C6 85 D3       STA $D3
C0/C6C8 4C 30 A6    JMP $A630

C0/C6CB A5 DF       LDA $DF
C0/C6CD 85 A4       STA $A4
C0/C6CF E6 A2       INC $A2
C0/C6D1 4C 30 A6    JMP $A630

C0/C6D4 A5 DF       LDA $DF
C0/C6D6 8D DA 0A    STA $0ADA
C0/C6D9 E6 A1       INC $A1
C0/C6DB 4C 30 A6    JMP $A630

C0/C6DE 20 95 4C    JSR $4C95
C0/C6E1 A5 53       LDA $53
C0/C6E3 D0 13       BNE $C6F8
C0/C6E5 20 1D 1A    JSR $1A1D
C0/C6E8 20 37 21    JSR $2137
C0/C6EB 20 C5 1E    JSR $1EC5
C0/C6EE 20 64 1E    JSR $1E64
C0/C6F1 20 0A 42    JSR $420A
C0/C6F4 20 2B 61    JSR $612B
C0/C6F7 60          RTS

C0/C6F8 20 E4 1A    JSR $1AE4
C0/C6FB 20 AC 3B    JSR $3BAC
C0/C6FE 20 7C 23    JSR $237C
C0/C701 20 B3 39    JSR $39B3
C0/C704 20 42 28    JSR $2842
C0/C707 20 0A 42    JSR $420A
C0/C70A 60          RTS

C0/C70B A5 DF       LDA $DF
C0/C70D AA          TAX
C0/C70E DA          PHX
C0/C70F 20 DE C6    JSR $C6DE
C0/C712 20 41 4E    JSR $4E41
C0/C715 FA          PLX
C0/C716 CA          DEX
C0/C717 D0 F5       BNE $C70E
C0/C719 4C 30 A6    JMP $A630

C0/C71C A5 DF       LDA $DF
C0/C71E AA          TAX
C0/C71F DA          PHX
C0/C720 A0 0F 00    LDY #$000F
C0/C723 5A          PHY
C0/C724 20 DE C6    JSR $C6DE
C0/C727 20 41 4E    JSR $4E41
C0/C72A 7A          PLY
C0/C72B 88          DEY
C0/C72C D0 F5       BNE $C723
C0/C72E FA          PLX
C0/C72F CA          DEX
C0/C730 D0 ED       BNE $C71F
C0/C732 4C 30 A6    JMP $A630

C0/C76A A5 DF       LDA $DF
C0/C76C 20 49 CA    JSR $CA49
C0/C76F B9 34 0A    LDA $0A34,y
C0/C772 1F 59 CA C0 ORA $C0CA59,x
C0/C776 99 34 0A    STA $0A34,y
C0/C779 4C 30 A6    JMP $A630

C0/C78E A5 DF       LDA $DF
C0/C790 20 96 C7    JSR $C796
C0/C793 4C 30 A6    JMP $A630

C0/C796 20 49 CA    JSR $CA49       ; call subroutine $C0CA49
C0/C799 B9 34 0A    LDA $0A34,y     ;
C0/C79C 3F 61 CA C0 AND $C0CA61,x   
C0/C7A0 99 34 0A    STA $0A34,y     
C0/C7A3 60          RTS             

C0/C7A4 C2 20       REP #$20        (16-bit accumulator)
C0/C7A6 A5 DF       LDA $DF         
C0/C7A8 85 AF       STA $AF         
C0/C7AA A5 06       LDA $06         
C0/C7AC E2 20       SEP #$20        (8-bit accumulator)
C0/C7AE AE D6 0A    LDX $0AD6
C0/C7B1 E0 05 00    CPX #$0005
C0/C7B4 90 0C       BCC $C7C2
C0/C7B6 20 95 4C    JSR $4C95
C0/C7B9 20 7C 23    JSR $237C
C0/C7BC 20 B3 39    JSR $39B3
C0/C7BF 20 42 28    JSR $2842
C0/C7C2 20 AE 83    JSR $83AE
C0/C7C5 4C 38 A6    JMP $A638

C0/C7C8 20 E4 C5    JSR $C5E4
C0/C7CB A9 01       LDA #$01
C0/C7CD 20 60 A6    JSR $A660
C0/C7D0 5A          PHY
C0/C7D1 A4 06       LDY $06
C0/C7D3 B7 D6       LDA [$D6],y
C0/C7D5 7A          PLY
C0/C7D6 C9 05       CMP #$05
C0/C7D8 B0 1F       BCS $1F
C0/C7DA 99 7B 14    STA $147B,y
C0/C7DD B9 85 14    LDA $1485,y
C0/C7E0 29 08       AND #$08
C0/C7E2 F0 0A       BEQ $0A
C0/C7E4 B9 7B 14    LDA $147B,y
C0/C7E7 F0 05       BEQ $C7EE
C0/C7E9 3A          DEC A
C0/C7EA 0A          ASL A
C0/C7EB 99 7C 14    STA $147C,y
C0/C7EE A9 01       LDA #$01
C0/C7F0 99 86 14    STA $1486,y
C0/C7F3 A9 00       LDA #$00
C0/C7F5 99 7D 14    STA $147D,y
C0/C7F8 60          RTS

C0/C7F9 A5 DE       LDA $DE
C0/C7FB 38          SEC
C0/C7FC E9 80       SBC #$80
C0/C7FE 85 E5       STA $E5
C0/C800 8D 02 42    STA $4202
C0/C803 A9 14       LDA #$14
C0/C805 8D 03 42    STA $4203
C0/C808 EA          NOP
C0/C809 EA          NOP
C0/C80A EA          NOP
C0/C80B EA          NOP
C0/C80C AC 16 42    LDY $4216
C0/C80F A5 DF       LDA $DF
C0/C811 C9 05       CMP #$05
C0/C813 D0 10       BNE $C825
C0/C815 A9 40       LDA #$40
C0/C817 99 88 14    STA $1488,y
C0/C81A B9 85 14    LDA $1485,y
C0/C81D 29 FB       AND #$FB
C0/C81F 99 85 14    STA $1485,y
C0/C822 4C 2F C9    JMP $C92F

C0/C825 C9 06       CMP #$06
C0/C827 D0 12       BNE $C83B
C0/C829 A9 80       LDA #$80
C0/C82B 99 88 14    STA $1488,y
C0/C82E B9 85 14    LDA $1485,y
C0/C831 29 FB       AND #$FB
C0/C833 09 04       ORA #$04
C0/C835 99 85 14    STA $1485,y
C0/C838 4C 2F C9    JMP $C92F
C0/C83B C9 07       CMP #$07
C0/C83D D0 0B       BNE $C84A
C0/C83F B9 82 14    LDA $1482,y
C0/C842 49 10       EOR #$10
C0/C844 99 82 14    STA $1482,y
C0/C847 4C 2F C9    JMP $C92F

C0/C84A C9 08       CMP #$08
C0/C84C D0 0B       BNE $C859
C0/C84E B9 84 14    LDA $1484,y[$00:14C0]   A:0008 X:0004 Y:003C P:envMxdiZC
C0/C851 49 10       EOR #$10                A:0021 X:0004 Y:003C P:envMxdizC
C0/C853 99 84 14    STA $1484,y[$00:14C0]   A:0031 X:0004 Y:003C P:envMxdizC
C0/C856 4C 2F C9    JMP $C92F

C0/C859 C9 09       CMP #$09                A:0009 X:0004 Y:0000 P:envMxdizC
C0/C85B D0 0D       BNE $0D    [$C86A]      A:0009 X:0004 Y:0000 P:envMxdiZC
C0/C85D B9 85 14    LDA $1485,y[$00:1485]   A:0009 X:0004 Y:0000 P:envMxdiZC
C0/C860 29 FE       AND #$FE                A:0008 X:0004 Y:0000 P:envMxdizC
C0/C862 09 01       ORA #$01                A:0008 X:0004 Y:0000 P:envMxdizC
C0/C864 99 85 14    STA $1485,y[$00:1485]   A:0009 X:0004 Y:0000 P:envMxdizC
C0/C867 4C 2F C9    JMP $C92F  [$00:C92F]   A:0009 X:0004 Y:0000 P:envMxdizC

C0/C86A C9 0A       CMP #$0A                A:0012 X:0004 Y:003C P:envMxdizC
C0/C86C D0 18       BNE $C886
C0/C86E B9 85 14    LDA $1485,y[$00:1499]   A:000A X:0004 Y:0014 P:envMxdiZC
C0/C871 29 FE       AND #$FE                A:0009 X:0004 Y:0014 P:envMxdizC
C0/C873 99 85 14    STA $1485,y[$00:1499]   A:0008 X:0004 Y:0014 P:envMxdizC
C0/C876 20 F8 3C    JSR $3CF8
C0/C879 4C 2F C9    JMP $C92F

C0/C886 C9 0B       CMP #$0B                A:0012 X:0004 Y:003C P:envMxdizC
C0/C888 D0 10       BNE $10    [$C89A]
C0/C88A B9 85 14    LDA $1485,y[$00:1485]   A:000B X:0004 Y:0000 P:envMxdiZC
C0/C88D 49 08       EOR #$08                A:0009 X:0004 Y:0000 P:envMxdizC
C0/C88F 99 85 14    STA $1485,y[$00:1485]   A:0001 X:0004 Y:0000 P:envMxdizC
C0/C892 A9 00       LDA #$00                A:0001 X:0004 Y:0000 P:envMxdizC
C0/C894 99 7D 14    STA $147D,y[$00:147D]   A:0000 X:0004 Y:0000 P:envMxdiZC
C0/C897 4C 2F C9    JMP $C92F

C0/C89A C9 0C       CMP #$0C                A:0012 X:0004 Y:003C P:envMxdizC
C0/C89C D0 10       BNE $10    [$C8AE]
C0/C89E B9 7E 14    LDA $147E,y[$00:147E]   A:000C X:0004 Y:0000 P:envMxdiZC
C0/C8A1 49 04       EOR #$04                A:008C X:0004 Y:0000 P:eNvMxdizC
C0/C8A3 99 7E 14    STA $147E,y[$00:147E]   A:0088 X:0004 Y:0000 P:eNvMxdizC
C0/C8A6 A9 00       LDA #$00                A:0088 X:0004 Y:0000 P:eNvMxdizC
C0/C8A8 99 7D 14    STA $147D,y[$00:147D]   A:0000 X:0004 Y:0000 P:envMxdiZC
C0/C8AB 4C 2F C9    JMP $C92F

C0/C8AE C9 0D       CMP #$0D
C0/C8B0 D0 0A       BNE $C8BC

C0/C8BC C9 0E       CMP #$0E
C0/C8BE D0 0C       BNE $0C
C0/C8C0 B9 85 14    LDA $1485,y
C0/C8C3 29 3F       AND #$3F
C0/C8C5 09 80       ORA #$80
C0/C8C7 99 85 14    STA $1485,y
C0/C8CA 80 63       BRA $C92F
C0/C8CC C9 0F       CMP #$0F
C0/C8CE D0 0C       BNE $C8DC

C0/C8DC C9 14       CMP #$14
C0/C8DE B0 11       BCS $38F1
C0/C8E0 38          SEC                     A:0012 X:0004 Y:003C P:eNvMxdizc
C0/C8E1 E9 10       SBC #$10                A:0012 X:0004 Y:003C P:eNvMxdizC
C0/C8E3 85 08       STA $08    [$00:0B08]   A:0002 X:0004 Y:003C P:envMxdizC
C0/C8E5 B9 7E 14    LDA $147E,y[$00:14BA]   A:0002 X:0004 Y:003C P:envMxdizC
C0/C8E8 29 FC       AND #$FC                A:0004 X:0004 Y:003C P:envMxdizC
C0/C8EA 05 08       ORA $08    [$00:0B08]   A:0004 X:0004 Y:003C P:envMxdizC
C0/C8EC 99 7E 14    STA $147E,y[$00:14BA]   A:0006 X:0004 Y:003C P:envMxdizC
C0/C8EF 80 3E       BRA $392F
C0/C8F1 C9 14       CMP #$14
C0/C8F3 D0 0A       BNE $C8FF

C0/C8FF C9 15       CMP #$15
C0/C901 D0 0A       BNE $C90D

C0/C90D C9 16       CMP #$16
C0/C90F D0 0A       BNE $C91B

C0/C91B C9 17       CMP #$17
C0/C91D D0 0A       BNE $C929

C0/C929 38          SEC
C0/C92A E9 20       SBC #$20
C0/C92C 99 7C 14    STA $147C,y
C0/C92F 4C 30 A6    JMP $A630

C0/C932 C9 10       CMP #$10
C0/C934 B0 38       BCS $C96E
C0/C936 C9 05       CMP #$05
C0/C938 D0 06       BNE $C940
C0/C93A A9 20       LDA #$20
C0/C93C 85 BE       STA $BE
C0/C93E 80 47       BRA $C987

C0/C940 C9 06       CMP #$06
C0/C942 D0 06       BNE $C94A

C0/C94A C9 09       CMP #$09
C0/C94C D0 06       BNE $C954
C0/C94E A9 01       LDA #$01
C0/C950 85 BD       STA $BD
C0/C952 80 33       BRA $C987
C0/C954 C9 0A       CMP #$0A
C0/C956 D0 04       BNE $C95C
C0/C958 64 BD       STZ $BD
C0/C95A 80 2B       BRA $C987

C0/C96E 38          SEC
C0/C96F E9 10       SBC #$10
C0/C971 85 BB       STA $BB
C0/C973 C9 08       CMP #$08
C0/C975 B0 04       BCS $04
C0/C977 4A          LSR A
C0/C978 8D DB 0A    STA $0ADB
C0/C97B A5 53       LDA $53
C0/C97D D0 05       BNE $C984
C0/C984 20 7C 23    JSR $237C
C0/C987 4C 28 A6    JMP $A628

C0/C98A 0A          ASL A
C0/C98B AA          TAX
C0/C98C BF 9B C9 C0 LDA $C0C99B,x
C0/C990 85 3B       STA $3B
C0/C992 BF 9C C9 C0 LDA $C0C99C,x
C0/C996 8F 3C 0B 00 STA $000B3C
C0/C99A 60          RTS

C0/C9C1 DA          PHX
C0/C9C2 20 49 CA    JSR $CA49
C0/C9C5 B9 54 0A    LDA $0A54,y
C0/C9C8 3F 59 CA C0 AND $C0CA59,x
C0/C9CC FA          PLX
C0/C9CD 60          RTS

C0/CA19 B9 D4 09    LDA $09D4,y
C0/CA1C 3F 59 CA C0 AND $C0CA59,x
C0/CA20 60          RTS

C0/CA2F DA          PHX
C0/CA30 20 49 CA    JSR $CA49
C0/CA33 B9 14 0A    LDA $0A14,y
C0/CA36 3F 59 CA C0 AND $C0CA59,x
C0/CA3A FA          PLX
C0/CA3B 60          RTS

C0/CA3C DA          PHX
C0/CA3D 20 49 CA    JSR $CA49
C0/CA40 B9 34 0A    LDA $0A34,y
C0/CA43 3F 59 CA C0 AND $C0CA59,x
C0/CA47 FA          PLX
C0/CA48 60          RTS

C0/CA49 C2 20       REP #$20        (16-bit accumulator)
C0/CA4B AA          TAX             ; loads #$00F1 into X ;; X = #$00F1 | A = #$00F1
C0/CA4C 4A          LSR A           ; A = #$0F10
C0/CA4D 4A          LSR A           ; A = #$F100
C0/CA4E 4A          LSR A           ; A = #$1000 | Carry = 1
C0/CA4F A8          TAY             ; loads #$1000 into Y ;; Y = #$1000
C0/CA50 A5 06       LDA $06
C0/CA52 E2 20       SEP #$20        (8-bit accumulator)
C0/CA54 8A          TXA             ; loads #$F1 into A ;; A = #$F1
C0/CA55 29 07       AND #$07        ; perform AND between A and #$07
C0/CA57 AA          TAX             ; X = #$01
C0/CA58 60          RTS             ; return

C0/CA69 A5 5A       LDA $5A
C0/CA6B D0 0E       BNE $CA7B
C0/CA6D A5 56       LDA $56
C0/CA6F F0 0A       BEQ $CA7B
C0/CA71 A5 C9       LDA $C9
C0/CA73 A8          TAY
C0/CA74 B9 12 11    LDA $1112,y
C0/CA77 29 80       AND #$80
C0/CA79 D0 01       BNE $CA7C
C0/CA7B 60          RTS

C0/CB11 A5 5A       LDA $5A
C0/CB13 D0 0D       BNE $CB22
C0/CB15 AD DC 0A    LDA $0ADC
C0/CB18 F0 0D       BEQ $CB27

C0/CB22 60          RTS

C0/CB27 A5 56       LDA $56
C0/CB29 D0 01       BNE $CB2C
C0/CB2B 60          RTS

C0/CB2C 64 56       STZ $56
C0/CB2E C2 20       REP #$20       (16-bit accumulator)
C0/CB30 AD C6 10    LDA $10C6
C0/CB33 0A          ASL A
C0/CB34 18          CLC
C0/CB35 6D C6 10    ADC $10C6
C0/CB38 AA          TAX
C0/CB39 A5 06       LDA $06
C0/CB3B E2 20       SEP #$20       (8-bit accumulator)
C0/CB3D AD D6 0A    LDA $0AD6
C0/CB40 29 01       AND #$01
C0/CB42 0A          ASL A
C0/CB43 0A          ASL A
C0/CB44 0A          ASL A
C0/CB45 0A          ASL A
C0/CB46 85 08       STA $08
C0/CB48 BD 88 11    LDA $1188,x
C0/CB4B 29 0F       AND #$0F
C0/CB4D 05 08       ORA $08
C0/CB4F AA          TAX
C0/CB50 BF 21 CC C0 LDA $C0CC21,x
C0/CB54 8D F2 04    STA $04F2
C0/CB57 8A          TXA
C0/CB58 29 0F       AND #$0F
C0/CB5A AA          TAX
C0/CB5B AD DC 0A    LDA $0ADC
C0/CB5E C9 05       CMP #$05
C0/CB60 90 05       BCC $CB67
C0/CB67 BF 3A CC C0 LDA $C0CC3A,x
C0/CB6B 85 11       STA $11
C0/CB6D 64 12       STZ $12
C0/CB6F BF 42 CC C0 LDA $C0CC42,x
C0/CB73 85 0F       STA $0F
C0/CB75 64 10       STZ $10
C0/CB77 AD D6 0A    LDA $0AD6
C0/CB7A 0A          ASL A
C0/CB7B 0A          ASL A
C0/CB7C 0A          ASL A
C0/CB7D 0A          ASL A
C0/CB7E 0A          ASL A
C0/CB7F 0A          ASL A
C0/CB80 85 0D       STA $0D
C0/CB82 AD D9 0A    LDA $0AD9
C0/CB85 4A          LSR A
C0/CB86 4A          LSR A
C0/CB87 29 38       AND #$38
C0/CB89 18          CLC
C0/CB8A 65 0D       ADC $0D
C0/CB8C 85 0D       STA $0D
C0/CB8E AD D8 0A    LDA $0AD8
C0/CB91 4A          LSR A
C0/CB92 4A          LSR A
C0/CB93 4A          LSR A
C0/CB94 4A          LSR A
C0/CB95 4A          LSR A
C0/CB96 18          CLC
C0/CB97 65 0D       ADC $0D
C0/CB99 AA          TAX
C0/CB9A BF 00 84 D0 LDA $D08400,x
C0/CB9E A4 11       LDY $11
C0/CBA0 F0 05       BEQ $CBA7
C0/CBA2 4A          LSR A
C0/CBA3 4A          LSR A
C0/CBA4 88          DEY
C0/CBA5 D0 FB       BNE $CBA2
C0/CBA7 29 03       AND #$03
C0/CBA9 C9 03       CMP #$03
C0/CBAB F0 73       BEQ $CC20
C0/CBAD 0A          ASL A
C0/CBAE AA          TAX
C0/CBAF C2 20       REP #$20       (16-bit accumulator)
C0/CBB1 AD A8 16    LDA $16A8
C0/CBB4 18          CLC
C0/CBB5 7F 4A CC C0 ADC $C0CC4A,x
C0/CBB9 90 03       BCC $CBBE
C0/CBBE 8D A8 16    STA $16A8
C0/CBC1 A5 06       LDA $06
C0/CBC3 E2 20       SEP #$20       (8-bit accumulator)
C0/CBC5 20 52 CC    JSR $CC52
C0/CBC8 CD A9 16    CMP $16A9
C0/CBCB B0 53       BCS $CC20

C0/CBCD AD D9 0A    LDA $0AD9
C0/CBD0 29 E0       AND #$E0
C0/CBD2 C2 20       REP #$20       (16-bit accumulator)
C0/CBD4 0A          ASL A
C0/CBD5 85 0D       STA $0D
C0/CBD7 AD D8 0A    LDA $0AD8
C0/CBDA 4A          LSR A
C0/CBDB 4A          LSR A
C0/CBDC 29 38 00    AND #$0038
C0/CBDF 18          CLC
C0/CBE0 65 0D       ADC $0D
C0/CBE2 85 23       STA $23
C0/CBE4 AD D6 0A    LDA $0AD6
C0/CBE7 EB          XBA
C0/CBE8 0A          ASL A
C0/CBE9 18          CLC
C0/CBEA 65 23       ADC $23
C0/CBEC 18          CLC
C0/CBED 65 0F       ADC $0F
C0/CBEF AA          TAX
C0/CBF0 BF 00 7A D0 LDA $D07A00,x
C0/CBF4 0A          ASL A
C0/CBF5 0A          ASL A
C0/CBF6 0A          ASL A
C0/CBF7 AA          TAX
C0/CBF8 A5 06       LDA $06
C0/CBFA E2 20       SEP #$20       (8-bit accumulator)
C0/CBFC 20 6D CC    JSR $CC6D
C0/CBFF C9 5A       CMP #$5A
C0/CC01 90 0E       BCC $CC11
C0/CC03 E8          INX
C0/CC04 E8          INX
C0/CC05 C9 B4       CMP #$B4
C0/CC07 90 08       BCC $CC11
C0/CC09 E8          INX
C0/CC0A E8          INX
C0/CC0B C9 F0       CMP #$F0
C0/CC0D 90 02       BCC $CC11
C0/CC0F E8          INX
C0/CC10 E8          INX
C0/CC11 C2 20       REP #$20       (16-bit accumulator)
C0/CC13 BF 00 68 D0 LDA $D06800,x
C0/CC17 8D F0 04    STA $04F0
C0/CC1A A5 06       LDA $06
C0/CC1C E2 20       SEP #$20       (8-bit accumulator)
C0/CC1E E6 55       INC $55
C0/CC20 60          RTS

C0/CC52 DA          PHX
C0/CC53 E6 4F       INC $4F
C0/CC55 D0 09       BNE $CC60
C0/CC60 A5 4F       LDA $4F
C0/CC62 AA          TAX
C0/CC63 BF C0 FE C0 LDA $C0FEC0,x
C0/CC67 18          CLC
C0/CC68 6D 60 0B    ADC $0B60
C0/CC6B FA          PLX
C0/CC6C 60          RTS

C0/CC6D DA          PHX
C0/CC6E E6 50       INC $50
C0/CC70 D0 09       BNE $CC7B
C0/CC7B A5 50       LDA $50
C0/CC7D AA          TAX
C0/CC7E BF C0 FE C0 LDA $C0FEC0,x
C0/CC82 18          CLC
C0/CC83 6D 5F 0B    ADC $0B5F
C0/CC86 FA          PLX
C0/CC87 60          RTS

C0/CC88 64 3F       STZ $3F
C0/CC8A 20 41 4E    JSR $4E41
C0/CC8D A5 3F       LDA $3F
C0/CC8F C9 10       CMP #$10
C0/CC91 B0 04       BCS $CC97
C0/CC93 29 07       AND #$07
C0/CC95 80 02       BRA $CC99
C0/CC97 29 0F       AND #$0F
C0/CC99 0A          ASL A
C0/CC9A 0A          ASL A
C0/CC9B 0A          ASL A
C0/CC9C 0A          ASL A
C0/CC9D 09 0F       ORA #$0F
C0/CC9F 8D 06 21    STA $2106
C0/CCA2 A5 3F       LDA $3F
C0/CCA4 C9 20       CMP #$20
C0/CCA6 D0 E2       BNE $CC8A
C0/CCA8 60          RTS

C0/CCDD A9 01       LDA #$01
C0/CCDF 85 52       STA $52
C0/CCE1 A5 53       LDA $53
C0/CCE3 D0 05       BNE $CCEA
C0/CCEA 20 88 CC    JSR $CC88
C0/CCED 64 52       STZ $52
C0/CCEF 60          RTS
